<?xml version="1.0" encoding="UTF-8"?>
<robot generator="Robot 7.1.1 (Python 3.9.6 on darwin)" generated="2025-01-06T11:27:00.693534" rpa="false" schemaversion="5">
<suite id="s1" name="TradersTabTest" source="/Users/thaonguyen/Documents/code/RF/automation/Testcase/TradersTabTest.robot">
<test id="s1-t1" name="Test1" line="7">
<kw name="Open Browser" owner="Home">
<kw name="New Browser" owner="Browser">
<msg time="2025-01-06T11:27:01.073604" level="INFO">{"browser": "chromium", "headless": false, "chromiumSandbox": false, "devtools": false, "handleSIGHUP": true, "handleSIGINT": true, "handleSIGTERM": true, "slowMo": 0.0, "timeout": 30000.0, "tracesDir": "/Users/thaonguyen/Documents/code/RF/automation/browser/traces/e3c9f9b0-51fc-4296-a3f1-aab943e6fad5"}</msg>
<msg time="2025-01-06T11:27:01.498106" level="INFO">Starting Browser process /Users/thaonguyen/Documents/code/RF/automation/venv/lib/python3.9/site-packages/Browser/wrapper/index.js using port 55923</msg>
<msg time="2025-01-06T11:27:01.498419" level="INFO">Node startup parameters: ['node', '/Users/thaonguyen/Documents/code/RF/automation/venv/lib/python3.9/site-packages/Browser/wrapper/index.js', '55923']</msg>
<msg time="2025-01-06T11:27:04.394778" level="INFO">Successfully created browser with options: {"browser":"chromium","headless":false,"chromiumSandbox":false,"devtools":false,"handleSIGHUP":true,"handleSIGINT":true,"handleSIGTERM":true,"slowMo":0,"timeout":30000,"tracesDir":"/Users/thaonguyen/Documents/code/RF/automation/browser/traces/e3c9f9b0-51fc-4296-a3f1-aab943e6fad5"}</msg>
<arg>headless=False</arg>
<tag>BrowserControl</tag>
<tag>Setter</tag>
<doc>Create a new playwright Browser with specified options.</doc>
<status status="PASS" start="2025-01-06T11:27:01.072820" elapsed="3.322492"/>
</kw>
<kw name="New Page" owner="Browser">
<msg time="2025-01-06T11:27:06.955418" level="INFO">Successfully initialized new page object and opened url: https://www.bitfinex.com/</msg>
<msg time="2025-01-06T11:27:06.955573" level="INFO">No context was open. New context was automatically opened when this page is created.</msg>
<arg>${site_url}</arg>
<tag>BrowserControl</tag>
<tag>Setter</tag>
<doc>Open a new Page.</doc>
<status status="PASS" start="2025-01-06T11:27:04.396153" elapsed="2.559707"/>
</kw>
<status status="PASS" start="2025-01-06T11:27:01.071720" elapsed="5.884337"/>
</kw>
<kw name="Create List" owner="BuiltIn">
<msg time="2025-01-06T11:27:06.957072" level="INFO">${sub_menu_name_list} = ['Features', 'Mobile app', 'P2P Trading', 'Market statistics', 'Corporate &amp; professional', 'Our fees', 'Security', 'API documentation', 'Bitfinex Leaderboard', 'Competitions', 'Deposits &amp; Withdrawals'...</msg>
<var>${sub_menu_name_list}</var>
<arg>Features</arg>
<arg>Mobile app</arg>
<arg>P2P Trading</arg>
<arg>Market statistics</arg>
<arg>Corporate &amp; professional</arg>
<arg>Our fees</arg>
<arg>Security</arg>
<arg>API documentation</arg>
<arg>Bitfinex Leaderboard</arg>
<arg>Competitions</arg>
<arg>Deposits &amp; Withdrawals</arg>
<arg>Payment Cards</arg>
<arg>Thalex Derivatives</arg>
<arg>Reporting Tool</arg>
<doc>Returns a list containing given items.</doc>
<status status="PASS" start="2025-01-06T11:27:06.956447" elapsed="0.000714"/>
</kw>
<kw name="Check Sub-menu under Menu" owner="Home">
<kw name="Replace String" owner="String">
<msg time="2025-01-06T11:27:06.958583" level="INFO">${menu_locator} = xpath=//span[@class='header_item-title'][normalize-space()='Traders']</msg>
<var>${menu_locator}</var>
<arg>${menu_locator_template}</arg>
<arg>{}</arg>
<arg>${menu_name}</arg>
<doc>Replaces ``search_for`` in the given ``string`` with ``replace_with``.</doc>
<status status="PASS" start="2025-01-06T11:27:06.958225" elapsed="0.000405"/>
</kw>
<kw name="Hover" owner="Browser">
<arg>${menu_locator}</arg>
<tag>PageContent</tag>
<tag>Setter</tag>
<doc>Moves the virtual mouse and scrolls to the element found by ``selector``.</doc>
<status status="PASS" start="2025-01-06T11:27:06.958841" elapsed="1.809580"/>
</kw>
<kw name="Click And Validate Each Sub-Tab" owner="Home">
<kw name="Set Variable" owner="BuiltIn">
<msg time="2025-01-06T11:27:08.769753" level="INFO">${counter} = 0</msg>
<var>${counter}</var>
<arg>0</arg>
<doc>Returns the given values which can then be assigned to a variables.</doc>
<status status="PASS" start="2025-01-06T11:27:08.769519" elapsed="0.000278"/>
</kw>
<kw name="Create List" owner="BuiltIn">
<msg time="2025-01-06T11:27:08.770171" level="INFO">${results} = []</msg>
<var>${results}</var>
<doc>Returns a list containing given items.</doc>
<status status="PASS" start="2025-01-06T11:27:08.769973" elapsed="0.000239"/>
</kw>
<kw name="Get Elements" owner="Browser">
<msg time="2025-01-06T11:27:08.786629" level="INFO">Found locator('//div[contains(@class, \'header_popover_menu\')]//a').first(),locator('//div[contains(@class, \'header_popover_menu\')]//a').nth(1),locator('//div[contains(@class, \'header_popover_menu\')]//a').nth(2),locator('//div[contains(@class, \'header_popover_menu\')]//a').nth(3),locator('//div[contains(@class, \'header_popover_menu\')]//a').nth(4),locator('//div[contains(@class, \'header_popover_menu\')]//a').nth(5),locator('//div[contains(@class, \'header_popover_menu\')]//a').nth(6),locator('//div[contains(@class, \'header_popover_menu\')]//a').nth(7),locator('//div[contains(@class, \'header_popover_menu\')]//a').nth(8),locator('//div[contains(@class, \'header_popover_menu\')]//a').nth(9),locator('//div[contains(@class, \'header_popover_menu\')]//a').nth(10),locator('//div[contains(@class, \'header_popover_menu\')]//a').nth(11),locator('//div[contains(@class, \'header_popover_menu\')]//a').nth(12),locator('//div[contains(@class, \'header_popover_menu\')]//a').nth(13) Locators successfully.</msg>
<msg time="2025-01-06T11:27:08.786985" level="INFO">${sub_tab_elements} = ["xpath=//div[contains(@class, 'header_popover_menu')]//a &gt;&gt; nth=0", "xpath=//div[contains(@class, 'header_popover_menu')]//a &gt;&gt; nth=1", "xpath=//div[contains(@class, 'header_popover_menu')]//a &gt;&gt; nth...</msg>
<var>${sub_tab_elements}</var>
<arg>${traders_sub_tab}</arg>
<tag>Getter</tag>
<tag>PageContent</tag>
<doc>Returns a reference to Playwright [https://playwright.dev/docs/api/class-locator|Locator]
for all matched elements by ``selector``.</doc>
<status status="PASS" start="2025-01-06T11:27:08.770387" elapsed="0.016653"/>
</kw>
<for flavor="IN">
<iter>
<try>
<branch type="TRY">
<kw name="Get Text" owner="Browser">
<msg time="2025-01-06T11:27:08.829119" level="INFO">Text: 'Features'</msg>
<msg time="2025-01-06T11:27:08.829447" level="INFO">${tab_name} = Features</msg>
<var>${tab_name}</var>
<arg>${element}</arg>
<tag>Assertion</tag>
<tag>Getter</tag>
<tag>PageContent</tag>
<doc>Returns text attribute of the element found by ``selector``.</doc>
<status status="PASS" start="2025-01-06T11:27:08.787937" elapsed="0.041634"/>
</kw>
<kw name="Get From List" owner="Collections">
<msg time="2025-01-06T11:27:08.830269" level="INFO">${item_name} = Features</msg>
<var>${item_name}</var>
<arg>${expected_list}</arg>
<arg>${counter}</arg>
<doc>Returns the value specified with an ``index`` from ``list``.</doc>
<status status="PASS" start="2025-01-06T11:27:08.829877" elapsed="0.000438"/>
</kw>
<kw name="Should Be Equal" owner="BuiltIn">
<arg>${tab_name}</arg>
<arg>${item_name}</arg>
<doc>Fails if the given objects are unequal.</doc>
<status status="PASS" start="2025-01-06T11:27:08.830522" elapsed="0.000403"/>
</kw>
<status status="PASS" start="2025-01-06T11:27:08.787740" elapsed="0.043285"/>
</branch>
<branch type="EXCEPT">
<kw name="Append To List" owner="Collections">
<arg>${results}</arg>
<arg>FAIL: ${tab_name} != ${item_name}</arg>
<doc>Adds ``values`` to the end of ``list``.</doc>
<status status="NOT RUN" start="2025-01-06T11:27:08.831309" elapsed="0.000054"/>
</kw>
<status status="NOT RUN" start="2025-01-06T11:27:08.831143" elapsed="0.000301"/>
</branch>
<status status="PASS" start="2025-01-06T11:27:08.787679" elapsed="0.043844"/>
</try>
<kw name="Evaluate" owner="BuiltIn">
<msg time="2025-01-06T11:27:08.832035" level="INFO">${counter} = 1</msg>
<var>${counter}</var>
<arg>${counter} + 1</arg>
<doc>Evaluates the given expression in Python and returns the result.</doc>
<status status="PASS" start="2025-01-06T11:27:08.831677" elapsed="0.000405"/>
</kw>
<var name="${element}">xpath=//div[contains(@class, 'header_popover_menu')]//a &gt;&gt; nth=0</var>
<status status="PASS" start="2025-01-06T11:27:08.787585" elapsed="0.044669"/>
</iter>
<iter>
<try>
<branch type="TRY">
<kw name="Get Text" owner="Browser">
<msg time="2025-01-06T11:27:08.850175" level="INFO">Text: 'Mobile app'</msg>
<msg time="2025-01-06T11:27:08.850374" level="INFO">${tab_name} = Mobile app</msg>
<var>${tab_name}</var>
<arg>${element}</arg>
<tag>Assertion</tag>
<tag>Getter</tag>
<tag>PageContent</tag>
<doc>Returns text attribute of the element found by ``selector``.</doc>
<status status="PASS" start="2025-01-06T11:27:08.832816" elapsed="0.017605"/>
</kw>
<kw name="Get From List" owner="Collections">
<msg time="2025-01-06T11:27:08.851050" level="INFO">${item_name} = Mobile app</msg>
<var>${item_name}</var>
<arg>${expected_list}</arg>
<arg>${counter}</arg>
<doc>Returns the value specified with an ``index`` from ``list``.</doc>
<status status="PASS" start="2025-01-06T11:27:08.850692" elapsed="0.000402"/>
</kw>
<kw name="Should Be Equal" owner="BuiltIn">
<arg>${tab_name}</arg>
<arg>${item_name}</arg>
<doc>Fails if the given objects are unequal.</doc>
<status status="PASS" start="2025-01-06T11:27:08.851289" elapsed="0.000320"/>
</kw>
<status status="PASS" start="2025-01-06T11:27:08.832653" elapsed="0.019041"/>
</branch>
<branch type="EXCEPT">
<kw name="Append To List" owner="Collections">
<arg>${results}</arg>
<arg>FAIL: ${tab_name} != ${item_name}</arg>
<doc>Adds ``values`` to the end of ``list``.</doc>
<status status="NOT RUN" start="2025-01-06T11:27:08.851938" elapsed="0.000050"/>
</kw>
<status status="NOT RUN" start="2025-01-06T11:27:08.851788" elapsed="0.000276"/>
</branch>
<status status="PASS" start="2025-01-06T11:27:08.832611" elapsed="0.019520"/>
</try>
<kw name="Evaluate" owner="BuiltIn">
<msg time="2025-01-06T11:27:08.852587" level="INFO">${counter} = 2</msg>
<var>${counter}</var>
<arg>${counter} + 1</arg>
<doc>Evaluates the given expression in Python and returns the result.</doc>
<status status="PASS" start="2025-01-06T11:27:08.852265" elapsed="0.000367"/>
</kw>
<var name="${element}">xpath=//div[contains(@class, 'header_popover_menu')]//a &gt;&gt; nth=1</var>
<status status="PASS" start="2025-01-06T11:27:08.832539" elapsed="0.020175"/>
</iter>
<iter>
<try>
<branch type="TRY">
<kw name="Get Text" owner="Browser">
<msg time="2025-01-06T11:27:08.870870" level="INFO">Text: 'P2P Trading'</msg>
<msg time="2025-01-06T11:27:08.871081" level="INFO">${tab_name} = P2P Trading</msg>
<var>${tab_name}</var>
<arg>${element}</arg>
<tag>Assertion</tag>
<tag>Getter</tag>
<tag>PageContent</tag>
<doc>Returns text attribute of the element found by ``selector``.</doc>
<status status="PASS" start="2025-01-06T11:27:08.853242" elapsed="0.017888"/>
</kw>
<kw name="Get From List" owner="Collections">
<msg time="2025-01-06T11:27:08.871892" level="INFO">${item_name} = P2P Trading</msg>
<var>${item_name}</var>
<arg>${expected_list}</arg>
<arg>${counter}</arg>
<doc>Returns the value specified with an ``index`` from ``list``.</doc>
<status status="PASS" start="2025-01-06T11:27:08.871414" elapsed="0.000557"/>
</kw>
<kw name="Should Be Equal" owner="BuiltIn">
<arg>${tab_name}</arg>
<arg>${item_name}</arg>
<doc>Fails if the given objects are unequal.</doc>
<status status="PASS" start="2025-01-06T11:27:08.872304" elapsed="0.000489"/>
</kw>
<status status="PASS" start="2025-01-06T11:27:08.853086" elapsed="0.019810"/>
</branch>
<branch type="EXCEPT">
<kw name="Append To List" owner="Collections">
<arg>${results}</arg>
<arg>FAIL: ${tab_name} != ${item_name}</arg>
<doc>Adds ``values`` to the end of ``list``.</doc>
<status status="NOT RUN" start="2025-01-06T11:27:08.873221" elapsed="0.000057"/>
</kw>
<status status="NOT RUN" start="2025-01-06T11:27:08.873015" elapsed="0.000366"/>
</branch>
<status status="PASS" start="2025-01-06T11:27:08.853046" elapsed="0.020431"/>
</try>
<kw name="Evaluate" owner="BuiltIn">
<msg time="2025-01-06T11:27:08.874010" level="INFO">${counter} = 3</msg>
<var>${counter}</var>
<arg>${counter} + 1</arg>
<doc>Evaluates the given expression in Python and returns the result.</doc>
<status status="PASS" start="2025-01-06T11:27:08.873631" elapsed="0.000427"/>
</kw>
<var name="${element}">xpath=//div[contains(@class, 'header_popover_menu')]//a &gt;&gt; nth=2</var>
<status status="PASS" start="2025-01-06T11:27:08.852978" elapsed="0.021167"/>
</iter>
<iter>
<try>
<branch type="TRY">
<kw name="Get Text" owner="Browser">
<msg time="2025-01-06T11:27:08.887976" level="INFO">Text: 'Market statistics'</msg>
<msg time="2025-01-06T11:27:08.888178" level="INFO">${tab_name} = Market statistics</msg>
<var>${tab_name}</var>
<arg>${element}</arg>
<tag>Assertion</tag>
<tag>Getter</tag>
<tag>PageContent</tag>
<doc>Returns text attribute of the element found by ``selector``.</doc>
<status status="PASS" start="2025-01-06T11:27:08.874694" elapsed="0.013532"/>
</kw>
<kw name="Get From List" owner="Collections">
<msg time="2025-01-06T11:27:08.888860" level="INFO">${item_name} = Market statistics</msg>
<var>${item_name}</var>
<arg>${expected_list}</arg>
<arg>${counter}</arg>
<doc>Returns the value specified with an ``index`` from ``list``.</doc>
<status status="PASS" start="2025-01-06T11:27:08.888500" elapsed="0.000406"/>
</kw>
<kw name="Should Be Equal" owner="BuiltIn">
<arg>${tab_name}</arg>
<arg>${item_name}</arg>
<doc>Fails if the given objects are unequal.</doc>
<status status="PASS" start="2025-01-06T11:27:08.889103" elapsed="0.000328"/>
</kw>
<status status="PASS" start="2025-01-06T11:27:08.874529" elapsed="0.014992"/>
</branch>
<branch type="EXCEPT">
<kw name="Append To List" owner="Collections">
<arg>${results}</arg>
<arg>FAIL: ${tab_name} != ${item_name}</arg>
<doc>Adds ``values`` to the end of ``list``.</doc>
<status status="NOT RUN" start="2025-01-06T11:27:08.889784" elapsed="0.000053"/>
</kw>
<status status="NOT RUN" start="2025-01-06T11:27:08.889626" elapsed="0.000289"/>
</branch>
<status status="PASS" start="2025-01-06T11:27:08.874486" elapsed="0.015500"/>
</try>
<kw name="Evaluate" owner="BuiltIn">
<msg time="2025-01-06T11:27:08.890469" level="INFO">${counter} = 4</msg>
<var>${counter}</var>
<arg>${counter} + 1</arg>
<doc>Evaluates the given expression in Python and returns the result.</doc>
<status status="PASS" start="2025-01-06T11:27:08.890127" elapsed="0.000389"/>
</kw>
<var name="${element}">xpath=//div[contains(@class, 'header_popover_menu')]//a &gt;&gt; nth=3</var>
<status status="PASS" start="2025-01-06T11:27:08.874416" elapsed="0.016186"/>
</iter>
<iter>
<try>
<branch type="TRY">
<kw name="Get Text" owner="Browser">
<msg time="2025-01-06T11:27:08.904644" level="INFO">Text: 'Corporate &amp; professional'</msg>
<msg time="2025-01-06T11:27:08.904850" level="INFO">${tab_name} = Corporate &amp; professional</msg>
<var>${tab_name}</var>
<arg>${element}</arg>
<tag>Assertion</tag>
<tag>Getter</tag>
<tag>PageContent</tag>
<doc>Returns text attribute of the element found by ``selector``.</doc>
<status status="PASS" start="2025-01-06T11:27:08.891145" elapsed="0.013755"/>
</kw>
<kw name="Get From List" owner="Collections">
<msg time="2025-01-06T11:27:08.905555" level="INFO">${item_name} = Corporate &amp; professional</msg>
<var>${item_name}</var>
<arg>${expected_list}</arg>
<arg>${counter}</arg>
<doc>Returns the value specified with an ``index`` from ``list``.</doc>
<status status="PASS" start="2025-01-06T11:27:08.905187" elapsed="0.000415"/>
</kw>
<kw name="Should Be Equal" owner="BuiltIn">
<arg>${tab_name}</arg>
<arg>${item_name}</arg>
<doc>Fails if the given objects are unequal.</doc>
<status status="PASS" start="2025-01-06T11:27:08.905820" elapsed="0.000336"/>
</kw>
<status status="PASS" start="2025-01-06T11:27:08.890979" elapsed="0.015267"/>
</branch>
<branch type="EXCEPT">
<kw name="Append To List" owner="Collections">
<arg>${results}</arg>
<arg>FAIL: ${tab_name} != ${item_name}</arg>
<doc>Adds ``values`` to the end of ``list``.</doc>
<status status="NOT RUN" start="2025-01-06T11:27:08.906509" elapsed="0.000053"/>
</kw>
<status status="NOT RUN" start="2025-01-06T11:27:08.906344" elapsed="0.000376"/>
</branch>
<status status="PASS" start="2025-01-06T11:27:08.890937" elapsed="0.015866"/>
</try>
<kw name="Evaluate" owner="BuiltIn">
<msg time="2025-01-06T11:27:08.907310" level="INFO">${counter} = 5</msg>
<var>${counter}</var>
<arg>${counter} + 1</arg>
<doc>Evaluates the given expression in Python and returns the result.</doc>
<status status="PASS" start="2025-01-06T11:27:08.906956" elapsed="0.000409"/>
</kw>
<var name="${element}">xpath=//div[contains(@class, 'header_popover_menu')]//a &gt;&gt; nth=4</var>
<status status="PASS" start="2025-01-06T11:27:08.890867" elapsed="0.016585"/>
</iter>
<iter>
<try>
<branch type="TRY">
<kw name="Get Text" owner="Browser">
<msg time="2025-01-06T11:27:08.921011" level="INFO">Text: 'Our fees'</msg>
<msg time="2025-01-06T11:27:08.921217" level="INFO">${tab_name} = Our fees</msg>
<var>${tab_name}</var>
<arg>${element}</arg>
<tag>Assertion</tag>
<tag>Getter</tag>
<tag>PageContent</tag>
<doc>Returns text attribute of the element found by ``selector``.</doc>
<status status="PASS" start="2025-01-06T11:27:08.908013" elapsed="0.013251"/>
</kw>
<kw name="Get From List" owner="Collections">
<msg time="2025-01-06T11:27:08.921906" level="INFO">${item_name} = Our fees</msg>
<var>${item_name}</var>
<arg>${expected_list}</arg>
<arg>${counter}</arg>
<doc>Returns the value specified with an ``index`` from ``list``.</doc>
<status status="PASS" start="2025-01-06T11:27:08.921540" elapsed="0.000412"/>
</kw>
<kw name="Should Be Equal" owner="BuiltIn">
<arg>${tab_name}</arg>
<arg>${item_name}</arg>
<doc>Fails if the given objects are unequal.</doc>
<status status="PASS" start="2025-01-06T11:27:08.922150" elapsed="0.000334"/>
</kw>
<status status="PASS" start="2025-01-06T11:27:08.907851" elapsed="0.014721"/>
</branch>
<branch type="EXCEPT">
<kw name="Append To List" owner="Collections">
<arg>${results}</arg>
<arg>FAIL: ${tab_name} != ${item_name}</arg>
<doc>Adds ``values`` to the end of ``list``.</doc>
<status status="NOT RUN" start="2025-01-06T11:27:08.922817" elapsed="0.000050"/>
</kw>
<status status="NOT RUN" start="2025-01-06T11:27:08.922665" elapsed="0.000278"/>
</branch>
<status status="PASS" start="2025-01-06T11:27:08.907809" elapsed="0.015203"/>
</try>
<kw name="Evaluate" owner="BuiltIn">
<msg time="2025-01-06T11:27:08.923504" level="INFO">${counter} = 6</msg>
<var>${counter}</var>
<arg>${counter} + 1</arg>
<doc>Evaluates the given expression in Python and returns the result.</doc>
<status status="PASS" start="2025-01-06T11:27:08.923149" elapsed="0.000402"/>
</kw>
<var name="${element}">xpath=//div[contains(@class, 'header_popover_menu')]//a &gt;&gt; nth=5</var>
<status status="PASS" start="2025-01-06T11:27:08.907737" elapsed="0.015950"/>
</iter>
<iter>
<try>
<branch type="TRY">
<kw name="Get Text" owner="Browser">
<msg time="2025-01-06T11:27:08.937127" level="INFO">Text: 'Security'</msg>
<msg time="2025-01-06T11:27:08.937337" level="INFO">${tab_name} = Security</msg>
<var>${tab_name}</var>
<arg>${element}</arg>
<tag>Assertion</tag>
<tag>Getter</tag>
<tag>PageContent</tag>
<doc>Returns text attribute of the element found by ``selector``.</doc>
<status status="PASS" start="2025-01-06T11:27:08.924280" elapsed="0.013107"/>
</kw>
<kw name="Get From List" owner="Collections">
<msg time="2025-01-06T11:27:08.938025" level="INFO">${item_name} = Security</msg>
<var>${item_name}</var>
<arg>${expected_list}</arg>
<arg>${counter}</arg>
<doc>Returns the value specified with an ``index`` from ``list``.</doc>
<status status="PASS" start="2025-01-06T11:27:08.937664" elapsed="0.000406"/>
</kw>
<kw name="Should Be Equal" owner="BuiltIn">
<arg>${tab_name}</arg>
<arg>${item_name}</arg>
<doc>Fails if the given objects are unequal.</doc>
<status status="PASS" start="2025-01-06T11:27:08.938279" elapsed="0.000312"/>
</kw>
<status status="PASS" start="2025-01-06T11:27:08.924110" elapsed="0.014566"/>
</branch>
<branch type="EXCEPT">
<kw name="Append To List" owner="Collections">
<arg>${results}</arg>
<arg>FAIL: ${tab_name} != ${item_name}</arg>
<doc>Adds ``values`` to the end of ``list``.</doc>
<status status="NOT RUN" start="2025-01-06T11:27:08.938915" elapsed="0.000050"/>
</kw>
<status status="NOT RUN" start="2025-01-06T11:27:08.938768" elapsed="0.000282"/>
</branch>
<status status="PASS" start="2025-01-06T11:27:08.924067" elapsed="0.015052"/>
</try>
<kw name="Evaluate" owner="BuiltIn">
<msg time="2025-01-06T11:27:08.939615" level="INFO">${counter} = 7</msg>
<var>${counter}</var>
<arg>${counter} + 1</arg>
<doc>Evaluates the given expression in Python and returns the result.</doc>
<status status="PASS" start="2025-01-06T11:27:08.939280" elapsed="0.000382"/>
</kw>
<var name="${element}">xpath=//div[contains(@class, 'header_popover_menu')]//a &gt;&gt; nth=6</var>
<status status="PASS" start="2025-01-06T11:27:08.923992" elapsed="0.015755"/>
</iter>
<iter>
<try>
<branch type="TRY">
<kw name="Get Text" owner="Browser">
<msg time="2025-01-06T11:27:08.953107" level="INFO">Text: 'API documentation'</msg>
<msg time="2025-01-06T11:27:08.953311" level="INFO">${tab_name} = API documentation</msg>
<var>${tab_name}</var>
<arg>${element}</arg>
<tag>Assertion</tag>
<tag>Getter</tag>
<tag>PageContent</tag>
<doc>Returns text attribute of the element found by ``selector``.</doc>
<status status="PASS" start="2025-01-06T11:27:08.940380" elapsed="0.012978"/>
</kw>
<kw name="Get From List" owner="Collections">
<msg time="2025-01-06T11:27:08.953992" level="INFO">${item_name} = API documentation</msg>
<var>${item_name}</var>
<arg>${expected_list}</arg>
<arg>${counter}</arg>
<doc>Returns the value specified with an ``index`` from ``list``.</doc>
<status status="PASS" start="2025-01-06T11:27:08.953632" elapsed="0.000406"/>
</kw>
<kw name="Should Be Equal" owner="BuiltIn">
<arg>${tab_name}</arg>
<arg>${item_name}</arg>
<doc>Fails if the given objects are unequal.</doc>
<status status="PASS" start="2025-01-06T11:27:08.954237" elapsed="0.000325"/>
</kw>
<status status="PASS" start="2025-01-06T11:27:08.940174" elapsed="0.014476"/>
</branch>
<branch type="EXCEPT">
<kw name="Append To List" owner="Collections">
<arg>${results}</arg>
<arg>FAIL: ${tab_name} != ${item_name}</arg>
<doc>Adds ``values`` to the end of ``list``.</doc>
<status status="NOT RUN" start="2025-01-06T11:27:08.954899" elapsed="0.000051"/>
</kw>
<status status="NOT RUN" start="2025-01-06T11:27:08.954746" elapsed="0.000282"/>
</branch>
<status status="PASS" start="2025-01-06T11:27:08.940121" elapsed="0.014975"/>
</try>
<kw name="Evaluate" owner="BuiltIn">
<msg time="2025-01-06T11:27:08.955567" level="INFO">${counter} = 8</msg>
<var>${counter}</var>
<arg>${counter} + 1</arg>
<doc>Evaluates the given expression in Python and returns the result.</doc>
<status status="PASS" start="2025-01-06T11:27:08.955248" elapsed="0.000364"/>
</kw>
<var name="${element}">xpath=//div[contains(@class, 'header_popover_menu')]//a &gt;&gt; nth=7</var>
<status status="PASS" start="2025-01-06T11:27:08.940013" elapsed="0.015680"/>
</iter>
<iter>
<try>
<branch type="TRY">
<kw name="Get Text" owner="Browser">
<msg time="2025-01-06T11:27:08.970056" level="INFO">Text: 'Bitfinex Leaderboard'</msg>
<msg time="2025-01-06T11:27:08.970254" level="INFO">${tab_name} = Bitfinex Leaderboard</msg>
<var>${tab_name}</var>
<arg>${element}</arg>
<tag>Assertion</tag>
<tag>Getter</tag>
<tag>PageContent</tag>
<doc>Returns text attribute of the element found by ``selector``.</doc>
<status status="PASS" start="2025-01-06T11:27:08.956203" elapsed="0.014097"/>
</kw>
<kw name="Get From List" owner="Collections">
<msg time="2025-01-06T11:27:08.970918" level="INFO">${item_name} = Bitfinex Leaderboard</msg>
<var>${item_name}</var>
<arg>${expected_list}</arg>
<arg>${counter}</arg>
<doc>Returns the value specified with an ``index`` from ``list``.</doc>
<status status="PASS" start="2025-01-06T11:27:08.970568" elapsed="0.000394"/>
</kw>
<kw name="Should Be Equal" owner="BuiltIn">
<arg>${tab_name}</arg>
<arg>${item_name}</arg>
<doc>Fails if the given objects are unequal.</doc>
<status status="PASS" start="2025-01-06T11:27:08.971152" elapsed="0.000313"/>
</kw>
<status status="PASS" start="2025-01-06T11:27:08.956047" elapsed="0.015565"/>
</branch>
<branch type="EXCEPT">
<kw name="Append To List" owner="Collections">
<arg>${results}</arg>
<arg>FAIL: ${tab_name} != ${item_name}</arg>
<doc>Adds ``values`` to the end of ``list``.</doc>
<status status="NOT RUN" start="2025-01-06T11:27:08.971868" elapsed="0.000051"/>
</kw>
<status status="NOT RUN" start="2025-01-06T11:27:08.971714" elapsed="0.000281"/>
</branch>
<status status="PASS" start="2025-01-06T11:27:08.956008" elapsed="0.016057"/>
</try>
<kw name="Evaluate" owner="BuiltIn">
<msg time="2025-01-06T11:27:08.972576" level="INFO">${counter} = 9</msg>
<var>${counter}</var>
<arg>${counter} + 1</arg>
<doc>Evaluates the given expression in Python and returns the result.</doc>
<status status="PASS" start="2025-01-06T11:27:08.972203" elapsed="0.000479"/>
</kw>
<var name="${element}">xpath=//div[contains(@class, 'header_popover_menu')]//a &gt;&gt; nth=8</var>
<status status="PASS" start="2025-01-06T11:27:08.955943" elapsed="0.016833"/>
</iter>
<iter>
<try>
<branch type="TRY">
<kw name="Get Text" owner="Browser">
<msg time="2025-01-06T11:27:08.985919" level="INFO">Text: 'Competitions'</msg>
<msg time="2025-01-06T11:27:08.986121" level="INFO">${tab_name} = Competitions</msg>
<var>${tab_name}</var>
<arg>${element}</arg>
<tag>Assertion</tag>
<tag>Getter</tag>
<tag>PageContent</tag>
<doc>Returns text attribute of the element found by ``selector``.</doc>
<status status="PASS" start="2025-01-06T11:27:08.973339" elapsed="0.012843"/>
</kw>
<kw name="Get From List" owner="Collections">
<msg time="2025-01-06T11:27:08.986826" level="INFO">${item_name} = Competitions</msg>
<var>${item_name}</var>
<arg>${expected_list}</arg>
<arg>${counter}</arg>
<doc>Returns the value specified with an ``index`` from ``list``.</doc>
<status status="PASS" start="2025-01-06T11:27:08.986457" elapsed="0.000415"/>
</kw>
<kw name="Should Be Equal" owner="BuiltIn">
<arg>${tab_name}</arg>
<arg>${item_name}</arg>
<doc>Fails if the given objects are unequal.</doc>
<status status="PASS" start="2025-01-06T11:27:08.987071" elapsed="0.000335"/>
</kw>
<status status="PASS" start="2025-01-06T11:27:08.973171" elapsed="0.014321"/>
</branch>
<branch type="EXCEPT">
<kw name="Append To List" owner="Collections">
<arg>${results}</arg>
<arg>FAIL: ${tab_name} != ${item_name}</arg>
<doc>Adds ``values`` to the end of ``list``.</doc>
<status status="NOT RUN" start="2025-01-06T11:27:08.987736" elapsed="0.000051"/>
</kw>
<status status="NOT RUN" start="2025-01-06T11:27:08.987585" elapsed="0.000278"/>
</branch>
<status status="PASS" start="2025-01-06T11:27:08.973127" elapsed="0.014803"/>
</try>
<kw name="Evaluate" owner="BuiltIn">
<msg time="2025-01-06T11:27:08.988386" level="INFO">${counter} = 10</msg>
<var>${counter}</var>
<arg>${counter} + 1</arg>
<doc>Evaluates the given expression in Python and returns the result.</doc>
<status status="PASS" start="2025-01-06T11:27:08.988065" elapsed="0.000366"/>
</kw>
<var name="${element}">xpath=//div[contains(@class, 'header_popover_menu')]//a &gt;&gt; nth=9</var>
<status status="PASS" start="2025-01-06T11:27:08.973052" elapsed="0.015460"/>
</iter>
<iter>
<try>
<branch type="TRY">
<kw name="Get Text" owner="Browser">
<msg time="2025-01-06T11:27:09.003239" level="INFO">Text: 'Deposits &amp; Withdrawals'</msg>
<msg time="2025-01-06T11:27:09.003442" level="INFO">${tab_name} = Deposits &amp; Withdrawals</msg>
<var>${tab_name}</var>
<arg>${element}</arg>
<tag>Assertion</tag>
<tag>Getter</tag>
<tag>PageContent</tag>
<doc>Returns text attribute of the element found by ``selector``.</doc>
<status status="PASS" start="2025-01-06T11:27:08.989022" elapsed="0.014469"/>
</kw>
<kw name="Get From List" owner="Collections">
<msg time="2025-01-06T11:27:09.004129" level="INFO">${item_name} = Deposits &amp; Withdrawals</msg>
<var>${item_name}</var>
<arg>${expected_list}</arg>
<arg>${counter}</arg>
<doc>Returns the value specified with an ``index`` from ``list``.</doc>
<status status="PASS" start="2025-01-06T11:27:09.003768" elapsed="0.000407"/>
</kw>
<kw name="Should Be Equal" owner="BuiltIn">
<arg>${tab_name}</arg>
<arg>${item_name}</arg>
<doc>Fails if the given objects are unequal.</doc>
<status status="PASS" start="2025-01-06T11:27:09.004372" elapsed="0.000433"/>
</kw>
<status status="PASS" start="2025-01-06T11:27:08.988870" elapsed="0.016026"/>
</branch>
<branch type="EXCEPT">
<kw name="Append To List" owner="Collections">
<arg>${results}</arg>
<arg>FAIL: ${tab_name} != ${item_name}</arg>
<doc>Adds ``values`` to the end of ``list``.</doc>
<status status="NOT RUN" start="2025-01-06T11:27:09.005148" elapsed="0.000053"/>
</kw>
<status status="NOT RUN" start="2025-01-06T11:27:09.004992" elapsed="0.000289"/>
</branch>
<status status="PASS" start="2025-01-06T11:27:08.988830" elapsed="0.016522"/>
</try>
<kw name="Evaluate" owner="BuiltIn">
<msg time="2025-01-06T11:27:09.005829" level="INFO">${counter} = 11</msg>
<var>${counter}</var>
<arg>${counter} + 1</arg>
<doc>Evaluates the given expression in Python and returns the result.</doc>
<status status="PASS" start="2025-01-06T11:27:09.005495" elapsed="0.000381"/>
</kw>
<var name="${element}">xpath=//div[contains(@class, 'header_popover_menu')]//a &gt;&gt; nth=10</var>
<status status="PASS" start="2025-01-06T11:27:08.988764" elapsed="0.017198"/>
</iter>
<iter>
<try>
<branch type="TRY">
<kw name="Get Text" owner="Browser">
<msg time="2025-01-06T11:27:09.019627" level="INFO">Text: 'Debit/Credit On-ramp'</msg>
<msg time="2025-01-06T11:27:09.019833" level="INFO">${tab_name} = Debit/Credit On-ramp</msg>
<var>${tab_name}</var>
<arg>${element}</arg>
<tag>Assertion</tag>
<tag>Getter</tag>
<tag>PageContent</tag>
<doc>Returns text attribute of the element found by ``selector``.</doc>
<status status="PASS" start="2025-01-06T11:27:09.006522" elapsed="0.013360"/>
</kw>
<kw name="Get From List" owner="Collections">
<msg time="2025-01-06T11:27:09.020519" level="INFO">${item_name} = Payment Cards</msg>
<var>${item_name}</var>
<arg>${expected_list}</arg>
<arg>${counter}</arg>
<doc>Returns the value specified with an ``index`` from ``list``.</doc>
<status status="PASS" start="2025-01-06T11:27:09.020156" elapsed="0.000408"/>
</kw>
<kw name="Should Be Equal" owner="BuiltIn">
<msg time="2025-01-06T11:27:09.021170" level="FAIL">Debit/Credit On-ramp != Payment Cards</msg>
<arg>${tab_name}</arg>
<arg>${item_name}</arg>
<doc>Fails if the given objects are unequal.</doc>
<status status="FAIL" start="2025-01-06T11:27:09.020763" elapsed="0.000529">Debit/Credit On-ramp != Payment Cards</status>
</kw>
<status status="FAIL" start="2025-01-06T11:27:09.006360" elapsed="0.015074">Debit/Credit On-ramp != Payment Cards</status>
</branch>
<branch type="EXCEPT">
<kw name="Append To List" owner="Collections">
<arg>${results}</arg>
<arg>FAIL: ${tab_name} != ${item_name}</arg>
<doc>Adds ``values`` to the end of ``list``.</doc>
<status status="PASS" start="2025-01-06T11:27:09.021702" elapsed="0.000412"/>
</kw>
<status status="PASS" start="2025-01-06T11:27:09.021541" elapsed="0.000662"/>
</branch>
<status status="PASS" start="2025-01-06T11:27:09.006318" elapsed="0.015960"/>
</try>
<kw name="Evaluate" owner="BuiltIn">
<msg time="2025-01-06T11:27:09.022761" level="INFO">${counter} = 12</msg>
<var>${counter}</var>
<arg>${counter} + 1</arg>
<doc>Evaluates the given expression in Python and returns the result.</doc>
<status status="PASS" start="2025-01-06T11:27:09.022426" elapsed="0.000383"/>
</kw>
<var name="${element}">xpath=//div[contains(@class, 'header_popover_menu')]//a &gt;&gt; nth=11</var>
<status status="PASS" start="2025-01-06T11:27:09.006245" elapsed="0.016651"/>
</iter>
<iter>
<try>
<branch type="TRY">
<kw name="Get Text" owner="Browser">
<msg time="2025-01-06T11:27:09.036371" level="INFO">Text: 'Thalex Derivatives'</msg>
<msg time="2025-01-06T11:27:09.036570" level="INFO">${tab_name} = Thalex Derivatives</msg>
<var>${tab_name}</var>
<arg>${element}</arg>
<tag>Assertion</tag>
<tag>Getter</tag>
<tag>PageContent</tag>
<doc>Returns text attribute of the element found by ``selector``.</doc>
<status status="PASS" start="2025-01-06T11:27:09.023451" elapsed="0.013166"/>
</kw>
<kw name="Get From List" owner="Collections">
<msg time="2025-01-06T11:27:09.037395" level="INFO">${item_name} = Thalex Derivatives</msg>
<var>${item_name}</var>
<arg>${expected_list}</arg>
<arg>${counter}</arg>
<doc>Returns the value specified with an ``index`` from ``list``.</doc>
<status status="PASS" start="2025-01-06T11:27:09.036951" elapsed="0.000499"/>
</kw>
<kw name="Should Be Equal" owner="BuiltIn">
<arg>${tab_name}</arg>
<arg>${item_name}</arg>
<doc>Fails if the given objects are unequal.</doc>
<status status="PASS" start="2025-01-06T11:27:09.037663" elapsed="0.000331"/>
</kw>
<status status="PASS" start="2025-01-06T11:27:09.023288" elapsed="0.014793"/>
</branch>
<branch type="EXCEPT">
<kw name="Append To List" owner="Collections">
<arg>${results}</arg>
<arg>FAIL: ${tab_name} != ${item_name}</arg>
<doc>Adds ``values`` to the end of ``list``.</doc>
<status status="NOT RUN" start="2025-01-06T11:27:09.038323" elapsed="0.000049"/>
</kw>
<status status="NOT RUN" start="2025-01-06T11:27:09.038174" elapsed="0.000273"/>
</branch>
<status status="PASS" start="2025-01-06T11:27:09.023244" elapsed="0.015271"/>
</try>
<kw name="Evaluate" owner="BuiltIn">
<msg time="2025-01-06T11:27:09.038969" level="INFO">${counter} = 13</msg>
<var>${counter}</var>
<arg>${counter} + 1</arg>
<doc>Evaluates the given expression in Python and returns the result.</doc>
<status status="PASS" start="2025-01-06T11:27:09.038652" elapsed="0.000362"/>
</kw>
<var name="${element}">xpath=//div[contains(@class, 'header_popover_menu')]//a &gt;&gt; nth=12</var>
<status status="PASS" start="2025-01-06T11:27:09.023171" elapsed="0.015924"/>
</iter>
<iter>
<try>
<branch type="TRY">
<kw name="Get Text" owner="Browser">
<msg time="2025-01-06T11:27:09.052827" level="INFO">Text: 'Reporting Tool'</msg>
<msg time="2025-01-06T11:27:09.053040" level="INFO">${tab_name} = Reporting Tool</msg>
<var>${tab_name}</var>
<arg>${element}</arg>
<tag>Assertion</tag>
<tag>Getter</tag>
<tag>PageContent</tag>
<doc>Returns text attribute of the element found by ``selector``.</doc>
<status status="PASS" start="2025-01-06T11:27:09.039729" elapsed="0.013396"/>
</kw>
<kw name="Get From List" owner="Collections">
<msg time="2025-01-06T11:27:09.053797" level="INFO">${item_name} = Reporting Tool</msg>
<var>${item_name}</var>
<arg>${expected_list}</arg>
<arg>${counter}</arg>
<doc>Returns the value specified with an ``index`` from ``list``.</doc>
<status status="PASS" start="2025-01-06T11:27:09.053418" elapsed="0.000427"/>
</kw>
<kw name="Should Be Equal" owner="BuiltIn">
<arg>${tab_name}</arg>
<arg>${item_name}</arg>
<doc>Fails if the given objects are unequal.</doc>
<status status="PASS" start="2025-01-06T11:27:09.054048" elapsed="0.000333"/>
</kw>
<status status="PASS" start="2025-01-06T11:27:09.039555" elapsed="0.014915"/>
</branch>
<branch type="EXCEPT">
<kw name="Append To List" owner="Collections">
<arg>${results}</arg>
<arg>FAIL: ${tab_name} != ${item_name}</arg>
<doc>Adds ``values`` to the end of ``list``.</doc>
<status status="NOT RUN" start="2025-01-06T11:27:09.054725" elapsed="0.000053"/>
</kw>
<status status="NOT RUN" start="2025-01-06T11:27:09.054568" elapsed="0.000289"/>
</branch>
<status status="PASS" start="2025-01-06T11:27:09.039508" elapsed="0.015418"/>
</try>
<kw name="Evaluate" owner="BuiltIn">
<msg time="2025-01-06T11:27:09.055624" level="INFO">${counter} = 14</msg>
<var>${counter}</var>
<arg>${counter} + 1</arg>
<doc>Evaluates the given expression in Python and returns the result.</doc>
<status status="PASS" start="2025-01-06T11:27:09.055068" elapsed="0.000648"/>
</kw>
<var name="${element}">xpath=//div[contains(@class, 'header_popover_menu')]//a &gt;&gt; nth=13</var>
<status status="PASS" start="2025-01-06T11:27:09.039415" elapsed="0.016449"/>
</iter>
<var>${element}</var>
<value>@{sub_tab_elements}</value>
<status status="PASS" start="2025-01-06T11:27:08.787211" elapsed="0.268786"/>
</for>
<kw name="Log" owner="BuiltIn">
<msg time="2025-01-06T11:27:09.056823" level="INFO">Final Results: ['FAIL: Debit/Credit On-ramp != Payment Cards']</msg>
<arg>Final Results: ${results}</arg>
<doc>Logs the given message with the given level.</doc>
<status status="PASS" start="2025-01-06T11:27:09.056389" elapsed="0.000581"/>
</kw>
<kw name="Run Keyword If" owner="BuiltIn">
<kw name="Fail" owner="BuiltIn">
<msg time="2025-01-06T11:27:09.058612" level="FAIL">Final FAIL Results: ['FAIL: Debit/Credit On-ramp != Payment Cards']</msg>
<arg>Final FAIL Results: ${results}</arg>
<doc>Fails the test with the given message and optionally alters its tags.</doc>
<status status="FAIL" start="2025-01-06T11:27:09.057920" elapsed="0.000864">Final FAIL Results: ['FAIL: Debit/Credit On-ramp != Payment Cards']</status>
</kw>
<arg>${results}</arg>
<arg>Fail</arg>
<arg>Final FAIL Results: ${results}</arg>
<doc>Runs the given keyword with the given arguments, if ``condition`` is true.</doc>
<status status="FAIL" start="2025-01-06T11:27:09.057339" elapsed="0.001776">Final FAIL Results: ['FAIL: Debit/Credit On-ramp != Payment Cards']</status>
</kw>
<arg>${sub_menu_locator}</arg>
<arg>${expected_list}</arg>
<status status="FAIL" start="2025-01-06T11:27:08.768958" elapsed="0.290504">Final FAIL Results: ['FAIL: Debit/Credit On-ramp != Payment Cards']</status>
</kw>
<arg>Traders</arg>
<arg>${sub_menu_name_list}</arg>
<status status="FAIL" start="2025-01-06T11:27:06.957676" elapsed="2.102058">Final FAIL Results: ['FAIL: Debit/Credit On-ramp != Payment Cards']</status>
</kw>
<kw name="Close Browser" owner="Browser">
<tag>BrowserControl</tag>
<tag>Setter</tag>
<doc>Closes the current browser.</doc>
<status status="NOT RUN" start="2025-01-06T11:27:09.060225" elapsed="0.000103"/>
</kw>
<status status="FAIL" start="2025-01-06T11:27:01.070815" elapsed="7.990024">Final FAIL Results: ['FAIL: Debit/Credit On-ramp != Payment Cards']</status>
</test>
<status status="FAIL" start="2025-01-06T11:27:00.695370" elapsed="8.475614"/>
</suite>
<statistics>
<total>
<stat pass="0" fail="1" skip="0">All Tests</stat>
</total>
<tag>
</tag>
<suite>
<stat pass="0" fail="1" skip="0" id="s1" name="TradersTabTest">TradersTabTest</stat>
</suite>
</statistics>
<errors>
</errors>
</robot>
