<?xml version="1.0" encoding="UTF-8"?>
<robot generator="Robot 7.1.1 (Python 3.9.6 on darwin)" generated="2024-12-04T22:57:52.913976" rpa="false" schemaversion="5">
<suite id="s1" name="TradersTabTest" source="/Users/thaonguyen/Documents/code/RF/automation/Testcase/TradersTabTest.robot">
<test id="s1-t1" name="Test1" line="9">
<kw name="Open Browser" owner="TradersKeyword">
<kw name="New Browser" owner="Browser">
<msg time="2024-12-04T22:57:53.075395" level="INFO">{"browser": "chromium", "headless": false, "chromiumSandbox": false, "devtools": false, "handleSIGHUP": true, "handleSIGINT": true, "handleSIGTERM": true, "slowMo": 0.0, "timeout": 30000.0, "tracesDir": "/Users/thaonguyen/Documents/code/RF/automation/browser/traces/653cf737-3b1b-41f6-b3c9-6cac26778b09"}</msg>
<msg time="2024-12-04T22:57:53.123282" level="INFO">Starting Browser process /Users/thaonguyen/Documents/code/RF/automation/venv/lib/python3.9/site-packages/Browser/wrapper/index.js using port 51869</msg>
<msg time="2024-12-04T22:57:53.123581" level="INFO">Node startup parameters: ['node', '/Users/thaonguyen/Documents/code/RF/automation/venv/lib/python3.9/site-packages/Browser/wrapper/index.js', '51869']</msg>
<msg time="2024-12-04T22:57:55.202954" level="INFO">Successfully created browser with options: {"browser":"chromium","headless":false,"chromiumSandbox":false,"devtools":false,"handleSIGHUP":true,"handleSIGINT":true,"handleSIGTERM":true,"slowMo":0,"timeout":30000,"tracesDir":"/Users/thaonguyen/Documents/code/RF/automation/browser/traces/653cf737-3b1b-41f6-b3c9-6cac26778b09"}</msg>
<arg>headless=False</arg>
<tag>BrowserControl</tag>
<tag>Setter</tag>
<doc>Create a new playwright Browser with specified options.</doc>
<status status="PASS" start="2024-12-04T22:57:53.074801" elapsed="2.128527"/>
</kw>
<kw name="New Page" owner="Browser">
<msg time="2024-12-04T22:57:59.096318" level="INFO">Successfully initialized new page object and opened url: https://www.bitfinex.com/</msg>
<msg time="2024-12-04T22:57:59.096554" level="INFO">No context was open. New context was automatically opened when this page is created.</msg>
<arg>${site_url}</arg>
<tag>BrowserControl</tag>
<tag>Setter</tag>
<doc>Open a new Page.</doc>
<status status="PASS" start="2024-12-04T22:57:55.204004" elapsed="3.892905"/>
</kw>
<status status="PASS" start="2024-12-04T22:57:53.074064" elapsed="6.023177"/>
</kw>
<kw name="Hover TradersTab" owner="TradersKeyword">
<kw name="Hover" owner="Browser">
<arg>${traders_tab}</arg>
<tag>PageContent</tag>
<tag>Setter</tag>
<doc>Moves the virtual mouse and scrolls to the element found by ``selector``.</doc>
<status status="PASS" start="2024-12-04T22:57:59.098910" elapsed="0.165806"/>
</kw>
<status status="PASS" start="2024-12-04T22:57:59.097952" elapsed="0.166990"/>
</kw>
<kw name="Get Text" owner="Browser">
<msg time="2024-12-04T22:57:59.305516" level="INFO">Text: 'Features'</msg>
<msg time="2024-12-04T22:57:59.305865" level="INFO">${value_Features} = Features</msg>
<var>${value_Features}</var>
<arg>${element_Features}</arg>
<arg>==</arg>
<arg>Features</arg>
<tag>Assertion</tag>
<tag>Getter</tag>
<tag>PageContent</tag>
<doc>Returns text attribute of the element found by ``selector``.</doc>
<status status="PASS" start="2024-12-04T22:57:59.265290" elapsed="0.040634"/>
</kw>
<kw name="Get Text" owner="Browser">
<msg time="2024-12-04T22:57:59.323747" level="INFO">Text: 'Security'</msg>
<msg time="2024-12-04T22:57:59.324002" level="INFO">${value_Security} = Security</msg>
<var>${value_Security}</var>
<arg>${element_Security}</arg>
<arg>==</arg>
<arg>Security</arg>
<tag>Assertion</tag>
<tag>Getter</tag>
<tag>PageContent</tag>
<doc>Returns text attribute of the element found by ``selector``.</doc>
<status status="PASS" start="2024-12-04T22:57:59.306442" elapsed="0.017610"/>
</kw>
<kw name="Get Text" owner="Browser">
<msg time="2024-12-04T22:57:59.341264" level="INFO">Text: 'Competitions'</msg>
<msg time="2024-12-04T22:57:59.341501" level="INFO">${value_Competitions} = Competitions</msg>
<var>${value_Competitions}</var>
<arg>${element_Competitions}</arg>
<arg>==</arg>
<arg>Competitions</arg>
<tag>Assertion</tag>
<tag>Getter</tag>
<tag>PageContent</tag>
<doc>Returns text attribute of the element found by ``selector``.</doc>
<status status="PASS" start="2024-12-04T22:57:59.324431" elapsed="0.017118"/>
</kw>
<kw name="Get Text" owner="Browser">
<msg time="2024-12-04T22:57:59.359917" level="INFO">Text: 'Mobile app'</msg>
<msg time="2024-12-04T22:57:59.360362" level="INFO">${value_Mobile_app} = Mobile app</msg>
<var>${value_Mobile_app}</var>
<arg>${element_Mobile_app}</arg>
<arg>==</arg>
<arg>Mobile app</arg>
<tag>Assertion</tag>
<tag>Getter</tag>
<tag>PageContent</tag>
<doc>Returns text attribute of the element found by ``selector``.</doc>
<status status="PASS" start="2024-12-04T22:57:59.341915" elapsed="0.018540"/>
</kw>
<kw name="Get Text" owner="Browser">
<msg time="2024-12-04T22:57:59.380034" level="INFO">Text: 'Our fees'</msg>
<msg time="2024-12-04T22:57:59.380375" level="INFO">${value_Our_fees} = Our fees</msg>
<var>${value_Our_fees}</var>
<arg>${element_Our_fees}</arg>
<arg>==</arg>
<arg>Our fees</arg>
<tag>Assertion</tag>
<tag>Getter</tag>
<tag>PageContent</tag>
<doc>Returns text attribute of the element found by ``selector``.</doc>
<status status="PASS" start="2024-12-04T22:57:59.361018" elapsed="0.019619"/>
</kw>
<kw name="Get Text" owner="Browser">
<msg time="2024-12-04T22:57:59.396003" level="INFO">Text: 'Corporate &amp; professional'</msg>
<msg time="2024-12-04T22:57:59.396246" level="INFO">${value_Corporate_professional} = Corporate &amp; professional</msg>
<var>${value_Corporate_professional}</var>
<arg>${element_Corporate_professional}</arg>
<arg>==</arg>
<arg>Corporate &amp; professional</arg>
<tag>Assertion</tag>
<tag>Getter</tag>
<tag>PageContent</tag>
<doc>Returns text attribute of the element found by ``selector``.</doc>
<status status="PASS" start="2024-12-04T22:57:59.381258" elapsed="0.015040"/>
</kw>
<kw name="Get Text" owner="Browser">
<msg time="2024-12-04T22:57:59.411671" level="INFO">Text: 'Bitfinex Leaderboard'</msg>
<msg time="2024-12-04T22:57:59.411944" level="INFO">${value_Bitfinex_Leaderboard} = Bitfinex Leaderboard</msg>
<var>${value_Bitfinex_Leaderboard}</var>
<arg>${element_Bitfinex_Leaderboard}</arg>
<arg>==</arg>
<arg>Bitfinex Leaderboard</arg>
<tag>Assertion</tag>
<tag>Getter</tag>
<tag>PageContent</tag>
<doc>Returns text attribute of the element found by ``selector``.</doc>
<status status="PASS" start="2024-12-04T22:57:59.396763" elapsed="0.015232"/>
</kw>
<kw name="Get Text" owner="Browser">
<msg time="2024-12-04T22:57:59.431601" level="INFO">Text: 'Deposits &amp; Withdrawals'</msg>
<msg time="2024-12-04T22:57:59.431892" level="INFO">${value_Deposits_Withdrawals} = Deposits &amp; Withdrawals</msg>
<var>${value_Deposits_Withdrawals}</var>
<arg>${element_Deposits_Withdrawals}</arg>
<arg>==</arg>
<arg>Deposits &amp; Withdrawals</arg>
<tag>Assertion</tag>
<tag>Getter</tag>
<tag>PageContent</tag>
<doc>Returns text attribute of the element found by ``selector``.</doc>
<status status="PASS" start="2024-12-04T22:57:59.412413" elapsed="0.019540"/>
</kw>
<kw name="Get Text" owner="Browser">
<msg time="2024-12-04T22:57:59.451907" level="INFO">Text: 'Thalex Derivatives'</msg>
<msg time="2024-12-04T22:57:59.452171" level="INFO">${value_Thalex_Derivatives} = Thalex Derivatives</msg>
<var>${value_Thalex_Derivatives}</var>
<arg>${element_Thalex_Derivatives}</arg>
<arg>==</arg>
<arg>Thalex Derivatives</arg>
<tag>Assertion</tag>
<tag>Getter</tag>
<tag>PageContent</tag>
<doc>Returns text attribute of the element found by ``selector``.</doc>
<status status="PASS" start="2024-12-04T22:57:59.432356" elapsed="0.019869"/>
</kw>
<kw name="Get Text" owner="Browser">
<msg time="2024-12-04T22:57:59.471286" level="INFO">Text: 'Reporting Tool'</msg>
<msg time="2024-12-04T22:57:59.471549" level="INFO">${value_Reporting_Tool} = Reporting Tool</msg>
<var>${value_Reporting_Tool}</var>
<arg>${element_Reporting_Tool}</arg>
<arg>==</arg>
<arg>Reporting Tool</arg>
<tag>Assertion</tag>
<tag>Getter</tag>
<tag>PageContent</tag>
<doc>Returns text attribute of the element found by ``selector``.</doc>
<status status="PASS" start="2024-12-04T22:57:59.452629" elapsed="0.018972"/>
</kw>
<kw name="Get Text" owner="Browser">
<msg time="2024-12-04T22:57:59.492214" level="INFO">Text: 'P2P Trading'</msg>
<msg time="2024-12-04T22:57:59.492448" level="INFO">${value_P2P_Trading} = P2P Trading</msg>
<var>${value_P2P_Trading}</var>
<arg>${element_P2P_Trading}</arg>
<tag>Assertion</tag>
<tag>Getter</tag>
<tag>PageContent</tag>
<doc>Returns text attribute of the element found by ``selector``.</doc>
<status status="PASS" start="2024-12-04T22:57:59.472085" elapsed="0.020416"/>
</kw>
<kw name="Should Be Equal As Strings" owner="BuiltIn">
<arg>${value_P2P_Trading}</arg>
<arg>P2P Trading</arg>
<doc>Fails if objects are unequal after converting them to strings.</doc>
<status status="PASS" start="2024-12-04T22:57:59.492921" elapsed="0.000450"/>
</kw>
<kw name="Get Text" owner="Browser">
<msg time="2024-12-04T22:57:59.529543" level="INFO">Text: 'Market statistics'</msg>
<msg time="2024-12-04T22:57:59.529771" level="INFO">${value_Market_statistics} = Market statistics</msg>
<var>${value_Market_statistics}</var>
<arg>${element_Market_statistics}</arg>
<tag>Assertion</tag>
<tag>Getter</tag>
<tag>PageContent</tag>
<doc>Returns text attribute of the element found by ``selector``.</doc>
<status status="PASS" start="2024-12-04T22:57:59.493677" elapsed="0.036147"/>
</kw>
<kw name="Should Be Equal As Strings" owner="BuiltIn">
<arg>${value_Market_statistics}</arg>
<arg>Market statistics</arg>
<doc>Fails if objects are unequal after converting them to strings.</doc>
<status status="PASS" start="2024-12-04T22:57:59.530213" elapsed="0.000408"/>
</kw>
<kw name="Get Text" owner="Browser">
<msg time="2024-12-04T22:57:59.545302" level="INFO">Text: 'Debit/Credit On-ramp'</msg>
<msg time="2024-12-04T22:57:59.545535" level="INFO">${value_Payment_Cards} = Debit/Credit On-ramp</msg>
<var>${value_Payment_Cards}</var>
<arg>${element_Payment_Cards}</arg>
<tag>Assertion</tag>
<tag>Getter</tag>
<tag>PageContent</tag>
<doc>Returns text attribute of the element found by ``selector``.</doc>
<status status="PASS" start="2024-12-04T22:57:59.530957" elapsed="0.014647"/>
</kw>
<kw name="Should Be Equal As Strings" owner="BuiltIn">
<arg>${value_Payment_Cards}</arg>
<arg>Debit/Credit On-ramp</arg>
<doc>Fails if objects are unequal after converting them to strings.</doc>
<status status="PASS" start="2024-12-04T22:57:59.546071" elapsed="0.000391"/>
</kw>
<kw name="Get Text" owner="Browser">
<msg time="2024-12-04T22:57:59.560999" level="INFO">Text: 'API documentation'</msg>
<msg time="2024-12-04T22:57:59.561242" level="INFO">${value_API_documentation} = API documentation</msg>
<var>${value_API_documentation}</var>
<arg>${element_API_documentation}</arg>
<tag>Assertion</tag>
<tag>Getter</tag>
<tag>PageContent</tag>
<doc>Returns text attribute of the element found by ``selector``.</doc>
<status status="PASS" start="2024-12-04T22:57:59.546875" elapsed="0.014421"/>
</kw>
<kw name="Should Be Equal As Strings" owner="BuiltIn">
<arg>${value_API_documentation}</arg>
<arg>API documentation</arg>
<doc>Fails if objects are unequal after converting them to strings.</doc>
<status status="PASS" start="2024-12-04T22:57:59.561687" elapsed="0.000401"/>
</kw>
<kw name="Close Browser" owner="Browser">
<msg time="2024-12-04T22:57:59.807529" level="INFO">Closed browser</msg>
<tag>BrowserControl</tag>
<tag>Setter</tag>
<doc>Closes the current browser.</doc>
<status status="PASS" start="2024-12-04T22:57:59.562373" elapsed="0.245492"/>
</kw>
<status status="PASS" start="2024-12-04T22:57:53.073339" elapsed="6.735164"/>
</test>
<status status="PASS" start="2024-12-04T22:57:52.915703" elapsed="6.904374"/>
</suite>
<statistics>
<total>
<stat pass="1" fail="0" skip="0">All Tests</stat>
</total>
<tag>
</tag>
<suite>
<stat pass="1" fail="0" skip="0" id="s1" name="TradersTabTest">TradersTabTest</stat>
</suite>
</statistics>
<errors>
</errors>
</robot>
