<?xml version="1.0" encoding="UTF-8"?>
<robot generator="Robot 7.1.1 (Python 3.9.6 on darwin)" generated="2024-11-13T22:21:25.333468" rpa="false" schemaversion="5">
<suite id="s1" name="TC1" source="/Users/thaonguyen/Documents/code/RF/automation/Testcase/TC1.robot">
<test id="s1-t1" name="Test1" line="8">
<kw name="New Browser" owner="Browser">
<msg time="2024-11-13T22:21:25.572531" level="INFO">{"browser": "chromium", "headless": false, "chromiumSandbox": false, "devtools": false, "handleSIGHUP": true, "handleSIGINT": true, "handleSIGTERM": true, "slowMo": 0.0, "timeout": 30000.0, "tracesDir": "/Users/thaonguyen/Documents/code/RF/automation/browser/traces/ec45e27e-ee25-4e85-8bbd-cfcaf6a1e481"}</msg>
<msg time="2024-11-13T22:21:25.622935" level="INFO">Starting Browser process /Users/thaonguyen/Documents/code/RF/automation/venv/lib/python3.9/site-packages/Browser/wrapper/index.js using port 56602</msg>
<msg time="2024-11-13T22:21:25.623289" level="INFO">Node startup parameters: ['node', '/Users/thaonguyen/Documents/code/RF/automation/venv/lib/python3.9/site-packages/Browser/wrapper/index.js', '56602']</msg>
<msg time="2024-11-13T22:21:27.948267" level="INFO">Successfully created browser with options: {"browser":"chromium","headless":false,"chromiumSandbox":false,"devtools":false,"handleSIGHUP":true,"handleSIGINT":true,"handleSIGTERM":true,"slowMo":0,"timeout":30000,"tracesDir":"/Users/thaonguyen/Documents/code/RF/automation/browser/traces/ec45e27e-ee25-4e85-8bbd-cfcaf6a1e481"}</msg>
<arg>headless=False</arg>
<tag>BrowserControl</tag>
<tag>Setter</tag>
<doc>Create a new playwright Browser with specified options.</doc>
<status status="PASS" start="2024-11-13T22:21:25.571883" elapsed="2.376785"/>
</kw>
<kw name="New Page" owner="Browser">
<msg time="2024-11-13T22:21:29.681533" level="INFO">Successfully initialized new page object and opened url: https://www.bitfinex.com/</msg>
<msg time="2024-11-13T22:21:29.681679" level="INFO">No context was open. New context was automatically opened when this page is created.</msg>
<arg>https://www.bitfinex.com/</arg>
<tag>BrowserControl</tag>
<tag>Setter</tag>
<doc>Open a new Page.</doc>
<status status="PASS" start="2024-11-13T22:21:27.949510" elapsed="1.732421"/>
</kw>
<kw name="Get Element" owner="Browser">
<msg time="2024-11-13T22:21:31.254643" level="INFO">Locator found successfully.</msg>
<msg time="2024-11-13T22:21:31.254977" level="INFO">${element} = xpath=//*[@id="header"]/div/div/ul[1]/li[1]/span/div/span</msg>
<var>${element}</var>
<arg>xpath=//*[@id="header"]/div/div/ul[1]/li[1]/span/div/span</arg>
<tag>Getter</tag>
<tag>PageContent</tag>
<doc>Returns a reference to a Playwright [https://playwright.dev/docs/api/class-locator|Locator].</doc>
<status status="PASS" start="2024-11-13T22:21:29.682370" elapsed="1.572656"/>
</kw>
<kw name="Get Element States" owner="Browser">
<msg time="2024-11-13T22:21:31.438202" level="INFO">States are: ['attached', 'visible', 'enabled', 'editable', 'defocused']</msg>
<arg>${element}</arg>
<arg>contains</arg>
<arg>visible</arg>
<tag>Assertion</tag>
<tag>Getter</tag>
<tag>PageContent</tag>
<doc>Get the active states from the element found by ``selector``.</doc>
<status status="PASS" start="2024-11-13T22:21:31.255366" elapsed="0.183013"/>
</kw>
<kw name="Get Text" owner="Browser">
<msg time="2024-11-13T22:21:31.460239" level="INFO">Text: 'Traders'</msg>
<msg time="2024-11-13T22:21:31.460461" level="INFO">${value} = Traders</msg>
<var>${value}</var>
<arg>${element}</arg>
<tag>Assertion</tag>
<tag>Getter</tag>
<tag>PageContent</tag>
<doc>Returns text attribute of the element found by ``selector``.</doc>
<status status="PASS" start="2024-11-13T22:21:31.438749" elapsed="0.021762"/>
</kw>
<kw name="Should Be Equal As Strings" owner="BuiltIn">
<arg>${value}</arg>
<arg>Traders</arg>
<doc>Fails if objects are unequal after converting them to strings.</doc>
<status status="PASS" start="2024-11-13T22:21:31.460891" elapsed="0.000404"/>
</kw>
<kw name="Hover" owner="Browser">
<arg>xpath=//*[@id="header"]/div/div/ul[1]/li[1]/span/div/span</arg>
<tag>PageContent</tag>
<tag>Setter</tag>
<doc>Moves the virtual mouse and scrolls to the element found by ``selector``.</doc>
<status status="PASS" start="2024-11-13T22:21:31.461640" elapsed="0.131332"/>
</kw>
<kw name="Get Element" owner="Browser">
<msg time="2024-11-13T22:21:31.605975" level="INFO">Locator found successfully.</msg>
<msg time="2024-11-13T22:21:31.606290" level="INFO">${element_Features} = xpath=//*[@id="header"]/div/div/ul[1]/li[1]/span/div[2]/div/ul/li[1]/a</msg>
<var>${element_Features}</var>
<arg>xpath=//*[@id="header"]/div/div/ul[1]/li[1]/span/div[2]/div/ul/li[1]/a</arg>
<tag>Getter</tag>
<tag>PageContent</tag>
<doc>Returns a reference to a Playwright [https://playwright.dev/docs/api/class-locator|Locator].</doc>
<status status="PASS" start="2024-11-13T22:21:31.593334" elapsed="0.013010"/>
</kw>
<kw name="Get Element" owner="Browser">
<msg time="2024-11-13T22:21:31.616037" level="INFO">Locator found successfully.</msg>
<msg time="2024-11-13T22:21:31.616349" level="INFO">${element_Mobile_app} = xpath=//*[@id="header"]/div/div/ul[1]/li[1]/span/div[2]/div/ul/li[2]/a</msg>
<var>${element_Mobile_app}</var>
<arg>xpath=//*[@id="header"]/div/div/ul[1]/li[1]/span/div[2]/div/ul/li[2]/a</arg>
<tag>Getter</tag>
<tag>PageContent</tag>
<doc>Returns a reference to a Playwright [https://playwright.dev/docs/api/class-locator|Locator].</doc>
<status status="PASS" start="2024-11-13T22:21:31.606699" elapsed="0.009702"/>
</kw>
<kw name="Get Element" owner="Browser">
<msg time="2024-11-13T22:21:31.625543" level="INFO">Locator found successfully.</msg>
<msg time="2024-11-13T22:21:31.625862" level="INFO">${element_P2P_Trading} = xpath=//*[@id="header"]/div/div/ul[1]/li[1]/span/div[2]/div/ul/li[3]/a</msg>
<var>${element_P2P_Trading}</var>
<arg>xpath=//*[@id="header"]/div/div/ul[1]/li[1]/span/div[2]/div/ul/li[3]/a</arg>
<tag>Getter</tag>
<tag>PageContent</tag>
<doc>Returns a reference to a Playwright [https://playwright.dev/docs/api/class-locator|Locator].</doc>
<status status="PASS" start="2024-11-13T22:21:31.616945" elapsed="0.008973"/>
</kw>
<kw name="Get Element" owner="Browser">
<msg time="2024-11-13T22:21:31.633909" level="INFO">Locator found successfully.</msg>
<msg time="2024-11-13T22:21:31.634215" level="INFO">${element_Market_statistics} = xpath=//*[@id="header"]/div/div/ul[1]/li[1]/span/div[2]/div/ul/li[4]/a</msg>
<var>${element_Market_statistics}</var>
<arg>xpath=//*[@id="header"]/div/div/ul[1]/li[1]/span/div[2]/div/ul/li[4]/a</arg>
<tag>Getter</tag>
<tag>PageContent</tag>
<doc>Returns a reference to a Playwright [https://playwright.dev/docs/api/class-locator|Locator].</doc>
<status status="PASS" start="2024-11-13T22:21:31.626275" elapsed="0.007993"/>
</kw>
<kw name="Get Element" owner="Browser">
<msg time="2024-11-13T22:21:31.642886" level="INFO">Locator found successfully.</msg>
<msg time="2024-11-13T22:21:31.643217" level="INFO">${element_Corporate_professional} = xpath=//*[@id="header"]/div/div/ul[1]/li[1]/span/div[2]/div/ul/li[5]/a</msg>
<var>${element_Corporate_professional}</var>
<arg>xpath=//*[@id="header"]/div/div/ul[1]/li[1]/span/div[2]/div/ul/li[5]/a</arg>
<tag>Getter</tag>
<tag>PageContent</tag>
<doc>Returns a reference to a Playwright [https://playwright.dev/docs/api/class-locator|Locator].</doc>
<status status="PASS" start="2024-11-13T22:21:31.634616" elapsed="0.008654"/>
</kw>
<kw name="Get Element" owner="Browser">
<msg time="2024-11-13T22:21:31.651182" level="INFO">Locator found successfully.</msg>
<msg time="2024-11-13T22:21:31.651502" level="INFO">${element_Our_fees} = xpath=//*[@id="header"]/div/div/ul[1]/li[1]/span/div[2]/div/ul/li[6]/a</msg>
<var>${element_Our_fees}</var>
<arg>xpath=//*[@id="header"]/div/div/ul[1]/li[1]/span/div[2]/div/ul/li[6]/a</arg>
<tag>Getter</tag>
<tag>PageContent</tag>
<doc>Returns a reference to a Playwright [https://playwright.dev/docs/api/class-locator|Locator].</doc>
<status status="PASS" start="2024-11-13T22:21:31.643629" elapsed="0.007927"/>
</kw>
<kw name="Get Element" owner="Browser">
<msg time="2024-11-13T22:21:31.659679" level="INFO">Locator found successfully.</msg>
<msg time="2024-11-13T22:21:31.660001" level="INFO">${element_Security} = xpath=//*[@id="header"]/div/div/ul[1]/li[1]/span/div[2]/div/ul/li[7]/a</msg>
<var>${element_Security}</var>
<arg>xpath=//*[@id="header"]/div/div/ul[1]/li[1]/span/div[2]/div/ul/li[7]/a</arg>
<tag>Getter</tag>
<tag>PageContent</tag>
<doc>Returns a reference to a Playwright [https://playwright.dev/docs/api/class-locator|Locator].</doc>
<status status="PASS" start="2024-11-13T22:21:31.651989" elapsed="0.008149"/>
</kw>
<kw name="Get Element" owner="Browser">
<msg time="2024-11-13T22:21:31.667912" level="INFO">Locator found successfully.</msg>
<msg time="2024-11-13T22:21:31.668231" level="INFO">${element_API_documentation} = xpath=//*[@id="header"]/div/div/ul[1]/li[1]/span/div[2]/div/ul/li[8]/a</msg>
<var>${element_API_documentation}</var>
<arg>xpath=//*[@id="header"]/div/div/ul[1]/li[1]/span/div[2]/div/ul/li[8]/a</arg>
<tag>Getter</tag>
<tag>PageContent</tag>
<doc>Returns a reference to a Playwright [https://playwright.dev/docs/api/class-locator|Locator].</doc>
<status status="PASS" start="2024-11-13T22:21:31.660505" elapsed="0.007779"/>
</kw>
<kw name="Get Element" owner="Browser">
<msg time="2024-11-13T22:21:31.676729" level="INFO">Locator found successfully.</msg>
<msg time="2024-11-13T22:21:31.677047" level="INFO">${element_Bitfinex_Leaderboard} = xpath=//*[@id="header"]/div/div/ul[1]/li[1]/span/div[2]/div/ul/li[9]/a</msg>
<var>${element_Bitfinex_Leaderboard}</var>
<arg>xpath=//*[@id="header"]/div/div/ul[1]/li[1]/span/div[2]/div/ul/li[9]/a</arg>
<tag>Getter</tag>
<tag>PageContent</tag>
<doc>Returns a reference to a Playwright [https://playwright.dev/docs/api/class-locator|Locator].</doc>
<status status="PASS" start="2024-11-13T22:21:31.668624" elapsed="0.008479"/>
</kw>
<kw name="Get Element" owner="Browser">
<msg time="2024-11-13T22:21:31.687469" level="INFO">Locator found successfully.</msg>
<msg time="2024-11-13T22:21:31.687774" level="INFO">${element_Competitions} = xpath=//*[@id="header"]/div/div/ul[1]/li[1]/span/div[2]/div/ul/li[10]/a</msg>
<var>${element_Competitions}</var>
<arg>xpath=//*[@id="header"]/div/div/ul[1]/li[1]/span/div[2]/div/ul/li[10]/a</arg>
<tag>Getter</tag>
<tag>PageContent</tag>
<doc>Returns a reference to a Playwright [https://playwright.dev/docs/api/class-locator|Locator].</doc>
<status status="PASS" start="2024-11-13T22:21:31.677461" elapsed="0.010366"/>
</kw>
<kw name="Get Element" owner="Browser">
<msg time="2024-11-13T22:21:31.695857" level="INFO">Locator found successfully.</msg>
<msg time="2024-11-13T22:21:31.696171" level="INFO">${element_Deposits_Withdrawals} = xpath=//*[@id="header"]/div/div/ul[1]/li[1]/span/div[2]/div/ul/li[11]/a</msg>
<var>${element_Deposits_Withdrawals}</var>
<arg>xpath=//*[@id="header"]/div/div/ul[1]/li[1]/span/div[2]/div/ul/li[11]/a</arg>
<tag>Getter</tag>
<tag>PageContent</tag>
<doc>Returns a reference to a Playwright [https://playwright.dev/docs/api/class-locator|Locator].</doc>
<status status="PASS" start="2024-11-13T22:21:31.688210" elapsed="0.008012"/>
</kw>
<kw name="Get Element" owner="Browser">
<msg time="2024-11-13T22:21:31.704702" level="INFO">Locator found successfully.</msg>
<msg time="2024-11-13T22:21:31.705001" level="INFO">${element_Thalex_Derivatives} = xpath=//*[@id="header"]/div/div/ul[1]/li[1]/span/div[2]/div/ul/li[13]/a</msg>
<var>${element_Thalex_Derivatives}</var>
<arg>xpath=//*[@id="header"]/div/div/ul[1]/li[1]/span/div[2]/div/ul/li[13]/a</arg>
<tag>Getter</tag>
<tag>PageContent</tag>
<doc>Returns a reference to a Playwright [https://playwright.dev/docs/api/class-locator|Locator].</doc>
<status status="PASS" start="2024-11-13T22:21:31.696550" elapsed="0.008501"/>
</kw>
<kw name="Get Element" owner="Browser">
<msg time="2024-11-13T22:21:31.713076" level="INFO">Locator found successfully.</msg>
<msg time="2024-11-13T22:21:31.713401" level="INFO">${element_Reporting_Tool} = xpath=//*[@id="header"]/div/div/ul[1]/li[1]/span/div[2]/div/ul/li[14]/a</msg>
<var>${element_Reporting_Tool}</var>
<arg>xpath=//*[@id="header"]/div/div/ul[1]/li[1]/span/div[2]/div/ul/li[14]/a</arg>
<tag>Getter</tag>
<tag>PageContent</tag>
<doc>Returns a reference to a Playwright [https://playwright.dev/docs/api/class-locator|Locator].</doc>
<status status="PASS" start="2024-11-13T22:21:31.705388" elapsed="0.008067"/>
</kw>
<kw name="Get Element" owner="Browser">
<msg time="2024-11-13T22:21:31.722581" level="INFO">Locator found successfully.</msg>
<msg time="2024-11-13T22:21:31.722911" level="INFO">${element_Payment_Cards} = xpath=//*[@id="header"]/div/div/ul[1]/li[1]/span/div[2]/div/ul/li[12]/a</msg>
<var>${element_Payment_Cards}</var>
<arg>xpath=//*[@id="header"]/div/div/ul[1]/li[1]/span/div[2]/div/ul/li[12]/a</arg>
<tag>Getter</tag>
<tag>PageContent</tag>
<doc>Returns a reference to a Playwright [https://playwright.dev/docs/api/class-locator|Locator].</doc>
<status status="PASS" start="2024-11-13T22:21:31.713803" elapsed="0.009217"/>
</kw>
<kw name="Wait For Elements State" owner="Browser">
<msg time="2024-11-13T22:21:31.730976" level="INFO">Waited for Element with selector xpath=//*[@id="header"]/div/div/ul[1]/li[1]/span/div[2]/div/ul/li[1]/a at state visible</msg>
<arg>${element_Features}</arg>
<arg>visible</arg>
<tag>PageContent</tag>
<tag>Wait</tag>
<doc>Waits for the element found by ``selector`` to satisfy state option.</doc>
<status status="PASS" start="2024-11-13T22:21:31.723440" elapsed="0.007811"/>
</kw>
<kw name="Wait For Elements State" owner="Browser">
<msg time="2024-11-13T22:21:31.739274" level="INFO">Waited for Element with selector xpath=//*[@id="header"]/div/div/ul[1]/li[1]/span/div[2]/div/ul/li[2]/a at state visible</msg>
<arg>${element_Mobile_app}</arg>
<arg>visible</arg>
<tag>PageContent</tag>
<tag>Wait</tag>
<doc>Waits for the element found by ``selector`` to satisfy state option.</doc>
<status status="PASS" start="2024-11-13T22:21:31.731709" elapsed="0.007796"/>
</kw>
<kw name="Wait For Elements State" owner="Browser">
<msg time="2024-11-13T22:21:31.748229" level="INFO">Waited for Element with selector xpath=//*[@id="header"]/div/div/ul[1]/li[1]/span/div[2]/div/ul/li[3]/a at state visible</msg>
<arg>${element_P2P_Trading}</arg>
<arg>visible</arg>
<tag>PageContent</tag>
<tag>Wait</tag>
<doc>Waits for the element found by ``selector`` to satisfy state option.</doc>
<status status="PASS" start="2024-11-13T22:21:31.739888" elapsed="0.008561"/>
</kw>
<kw name="Wait For Elements State" owner="Browser">
<msg time="2024-11-13T22:21:31.756669" level="INFO">Waited for Element with selector xpath=//*[@id="header"]/div/div/ul[1]/li[1]/span/div[2]/div/ul/li[4]/a at state visible</msg>
<arg>${element_Market_statistics}</arg>
<arg>visible</arg>
<tag>PageContent</tag>
<tag>Wait</tag>
<doc>Waits for the element found by ``selector`` to satisfy state option.</doc>
<status status="PASS" start="2024-11-13T22:21:31.749010" elapsed="0.007900"/>
</kw>
<kw name="Wait For Elements State" owner="Browser">
<msg time="2024-11-13T22:21:31.765417" level="INFO">Waited for Element with selector xpath=//*[@id="header"]/div/div/ul[1]/li[1]/span/div[2]/div/ul/li[5]/a at state visible</msg>
<arg>${element_Corporate_professional}</arg>
<arg>visible</arg>
<tag>PageContent</tag>
<tag>Wait</tag>
<doc>Waits for the element found by ``selector`` to satisfy state option.</doc>
<status status="PASS" start="2024-11-13T22:21:31.757352" elapsed="0.008416"/>
</kw>
<kw name="Wait For Elements State" owner="Browser">
<msg time="2024-11-13T22:21:31.774541" level="INFO">Waited for Element with selector xpath=//*[@id="header"]/div/div/ul[1]/li[1]/span/div[2]/div/ul/li[6]/a at state visible</msg>
<arg>${element_Our_fees}</arg>
<arg>visible</arg>
<tag>PageContent</tag>
<tag>Wait</tag>
<doc>Waits for the element found by ``selector`` to satisfy state option.</doc>
<status status="PASS" start="2024-11-13T22:21:31.766421" elapsed="0.008362"/>
</kw>
<kw name="Wait For Elements State" owner="Browser">
<msg time="2024-11-13T22:21:31.836223" level="INFO">Waited for Element with selector xpath=//*[@id="header"]/div/div/ul[1]/li[1]/span/div[2]/div/ul/li[7]/a at state visible</msg>
<arg>${element_Security}</arg>
<arg>visible</arg>
<tag>PageContent</tag>
<tag>Wait</tag>
<doc>Waits for the element found by ``selector`` to satisfy state option.</doc>
<status status="PASS" start="2024-11-13T22:21:31.775156" elapsed="0.061286"/>
</kw>
<kw name="Wait For Elements State" owner="Browser">
<msg time="2024-11-13T22:21:31.845210" level="INFO">Waited for Element with selector xpath=//*[@id="header"]/div/div/ul[1]/li[1]/span/div[2]/div/ul/li[8]/a at state visible</msg>
<arg>${element_API_documentation}</arg>
<arg>visible</arg>
<tag>PageContent</tag>
<tag>Wait</tag>
<doc>Waits for the element found by ``selector`` to satisfy state option.</doc>
<status status="PASS" start="2024-11-13T22:21:31.836874" elapsed="0.008562"/>
</kw>
<kw name="Wait For Elements State" owner="Browser">
<msg time="2024-11-13T22:21:31.855378" level="INFO">Waited for Element with selector xpath=//*[@id="header"]/div/div/ul[1]/li[1]/span/div[2]/div/ul/li[9]/a at state visible</msg>
<arg>${element_Bitfinex_Leaderboard}</arg>
<arg>visible</arg>
<tag>PageContent</tag>
<tag>Wait</tag>
<doc>Waits for the element found by ``selector`` to satisfy state option.</doc>
<status status="PASS" start="2024-11-13T22:21:31.845785" elapsed="0.009817"/>
</kw>
<kw name="Wait For Elements State" owner="Browser">
<msg time="2024-11-13T22:21:31.871063" level="INFO">Waited for Element with selector xpath=//*[@id="header"]/div/div/ul[1]/li[1]/span/div[2]/div/ul/li[10]/a at state visible</msg>
<arg>${element_Competitions}</arg>
<arg>visible</arg>
<tag>PageContent</tag>
<tag>Wait</tag>
<doc>Waits for the element found by ``selector`` to satisfy state option.</doc>
<status status="PASS" start="2024-11-13T22:21:31.856035" elapsed="0.015245"/>
</kw>
<kw name="Wait For Elements State" owner="Browser">
<msg time="2024-11-13T22:21:31.878881" level="INFO">Waited for Element with selector xpath=//*[@id="header"]/div/div/ul[1]/li[1]/span/div[2]/div/ul/li[11]/a at state visible</msg>
<arg>${element_Deposits_Withdrawals}</arg>
<arg>visible</arg>
<tag>PageContent</tag>
<tag>Wait</tag>
<doc>Waits for the element found by ``selector`` to satisfy state option.</doc>
<status status="PASS" start="2024-11-13T22:21:31.871624" elapsed="0.007487"/>
</kw>
<kw name="Wait For Elements State" owner="Browser">
<msg time="2024-11-13T22:21:31.888883" level="INFO">Waited for Element with selector xpath=//*[@id="header"]/div/div/ul[1]/li[1]/span/div[2]/div/ul/li[13]/a at state visible</msg>
<arg>${element_Thalex_Derivatives}</arg>
<arg>visible</arg>
<tag>PageContent</tag>
<tag>Wait</tag>
<doc>Waits for the element found by ``selector`` to satisfy state option.</doc>
<status status="PASS" start="2024-11-13T22:21:31.879473" elapsed="0.009653"/>
</kw>
<kw name="Wait For Elements State" owner="Browser">
<msg time="2024-11-13T22:21:31.897339" level="INFO">Waited for Element with selector xpath=//*[@id="header"]/div/div/ul[1]/li[1]/span/div[2]/div/ul/li[14]/a at state visible</msg>
<arg>${element_Reporting_Tool}</arg>
<arg>visible</arg>
<tag>PageContent</tag>
<tag>Wait</tag>
<doc>Waits for the element found by ``selector`` to satisfy state option.</doc>
<status status="PASS" start="2024-11-13T22:21:31.889658" elapsed="0.007920"/>
</kw>
<kw name="Wait For Elements State" owner="Browser">
<msg time="2024-11-13T22:21:31.906469" level="INFO">Waited for Element with selector xpath=//*[@id="header"]/div/div/ul[1]/li[1]/span/div[2]/div/ul/li[12]/a at state visible</msg>
<arg>${element_Payment_Cards}</arg>
<arg>visible</arg>
<tag>PageContent</tag>
<tag>Wait</tag>
<doc>Waits for the element found by ``selector`` to satisfy state option.</doc>
<status status="PASS" start="2024-11-13T22:21:31.897971" elapsed="0.008743"/>
</kw>
<kw name="Get Element States" owner="Browser">
<msg time="2024-11-13T22:21:31.946484" level="INFO">States are: ['attached', 'visible', 'enabled', 'editable', 'defocused']</msg>
<arg>${element_Features}</arg>
<arg>contains</arg>
<arg>visible</arg>
<tag>Assertion</tag>
<tag>Getter</tag>
<tag>PageContent</tag>
<doc>Get the active states from the element found by ``selector``.</doc>
<status status="PASS" start="2024-11-13T22:21:31.907785" elapsed="0.038868"/>
</kw>
<kw name="Get Text" owner="Browser">
<msg time="2024-11-13T22:21:31.968181" level="INFO">Text: 'Features'</msg>
<msg time="2024-11-13T22:21:31.968412" level="INFO">${value_Features} = Features</msg>
<var>${value_Features}</var>
<arg>${element_Features}</arg>
<tag>Assertion</tag>
<tag>Getter</tag>
<tag>PageContent</tag>
<doc>Returns text attribute of the element found by ``selector``.</doc>
<status status="PASS" start="2024-11-13T22:21:31.947019" elapsed="0.021445"/>
</kw>
<kw name="Should Be Equal As Strings" owner="BuiltIn">
<arg>${value_Features}</arg>
<arg>Features</arg>
<doc>Fails if objects are unequal after converting them to strings.</doc>
<status status="PASS" start="2024-11-13T22:21:31.968823" elapsed="0.000372"/>
</kw>
<kw name="Get Element States" owner="Browser">
<msg time="2024-11-13T22:21:32.008686" level="INFO">States are: ['attached', 'visible', 'enabled', 'editable', 'defocused']</msg>
<arg>${element_Mobile_app}</arg>
<arg>contains</arg>
<arg>visible</arg>
<tag>Assertion</tag>
<tag>Getter</tag>
<tag>PageContent</tag>
<doc>Get the active states from the element found by ``selector``.</doc>
<status status="PASS" start="2024-11-13T22:21:31.969778" elapsed="0.039236"/>
</kw>
<kw name="Get Text" owner="Browser">
<msg time="2024-11-13T22:21:32.032190" level="INFO">Text: 'Mobile app'</msg>
<msg time="2024-11-13T22:21:32.032692" level="INFO">${value_Mobile_app} = Mobile app</msg>
<var>${value_Mobile_app}</var>
<arg>${element_Mobile_app}</arg>
<tag>Assertion</tag>
<tag>Getter</tag>
<tag>PageContent</tag>
<doc>Returns text attribute of the element found by ``selector``.</doc>
<status status="PASS" start="2024-11-13T22:21:32.009473" elapsed="0.023318"/>
</kw>
<kw name="Should Be Equal As Strings" owner="BuiltIn">
<arg>${value_Mobile_app}</arg>
<arg>Mobile app</arg>
<doc>Fails if objects are unequal after converting them to strings.</doc>
<status status="PASS" start="2024-11-13T22:21:32.033378" elapsed="0.000642"/>
</kw>
<kw name="Get Element States" owner="Browser">
<msg time="2024-11-13T22:21:32.077650" level="INFO">States are: ['attached', 'visible', 'enabled', 'editable', 'defocused']</msg>
<arg>${element_P2P_Trading}</arg>
<arg>contains</arg>
<arg>visible</arg>
<tag>Assertion</tag>
<tag>Getter</tag>
<tag>PageContent</tag>
<doc>Get the active states from the element found by ``selector``.</doc>
<status status="PASS" start="2024-11-13T22:21:32.034870" elapsed="0.042963"/>
</kw>
<kw name="Get Text" owner="Browser">
<msg time="2024-11-13T22:21:32.101611" level="INFO">Text: 'P2P Trading'</msg>
<msg time="2024-11-13T22:21:32.101916" level="INFO">${value_P2P_Trading} = P2P Trading</msg>
<var>${value_P2P_Trading}</var>
<arg>${element_P2P_Trading}</arg>
<tag>Assertion</tag>
<tag>Getter</tag>
<tag>PageContent</tag>
<doc>Returns text attribute of the element found by ``selector``.</doc>
<status status="PASS" start="2024-11-13T22:21:32.078378" elapsed="0.023660"/>
</kw>
<kw name="Should Be Equal As Strings" owner="BuiltIn">
<arg>${value_P2P_Trading}</arg>
<arg>P2P Trading</arg>
<doc>Fails if objects are unequal after converting them to strings.</doc>
<status status="PASS" start="2024-11-13T22:21:32.103330" elapsed="0.000825"/>
</kw>
<kw name="Get Element States" owner="Browser">
<msg time="2024-11-13T22:21:32.142262" level="INFO">States are: ['attached', 'visible', 'enabled', 'editable', 'defocused']</msg>
<arg>${element_Market_statistics}</arg>
<arg>contains</arg>
<arg>visible</arg>
<tag>Assertion</tag>
<tag>Getter</tag>
<tag>PageContent</tag>
<doc>Get the active states from the element found by ``selector``.</doc>
<status status="PASS" start="2024-11-13T22:21:32.104649" elapsed="0.037800"/>
</kw>
<kw name="Get Text" owner="Browser">
<msg time="2024-11-13T22:21:32.163996" level="INFO">Text: 'Market statistics'</msg>
<msg time="2024-11-13T22:21:32.164219" level="INFO">${value_Market_statistics} = Market statistics</msg>
<var>${value_Market_statistics}</var>
<arg>${element_Market_statistics}</arg>
<tag>Assertion</tag>
<tag>Getter</tag>
<tag>PageContent</tag>
<doc>Returns text attribute of the element found by ``selector``.</doc>
<status status="PASS" start="2024-11-13T22:21:32.143172" elapsed="0.021096"/>
</kw>
<kw name="Should Be Equal As Strings" owner="BuiltIn">
<arg>${value_Market_statistics}</arg>
<arg>Market statistics</arg>
<doc>Fails if objects are unequal after converting them to strings.</doc>
<status status="PASS" start="2024-11-13T22:21:32.164694" elapsed="0.000374"/>
</kw>
<kw name="Get Element States" owner="Browser">
<msg time="2024-11-13T22:21:32.208897" level="INFO">States are: ['attached', 'visible', 'enabled', 'editable', 'defocused']</msg>
<arg>${element_Corporate_professional}</arg>
<arg>contains</arg>
<arg>visible</arg>
<tag>Assertion</tag>
<tag>Getter</tag>
<tag>PageContent</tag>
<doc>Get the active states from the element found by ``selector``.</doc>
<status status="PASS" start="2024-11-13T22:21:32.165581" elapsed="0.043495"/>
</kw>
<kw name="Get Text" owner="Browser">
<msg time="2024-11-13T22:21:32.229548" level="INFO">Text: 'Corporate &amp; professional'</msg>
<msg time="2024-11-13T22:21:32.229776" level="INFO">${value_Corporate_professional} = Corporate &amp; professional</msg>
<var>${value_Corporate_professional}</var>
<arg>${element_Corporate_professional}</arg>
<tag>Assertion</tag>
<tag>Getter</tag>
<tag>PageContent</tag>
<doc>Returns text attribute of the element found by ``selector``.</doc>
<status status="PASS" start="2024-11-13T22:21:32.209552" elapsed="0.020276"/>
</kw>
<kw name="Should Be Equal As Strings" owner="BuiltIn">
<arg>${value_Corporate_professional}</arg>
<arg>Corporate &amp; professional</arg>
<doc>Fails if objects are unequal after converting them to strings.</doc>
<status status="PASS" start="2024-11-13T22:21:32.230241" elapsed="0.000409"/>
</kw>
<kw name="Get Element States" owner="Browser">
<msg time="2024-11-13T22:21:32.263719" level="INFO">States are: ['attached', 'visible', 'enabled', 'editable', 'defocused']</msg>
<arg>${element_Our_fees}</arg>
<arg>contains</arg>
<arg>visible</arg>
<tag>Assertion</tag>
<tag>Getter</tag>
<tag>PageContent</tag>
<doc>Get the active states from the element found by ``selector``.</doc>
<status status="PASS" start="2024-11-13T22:21:32.230964" elapsed="0.032929"/>
</kw>
<kw name="Get Text" owner="Browser">
<msg time="2024-11-13T22:21:32.280452" level="INFO">Text: 'Our fees'</msg>
<msg time="2024-11-13T22:21:32.280671" level="INFO">${value_Our_fees} = Our fees</msg>
<var>${value_Our_fees}</var>
<arg>${element_Our_fees}</arg>
<tag>Assertion</tag>
<tag>Getter</tag>
<tag>PageContent</tag>
<doc>Returns text attribute of the element found by ``selector``.</doc>
<status status="PASS" start="2024-11-13T22:21:32.264266" elapsed="0.016455"/>
</kw>
<kw name="Should Be Equal As Strings" owner="BuiltIn">
<arg>${value_Our_fees}</arg>
<arg>Our fees</arg>
<doc>Fails if objects are unequal after converting them to strings.</doc>
<status status="PASS" start="2024-11-13T22:21:32.281436" elapsed="0.000628"/>
</kw>
<kw name="Get Element States" owner="Browser">
<msg time="2024-11-13T22:21:32.322345" level="INFO">States are: ['attached', 'visible', 'enabled', 'editable', 'defocused']</msg>
<arg>${element_Security}</arg>
<arg>contains</arg>
<arg>visible</arg>
<tag>Assertion</tag>
<tag>Getter</tag>
<tag>PageContent</tag>
<doc>Get the active states from the element found by ``selector``.</doc>
<status status="PASS" start="2024-11-13T22:21:32.282616" elapsed="0.039892"/>
</kw>
<kw name="Get Text" owner="Browser">
<msg time="2024-11-13T22:21:32.341012" level="INFO">Text: 'Security'</msg>
<msg time="2024-11-13T22:21:32.341234" level="INFO">${value_Security} = Security</msg>
<var>${value_Security}</var>
<arg>${element_Security}</arg>
<tag>Assertion</tag>
<tag>Getter</tag>
<tag>PageContent</tag>
<doc>Returns text attribute of the element found by ``selector``.</doc>
<status status="PASS" start="2024-11-13T22:21:32.322857" elapsed="0.018426"/>
</kw>
<kw name="Should Be Equal As Strings" owner="BuiltIn">
<arg>${value_Security}</arg>
<arg>Security</arg>
<doc>Fails if objects are unequal after converting them to strings.</doc>
<status status="PASS" start="2024-11-13T22:21:32.341712" elapsed="0.000460"/>
</kw>
<kw name="Get Element States" owner="Browser">
<msg time="2024-11-13T22:21:32.391107" level="INFO">States are: ['attached', 'visible', 'enabled', 'editable', 'defocused']</msg>
<arg>${element_API_documentation}</arg>
<arg>contains</arg>
<arg>visible</arg>
<tag>Assertion</tag>
<tag>Getter</tag>
<tag>PageContent</tag>
<doc>Get the active states from the element found by ``selector``.</doc>
<status status="PASS" start="2024-11-13T22:21:32.342464" elapsed="0.048811"/>
</kw>
<kw name="Get Text" owner="Browser">
<msg time="2024-11-13T22:21:32.411702" level="INFO">Text: 'API documentation'</msg>
<msg time="2024-11-13T22:21:32.411929" level="INFO">${value_API_documentation} = API documentation</msg>
<var>${value_API_documentation}</var>
<arg>${element_API_documentation}</arg>
<tag>Assertion</tag>
<tag>Getter</tag>
<tag>PageContent</tag>
<doc>Returns text attribute of the element found by ``selector``.</doc>
<status status="PASS" start="2024-11-13T22:21:32.391766" elapsed="0.020215"/>
</kw>
<kw name="Should Be Equal As Strings" owner="BuiltIn">
<arg>${value_API_documentation}</arg>
<arg>API documentation</arg>
<doc>Fails if objects are unequal after converting them to strings.</doc>
<status status="PASS" start="2024-11-13T22:21:32.412339" elapsed="0.000362"/>
</kw>
<kw name="Get Element States" owner="Browser">
<msg time="2024-11-13T22:21:32.445655" level="INFO">States are: ['attached', 'visible', 'enabled', 'editable', 'defocused']</msg>
<arg>${element_Bitfinex_Leaderboard}</arg>
<arg>contains</arg>
<arg>visible</arg>
<tag>Assertion</tag>
<tag>Getter</tag>
<tag>PageContent</tag>
<doc>Get the active states from the element found by ``selector``.</doc>
<status status="PASS" start="2024-11-13T22:21:32.412953" elapsed="0.032877"/>
</kw>
<kw name="Get Text" owner="Browser">
<msg time="2024-11-13T22:21:32.475624" level="INFO">Text: 'Bitfinex Leaderboard'</msg>
<msg time="2024-11-13T22:21:32.475881" level="INFO">${value_Bitfinex_Leaderboard} = Bitfinex Leaderboard</msg>
<var>${value_Bitfinex_Leaderboard}</var>
<arg>${element_Bitfinex_Leaderboard}</arg>
<tag>Assertion</tag>
<tag>Getter</tag>
<tag>PageContent</tag>
<doc>Returns text attribute of the element found by ``selector``.</doc>
<status status="PASS" start="2024-11-13T22:21:32.446189" elapsed="0.029750"/>
</kw>
<kw name="Should Be Equal As Strings" owner="BuiltIn">
<arg>${value_Bitfinex_Leaderboard}</arg>
<arg>Bitfinex Leaderboard</arg>
<doc>Fails if objects are unequal after converting them to strings.</doc>
<status status="PASS" start="2024-11-13T22:21:32.476367" elapsed="0.000398"/>
</kw>
<kw name="Get Element States" owner="Browser">
<msg time="2024-11-13T22:21:32.510399" level="INFO">States are: ['attached', 'visible', 'enabled', 'editable', 'defocused']</msg>
<arg>${element_Competitions}</arg>
<arg>contains</arg>
<arg>visible</arg>
<tag>Assertion</tag>
<tag>Getter</tag>
<tag>PageContent</tag>
<doc>Get the active states from the element found by ``selector``.</doc>
<status status="PASS" start="2024-11-13T22:21:32.477036" elapsed="0.033528"/>
</kw>
<kw name="Get Text" owner="Browser">
<msg time="2024-11-13T22:21:32.527967" level="INFO">Text: 'Competitions'</msg>
<msg time="2024-11-13T22:21:32.528188" level="INFO">${value_Competitions} = Competitions</msg>
<var>${value_Competitions}</var>
<arg>${element_Competitions}</arg>
<tag>Assertion</tag>
<tag>Getter</tag>
<tag>PageContent</tag>
<doc>Returns text attribute of the element found by ``selector``.</doc>
<status status="PASS" start="2024-11-13T22:21:32.510935" elapsed="0.017302"/>
</kw>
<kw name="Should Be Equal As Strings" owner="BuiltIn">
<arg>${value_Competitions}</arg>
<arg>Competitions</arg>
<doc>Fails if objects are unequal after converting them to strings.</doc>
<status status="PASS" start="2024-11-13T22:21:32.528585" elapsed="0.000358"/>
</kw>
<kw name="Get Element States" owner="Browser">
<msg time="2024-11-13T22:21:32.562580" level="INFO">States are: ['attached', 'visible', 'enabled', 'editable', 'defocused']</msg>
<arg>${element_Deposits_Withdrawals}</arg>
<arg>contains</arg>
<arg>visible</arg>
<tag>Assertion</tag>
<tag>Getter</tag>
<tag>PageContent</tag>
<doc>Get the active states from the element found by ``selector``.</doc>
<status status="PASS" start="2024-11-13T22:21:32.529245" elapsed="0.033505"/>
</kw>
<kw name="Get Text" owner="Browser">
<msg time="2024-11-13T22:21:32.579999" level="INFO">Text: 'Deposits &amp; Withdrawals'</msg>
<msg time="2024-11-13T22:21:32.580227" level="INFO">${value_Deposits_Withdrawals} = Deposits &amp; Withdrawals</msg>
<var>${value_Deposits_Withdrawals}</var>
<arg>${element_Deposits_Withdrawals}</arg>
<tag>Assertion</tag>
<tag>Getter</tag>
<tag>PageContent</tag>
<doc>Returns text attribute of the element found by ``selector``.</doc>
<status status="PASS" start="2024-11-13T22:21:32.563196" elapsed="0.017083"/>
</kw>
<kw name="Should Be Equal As Strings" owner="BuiltIn">
<arg>${value_Deposits_Withdrawals}</arg>
<arg>Deposits &amp; Withdrawals</arg>
<doc>Fails if objects are unequal after converting them to strings.</doc>
<status status="PASS" start="2024-11-13T22:21:32.580627" elapsed="0.000377"/>
</kw>
<kw name="Get Element States" owner="Browser">
<msg time="2024-11-13T22:21:32.610580" level="INFO">States are: ['attached', 'visible', 'enabled', 'editable', 'defocused']</msg>
<arg>${element_Thalex_Derivatives}</arg>
<arg>contains</arg>
<arg>visible</arg>
<tag>Assertion</tag>
<tag>Getter</tag>
<tag>PageContent</tag>
<doc>Get the active states from the element found by ``selector``.</doc>
<status status="PASS" start="2024-11-13T22:21:32.581370" elapsed="0.029383"/>
</kw>
<kw name="Get Text" owner="Browser">
<msg time="2024-11-13T22:21:32.628428" level="INFO">Text: 'Thalex Derivatives'</msg>
<msg time="2024-11-13T22:21:32.628649" level="INFO">${value_Thalex_Derivatives} = Thalex Derivatives</msg>
<var>${value_Thalex_Derivatives}</var>
<arg>${element_Thalex_Derivatives}</arg>
<tag>Assertion</tag>
<tag>Getter</tag>
<tag>PageContent</tag>
<doc>Returns text attribute of the element found by ``selector``.</doc>
<status status="PASS" start="2024-11-13T22:21:32.611143" elapsed="0.017556"/>
</kw>
<kw name="Should Be Equal As Strings" owner="BuiltIn">
<arg>${value_Thalex_Derivatives}</arg>
<arg>Thalex Derivatives</arg>
<doc>Fails if objects are unequal after converting them to strings.</doc>
<status status="PASS" start="2024-11-13T22:21:32.629046" elapsed="0.000364"/>
</kw>
<kw name="Get Element States" owner="Browser">
<msg time="2024-11-13T22:21:32.660845" level="INFO">States are: ['attached', 'visible', 'enabled', 'editable', 'defocused']</msg>
<arg>${element_Reporting_Tool}</arg>
<arg>contains</arg>
<arg>visible</arg>
<tag>Assertion</tag>
<tag>Getter</tag>
<tag>PageContent</tag>
<doc>Get the active states from the element found by ``selector``.</doc>
<status status="PASS" start="2024-11-13T22:21:32.629669" elapsed="0.031350"/>
</kw>
<kw name="Get Text" owner="Browser">
<msg time="2024-11-13T22:21:32.681686" level="INFO">Text: 'Reporting Tool'</msg>
<msg time="2024-11-13T22:21:32.681910" level="INFO">${value_Reporting_Tool} = Reporting Tool</msg>
<var>${value_Reporting_Tool}</var>
<arg>${element_Reporting_Tool}</arg>
<tag>Assertion</tag>
<tag>Getter</tag>
<tag>PageContent</tag>
<doc>Returns text attribute of the element found by ``selector``.</doc>
<status status="PASS" start="2024-11-13T22:21:32.661390" elapsed="0.020570"/>
</kw>
<kw name="Should Be Equal As Strings" owner="BuiltIn">
<arg>${value_Reporting_Tool}</arg>
<arg>Reporting Tool</arg>
<doc>Fails if objects are unequal after converting them to strings.</doc>
<status status="PASS" start="2024-11-13T22:21:32.682431" elapsed="0.000394"/>
</kw>
<kw name="Get Element States" owner="Browser">
<msg time="2024-11-13T22:21:32.721284" level="INFO">States are: ['attached', 'visible', 'enabled', 'editable', 'defocused']</msg>
<arg>${element_Payment_Cards}</arg>
<arg>contains</arg>
<arg>visible</arg>
<tag>Assertion</tag>
<tag>Getter</tag>
<tag>PageContent</tag>
<doc>Get the active states from the element found by ``selector``.</doc>
<status status="PASS" start="2024-11-13T22:21:32.683174" elapsed="0.038280"/>
</kw>
<kw name="Get Text" owner="Browser">
<msg time="2024-11-13T22:21:32.741373" level="INFO">Text: 'Debit/Credit On-ramp'</msg>
<msg time="2024-11-13T22:21:32.742152" level="INFO">${value_Payment_Cards} = Debit/Credit On-ramp</msg>
<var>${value_Payment_Cards}</var>
<arg>${element_Payment_Cards}</arg>
<tag>Assertion</tag>
<tag>Getter</tag>
<tag>PageContent</tag>
<doc>Returns text attribute of the element found by ``selector``.</doc>
<status status="PASS" start="2024-11-13T22:21:32.721809" elapsed="0.020428"/>
</kw>
<kw name="Should Be Equal As Strings" owner="BuiltIn">
<msg time="2024-11-13T22:21:32.743294" level="FAIL">Debit/Credit On-ramp != Payment Cards</msg>
<arg>${value_Payment_Cards}</arg>
<arg>Payment Cards</arg>
<doc>Fails if objects are unequal after converting them to strings.</doc>
<status status="FAIL" start="2024-11-13T22:21:32.742669" elapsed="0.000774">Debit/Credit On-ramp != Payment Cards</status>
</kw>
<kw name="Close Browser" owner="Browser">
<tag>BrowserControl</tag>
<tag>Setter</tag>
<doc>Closes the current browser.</doc>
<status status="NOT RUN" start="2024-11-13T22:21:32.743740" elapsed="0.000062"/>
</kw>
<status status="FAIL" start="2024-11-13T22:21:25.570851" elapsed="7.173270">Debit/Credit On-ramp != Payment Cards</status>
</test>
<status status="FAIL" start="2024-11-13T22:21:25.334727" elapsed="7.536218"/>
</suite>
<statistics>
<total>
<stat pass="0" fail="1" skip="0">All Tests</stat>
</total>
<tag>
</tag>
<suite>
<stat pass="0" fail="1" skip="0" id="s1" name="TC1">TC1</stat>
</suite>
</statistics>
<errors>
</errors>
</robot>
