<?xml version="1.0" encoding="UTF-8"?>
<robot generator="Robot 7.1.1 (Python 3.9.6 on darwin)" generated="2024-12-16T19:53:12.203683" rpa="false" schemaversion="5">
<suite id="s1" name="TradersTabTest" source="/Users/thaonguyen/Documents/code/RF/automation/Testcase/TradersTabTest.robot">
<test id="s1-t1" name="Test1" line="8">
<kw name="Open Browser" owner="Home">
<kw name="New Browser" owner="Browser">
<msg time="2024-12-16T19:53:12.729635" level="INFO">{"browser": "chromium", "headless": false, "chromiumSandbox": false, "devtools": false, "handleSIGHUP": true, "handleSIGINT": true, "handleSIGTERM": true, "slowMo": 0.0, "timeout": 30000.0, "tracesDir": "/Users/thaonguyen/Documents/code/RF/automation/browser/traces/eb10388e-15e1-4f9e-a78d-3ea548a01cc6"}</msg>
<msg time="2024-12-16T19:53:13.267149" level="INFO">Starting Browser process /Users/thaonguyen/Documents/code/RF/automation/venv/lib/python3.9/site-packages/Browser/wrapper/index.js using port 55080</msg>
<msg time="2024-12-16T19:53:13.267388" level="INFO">Node startup parameters: ['node', '/Users/thaonguyen/Documents/code/RF/automation/venv/lib/python3.9/site-packages/Browser/wrapper/index.js', '55080']</msg>
<msg time="2024-12-16T19:53:16.382808" level="INFO">Successfully created browser with options: {"browser":"chromium","headless":false,"chromiumSandbox":false,"devtools":false,"handleSIGHUP":true,"handleSIGINT":true,"handleSIGTERM":true,"slowMo":0,"timeout":30000,"tracesDir":"/Users/thaonguyen/Documents/code/RF/automation/browser/traces/eb10388e-15e1-4f9e-a78d-3ea548a01cc6"}</msg>
<arg>headless=False</arg>
<tag>BrowserControl</tag>
<tag>Setter</tag>
<doc>Create a new playwright Browser with specified options.</doc>
<status status="PASS" start="2024-12-16T19:53:12.728727" elapsed="3.654432"/>
</kw>
<kw name="New Page" owner="Browser">
<msg time="2024-12-16T19:53:20.399194" level="INFO">Successfully initialized new page object and opened url: https://www.bitfinex.com/</msg>
<msg time="2024-12-16T19:53:20.399312" level="INFO">No context was open. New context was automatically opened when this page is created.</msg>
<arg>${site_url}</arg>
<tag>BrowserControl</tag>
<tag>Setter</tag>
<doc>Open a new Page.</doc>
<status status="PASS" start="2024-12-16T19:53:16.383708" elapsed="4.015888"/>
</kw>
<status status="PASS" start="2024-12-16T19:53:12.727693" elapsed="7.672231"/>
</kw>
<kw name="Hover TradersTab" owner="Home">
<kw name="Hover" owner="Browser">
<arg>${traders_tab}</arg>
<tag>PageContent</tag>
<tag>Setter</tag>
<doc>Moves the virtual mouse and scrolls to the element found by ``selector``.</doc>
<status status="PASS" start="2024-12-16T19:53:20.401134" elapsed="0.196702"/>
</kw>
<status status="PASS" start="2024-12-16T19:53:20.400577" elapsed="0.197439"/>
</kw>
<kw name="Get Text" owner="Browser">
<msg time="2024-12-16T19:53:20.634659" level="INFO">Text: 'Features'</msg>
<arg>${element_Features}</arg>
<arg>==</arg>
<arg>Features</arg>
<tag>Assertion</tag>
<tag>Getter</tag>
<tag>PageContent</tag>
<doc>Returns text attribute of the element found by ``selector``.</doc>
<status status="PASS" start="2024-12-16T19:53:20.598351" elapsed="0.036494"/>
</kw>
<kw name="Get Text" owner="Browser">
<msg time="2024-12-16T19:53:20.650726" level="INFO">Text: 'Security'</msg>
<arg>${element_Security}</arg>
<arg>==</arg>
<arg>Security</arg>
<tag>Assertion</tag>
<tag>Getter</tag>
<tag>PageContent</tag>
<doc>Returns text attribute of the element found by ``selector``.</doc>
<status status="PASS" start="2024-12-16T19:53:20.635237" elapsed="0.015778"/>
</kw>
<kw name="Get Text" owner="Browser">
<msg time="2024-12-16T19:53:20.666431" level="INFO">Text: 'Competitions'</msg>
<arg>${element_Competitions}</arg>
<arg>==</arg>
<arg>Competitions</arg>
<tag>Assertion</tag>
<tag>Getter</tag>
<tag>PageContent</tag>
<doc>Returns text attribute of the element found by ``selector``.</doc>
<status status="PASS" start="2024-12-16T19:53:20.651466" elapsed="0.015100"/>
</kw>
<kw name="Get Text" owner="Browser">
<msg time="2024-12-16T19:53:20.680339" level="INFO">Text: 'Mobile app'</msg>
<arg>${element_Mobile_app}</arg>
<arg>==</arg>
<arg>Mobile app</arg>
<tag>Assertion</tag>
<tag>Getter</tag>
<tag>PageContent</tag>
<doc>Returns text attribute of the element found by ``selector``.</doc>
<status status="PASS" start="2024-12-16T19:53:20.666929" elapsed="0.013558"/>
</kw>
<kw name="Get Text" owner="Browser">
<msg time="2024-12-16T19:53:20.699313" level="INFO">Text: 'Our fees'</msg>
<arg>${element_Our_fees}</arg>
<arg>==</arg>
<arg>Our fees</arg>
<tag>Assertion</tag>
<tag>Getter</tag>
<tag>PageContent</tag>
<doc>Returns text attribute of the element found by ``selector``.</doc>
<status status="PASS" start="2024-12-16T19:53:20.680817" elapsed="0.018646"/>
</kw>
<kw name="Get Text" owner="Browser">
<msg time="2024-12-16T19:53:20.720711" level="INFO">Text: 'Corporate &amp; professional'</msg>
<arg>${element_Corporate_professional}</arg>
<arg>==</arg>
<arg>Corporate &amp; professional</arg>
<tag>Assertion</tag>
<tag>Getter</tag>
<tag>PageContent</tag>
<doc>Returns text attribute of the element found by ``selector``.</doc>
<status status="PASS" start="2024-12-16T19:53:20.699782" elapsed="0.021276"/>
</kw>
<kw name="Get Text" owner="Browser">
<msg time="2024-12-16T19:53:20.740170" level="INFO">Text: 'Bitfinex Leaderboard'</msg>
<arg>${element_Bitfinex_Leaderboard}</arg>
<arg>==</arg>
<arg>Bitfinex Leaderboard</arg>
<tag>Assertion</tag>
<tag>Getter</tag>
<tag>PageContent</tag>
<doc>Returns text attribute of the element found by ``selector``.</doc>
<status status="PASS" start="2024-12-16T19:53:20.721633" elapsed="0.018680"/>
</kw>
<kw name="Get Text" owner="Browser">
<msg time="2024-12-16T19:53:20.758310" level="INFO">Text: 'Deposits &amp; Withdrawals'</msg>
<arg>${element_Deposits_Withdrawals}</arg>
<arg>==</arg>
<arg>Deposits &amp; Withdrawals</arg>
<tag>Assertion</tag>
<tag>Getter</tag>
<tag>PageContent</tag>
<doc>Returns text attribute of the element found by ``selector``.</doc>
<status status="PASS" start="2024-12-16T19:53:20.740733" elapsed="0.017721"/>
</kw>
<kw name="Get Text" owner="Browser">
<msg time="2024-12-16T19:53:20.781209" level="INFO">Text: 'Thalex Derivatives'</msg>
<arg>${element_Thalex_Derivatives}</arg>
<arg>==</arg>
<arg>Thalex Derivatives</arg>
<tag>Assertion</tag>
<tag>Getter</tag>
<tag>PageContent</tag>
<doc>Returns text attribute of the element found by ``selector``.</doc>
<status status="PASS" start="2024-12-16T19:53:20.758791" elapsed="0.022551"/>
</kw>
<kw name="Get Text" owner="Browser">
<msg time="2024-12-16T19:53:20.803142" level="INFO">Text: 'Reporting Tool'</msg>
<arg>${element_Reporting_Tool}</arg>
<arg>==</arg>
<arg>Reporting Tool</arg>
<tag>Assertion</tag>
<tag>Getter</tag>
<tag>PageContent</tag>
<doc>Returns text attribute of the element found by ``selector``.</doc>
<status status="PASS" start="2024-12-16T19:53:20.781631" elapsed="0.021703"/>
</kw>
<kw name="Get Text" owner="Browser">
<msg time="2024-12-16T19:53:20.835404" level="INFO">Text: 'P2P Trading'</msg>
<arg>${element_P2P_Trading}</arg>
<arg>==</arg>
<arg>P2P Trading</arg>
<tag>Assertion</tag>
<tag>Getter</tag>
<tag>PageContent</tag>
<doc>Returns text attribute of the element found by ``selector``.</doc>
<status status="PASS" start="2024-12-16T19:53:20.804105" elapsed="0.031748"/>
</kw>
<kw name="Get Text" owner="Browser">
<msg time="2024-12-16T19:53:20.880294" level="INFO">Text: 'Market statistics'</msg>
<arg>${element_Market_statistics}</arg>
<arg>==</arg>
<arg>Market statistics</arg>
<tag>Assertion</tag>
<tag>Getter</tag>
<tag>PageContent</tag>
<doc>Returns text attribute of the element found by ``selector``.</doc>
<status status="PASS" start="2024-12-16T19:53:20.836336" elapsed="0.044100"/>
</kw>
<kw name="Get Text" owner="Browser">
<msg time="2024-12-16T19:53:20.897584" level="INFO">Text: 'API documentation'</msg>
<arg>${element_API_documentation}</arg>
<arg>==</arg>
<arg>API documentation</arg>
<tag>Assertion</tag>
<tag>Getter</tag>
<tag>PageContent</tag>
<doc>Returns text attribute of the element found by ``selector``.</doc>
<status status="PASS" start="2024-12-16T19:53:20.880762" elapsed="0.017039"/>
</kw>
<kw name="Get Text" owner="Browser">
<msg time="2024-12-16T19:53:21.932174" level="INFO">Text: 'Debit/Credit On-ramp'</msg>
<msg time="2024-12-16T19:53:22.113614" level="INFO" html="true">&lt;/td&gt;&lt;/tr&gt;&lt;tr&gt;&lt;td colspan="3"&gt;&lt;a href="browser/screenshot/fail-screenshot-1.png" target="_blank"&gt;&lt;img src="browser/screenshot/fail-screenshot-1.png" width="800px"/&gt;&lt;/a&gt;</msg>
<msg time="2024-12-16T19:53:22.113770" level="INFO">See also file:///Users/thaonguyen/Documents/code/RF/automation/playwright-log.txt for additional details.</msg>
<msg time="2024-12-16T19:53:22.114350" level="FAIL">Text 'Debit/Credit On-ramp' (str) should be 'Payment Cards' (str)</msg>
<arg>${element_Payment_Cards}</arg>
<arg>==</arg>
<arg>Payment Cards</arg>
<tag>Assertion</tag>
<tag>Getter</tag>
<tag>PageContent</tag>
<doc>Returns text attribute of the element found by ``selector``.</doc>
<status status="FAIL" start="2024-12-16T19:53:20.898254" elapsed="1.228262">Text 'Debit/Credit On-ramp' (str) should be 'Payment Cards' (str)</status>
</kw>
<kw name="Close Browser" owner="Browser">
<tag>BrowserControl</tag>
<tag>Setter</tag>
<doc>Closes the current browser.</doc>
<status status="NOT RUN" start="2024-12-16T19:53:22.126920" elapsed="0.000073"/>
</kw>
<status status="FAIL" start="2024-12-16T19:53:12.726622" elapsed="9.400757">Text 'Debit/Credit On-ramp' (str) should be 'Payment Cards' (str)</status>
</test>
<status status="FAIL" start="2024-12-16T19:53:12.205329" elapsed="10.073639"/>
</suite>
<statistics>
<total>
<stat pass="0" fail="1" skip="0">All Tests</stat>
</total>
<tag>
</tag>
<suite>
<stat pass="0" fail="1" skip="0" id="s1" name="TradersTabTest">TradersTabTest</stat>
</suite>
</statistics>
<errors>
</errors>
</robot>
