<?xml version="1.0" encoding="UTF-8"?>
<robot generator="Robot 7.1.1 (Python 3.9.6 on darwin)" generated="2024-12-29T21:08:40.002842" rpa="false" schemaversion="5">
<suite id="s1" name="TradersTabTest" source="/Users/thaonguyen/Documents/code/RF/automation/Testcase/TradersTabTest.robot">
<test id="s1-t1" name="Test1" line="8">
<kw name="Open Browser 2" owner="Home">
<kw name="New Browser" owner="Browser">
<msg time="2024-12-29T21:08:40.211737" level="INFO">{"browser": "chromium", "headless": false, "chromiumSandbox": false, "devtools": false, "handleSIGHUP": true, "handleSIGINT": true, "handleSIGTERM": true, "slowMo": 0.0, "timeout": 30000.0, "tracesDir": "/Users/thaonguyen/Documents/code/RF/automation/browser/traces/temp/7e4f9a03-a760-4272-812c-42a694a426ba"}</msg>
<msg time="2024-12-29T21:08:40.257049" level="INFO">Starting Browser process /Users/thaonguyen/Documents/code/RF/robocon2024/.venv/lib/python3.9/site-packages/Browser/wrapper/index.js using port 62576</msg>
<msg time="2024-12-29T21:08:40.257388" level="INFO">Node startup parameters: ['node', '/Users/thaonguyen/Documents/code/RF/robocon2024/.venv/lib/python3.9/site-packages/Browser/wrapper/index.js', '62576']</msg>
<msg time="2024-12-29T21:08:42.595433" level="INFO">Successfully created browser with options: {"browser":"chromium","headless":false,"chromiumSandbox":false,"devtools":false,"handleSIGHUP":true,"handleSIGINT":true,"handleSIGTERM":true,"slowMo":0,"timeout":30000,"tracesDir":"/Users/thaonguyen/Documents/code/RF/automation/browser/traces/temp/7e4f9a03-a760-4272-812c-42a694a426ba"}</msg>
<arg>headless=False</arg>
<tag>BrowserControl</tag>
<tag>Setter</tag>
<doc>Create a new playwright Browser with specified options.</doc>
<status status="PASS" start="2024-12-29T21:08:40.210982" elapsed="2.384748"/>
</kw>
<kw name="New Page" owner="Browser">
<msg time="2024-12-29T21:08:44.247520" level="INFO">Successfully initialized new page object and opened url: https://www.bitfinex.com/</msg>
<msg time="2024-12-29T21:08:44.247620" level="INFO">No context was open. New context was automatically opened when this page is created.</msg>
<arg>${site_url}</arg>
<tag>BrowserControl</tag>
<tag>Setter</tag>
<doc>Open a new Page.</doc>
<status status="PASS" start="2024-12-29T21:08:42.596108" elapsed="1.651722"/>
</kw>
<status status="PASS" start="2024-12-29T21:08:40.209926" elapsed="4.038091"/>
</kw>
<kw name="Hover TradersTab" owner="Home">
<kw name="Hover" owner="Browser">
<arg>${traders_tab}</arg>
<tag>PageContent</tag>
<tag>Setter</tag>
<doc>Moves the virtual mouse and scrolls to the element found by ``selector``.</doc>
<status status="PASS" start="2024-12-29T21:08:44.248983" elapsed="1.269869"/>
</kw>
<status status="PASS" start="2024-12-29T21:08:44.248433" elapsed="1.270611"/>
</kw>
<kw name="Get Elements" owner="Browser">
<msg time="2024-12-29T21:08:45.536086" level="INFO">Found locator('//div[contains(@class, \'header_popover_menu\')]//a').first(),locator('//div[contains(@class, \'header_popover_menu\')]//a').nth(1),locator('//div[contains(@class, \'header_popover_menu\')]//a').nth(2),locator('//div[contains(@class, \'header_popover_menu\')]//a').nth(3),locator('//div[contains(@class, \'header_popover_menu\')]//a').nth(4),locator('//div[contains(@class, \'header_popover_menu\')]//a').nth(5),locator('//div[contains(@class, \'header_popover_menu\')]//a').nth(6),locator('//div[contains(@class, \'header_popover_menu\')]//a').nth(7),locator('//div[contains(@class, \'header_popover_menu\')]//a').nth(8),locator('//div[contains(@class, \'header_popover_menu\')]//a').nth(9),locator('//div[contains(@class, \'header_popover_menu\')]//a').nth(10),locator('//div[contains(@class, \'header_popover_menu\')]//a').nth(11),locator('//div[contains(@class, \'header_popover_menu\')]//a').nth(12),locator('//div[contains(@class, \'header_popover_menu\')]//a').nth(13) Locators successfully.</msg>
<msg time="2024-12-29T21:08:45.536533" level="INFO">${sub_tab_elements} = ["xpath=//div[contains(@class, 'header_popover_menu')]//a &gt;&gt; nth=0", "xpath=//div[contains(@class, 'header_popover_menu')]//a &gt;&gt; nth=1", "xpath=//div[contains(@class, 'header_popover_menu')]//a &gt;&gt; nth...</msg>
<var>${sub_tab_elements}</var>
<arg>${traders_sub_tab}</arg>
<tag>Getter</tag>
<tag>PageContent</tag>
<doc>Returns a reference to Playwright [https://playwright.dev/docs/api/class-locator|Locator]
for all matched elements by ``selector``.</doc>
<status status="PASS" start="2024-12-29T21:08:45.519326" elapsed="0.017283"/>
</kw>
<kw name="Click And Validate Each Sub-Tab" owner="Home">
<kw name="Create List" owner="BuiltIn">
<msg time="2024-12-29T21:08:45.538436" level="INFO">${my_list} = ['Features', 'Mobile app', 'P2P Trading', 'Market statistics', 'Corporate &amp; professional', 'Our fees', 'Security', 'API documentation', 'Bitfinex Leaderboard', 'Competitions', 'Deposits &amp; Withdrawals'...</msg>
<var>${my_list}</var>
<arg>Features</arg>
<arg>Mobile app</arg>
<arg>P2P Trading</arg>
<arg>Market statistics</arg>
<arg>Corporate &amp; professional</arg>
<arg>Our fees</arg>
<arg>Security</arg>
<arg>API documentation</arg>
<arg>Bitfinex Leaderboard</arg>
<arg>Competitions</arg>
<arg>Deposits &amp; Withdrawals</arg>
<arg>Payment Cards</arg>
<arg>Thalex Derivatives</arg>
<arg>Reporting Tool</arg>
<doc>Returns a list containing given items.</doc>
<status status="PASS" start="2024-12-29T21:08:45.537989" elapsed="0.000505"/>
</kw>
<for flavor="IN">
<iter>
<kw name="Get Text" owner="Browser">
<msg time="2024-12-29T21:08:45.576842" level="INFO">Text: 'Features'</msg>
<msg time="2024-12-29T21:08:45.577088" level="INFO">${tab_name} = Features</msg>
<var>${tab_name}</var>
<arg>${element}</arg>
<tag>Assertion</tag>
<tag>Getter</tag>
<tag>PageContent</tag>
<doc>Returns text attribute of the element found by ``selector``.</doc>
<status status="PASS" start="2024-12-29T21:08:45.539321" elapsed="0.037819"/>
</kw>
<kw name="Get From List" owner="Collections">
<msg time="2024-12-29T21:08:45.577974" level="INFO">${item_name} = Features</msg>
<var>${item_name}</var>
<arg>${my_list}</arg>
<arg>${counter}</arg>
<doc>Returns the value specified with an ``index`` from ``list``.</doc>
<status status="PASS" start="2024-12-29T21:08:45.577430" elapsed="0.000607"/>
</kw>
<kw name="Should Be Equal" owner="BuiltIn">
<arg>${tab_name}</arg>
<arg>${item_name}</arg>
<doc>Fails if the given objects are unequal.</doc>
<status status="PASS" start="2024-12-29T21:08:45.578287" elapsed="0.000463"/>
</kw>
<kw name="Evaluate" owner="BuiltIn">
<msg time="2024-12-29T21:08:45.579389" level="INFO">${counter} = 1</msg>
<var>${counter}</var>
<arg>${counter} + 1</arg>
<doc>Evaluates the given expression in Python and returns the result.</doc>
<status status="PASS" start="2024-12-29T21:08:45.578961" elapsed="0.000480"/>
</kw>
<var name="${element}">xpath=//div[contains(@class, 'header_popover_menu')]//a &gt;&gt; nth=0</var>
<status status="PASS" start="2024-12-29T21:08:45.539057" elapsed="0.040476"/>
</iter>
<iter>
<kw name="Get Text" owner="Browser">
<msg time="2024-12-29T21:08:45.595707" level="INFO">Text: 'Mobile app'</msg>
<msg time="2024-12-29T21:08:45.595946" level="INFO">${tab_name} = Mobile app</msg>
<var>${tab_name}</var>
<arg>${element}</arg>
<tag>Assertion</tag>
<tag>Getter</tag>
<tag>PageContent</tag>
<doc>Returns text attribute of the element found by ``selector``.</doc>
<status status="PASS" start="2024-12-29T21:08:45.579980" elapsed="0.016015"/>
</kw>
<kw name="Get From List" owner="Collections">
<msg time="2024-12-29T21:08:45.596780" level="INFO">${item_name} = Mobile app</msg>
<var>${item_name}</var>
<arg>${my_list}</arg>
<arg>${counter}</arg>
<doc>Returns the value specified with an ``index`` from ``list``.</doc>
<status status="PASS" start="2024-12-29T21:08:45.596298" elapsed="0.000531"/>
</kw>
<kw name="Should Be Equal" owner="BuiltIn">
<arg>${tab_name}</arg>
<arg>${item_name}</arg>
<doc>Fails if the given objects are unequal.</doc>
<status status="PASS" start="2024-12-29T21:08:45.597041" elapsed="0.000403"/>
</kw>
<kw name="Evaluate" owner="BuiltIn">
<msg time="2024-12-29T21:08:45.598062" level="INFO">${counter} = 2</msg>
<var>${counter}</var>
<arg>${counter} + 1</arg>
<doc>Evaluates the given expression in Python and returns the result.</doc>
<status status="PASS" start="2024-12-29T21:08:45.597640" elapsed="0.000471"/>
</kw>
<var name="${element}">xpath=//div[contains(@class, 'header_popover_menu')]//a &gt;&gt; nth=1</var>
<status status="PASS" start="2024-12-29T21:08:45.579750" elapsed="0.018576"/>
</iter>
<iter>
<kw name="Get Text" owner="Browser">
<msg time="2024-12-29T21:08:45.613951" level="INFO">Text: 'P2P Trading'</msg>
<msg time="2024-12-29T21:08:45.614170" level="INFO">${tab_name} = P2P Trading</msg>
<var>${tab_name}</var>
<arg>${element}</arg>
<tag>Assertion</tag>
<tag>Getter</tag>
<tag>PageContent</tag>
<doc>Returns text attribute of the element found by ``selector``.</doc>
<status status="PASS" start="2024-12-29T21:08:45.599007" elapsed="0.015212"/>
</kw>
<kw name="Get From List" owner="Collections">
<msg time="2024-12-29T21:08:45.615007" level="INFO">${item_name} = P2P Trading</msg>
<var>${item_name}</var>
<arg>${my_list}</arg>
<arg>${counter}</arg>
<doc>Returns the value specified with an ``index`` from ``list``.</doc>
<status status="PASS" start="2024-12-29T21:08:45.614512" elapsed="0.000543"/>
</kw>
<kw name="Should Be Equal" owner="BuiltIn">
<arg>${tab_name}</arg>
<arg>${item_name}</arg>
<doc>Fails if the given objects are unequal.</doc>
<status status="PASS" start="2024-12-29T21:08:45.615265" elapsed="0.000413"/>
</kw>
<kw name="Evaluate" owner="BuiltIn">
<msg time="2024-12-29T21:08:45.616366" level="INFO">${counter} = 3</msg>
<var>${counter}</var>
<arg>${counter} + 1</arg>
<doc>Evaluates the given expression in Python and returns the result.</doc>
<status status="PASS" start="2024-12-29T21:08:45.615882" elapsed="0.000562"/>
</kw>
<var name="${element}">xpath=//div[contains(@class, 'header_popover_menu')]//a &gt;&gt; nth=2</var>
<status status="PASS" start="2024-12-29T21:08:45.598619" elapsed="0.017946"/>
</iter>
<iter>
<kw name="Get Text" owner="Browser">
<msg time="2024-12-29T21:08:45.632320" level="INFO">Text: 'Market statistics'</msg>
<msg time="2024-12-29T21:08:45.632554" level="INFO">${tab_name} = Market statistics</msg>
<var>${tab_name}</var>
<arg>${element}</arg>
<tag>Assertion</tag>
<tag>Getter</tag>
<tag>PageContent</tag>
<doc>Returns text attribute of the element found by ``selector``.</doc>
<status status="PASS" start="2024-12-29T21:08:45.617344" elapsed="0.015260"/>
</kw>
<kw name="Get From List" owner="Collections">
<msg time="2024-12-29T21:08:45.633838" level="INFO">${item_name} = Market statistics</msg>
<var>${item_name}</var>
<arg>${my_list}</arg>
<arg>${counter}</arg>
<doc>Returns the value specified with an ``index`` from ``list``.</doc>
<status status="PASS" start="2024-12-29T21:08:45.632985" elapsed="0.001023"/>
</kw>
<kw name="Should Be Equal" owner="BuiltIn">
<arg>${tab_name}</arg>
<arg>${item_name}</arg>
<doc>Fails if the given objects are unequal.</doc>
<status status="PASS" start="2024-12-29T21:08:45.634398" elapsed="0.000733"/>
</kw>
<kw name="Evaluate" owner="BuiltIn">
<msg time="2024-12-29T21:08:45.635862" level="INFO">${counter} = 4</msg>
<var>${counter}</var>
<arg>${counter} + 1</arg>
<doc>Evaluates the given expression in Python and returns the result.</doc>
<status status="PASS" start="2024-12-29T21:08:45.635396" elapsed="0.000521"/>
</kw>
<var name="${element}">xpath=//div[contains(@class, 'header_popover_menu')]//a &gt;&gt; nth=3</var>
<status status="PASS" start="2024-12-29T21:08:45.616851" elapsed="0.019163"/>
</iter>
<iter>
<kw name="Get Text" owner="Browser">
<msg time="2024-12-29T21:08:45.653541" level="INFO">Text: 'Corporate &amp; professional'</msg>
<msg time="2024-12-29T21:08:45.653820" level="INFO">${tab_name} = Corporate &amp; professional</msg>
<var>${tab_name}</var>
<arg>${element}</arg>
<tag>Assertion</tag>
<tag>Getter</tag>
<tag>PageContent</tag>
<doc>Returns text attribute of the element found by ``selector``.</doc>
<status status="PASS" start="2024-12-29T21:08:45.636588" elapsed="0.017292"/>
</kw>
<kw name="Get From List" owner="Collections">
<msg time="2024-12-29T21:08:45.654692" level="INFO">${item_name} = Corporate &amp; professional</msg>
<var>${item_name}</var>
<arg>${my_list}</arg>
<arg>${counter}</arg>
<doc>Returns the value specified with an ``index`` from ``list``.</doc>
<status status="PASS" start="2024-12-29T21:08:45.654200" elapsed="0.000545"/>
</kw>
<kw name="Should Be Equal" owner="BuiltIn">
<arg>${tab_name}</arg>
<arg>${item_name}</arg>
<doc>Fails if the given objects are unequal.</doc>
<status status="PASS" start="2024-12-29T21:08:45.654962" elapsed="0.000428"/>
</kw>
<kw name="Evaluate" owner="BuiltIn">
<msg time="2024-12-29T21:08:45.656013" level="INFO">${counter} = 5</msg>
<var>${counter}</var>
<arg>${counter} + 1</arg>
<doc>Evaluates the given expression in Python and returns the result.</doc>
<status status="PASS" start="2024-12-29T21:08:45.655611" elapsed="0.000449"/>
</kw>
<var name="${element}">xpath=//div[contains(@class, 'header_popover_menu')]//a &gt;&gt; nth=4</var>
<status status="PASS" start="2024-12-29T21:08:45.636321" elapsed="0.019830"/>
</iter>
<iter>
<kw name="Get Text" owner="Browser">
<msg time="2024-12-29T21:08:45.671861" level="INFO">Text: 'Our fees'</msg>
<msg time="2024-12-29T21:08:45.672167" level="INFO">${tab_name} = Our fees</msg>
<var>${tab_name}</var>
<arg>${element}</arg>
<tag>Assertion</tag>
<tag>Getter</tag>
<tag>PageContent</tag>
<doc>Returns text attribute of the element found by ``selector``.</doc>
<status status="PASS" start="2024-12-29T21:08:45.656598" elapsed="0.015696"/>
</kw>
<kw name="Get From List" owner="Collections">
<msg time="2024-12-29T21:08:45.673577" level="INFO">${item_name} = Our fees</msg>
<var>${item_name}</var>
<arg>${my_list}</arg>
<arg>${counter}</arg>
<doc>Returns the value specified with an ``index`` from ``list``.</doc>
<status status="PASS" start="2024-12-29T21:08:45.672784" elapsed="0.000874"/>
</kw>
<kw name="Should Be Equal" owner="BuiltIn">
<arg>${tab_name}</arg>
<arg>${item_name}</arg>
<doc>Fails if the given objects are unequal.</doc>
<status status="PASS" start="2024-12-29T21:08:45.673971" elapsed="0.000668"/>
</kw>
<kw name="Evaluate" owner="BuiltIn">
<msg time="2024-12-29T21:08:45.675603" level="INFO">${counter} = 6</msg>
<var>${counter}</var>
<arg>${counter} + 1</arg>
<doc>Evaluates the given expression in Python and returns the result.</doc>
<status status="PASS" start="2024-12-29T21:08:45.674955" elapsed="0.000705"/>
</kw>
<var name="${element}">xpath=//div[contains(@class, 'header_popover_menu')]//a &gt;&gt; nth=5</var>
<status status="PASS" start="2024-12-29T21:08:45.656371" elapsed="0.019393"/>
</iter>
<iter>
<kw name="Get Text" owner="Browser">
<msg time="2024-12-29T21:08:45.697115" level="INFO">Text: 'Security'</msg>
<msg time="2024-12-29T21:08:45.697432" level="INFO">${tab_name} = Security</msg>
<var>${tab_name}</var>
<arg>${element}</arg>
<tag>Assertion</tag>
<tag>Getter</tag>
<tag>PageContent</tag>
<doc>Returns text attribute of the element found by ``selector``.</doc>
<status status="PASS" start="2024-12-29T21:08:45.676253" elapsed="0.021256"/>
</kw>
<kw name="Get From List" owner="Collections">
<msg time="2024-12-29T21:08:45.698641" level="INFO">${item_name} = Security</msg>
<var>${item_name}</var>
<arg>${my_list}</arg>
<arg>${counter}</arg>
<doc>Returns the value specified with an ``index`` from ``list``.</doc>
<status status="PASS" start="2024-12-29T21:08:45.697985" elapsed="0.000711"/>
</kw>
<kw name="Should Be Equal" owner="BuiltIn">
<arg>${tab_name}</arg>
<arg>${item_name}</arg>
<doc>Fails if the given objects are unequal.</doc>
<status status="PASS" start="2024-12-29T21:08:45.698983" elapsed="0.000572"/>
</kw>
<kw name="Evaluate" owner="BuiltIn">
<msg time="2024-12-29T21:08:45.700926" level="INFO">${counter} = 7</msg>
<var>${counter}</var>
<arg>${counter} + 1</arg>
<doc>Evaluates the given expression in Python and returns the result.</doc>
<status status="PASS" start="2024-12-29T21:08:45.699923" elapsed="0.001097"/>
</kw>
<var name="${element}">xpath=//div[contains(@class, 'header_popover_menu')]//a &gt;&gt; nth=6</var>
<status status="PASS" start="2024-12-29T21:08:45.675973" elapsed="0.025203"/>
</iter>
<iter>
<kw name="Get Text" owner="Browser">
<msg time="2024-12-29T21:08:45.721733" level="INFO">Text: 'API documentation'</msg>
<msg time="2024-12-29T21:08:45.722174" level="INFO">${tab_name} = API documentation</msg>
<var>${tab_name}</var>
<arg>${element}</arg>
<tag>Assertion</tag>
<tag>Getter</tag>
<tag>PageContent</tag>
<doc>Returns text attribute of the element found by ``selector``.</doc>
<status status="PASS" start="2024-12-29T21:08:45.702105" elapsed="0.020142"/>
</kw>
<kw name="Get From List" owner="Collections">
<msg time="2024-12-29T21:08:45.723823" level="INFO">${item_name} = API documentation</msg>
<var>${item_name}</var>
<arg>${my_list}</arg>
<arg>${counter}</arg>
<doc>Returns the value specified with an ``index`` from ``list``.</doc>
<status status="PASS" start="2024-12-29T21:08:45.722754" elapsed="0.001166"/>
</kw>
<kw name="Should Be Equal" owner="BuiltIn">
<arg>${tab_name}</arg>
<arg>${item_name}</arg>
<doc>Fails if the given objects are unequal.</doc>
<status status="PASS" start="2024-12-29T21:08:45.724396" elapsed="0.001111"/>
</kw>
<kw name="Evaluate" owner="BuiltIn">
<msg time="2024-12-29T21:08:45.726829" level="INFO">${counter} = 8</msg>
<var>${counter}</var>
<arg>${counter} + 1</arg>
<doc>Evaluates the given expression in Python and returns the result.</doc>
<status status="PASS" start="2024-12-29T21:08:45.725942" elapsed="0.001014"/>
</kw>
<var name="${element}">xpath=//div[contains(@class, 'header_popover_menu')]//a &gt;&gt; nth=7</var>
<status status="PASS" start="2024-12-29T21:08:45.701495" elapsed="0.025668"/>
</iter>
<iter>
<kw name="Get Text" owner="Browser">
<msg time="2024-12-29T21:08:45.746935" level="INFO">Text: 'Bitfinex Leaderboard'</msg>
<msg time="2024-12-29T21:08:45.747177" level="INFO">${tab_name} = Bitfinex Leaderboard</msg>
<var>${tab_name}</var>
<arg>${element}</arg>
<tag>Assertion</tag>
<tag>Getter</tag>
<tag>PageContent</tag>
<doc>Returns text attribute of the element found by ``selector``.</doc>
<status status="PASS" start="2024-12-29T21:08:45.727967" elapsed="0.019263"/>
</kw>
<kw name="Get From List" owner="Collections">
<msg time="2024-12-29T21:08:45.748024" level="INFO">${item_name} = Bitfinex Leaderboard</msg>
<var>${item_name}</var>
<arg>${my_list}</arg>
<arg>${counter}</arg>
<doc>Returns the value specified with an ``index`` from ``list``.</doc>
<status status="PASS" start="2024-12-29T21:08:45.747532" elapsed="0.000541"/>
</kw>
<kw name="Should Be Equal" owner="BuiltIn">
<arg>${tab_name}</arg>
<arg>${item_name}</arg>
<doc>Fails if the given objects are unequal.</doc>
<status status="PASS" start="2024-12-29T21:08:45.748284" elapsed="0.000472"/>
</kw>
<kw name="Evaluate" owner="BuiltIn">
<msg time="2024-12-29T21:08:45.749460" level="INFO">${counter} = 9</msg>
<var>${counter}</var>
<arg>${counter} + 1</arg>
<doc>Evaluates the given expression in Python and returns the result.</doc>
<status status="PASS" start="2024-12-29T21:08:45.749007" elapsed="0.000506"/>
</kw>
<var name="${element}">xpath=//div[contains(@class, 'header_popover_menu')]//a &gt;&gt; nth=8</var>
<status status="PASS" start="2024-12-29T21:08:45.727542" elapsed="0.022113"/>
</iter>
<iter>
<kw name="Get Text" owner="Browser">
<msg time="2024-12-29T21:08:45.766887" level="INFO">Text: 'Competitions'</msg>
<msg time="2024-12-29T21:08:45.767224" level="INFO">${tab_name} = Competitions</msg>
<var>${tab_name}</var>
<arg>${element}</arg>
<tag>Assertion</tag>
<tag>Getter</tag>
<tag>PageContent</tag>
<doc>Returns text attribute of the element found by ``selector``.</doc>
<status status="PASS" start="2024-12-29T21:08:45.750700" elapsed="0.016637"/>
</kw>
<kw name="Get From List" owner="Collections">
<msg time="2024-12-29T21:08:45.768652" level="INFO">${item_name} = Competitions</msg>
<var>${item_name}</var>
<arg>${my_list}</arg>
<arg>${counter}</arg>
<doc>Returns the value specified with an ``index`` from ``list``.</doc>
<status status="PASS" start="2024-12-29T21:08:45.767745" elapsed="0.001000"/>
</kw>
<kw name="Should Be Equal" owner="BuiltIn">
<arg>${tab_name}</arg>
<arg>${item_name}</arg>
<doc>Fails if the given objects are unequal.</doc>
<status status="PASS" start="2024-12-29T21:08:45.769023" elapsed="0.000750"/>
</kw>
<kw name="Evaluate" owner="BuiltIn">
<msg time="2024-12-29T21:08:45.770582" level="INFO">${counter} = 10</msg>
<var>${counter}</var>
<arg>${counter} + 1</arg>
<doc>Evaluates the given expression in Python and returns the result.</doc>
<status status="PASS" start="2024-12-29T21:08:45.770058" elapsed="0.000579"/>
</kw>
<var name="${element}">xpath=//div[contains(@class, 'header_popover_menu')]//a &gt;&gt; nth=9</var>
<status status="PASS" start="2024-12-29T21:08:45.750025" elapsed="0.020715"/>
</iter>
<iter>
<kw name="Get Text" owner="Browser">
<msg time="2024-12-29T21:08:45.784478" level="INFO">Text: 'Deposits &amp; Withdrawals'</msg>
<msg time="2024-12-29T21:08:45.784705" level="INFO">${tab_name} = Deposits &amp; Withdrawals</msg>
<var>${tab_name}</var>
<arg>${element}</arg>
<tag>Assertion</tag>
<tag>Getter</tag>
<tag>PageContent</tag>
<doc>Returns text attribute of the element found by ``selector``.</doc>
<status status="PASS" start="2024-12-29T21:08:45.771212" elapsed="0.013557"/>
</kw>
<kw name="Get From List" owner="Collections">
<msg time="2024-12-29T21:08:45.785774" level="INFO">${item_name} = Deposits &amp; Withdrawals</msg>
<var>${item_name}</var>
<arg>${my_list}</arg>
<arg>${counter}</arg>
<doc>Returns the value specified with an ``index`` from ``list``.</doc>
<status status="PASS" start="2024-12-29T21:08:45.785060" elapsed="0.000794"/>
</kw>
<kw name="Should Be Equal" owner="BuiltIn">
<arg>${tab_name}</arg>
<arg>${item_name}</arg>
<doc>Fails if the given objects are unequal.</doc>
<status status="PASS" start="2024-12-29T21:08:45.786184" elapsed="0.000526"/>
</kw>
<kw name="Evaluate" owner="BuiltIn">
<msg time="2024-12-29T21:08:45.787368" level="INFO">${counter} = 11</msg>
<var>${counter}</var>
<arg>${counter} + 1</arg>
<doc>Evaluates the given expression in Python and returns the result.</doc>
<status status="PASS" start="2024-12-29T21:08:45.786940" elapsed="0.000480"/>
</kw>
<var name="${element}">xpath=//div[contains(@class, 'header_popover_menu')]//a &gt;&gt; nth=10</var>
<status status="PASS" start="2024-12-29T21:08:45.770951" elapsed="0.016564"/>
</iter>
<iter>
<kw name="Get Text" owner="Browser">
<msg time="2024-12-29T21:08:45.801313" level="INFO">Text: 'Debit/Credit On-ramp'</msg>
<msg time="2024-12-29T21:08:45.801538" level="INFO">${tab_name} = Debit/Credit On-ramp</msg>
<var>${tab_name}</var>
<arg>${element}</arg>
<tag>Assertion</tag>
<tag>Getter</tag>
<tag>PageContent</tag>
<doc>Returns text attribute of the element found by ``selector``.</doc>
<status status="PASS" start="2024-12-29T21:08:45.787951" elapsed="0.013639"/>
</kw>
<kw name="Get From List" owner="Collections">
<msg time="2024-12-29T21:08:45.802756" level="INFO">${item_name} = Payment Cards</msg>
<var>${item_name}</var>
<arg>${my_list}</arg>
<arg>${counter}</arg>
<doc>Returns the value specified with an ``index`` from ``list``.</doc>
<status status="PASS" start="2024-12-29T21:08:45.802021" elapsed="0.000797"/>
</kw>
<kw name="Should Be Equal" owner="BuiltIn">
<msg time="2024-12-29T21:08:45.803617" level="FAIL">Debit/Credit On-ramp != Payment Cards</msg>
<arg>${tab_name}</arg>
<arg>${item_name}</arg>
<doc>Fails if the given objects are unequal.</doc>
<status status="FAIL" start="2024-12-29T21:08:45.803078" elapsed="0.000663">Debit/Credit On-ramp != Payment Cards</status>
</kw>
<kw name="Evaluate" owner="BuiltIn">
<var>${counter}</var>
<arg>${counter} + 1</arg>
<doc>Evaluates the given expression in Python and returns the result.</doc>
<status status="NOT RUN" start="2024-12-29T21:08:45.803976" elapsed="0.000123"/>
</kw>
<var name="${element}">xpath=//div[contains(@class, 'header_popover_menu')]//a &gt;&gt; nth=11</var>
<status status="FAIL" start="2024-12-29T21:08:45.787715" elapsed="0.016516">Debit/Credit On-ramp != Payment Cards</status>
</iter>
<var>${element}</var>
<value>@{sub_tab_elements}</value>
<status status="FAIL" start="2024-12-29T21:08:45.538702" elapsed="0.266183">Debit/Credit On-ramp != Payment Cards</status>
</for>
<arg>${sub_tab_elements}</arg>
<status status="FAIL" start="2024-12-29T21:08:45.537188" elapsed="0.268024">Debit/Credit On-ramp != Payment Cards</status>
</kw>
<kw name="Close Browser" owner="Browser">
<tag>BrowserControl</tag>
<tag>Setter</tag>
<doc>Closes the current browser.</doc>
<status status="NOT RUN" start="2024-12-29T21:08:45.806057" elapsed="0.000226"/>
</kw>
<status status="FAIL" start="2024-12-29T21:08:40.209155" elapsed="5.597490">Debit/Credit On-ramp != Payment Cards</status>
</test>
<status status="FAIL" start="2024-12-29T21:08:40.004396" elapsed="5.884250"/>
</suite>
<statistics>
<total>
<stat pass="0" fail="1" skip="0">All Tests</stat>
</total>
<tag>
</tag>
<suite>
<stat pass="0" fail="1" skip="0" id="s1" name="TradersTabTest">TradersTabTest</stat>
</suite>
</statistics>
<errors>
</errors>
</robot>
