<?xml version="1.0" encoding="UTF-8"?>
<robot generator="Robot 7.1.1 (Python 3.9.6 on darwin)" generated="2025-01-24T00:25:04.199132" rpa="false" schemaversion="5">
<suite id="s1" name="MenuTabTest" source="/Users/thaonguyen/Documents/code/RF/automation/Testcase/MenuTabTest.robot">
<test id="s1-t1" name="Test1" line="6">
<kw name="Open New Browser" owner="Common">
<kw name="New Browser" owner="Browser">
<msg time="2025-01-24T00:25:04.454427" level="INFO">{"browser": "chromium", "headless": false, "chromiumSandbox": false, "devtools": false, "handleSIGHUP": true, "handleSIGINT": true, "handleSIGTERM": true, "slowMo": 0.0, "timeout": 30000.0, "tracesDir": "/Users/thaonguyen/Documents/code/RF/automation/browser/traces/a91c58ee-0390-4a15-a0e0-fe054d5e9c0e"}</msg>
<msg time="2025-01-24T00:25:04.508239" level="INFO">Starting Browser process /Users/thaonguyen/Documents/code/RF/automation/venv/lib/python3.9/site-packages/Browser/wrapper/index.js using port 56531</msg>
<msg time="2025-01-24T00:25:04.508547" level="INFO">Node startup parameters: ['node', '/Users/thaonguyen/Documents/code/RF/automation/venv/lib/python3.9/site-packages/Browser/wrapper/index.js', '56531']</msg>
<msg time="2025-01-24T00:25:06.831677" level="INFO">Successfully created browser with options: {"browser":"chromium","headless":false,"chromiumSandbox":false,"devtools":false,"handleSIGHUP":true,"handleSIGINT":true,"handleSIGTERM":true,"slowMo":0,"timeout":30000,"tracesDir":"/Users/thaonguyen/Documents/code/RF/automation/browser/traces/a91c58ee-0390-4a15-a0e0-fe054d5e9c0e"}</msg>
<arg>headless=False</arg>
<tag>BrowserControl</tag>
<tag>Setter</tag>
<doc>Create a new playwright Browser with specified options.</doc>
<status status="PASS" start="2025-01-24T00:25:04.453619" elapsed="2.378585"/>
</kw>
<kw name="New Page" owner="Browser">
<msg time="2025-01-24T00:25:10.669261" level="INFO">Successfully initialized new page object and opened url: https://www.bitfinex.com/</msg>
<msg time="2025-01-24T00:25:10.669366" level="INFO">No context was open. New context was automatically opened when this page is created.</msg>
<arg>${site_url}</arg>
<tag>BrowserControl</tag>
<tag>Setter</tag>
<doc>Open a new Page.</doc>
<status status="PASS" start="2025-01-24T00:25:06.832776" elapsed="3.836938"/>
</kw>
<status status="PASS" start="2025-01-24T00:25:04.452641" elapsed="6.217272"/>
</kw>
<kw name="Create List" owner="BuiltIn">
<msg time="2025-01-24T00:25:10.670769" level="INFO">${sub_menu_name_list} = ['Features', 'Mobile app', 'P2P Trading', 'Market statistics', 'Corporate &amp; professional', 'Our fees', 'Security', 'API documentation', 'Bitfinex Leaderboard', 'Competitions', 'Deposits &amp; Withdrawals'...</msg>
<var>${sub_menu_name_list}</var>
<arg>Features</arg>
<arg>Mobile app</arg>
<arg>P2P Trading</arg>
<arg>Market statistics</arg>
<arg>Corporate &amp; professional</arg>
<arg>Our fees</arg>
<arg>Security</arg>
<arg>API documentation</arg>
<arg>Bitfinex Leaderboard</arg>
<arg>Competitions</arg>
<arg>Deposits &amp; Withdrawals</arg>
<arg>Payment Cards</arg>
<arg>Thalex Derivatives</arg>
<arg>Reporting Tool</arg>
<doc>Returns a list containing given items.</doc>
<status status="PASS" start="2025-01-24T00:25:10.670250" elapsed="0.000579"/>
</kw>
<kw name="Check Sub-menu Under Menu" owner="Home">
<kw name="Run Keyword And Continue On Failure" owner="BuiltIn">
<kw name="Validate Sub-Menu Under Menu And Log Result" owner="Home">
<kw name="Create List" owner="BuiltIn">
<msg time="2025-01-24T00:25:10.673385" level="INFO">${results} = []</msg>
<var>${results}</var>
<doc>Returns a list containing given items.</doc>
<status status="PASS" start="2025-01-24T00:25:10.673117" elapsed="0.000354"/>
</kw>
<kw name="Hover Menu" owner="Home">
<kw name="Replace String" owner="String">
<msg time="2025-01-24T00:25:10.674575" level="INFO">${menu_locator} = xpath=//span[@class='header_item-title'][normalize-space()='Traders']</msg>
<var>${menu_locator}</var>
<arg>${menu_locator_template}</arg>
<arg>{}</arg>
<arg>${menu_name}</arg>
<doc>Replaces ``search_for`` in the given ``string`` with ``replace_with``.</doc>
<status status="PASS" start="2025-01-24T00:25:10.674212" elapsed="0.000411"/>
</kw>
<kw name="Hover" owner="Browser">
<arg>${menu_locator}</arg>
<tag>PageContent</tag>
<tag>Setter</tag>
<doc>Moves the virtual mouse and scrolls to the element found by ``selector``.</doc>
<status status="PASS" start="2025-01-24T00:25:10.674838" elapsed="0.159097"/>
</kw>
<arg>${menu_name}</arg>
<status status="PASS" start="2025-01-24T00:25:10.673754" elapsed="0.160399"/>
</kw>
<kw name="Validate Sub-Menu Under Menu" owner="Home">
<kw name="Get Elements" owner="Browser">
<msg time="2025-01-24T00:25:10.849516" level="INFO">Found locator('//div[contains(@class, \'header_popover_menu\')]//a').first(),locator('//div[contains(@class, \'header_popover_menu\')]//a').nth(1),locator('//div[contains(@class, \'header_popover_menu\')]//a').nth(2),locator('//div[contains(@class, \'header_popover_menu\')]//a').nth(3),locator('//div[contains(@class, \'header_popover_menu\')]//a').nth(4),locator('//div[contains(@class, \'header_popover_menu\')]//a').nth(5),locator('//div[contains(@class, \'header_popover_menu\')]//a').nth(6),locator('//div[contains(@class, \'header_popover_menu\')]//a').nth(7),locator('//div[contains(@class, \'header_popover_menu\')]//a').nth(8),locator('//div[contains(@class, \'header_popover_menu\')]//a').nth(9),locator('//div[contains(@class, \'header_popover_menu\')]//a').nth(10),locator('//div[contains(@class, \'header_popover_menu\')]//a').nth(11),locator('//div[contains(@class, \'header_popover_menu\')]//a').nth(12),locator('//div[contains(@class, \'header_popover_menu\')]//a').nth(13) Locators successfully.</msg>
<msg time="2025-01-24T00:25:10.849867" level="INFO">${sub_menu_elements} = ["xpath=//div[contains(@class, 'header_popover_menu')]//a &gt;&gt; nth=0", "xpath=//div[contains(@class, 'header_popover_menu')]//a &gt;&gt; nth=1", "xpath=//div[contains(@class, 'header_popover_menu')]//a &gt;&gt; nth...</msg>
<var>${sub_menu_elements}</var>
<arg>${sub_menu_locator}</arg>
<tag>Getter</tag>
<tag>PageContent</tag>
<doc>Returns a reference to Playwright [https://playwright.dev/docs/api/class-locator|Locator]
for all matched elements by ``selector``.</doc>
<status status="PASS" start="2025-01-24T00:25:10.835376" elapsed="0.014546"/>
</kw>
<kw name="Set Variable" owner="BuiltIn">
<msg time="2025-01-24T00:25:10.850490" level="INFO">${counter} = 0</msg>
<var>${counter}</var>
<arg>0</arg>
<doc>Returns the given values which can then be assigned to a variables.</doc>
<status status="PASS" start="2025-01-24T00:25:10.850210" elapsed="0.000326"/>
</kw>
<for flavor="IN">
<iter>
<try>
<branch type="TRY">
<kw name="Get Text" owner="Browser">
<msg time="2025-01-24T00:25:10.942273" level="INFO">Text: 'Features'</msg>
<msg time="2025-01-24T00:25:10.942499" level="INFO">${sub_menu_name} = Features</msg>
<var>${sub_menu_name}</var>
<arg>${element}</arg>
<tag>Assertion</tag>
<tag>Getter</tag>
<tag>PageContent</tag>
<doc>Returns text attribute of the element found by ``selector``.</doc>
<status status="PASS" start="2025-01-24T00:25:10.851376" elapsed="0.091171"/>
</kw>
<kw name="Get From List" owner="Collections">
<msg time="2025-01-24T00:25:10.943217" level="INFO">${item_name} = Features</msg>
<var>${item_name}</var>
<arg>${expected_sub_menu_name_list}</arg>
<arg>${counter}</arg>
<doc>Returns the value specified with an ``index`` from ``list``.</doc>
<status status="PASS" start="2025-01-24T00:25:10.942839" elapsed="0.000423"/>
</kw>
<kw name="Should Be Equal" owner="BuiltIn">
<arg>${sub_menu_name}</arg>
<arg>${item_name}</arg>
<doc>Fails if the given objects are unequal.</doc>
<status status="PASS" start="2025-01-24T00:25:10.943468" elapsed="0.000339"/>
</kw>
<status status="PASS" start="2025-01-24T00:25:10.851177" elapsed="0.092719"/>
</branch>
<branch type="EXCEPT">
<kw name="Append To List" owner="Collections">
<arg>${results}</arg>
<arg>${sub_menu_name} != ${item_name}</arg>
<doc>Adds ``values`` to the end of ``list``.</doc>
<status status="NOT RUN" start="2025-01-24T00:25:10.944161" elapsed="0.000054"/>
</kw>
<status status="NOT RUN" start="2025-01-24T00:25:10.944001" elapsed="0.000292"/>
</branch>
<status status="PASS" start="2025-01-24T00:25:10.851121" elapsed="0.094100"/>
</try>
<kw name="Evaluate" owner="BuiltIn">
<msg time="2025-01-24T00:25:10.945770" level="INFO">${counter} = 1</msg>
<var>${counter}</var>
<arg>${counter} + 1</arg>
<doc>Evaluates the given expression in Python and returns the result.</doc>
<status status="PASS" start="2025-01-24T00:25:10.945399" elapsed="0.000419"/>
</kw>
<var name="${element}">xpath=//div[contains(@class, 'header_popover_menu')]//a &gt;&gt; nth=0</var>
<status status="PASS" start="2025-01-24T00:25:10.851026" elapsed="0.094883"/>
</iter>
<iter>
<try>
<branch type="TRY">
<kw name="Get Text" owner="Browser">
<msg time="2025-01-24T00:25:11.013251" level="INFO">Text: 'Mobile app'</msg>
<msg time="2025-01-24T00:25:11.013466" level="INFO">${sub_menu_name} = Mobile app</msg>
<var>${sub_menu_name}</var>
<arg>${element}</arg>
<tag>Assertion</tag>
<tag>Getter</tag>
<tag>PageContent</tag>
<doc>Returns text attribute of the element found by ``selector``.</doc>
<status status="PASS" start="2025-01-24T00:25:10.946755" elapsed="0.066760"/>
</kw>
<kw name="Get From List" owner="Collections">
<msg time="2025-01-24T00:25:11.014178" level="INFO">${item_name} = Mobile app</msg>
<var>${item_name}</var>
<arg>${expected_sub_menu_name_list}</arg>
<arg>${counter}</arg>
<doc>Returns the value specified with an ``index`` from ``list``.</doc>
<status status="PASS" start="2025-01-24T00:25:11.013808" elapsed="0.000415"/>
</kw>
<kw name="Should Be Equal" owner="BuiltIn">
<arg>${sub_menu_name}</arg>
<arg>${item_name}</arg>
<doc>Fails if the given objects are unequal.</doc>
<status status="PASS" start="2025-01-24T00:25:11.014489" elapsed="0.000476"/>
</kw>
<status status="PASS" start="2025-01-24T00:25:10.946540" elapsed="0.068532"/>
</branch>
<branch type="EXCEPT">
<kw name="Append To List" owner="Collections">
<arg>${results}</arg>
<arg>${sub_menu_name} != ${item_name}</arg>
<doc>Adds ``values`` to the end of ``list``.</doc>
<status status="NOT RUN" start="2025-01-24T00:25:11.015370" elapsed="0.000065"/>
</kw>
<status status="NOT RUN" start="2025-01-24T00:25:11.015181" elapsed="0.000335"/>
</branch>
<status status="PASS" start="2025-01-24T00:25:10.946480" elapsed="0.069106"/>
</try>
<kw name="Evaluate" owner="BuiltIn">
<msg time="2025-01-24T00:25:11.016111" level="INFO">${counter} = 2</msg>
<var>${counter}</var>
<arg>${counter} + 1</arg>
<doc>Evaluates the given expression in Python and returns the result.</doc>
<status status="PASS" start="2025-01-24T00:25:11.015737" elapsed="0.000422"/>
</kw>
<var name="${element}">xpath=//div[contains(@class, 'header_popover_menu')]//a &gt;&gt; nth=1</var>
<status status="PASS" start="2025-01-24T00:25:10.946351" elapsed="0.069898"/>
</iter>
<iter>
<try>
<branch type="TRY">
<kw name="Get Text" owner="Browser">
<msg time="2025-01-24T00:25:11.030995" level="INFO">Text: 'P2P Trading'</msg>
<msg time="2025-01-24T00:25:11.031219" level="INFO">${sub_menu_name} = P2P Trading</msg>
<var>${sub_menu_name}</var>
<arg>${element}</arg>
<tag>Assertion</tag>
<tag>Getter</tag>
<tag>PageContent</tag>
<doc>Returns text attribute of the element found by ``selector``.</doc>
<status status="PASS" start="2025-01-24T00:25:11.016825" elapsed="0.014446"/>
</kw>
<kw name="Get From List" owner="Collections">
<msg time="2025-01-24T00:25:11.031960" level="INFO">${item_name} = P2P Trading</msg>
<var>${item_name}</var>
<arg>${expected_sub_menu_name_list}</arg>
<arg>${counter}</arg>
<doc>Returns the value specified with an ``index`` from ``list``.</doc>
<status status="PASS" start="2025-01-24T00:25:11.031565" elapsed="0.000442"/>
</kw>
<kw name="Should Be Equal" owner="BuiltIn">
<arg>${sub_menu_name}</arg>
<arg>${item_name}</arg>
<doc>Fails if the given objects are unequal.</doc>
<status status="PASS" start="2025-01-24T00:25:11.032262" elapsed="0.000468"/>
</kw>
<status status="PASS" start="2025-01-24T00:25:11.016646" elapsed="0.016193"/>
</branch>
<branch type="EXCEPT">
<kw name="Append To List" owner="Collections">
<arg>${results}</arg>
<arg>${sub_menu_name} != ${item_name}</arg>
<doc>Adds ``values`` to the end of ``list``.</doc>
<status status="NOT RUN" start="2025-01-24T00:25:11.033129" elapsed="0.000057"/>
</kw>
<status status="NOT RUN" start="2025-01-24T00:25:11.032947" elapsed="0.000321"/>
</branch>
<status status="PASS" start="2025-01-24T00:25:11.016602" elapsed="0.016748"/>
</try>
<kw name="Evaluate" owner="BuiltIn">
<msg time="2025-01-24T00:25:11.033865" level="INFO">${counter} = 3</msg>
<var>${counter}</var>
<arg>${counter} + 1</arg>
<doc>Evaluates the given expression in Python and returns the result.</doc>
<status status="PASS" start="2025-01-24T00:25:11.033503" elapsed="0.000411"/>
</kw>
<var name="${element}">xpath=//div[contains(@class, 'header_popover_menu')]//a &gt;&gt; nth=2</var>
<status status="PASS" start="2025-01-24T00:25:11.016522" elapsed="0.017481"/>
</iter>
<iter>
<try>
<branch type="TRY">
<kw name="Get Text" owner="Browser">
<msg time="2025-01-24T00:25:11.051376" level="INFO">Text: 'Market statistics'</msg>
<msg time="2025-01-24T00:25:11.051591" level="INFO">${sub_menu_name} = Market statistics</msg>
<var>${sub_menu_name}</var>
<arg>${element}</arg>
<tag>Assertion</tag>
<tag>Getter</tag>
<tag>PageContent</tag>
<doc>Returns text attribute of the element found by ``selector``.</doc>
<status status="PASS" start="2025-01-24T00:25:11.034583" elapsed="0.017058"/>
</kw>
<kw name="Get From List" owner="Collections">
<msg time="2025-01-24T00:25:11.052294" level="INFO">${item_name} = Market statistics</msg>
<var>${item_name}</var>
<arg>${expected_sub_menu_name_list}</arg>
<arg>${counter}</arg>
<doc>Returns the value specified with an ``index`` from ``list``.</doc>
<status status="PASS" start="2025-01-24T00:25:11.051921" elapsed="0.000419"/>
</kw>
<kw name="Should Be Equal" owner="BuiltIn">
<arg>${sub_menu_name}</arg>
<arg>${item_name}</arg>
<doc>Fails if the given objects are unequal.</doc>
<status status="PASS" start="2025-01-24T00:25:11.052547" elapsed="0.000332"/>
</kw>
<status status="PASS" start="2025-01-24T00:25:11.034408" elapsed="0.018559"/>
</branch>
<branch type="EXCEPT">
<kw name="Append To List" owner="Collections">
<arg>${results}</arg>
<arg>${sub_menu_name} != ${item_name}</arg>
<doc>Adds ``values`` to the end of ``list``.</doc>
<status status="NOT RUN" start="2025-01-24T00:25:11.053221" elapsed="0.000053"/>
</kw>
<status status="NOT RUN" start="2025-01-24T00:25:11.053064" elapsed="0.000288"/>
</branch>
<status status="PASS" start="2025-01-24T00:25:11.034363" elapsed="0.019059"/>
</try>
<kw name="Evaluate" owner="BuiltIn">
<msg time="2025-01-24T00:25:11.053900" level="INFO">${counter} = 4</msg>
<var>${counter}</var>
<arg>${counter} + 1</arg>
<doc>Evaluates the given expression in Python and returns the result.</doc>
<status status="PASS" start="2025-01-24T00:25:11.053581" elapsed="0.000364"/>
</kw>
<var name="${element}">xpath=//div[contains(@class, 'header_popover_menu')]//a &gt;&gt; nth=3</var>
<status status="PASS" start="2025-01-24T00:25:11.034285" elapsed="0.019742"/>
</iter>
<iter>
<try>
<branch type="TRY">
<kw name="Get Text" owner="Browser">
<msg time="2025-01-24T00:25:11.070600" level="INFO">Text: 'Corporate &amp; professional'</msg>
<msg time="2025-01-24T00:25:11.070812" level="INFO">${sub_menu_name} = Corporate &amp; professional</msg>
<var>${sub_menu_name}</var>
<arg>${element}</arg>
<tag>Assertion</tag>
<tag>Getter</tag>
<tag>PageContent</tag>
<doc>Returns text attribute of the element found by ``selector``.</doc>
<status status="PASS" start="2025-01-24T00:25:11.054588" elapsed="0.016274"/>
</kw>
<kw name="Get From List" owner="Collections">
<msg time="2025-01-24T00:25:11.071545" level="INFO">${item_name} = Corporate &amp; professional</msg>
<var>${item_name}</var>
<arg>${expected_sub_menu_name_list}</arg>
<arg>${counter}</arg>
<doc>Returns the value specified with an ``index`` from ``list``.</doc>
<status status="PASS" start="2025-01-24T00:25:11.071160" elapsed="0.000433"/>
</kw>
<kw name="Should Be Equal" owner="BuiltIn">
<arg>${sub_menu_name}</arg>
<arg>${item_name}</arg>
<doc>Fails if the given objects are unequal.</doc>
<status status="PASS" start="2025-01-24T00:25:11.071801" elapsed="0.000338"/>
</kw>
<status status="PASS" start="2025-01-24T00:25:11.054417" elapsed="0.018589"/>
</branch>
<branch type="EXCEPT">
<kw name="Append To List" owner="Collections">
<arg>${results}</arg>
<arg>${sub_menu_name} != ${item_name}</arg>
<doc>Adds ``values`` to the end of ``list``.</doc>
<status status="NOT RUN" start="2025-01-24T00:25:11.073329" elapsed="0.000060"/>
</kw>
<status status="NOT RUN" start="2025-01-24T00:25:11.073144" elapsed="0.000329"/>
</branch>
<status status="PASS" start="2025-01-24T00:25:11.054361" elapsed="0.019187"/>
</try>
<kw name="Evaluate" owner="BuiltIn">
<msg time="2025-01-24T00:25:11.074065" level="INFO">${counter} = 5</msg>
<var>${counter}</var>
<arg>${counter} + 1</arg>
<doc>Evaluates the given expression in Python and returns the result.</doc>
<status status="PASS" start="2025-01-24T00:25:11.073700" elapsed="0.000414"/>
</kw>
<var name="${element}">xpath=//div[contains(@class, 'header_popover_menu')]//a &gt;&gt; nth=4</var>
<status status="PASS" start="2025-01-24T00:25:11.054283" elapsed="0.019920"/>
</iter>
<iter>
<try>
<branch type="TRY">
<kw name="Get Text" owner="Browser">
<msg time="2025-01-24T00:25:11.091869" level="INFO">Text: 'Our fees'</msg>
<msg time="2025-01-24T00:25:11.092092" level="INFO">${sub_menu_name} = Our fees</msg>
<var>${sub_menu_name}</var>
<arg>${element}</arg>
<tag>Assertion</tag>
<tag>Getter</tag>
<tag>PageContent</tag>
<doc>Returns text attribute of the element found by ``selector``.</doc>
<status status="PASS" start="2025-01-24T00:25:11.074763" elapsed="0.017378"/>
</kw>
<kw name="Get From List" owner="Collections">
<msg time="2025-01-24T00:25:11.092828" level="INFO">${item_name} = Our fees</msg>
<var>${item_name}</var>
<arg>${expected_sub_menu_name_list}</arg>
<arg>${counter}</arg>
<doc>Returns the value specified with an ``index`` from ``list``.</doc>
<status status="PASS" start="2025-01-24T00:25:11.092441" elapsed="0.000434"/>
</kw>
<kw name="Should Be Equal" owner="BuiltIn">
<arg>${sub_menu_name}</arg>
<arg>${item_name}</arg>
<doc>Fails if the given objects are unequal.</doc>
<status status="PASS" start="2025-01-24T00:25:11.093082" elapsed="0.000334"/>
</kw>
<status status="PASS" start="2025-01-24T00:25:11.074588" elapsed="0.018917"/>
</branch>
<branch type="EXCEPT">
<kw name="Append To List" owner="Collections">
<arg>${results}</arg>
<arg>${sub_menu_name} != ${item_name}</arg>
<doc>Adds ``values`` to the end of ``list``.</doc>
<status status="NOT RUN" start="2025-01-24T00:25:11.093762" elapsed="0.000054"/>
</kw>
<status status="NOT RUN" start="2025-01-24T00:25:11.093602" elapsed="0.000294"/>
</branch>
<status status="PASS" start="2025-01-24T00:25:11.074545" elapsed="0.019423"/>
</try>
<kw name="Evaluate" owner="BuiltIn">
<msg time="2025-01-24T00:25:11.094477" level="INFO">${counter} = 6</msg>
<var>${counter}</var>
<arg>${counter} + 1</arg>
<doc>Evaluates the given expression in Python and returns the result.</doc>
<status status="PASS" start="2025-01-24T00:25:11.094115" elapsed="0.000408"/>
</kw>
<var name="${element}">xpath=//div[contains(@class, 'header_popover_menu')]//a &gt;&gt; nth=5</var>
<status status="PASS" start="2025-01-24T00:25:11.074472" elapsed="0.020143"/>
</iter>
<iter>
<try>
<branch type="TRY">
<kw name="Get Text" owner="Browser">
<msg time="2025-01-24T00:25:11.113762" level="INFO">Text: 'Security'</msg>
<msg time="2025-01-24T00:25:11.113981" level="INFO">${sub_menu_name} = Security</msg>
<var>${sub_menu_name}</var>
<arg>${element}</arg>
<tag>Assertion</tag>
<tag>Getter</tag>
<tag>PageContent</tag>
<doc>Returns text attribute of the element found by ``selector``.</doc>
<status status="PASS" start="2025-01-24T00:25:11.095154" elapsed="0.018882"/>
</kw>
<kw name="Get From List" owner="Collections">
<msg time="2025-01-24T00:25:11.114768" level="INFO">${item_name} = Security</msg>
<var>${item_name}</var>
<arg>${expected_sub_menu_name_list}</arg>
<arg>${counter}</arg>
<doc>Returns the value specified with an ``index`` from ``list``.</doc>
<status status="PASS" start="2025-01-24T00:25:11.114331" elapsed="0.000490"/>
</kw>
<kw name="Should Be Equal" owner="BuiltIn">
<arg>${sub_menu_name}</arg>
<arg>${item_name}</arg>
<doc>Fails if the given objects are unequal.</doc>
<status status="PASS" start="2025-01-24T00:25:11.115071" elapsed="0.000391"/>
</kw>
<status status="PASS" start="2025-01-24T00:25:11.094992" elapsed="0.020568"/>
</branch>
<branch type="EXCEPT">
<kw name="Append To List" owner="Collections">
<arg>${results}</arg>
<arg>${sub_menu_name} != ${item_name}</arg>
<doc>Adds ``values`` to the end of ``list``.</doc>
<status status="NOT RUN" start="2025-01-24T00:25:11.115850" elapsed="0.000057"/>
</kw>
<status status="NOT RUN" start="2025-01-24T00:25:11.115665" elapsed="0.000324"/>
</branch>
<status status="PASS" start="2025-01-24T00:25:11.094950" elapsed="0.021112"/>
</try>
<kw name="Evaluate" owner="BuiltIn">
<msg time="2025-01-24T00:25:11.116654" level="INFO">${counter} = 7</msg>
<var>${counter}</var>
<arg>${counter} + 1</arg>
<doc>Evaluates the given expression in Python and returns the result.</doc>
<status status="PASS" start="2025-01-24T00:25:11.116251" elapsed="0.000454"/>
</kw>
<var name="${element}">xpath=//div[contains(@class, 'header_popover_menu')]//a &gt;&gt; nth=6</var>
<status status="PASS" start="2025-01-24T00:25:11.094878" elapsed="0.021921"/>
</iter>
<iter>
<try>
<branch type="TRY">
<kw name="Get Text" owner="Browser">
<msg time="2025-01-24T00:25:11.129949" level="INFO">Text: 'API documentation'</msg>
<msg time="2025-01-24T00:25:11.130174" level="INFO">${sub_menu_name} = API documentation</msg>
<var>${sub_menu_name}</var>
<arg>${element}</arg>
<tag>Assertion</tag>
<tag>Getter</tag>
<tag>PageContent</tag>
<doc>Returns text attribute of the element found by ``selector``.</doc>
<status status="PASS" start="2025-01-24T00:25:11.117409" elapsed="0.012816"/>
</kw>
<kw name="Get From List" owner="Collections">
<msg time="2025-01-24T00:25:11.130918" level="INFO">${item_name} = API documentation</msg>
<var>${item_name}</var>
<arg>${expected_sub_menu_name_list}</arg>
<arg>${counter}</arg>
<doc>Returns the value specified with an ``index`` from ``list``.</doc>
<status status="PASS" start="2025-01-24T00:25:11.130521" elapsed="0.000445"/>
</kw>
<kw name="Should Be Equal" owner="BuiltIn">
<arg>${sub_menu_name}</arg>
<arg>${item_name}</arg>
<doc>Fails if the given objects are unequal.</doc>
<status status="PASS" start="2025-01-24T00:25:11.131187" elapsed="0.000356"/>
</kw>
<status status="PASS" start="2025-01-24T00:25:11.117218" elapsed="0.014421"/>
</branch>
<branch type="EXCEPT">
<kw name="Append To List" owner="Collections">
<arg>${results}</arg>
<arg>${sub_menu_name} != ${item_name}</arg>
<doc>Adds ``values`` to the end of ``list``.</doc>
<status status="NOT RUN" start="2025-01-24T00:25:11.131922" elapsed="0.000056"/>
</kw>
<status status="NOT RUN" start="2025-01-24T00:25:11.131741" elapsed="0.000317"/>
</branch>
<status status="PASS" start="2025-01-24T00:25:11.117171" elapsed="0.014959"/>
</try>
<kw name="Evaluate" owner="BuiltIn">
<msg time="2025-01-24T00:25:11.132761" level="INFO">${counter} = 8</msg>
<var>${counter}</var>
<arg>${counter} + 1</arg>
<doc>Evaluates the given expression in Python and returns the result.</doc>
<status status="PASS" start="2025-01-24T00:25:11.132281" elapsed="0.000537"/>
</kw>
<var name="${element}">xpath=//div[contains(@class, 'header_popover_menu')]//a &gt;&gt; nth=7</var>
<status status="PASS" start="2025-01-24T00:25:11.117091" elapsed="0.015830"/>
</iter>
<iter>
<try>
<branch type="TRY">
<kw name="Get Text" owner="Browser">
<msg time="2025-01-24T00:25:11.146766" level="INFO">Text: 'Bitfinex Leaderboard'</msg>
<msg time="2025-01-24T00:25:11.147078" level="INFO">${sub_menu_name} = Bitfinex Leaderboard</msg>
<var>${sub_menu_name}</var>
<arg>${element}</arg>
<tag>Assertion</tag>
<tag>Getter</tag>
<tag>PageContent</tag>
<doc>Returns text attribute of the element found by ``selector``.</doc>
<status status="PASS" start="2025-01-24T00:25:11.133525" elapsed="0.013607"/>
</kw>
<kw name="Get From List" owner="Collections">
<msg time="2025-01-24T00:25:11.148003" level="INFO">${item_name} = Bitfinex Leaderboard</msg>
<var>${item_name}</var>
<arg>${expected_sub_menu_name_list}</arg>
<arg>${counter}</arg>
<doc>Returns the value specified with an ``index`` from ``list``.</doc>
<status status="PASS" start="2025-01-24T00:25:11.147448" elapsed="0.000645"/>
</kw>
<kw name="Should Be Equal" owner="BuiltIn">
<arg>${sub_menu_name}</arg>
<arg>${item_name}</arg>
<doc>Fails if the given objects are unequal.</doc>
<status status="PASS" start="2025-01-24T00:25:11.149129" elapsed="0.000742"/>
</kw>
<status status="PASS" start="2025-01-24T00:25:11.133338" elapsed="0.016698"/>
</branch>
<branch type="EXCEPT">
<kw name="Append To List" owner="Collections">
<arg>${results}</arg>
<arg>${sub_menu_name} != ${item_name}</arg>
<doc>Adds ``values`` to the end of ``list``.</doc>
<status status="NOT RUN" start="2025-01-24T00:25:11.150574" elapsed="0.000108"/>
</kw>
<status status="NOT RUN" start="2025-01-24T00:25:11.150236" elapsed="0.000590"/>
</branch>
<status status="PASS" start="2025-01-24T00:25:11.133292" elapsed="0.017665"/>
</try>
<kw name="Evaluate" owner="BuiltIn">
<msg time="2025-01-24T00:25:11.151993" level="INFO">${counter} = 9</msg>
<var>${counter}</var>
<arg>${counter} + 1</arg>
<doc>Evaluates the given expression in Python and returns the result.</doc>
<status status="PASS" start="2025-01-24T00:25:11.151290" elapsed="0.000828"/>
</kw>
<var name="${element}">xpath=//div[contains(@class, 'header_popover_menu')]//a &gt;&gt; nth=8</var>
<status status="PASS" start="2025-01-24T00:25:11.133210" elapsed="0.019102"/>
</iter>
<iter>
<try>
<branch type="TRY">
<kw name="Get Text" owner="Browser">
<msg time="2025-01-24T00:25:11.174895" level="INFO">Text: 'Competitions'</msg>
<msg time="2025-01-24T00:25:11.175130" level="INFO">${sub_menu_name} = Competitions</msg>
<var>${sub_menu_name}</var>
<arg>${element}</arg>
<tag>Assertion</tag>
<tag>Getter</tag>
<tag>PageContent</tag>
<doc>Returns text attribute of the element found by ``selector``.</doc>
<status status="PASS" start="2025-01-24T00:25:11.153311" elapsed="0.021872"/>
</kw>
<kw name="Get From List" owner="Collections">
<msg time="2025-01-24T00:25:11.175888" level="INFO">${item_name} = Competitions</msg>
<var>${item_name}</var>
<arg>${expected_sub_menu_name_list}</arg>
<arg>${counter}</arg>
<doc>Returns the value specified with an ``index`` from ``list``.</doc>
<status status="PASS" start="2025-01-24T00:25:11.175505" elapsed="0.000429"/>
</kw>
<kw name="Should Be Equal" owner="BuiltIn">
<arg>${sub_menu_name}</arg>
<arg>${item_name}</arg>
<doc>Fails if the given objects are unequal.</doc>
<status status="PASS" start="2025-01-24T00:25:11.176146" elapsed="0.000345"/>
</kw>
<status status="PASS" start="2025-01-24T00:25:11.153067" elapsed="0.023515"/>
</branch>
<branch type="EXCEPT">
<kw name="Append To List" owner="Collections">
<arg>${results}</arg>
<arg>${sub_menu_name} != ${item_name}</arg>
<doc>Adds ``values`` to the end of ``list``.</doc>
<status status="NOT RUN" start="2025-01-24T00:25:11.176845" elapsed="0.000056"/>
</kw>
<status status="NOT RUN" start="2025-01-24T00:25:11.176681" elapsed="0.000300"/>
</branch>
<status status="PASS" start="2025-01-24T00:25:11.152988" elapsed="0.024065"/>
</try>
<kw name="Evaluate" owner="BuiltIn">
<msg time="2025-01-24T00:25:11.177551" level="INFO">${counter} = 10</msg>
<var>${counter}</var>
<arg>${counter} + 1</arg>
<doc>Evaluates the given expression in Python and returns the result.</doc>
<status status="PASS" start="2025-01-24T00:25:11.177202" elapsed="0.000397"/>
</kw>
<var name="${element}">xpath=//div[contains(@class, 'header_popover_menu')]//a &gt;&gt; nth=9</var>
<status status="PASS" start="2025-01-24T00:25:11.152883" elapsed="0.024804"/>
</iter>
<iter>
<try>
<branch type="TRY">
<kw name="Get Text" owner="Browser">
<msg time="2025-01-24T00:25:11.194138" level="INFO">Text: 'Deposits &amp; Withdrawals'</msg>
<msg time="2025-01-24T00:25:11.194354" level="INFO">${sub_menu_name} = Deposits &amp; Withdrawals</msg>
<var>${sub_menu_name}</var>
<arg>${element}</arg>
<tag>Assertion</tag>
<tag>Getter</tag>
<tag>PageContent</tag>
<doc>Returns text attribute of the element found by ``selector``.</doc>
<status status="PASS" start="2025-01-24T00:25:11.178271" elapsed="0.016134"/>
</kw>
<kw name="Get From List" owner="Collections">
<msg time="2025-01-24T00:25:11.195078" level="INFO">${item_name} = Deposits &amp; Withdrawals</msg>
<var>${item_name}</var>
<arg>${expected_sub_menu_name_list}</arg>
<arg>${counter}</arg>
<doc>Returns the value specified with an ``index`` from ``list``.</doc>
<status status="PASS" start="2025-01-24T00:25:11.194693" elapsed="0.000432"/>
</kw>
<kw name="Should Be Equal" owner="BuiltIn">
<arg>${sub_menu_name}</arg>
<arg>${item_name}</arg>
<doc>Fails if the given objects are unequal.</doc>
<status status="PASS" start="2025-01-24T00:25:11.195329" elapsed="0.000335"/>
</kw>
<status status="PASS" start="2025-01-24T00:25:11.178096" elapsed="0.017657"/>
</branch>
<branch type="EXCEPT">
<kw name="Append To List" owner="Collections">
<arg>${results}</arg>
<arg>${sub_menu_name} != ${item_name}</arg>
<doc>Adds ``values`` to the end of ``list``.</doc>
<status status="NOT RUN" start="2025-01-24T00:25:11.196011" elapsed="0.000054"/>
</kw>
<status status="NOT RUN" start="2025-01-24T00:25:11.195851" elapsed="0.000303"/>
</branch>
<status status="PASS" start="2025-01-24T00:25:11.178040" elapsed="0.018186"/>
</try>
<kw name="Evaluate" owner="BuiltIn">
<msg time="2025-01-24T00:25:11.196800" level="INFO">${counter} = 11</msg>
<var>${counter}</var>
<arg>${counter} + 1</arg>
<doc>Evaluates the given expression in Python and returns the result.</doc>
<status status="PASS" start="2025-01-24T00:25:11.196372" elapsed="0.000495"/>
</kw>
<var name="${element}">xpath=//div[contains(@class, 'header_popover_menu')]//a &gt;&gt; nth=10</var>
<status status="PASS" start="2025-01-24T00:25:11.177963" elapsed="0.019011"/>
</iter>
<iter>
<try>
<branch type="TRY">
<kw name="Get Text" owner="Browser">
<msg time="2025-01-24T00:25:11.211829" level="INFO">Text: 'Debit/Credit On-ramp'</msg>
<msg time="2025-01-24T00:25:11.212045" level="INFO">${sub_menu_name} = Debit/Credit On-ramp</msg>
<var>${sub_menu_name}</var>
<arg>${element}</arg>
<tag>Assertion</tag>
<tag>Getter</tag>
<tag>PageContent</tag>
<doc>Returns text attribute of the element found by ``selector``.</doc>
<status status="PASS" start="2025-01-24T00:25:11.197575" elapsed="0.014522"/>
</kw>
<kw name="Get From List" owner="Collections">
<msg time="2025-01-24T00:25:11.212868" level="INFO">${item_name} = Payment Cards</msg>
<var>${item_name}</var>
<arg>${expected_sub_menu_name_list}</arg>
<arg>${counter}</arg>
<doc>Returns the value specified with an ``index`` from ``list``.</doc>
<status status="PASS" start="2025-01-24T00:25:11.212386" elapsed="0.000530"/>
</kw>
<kw name="Should Be Equal" owner="BuiltIn">
<msg time="2025-01-24T00:25:11.213587" level="FAIL">Debit/Credit On-ramp != Payment Cards</msg>
<arg>${sub_menu_name}</arg>
<arg>${item_name}</arg>
<doc>Fails if the given objects are unequal.</doc>
<status status="FAIL" start="2025-01-24T00:25:11.213136" elapsed="0.000597">Debit/Credit On-ramp != Payment Cards</status>
</kw>
<status status="FAIL" start="2025-01-24T00:25:11.197395" elapsed="0.016487">Debit/Credit On-ramp != Payment Cards</status>
</branch>
<branch type="EXCEPT">
<kw name="Append To List" owner="Collections">
<arg>${results}</arg>
<arg>${sub_menu_name} != ${item_name}</arg>
<doc>Adds ``values`` to the end of ``list``.</doc>
<status status="PASS" start="2025-01-24T00:25:11.214187" elapsed="0.000443"/>
</kw>
<status status="PASS" start="2025-01-24T00:25:11.214001" elapsed="0.000723"/>
</branch>
<status status="PASS" start="2025-01-24T00:25:11.197350" elapsed="0.017452"/>
</try>
<kw name="Evaluate" owner="BuiltIn">
<msg time="2025-01-24T00:25:11.215308" level="INFO">${counter} = 12</msg>
<var>${counter}</var>
<arg>${counter} + 1</arg>
<doc>Evaluates the given expression in Python and returns the result.</doc>
<status status="PASS" start="2025-01-24T00:25:11.214962" elapsed="0.000394"/>
</kw>
<var name="${element}">xpath=//div[contains(@class, 'header_popover_menu')]//a &gt;&gt; nth=11</var>
<status status="PASS" start="2025-01-24T00:25:11.197270" elapsed="0.018174"/>
</iter>
<iter>
<try>
<branch type="TRY">
<kw name="Get Text" owner="Browser">
<msg time="2025-01-24T00:25:11.229548" level="INFO">Text: 'Thalex Derivatives'</msg>
<msg time="2025-01-24T00:25:11.229772" level="INFO">${sub_menu_name} = Thalex Derivatives</msg>
<var>${sub_menu_name}</var>
<arg>${element}</arg>
<tag>Assertion</tag>
<tag>Getter</tag>
<tag>PageContent</tag>
<doc>Returns text attribute of the element found by ``selector``.</doc>
<status status="PASS" start="2025-01-24T00:25:11.216109" elapsed="0.013715"/>
</kw>
<kw name="Get From List" owner="Collections">
<msg time="2025-01-24T00:25:11.230541" level="INFO">${item_name} = Thalex Derivatives</msg>
<var>${item_name}</var>
<arg>${expected_sub_menu_name_list}</arg>
<arg>${counter}</arg>
<doc>Returns the value specified with an ``index`` from ``list``.</doc>
<status status="PASS" start="2025-01-24T00:25:11.230130" elapsed="0.000459"/>
</kw>
<kw name="Should Be Equal" owner="BuiltIn">
<arg>${sub_menu_name}</arg>
<arg>${item_name}</arg>
<doc>Fails if the given objects are unequal.</doc>
<status status="PASS" start="2025-01-24T00:25:11.230803" elapsed="0.000343"/>
</kw>
<status status="PASS" start="2025-01-24T00:25:11.215940" elapsed="0.015297"/>
</branch>
<branch type="EXCEPT">
<kw name="Append To List" owner="Collections">
<arg>${results}</arg>
<arg>${sub_menu_name} != ${item_name}</arg>
<doc>Adds ``values`` to the end of ``list``.</doc>
<status status="NOT RUN" start="2025-01-24T00:25:11.231504" elapsed="0.000057"/>
</kw>
<status status="NOT RUN" start="2025-01-24T00:25:11.231339" elapsed="0.000305"/>
</branch>
<status status="PASS" start="2025-01-24T00:25:11.215896" elapsed="0.015821"/>
</try>
<kw name="Evaluate" owner="BuiltIn">
<msg time="2025-01-24T00:25:11.232220" level="INFO">${counter} = 13</msg>
<var>${counter}</var>
<arg>${counter} + 1</arg>
<doc>Evaluates the given expression in Python and returns the result.</doc>
<status status="PASS" start="2025-01-24T00:25:11.231866" elapsed="0.000402"/>
</kw>
<var name="${element}">xpath=//div[contains(@class, 'header_popover_menu')]//a &gt;&gt; nth=12</var>
<status status="PASS" start="2025-01-24T00:25:11.215818" elapsed="0.016538"/>
</iter>
<iter>
<try>
<branch type="TRY">
<kw name="Get Text" owner="Browser">
<msg time="2025-01-24T00:25:11.245729" level="INFO">Text: 'Reporting Tool'</msg>
<msg time="2025-01-24T00:25:11.245943" level="INFO">${sub_menu_name} = Reporting Tool</msg>
<var>${sub_menu_name}</var>
<arg>${element}</arg>
<tag>Assertion</tag>
<tag>Getter</tag>
<tag>PageContent</tag>
<doc>Returns text attribute of the element found by ``selector``.</doc>
<status status="PASS" start="2025-01-24T00:25:11.232919" elapsed="0.013078"/>
</kw>
<kw name="Get From List" owner="Collections">
<msg time="2025-01-24T00:25:11.246675" level="INFO">${item_name} = Reporting Tool</msg>
<var>${item_name}</var>
<arg>${expected_sub_menu_name_list}</arg>
<arg>${counter}</arg>
<doc>Returns the value specified with an ``index`` from ``list``.</doc>
<status status="PASS" start="2025-01-24T00:25:11.246293" elapsed="0.000428"/>
</kw>
<kw name="Should Be Equal" owner="BuiltIn">
<arg>${sub_menu_name}</arg>
<arg>${item_name}</arg>
<doc>Fails if the given objects are unequal.</doc>
<status status="PASS" start="2025-01-24T00:25:11.246937" elapsed="0.000348"/>
</kw>
<status status="PASS" start="2025-01-24T00:25:11.232749" elapsed="0.014629"/>
</branch>
<branch type="EXCEPT">
<kw name="Append To List" owner="Collections">
<arg>${results}</arg>
<arg>${sub_menu_name} != ${item_name}</arg>
<doc>Adds ``values`` to the end of ``list``.</doc>
<status status="NOT RUN" start="2025-01-24T00:25:11.247641" elapsed="0.000056"/>
</kw>
<status status="NOT RUN" start="2025-01-24T00:25:11.247477" elapsed="0.000301"/>
</branch>
<status status="PASS" start="2025-01-24T00:25:11.232705" elapsed="0.015145"/>
</try>
<kw name="Evaluate" owner="BuiltIn">
<msg time="2025-01-24T00:25:11.248343" level="INFO">${counter} = 14</msg>
<var>${counter}</var>
<arg>${counter} + 1</arg>
<doc>Evaluates the given expression in Python and returns the result.</doc>
<status status="PASS" start="2025-01-24T00:25:11.248000" elapsed="0.000390"/>
</kw>
<var name="${element}">xpath=//div[contains(@class, 'header_popover_menu')]//a &gt;&gt; nth=13</var>
<status status="PASS" start="2025-01-24T00:25:11.232630" elapsed="0.015848"/>
</iter>
<var>${element}</var>
<value>@{sub_menu_elements}</value>
<status status="PASS" start="2025-01-24T00:25:10.850662" elapsed="0.397899"/>
</for>
<arg>${expected_sub_menu_name_list}</arg>
<arg>${results}</arg>
<status status="PASS" start="2025-01-24T00:25:10.834659" elapsed="0.414036"/>
</kw>
<kw name="Run Keyword If" owner="BuiltIn">
<kw name="Fail" owner="BuiltIn">
<msg time="2025-01-24T00:25:11.249723" level="FAIL">FAIL: Menu: Traders - Element: ['Debit/Credit On-ramp != Payment Cards']</msg>
<arg>FAIL: Menu: ${menu_name} - Element: ${results}</arg>
<doc>Fails the test with the given message and optionally alters its tags.</doc>
<status status="FAIL" start="2025-01-24T00:25:11.249216" elapsed="0.000636">FAIL: Menu: Traders - Element: ['Debit/Credit On-ramp != Payment Cards']</status>
</kw>
<arg>${results}</arg>
<arg>Fail</arg>
<arg>FAIL: Menu: ${menu_name} - Element: ${results}</arg>
<doc>Runs the given keyword with the given arguments, if ``condition`` is true.</doc>
<status status="FAIL" start="2025-01-24T00:25:11.248900" elapsed="0.001072">FAIL: Menu: Traders - Element: ['Debit/Credit On-ramp != Payment Cards']</status>
</kw>
<arg>${menu_name}</arg>
<arg>${expected_sub_menu_name_list}</arg>
<status status="FAIL" start="2025-01-24T00:25:10.672396" elapsed="0.577774">FAIL: Menu: Traders - Element: ['Debit/Credit On-ramp != Payment Cards']</status>
</kw>
<arg>Validate Sub-Menu Under Menu And Log Result</arg>
<arg>${menu_name}</arg>
<arg>${expected_sub_menu_name_list}</arg>
<doc>Runs the keyword and continues execution even if a failure occurs.</doc>
<status status="FAIL" start="2025-01-24T00:25:10.671801" elapsed="0.578500">FAIL: Menu: Traders - Element: ['Debit/Credit On-ramp != Payment Cards']</status>
</kw>
<arg>Traders</arg>
<arg>${sub_menu_name_list}</arg>
<status status="FAIL" start="2025-01-24T00:25:10.671240" elapsed="0.579244">FAIL: Menu: Traders - Element: ['Debit/Credit On-ramp != Payment Cards']</status>
</kw>
<kw name="Create List" owner="BuiltIn">
<msg time="2025-01-24T00:25:11.251055" level="INFO">${sub_menu_name_list} = ['Staking', 'Bitfinex Borrow']</msg>
<var>${sub_menu_name_list}</var>
<arg>Staking</arg>
<arg>Bitfinex Borrow</arg>
<doc>Returns a list containing given items.</doc>
<status status="PASS" start="2025-01-24T00:25:11.250774" elapsed="0.000330"/>
</kw>
<kw name="Check Sub-menu Under Menu" owner="Home">
<kw name="Run Keyword And Continue On Failure" owner="BuiltIn">
<kw name="Validate Sub-Menu Under Menu And Log Result" owner="Home">
<kw name="Create List" owner="BuiltIn">
<msg time="2025-01-24T00:25:11.253126" level="INFO">${results} = []</msg>
<var>${results}</var>
<doc>Returns a list containing given items.</doc>
<status status="PASS" start="2025-01-24T00:25:11.252885" elapsed="0.000291"/>
</kw>
<kw name="Hover Menu" owner="Home">
<kw name="Replace String" owner="String">
<msg time="2025-01-24T00:25:11.254285" level="INFO">${menu_locator} = xpath=//span[@class='header_item-title'][normalize-space()='Lenders']</msg>
<var>${menu_locator}</var>
<arg>${menu_locator_template}</arg>
<arg>{}</arg>
<arg>${menu_name}</arg>
<doc>Replaces ``search_for`` in the given ``string`` with ``replace_with``.</doc>
<status status="PASS" start="2025-01-24T00:25:11.253910" elapsed="0.000424"/>
</kw>
<kw name="Hover" owner="Browser">
<arg>${menu_locator}</arg>
<tag>PageContent</tag>
<tag>Setter</tag>
<doc>Moves the virtual mouse and scrolls to the element found by ``selector``.</doc>
<status status="PASS" start="2025-01-24T00:25:11.254556" elapsed="0.054519"/>
</kw>
<arg>${menu_name}</arg>
<status status="PASS" start="2025-01-24T00:25:11.253425" elapsed="0.055867"/>
</kw>
<kw name="Validate Sub-Menu Under Menu" owner="Home">
<kw name="Get Elements" owner="Browser">
<msg time="2025-01-24T00:25:11.321635" level="INFO">Found locator('//div[contains(@class, \'header_popover_menu\')]//a').first(),locator('//div[contains(@class, \'header_popover_menu\')]//a').nth(1) Locators successfully.</msg>
<msg time="2025-01-24T00:25:11.322009" level="INFO">${sub_menu_elements} = ["xpath=//div[contains(@class, 'header_popover_menu')]//a &gt;&gt; nth=0", "xpath=//div[contains(@class, 'header_popover_menu')]//a &gt;&gt; nth=1"]</msg>
<var>${sub_menu_elements}</var>
<arg>${sub_menu_locator}</arg>
<tag>Getter</tag>
<tag>PageContent</tag>
<doc>Returns a reference to Playwright [https://playwright.dev/docs/api/class-locator|Locator]
for all matched elements by ``selector``.</doc>
<status status="PASS" start="2025-01-24T00:25:11.310537" elapsed="0.011584"/>
</kw>
<kw name="Set Variable" owner="BuiltIn">
<msg time="2025-01-24T00:25:11.322747" level="INFO">${counter} = 0</msg>
<var>${counter}</var>
<arg>0</arg>
<doc>Returns the given values which can then be assigned to a variables.</doc>
<status status="PASS" start="2025-01-24T00:25:11.322458" elapsed="0.000337"/>
</kw>
<for flavor="IN">
<iter>
<try>
<branch type="TRY">
<kw name="Get Text" owner="Browser">
<msg time="2025-01-24T00:25:11.339195" level="INFO">Text: 'Staking'</msg>
<msg time="2025-01-24T00:25:11.339415" level="INFO">${sub_menu_name} = Staking</msg>
<var>${sub_menu_name}</var>
<arg>${element}</arg>
<tag>Assertion</tag>
<tag>Getter</tag>
<tag>PageContent</tag>
<doc>Returns text attribute of the element found by ``selector``.</doc>
<status status="PASS" start="2025-01-24T00:25:11.323553" elapsed="0.015918"/>
</kw>
<kw name="Get From List" owner="Collections">
<msg time="2025-01-24T00:25:11.340193" level="INFO">${item_name} = Staking</msg>
<var>${item_name}</var>
<arg>${expected_sub_menu_name_list}</arg>
<arg>${counter}</arg>
<doc>Returns the value specified with an ``index`` from ``list``.</doc>
<status status="PASS" start="2025-01-24T00:25:11.339796" elapsed="0.000446"/>
</kw>
<kw name="Should Be Equal" owner="BuiltIn">
<arg>${sub_menu_name}</arg>
<arg>${item_name}</arg>
<doc>Fails if the given objects are unequal.</doc>
<status status="PASS" start="2025-01-24T00:25:11.340450" elapsed="0.000341"/>
</kw>
<status status="PASS" start="2025-01-24T00:25:11.323377" elapsed="0.017506"/>
</branch>
<branch type="EXCEPT">
<kw name="Append To List" owner="Collections">
<arg>${results}</arg>
<arg>${sub_menu_name} != ${item_name}</arg>
<doc>Adds ``values`` to the end of ``list``.</doc>
<status status="NOT RUN" start="2025-01-24T00:25:11.341147" elapsed="0.000055"/>
</kw>
<status status="NOT RUN" start="2025-01-24T00:25:11.340985" elapsed="0.000298"/>
</branch>
<status status="PASS" start="2025-01-24T00:25:11.323330" elapsed="0.018027"/>
</try>
<kw name="Evaluate" owner="BuiltIn">
<msg time="2025-01-24T00:25:11.341861" level="INFO">${counter} = 1</msg>
<var>${counter}</var>
<arg>${counter} + 1</arg>
<doc>Evaluates the given expression in Python and returns the result.</doc>
<status status="PASS" start="2025-01-24T00:25:11.341508" elapsed="0.000402"/>
</kw>
<var name="${element}">xpath=//div[contains(@class, 'header_popover_menu')]//a &gt;&gt; nth=0</var>
<status status="PASS" start="2025-01-24T00:25:11.323252" elapsed="0.018748"/>
</iter>
<iter>
<try>
<branch type="TRY">
<kw name="Get Text" owner="Browser">
<msg time="2025-01-24T00:25:11.358821" level="INFO">Text: 'Bitfinex Borrow'</msg>
<msg time="2025-01-24T00:25:11.359032" level="INFO">${sub_menu_name} = Bitfinex Borrow</msg>
<var>${sub_menu_name}</var>
<arg>${element}</arg>
<tag>Assertion</tag>
<tag>Getter</tag>
<tag>PageContent</tag>
<doc>Returns text attribute of the element found by ``selector``.</doc>
<status status="PASS" start="2025-01-24T00:25:11.342567" elapsed="0.016516"/>
</kw>
<kw name="Get From List" owner="Collections">
<msg time="2025-01-24T00:25:11.359750" level="INFO">${item_name} = Bitfinex Borrow</msg>
<var>${item_name}</var>
<arg>${expected_sub_menu_name_list}</arg>
<arg>${counter}</arg>
<doc>Returns the value specified with an ``index`` from ``list``.</doc>
<status status="PASS" start="2025-01-24T00:25:11.359371" elapsed="0.000426"/>
</kw>
<kw name="Should Be Equal" owner="BuiltIn">
<arg>${sub_menu_name}</arg>
<arg>${item_name}</arg>
<doc>Fails if the given objects are unequal.</doc>
<status status="PASS" start="2025-01-24T00:25:11.359997" elapsed="0.000337"/>
</kw>
<status status="PASS" start="2025-01-24T00:25:11.342397" elapsed="0.018028"/>
</branch>
<branch type="EXCEPT">
<kw name="Append To List" owner="Collections">
<arg>${results}</arg>
<arg>${sub_menu_name} != ${item_name}</arg>
<doc>Adds ``values`` to the end of ``list``.</doc>
<status status="NOT RUN" start="2025-01-24T00:25:11.360685" elapsed="0.000055"/>
</kw>
<status status="NOT RUN" start="2025-01-24T00:25:11.360523" elapsed="0.000299"/>
</branch>
<status status="PASS" start="2025-01-24T00:25:11.342353" elapsed="0.018542"/>
</try>
<kw name="Evaluate" owner="BuiltIn">
<msg time="2025-01-24T00:25:11.361378" level="INFO">${counter} = 2</msg>
<var>${counter}</var>
<arg>${counter} + 1</arg>
<doc>Evaluates the given expression in Python and returns the result.</doc>
<status status="PASS" start="2025-01-24T00:25:11.361039" elapsed="0.000386"/>
</kw>
<var name="${element}">xpath=//div[contains(@class, 'header_popover_menu')]//a &gt;&gt; nth=1</var>
<status status="PASS" start="2025-01-24T00:25:11.342278" elapsed="0.019235"/>
</iter>
<var>${element}</var>
<value>@{sub_menu_elements}</value>
<status status="PASS" start="2025-01-24T00:25:11.322913" elapsed="0.038686"/>
</for>
<arg>${expected_sub_menu_name_list}</arg>
<arg>${results}</arg>
<status status="PASS" start="2025-01-24T00:25:11.309789" elapsed="0.051942"/>
</kw>
<kw name="Run Keyword If" owner="BuiltIn">
<arg>${results}</arg>
<arg>Fail</arg>
<arg>FAIL: Menu: ${menu_name} - Element: ${results}</arg>
<doc>Runs the given keyword with the given arguments, if ``condition`` is true.</doc>
<status status="PASS" start="2025-01-24T00:25:11.361933" elapsed="0.000216"/>
</kw>
<arg>${menu_name}</arg>
<arg>${expected_sub_menu_name_list}</arg>
<status status="PASS" start="2025-01-24T00:25:11.252301" elapsed="0.109984"/>
</kw>
<arg>Validate Sub-Menu Under Menu And Log Result</arg>
<arg>${menu_name}</arg>
<arg>${expected_sub_menu_name_list}</arg>
<doc>Runs the keyword and continues execution even if a failure occurs.</doc>
<status status="PASS" start="2025-01-24T00:25:11.251963" elapsed="0.110430"/>
</kw>
<arg>Lenders</arg>
<arg>${sub_menu_name_list}</arg>
<status status="PASS" start="2025-01-24T00:25:11.251437" elapsed="0.111079"/>
</kw>
<kw name="Create List" owner="BuiltIn">
<msg time="2025-01-24T00:25:11.363044" level="INFO">${sub_menu_name_list} = ['About Bitfinex', 'Blog', 'Press', 'Newsletter', 'Status page', 'Utilities']</msg>
<var>${sub_menu_name_list}</var>
<arg>About Bitfinex</arg>
<arg>Blog</arg>
<arg>Press</arg>
<arg>Newsletter</arg>
<arg>Status page</arg>
<arg>Utilities</arg>
<doc>Returns a list containing given items.</doc>
<status status="PASS" start="2025-01-24T00:25:11.362774" elapsed="0.000318"/>
</kw>
<kw name="Check Sub-menu Under Menu" owner="Home">
<kw name="Run Keyword And Continue On Failure" owner="BuiltIn">
<kw name="Validate Sub-Menu Under Menu And Log Result" owner="Home">
<kw name="Create List" owner="BuiltIn">
<msg time="2025-01-24T00:25:11.364976" level="INFO">${results} = []</msg>
<var>${results}</var>
<doc>Returns a list containing given items.</doc>
<status status="PASS" start="2025-01-24T00:25:11.364758" elapsed="0.000265"/>
</kw>
<kw name="Hover Menu" owner="Home">
<kw name="Replace String" owner="String">
<msg time="2025-01-24T00:25:11.366033" level="INFO">${menu_locator} = xpath=//span[@class='header_item-title'][normalize-space()='About']</msg>
<var>${menu_locator}</var>
<arg>${menu_locator_template}</arg>
<arg>{}</arg>
<arg>${menu_name}</arg>
<doc>Replaces ``search_for`` in the given ``string`` with ``replace_with``.</doc>
<status status="PASS" start="2025-01-24T00:25:11.365684" elapsed="0.000398"/>
</kw>
<kw name="Hover" owner="Browser">
<arg>${menu_locator}</arg>
<tag>PageContent</tag>
<tag>Setter</tag>
<doc>Moves the virtual mouse and scrolls to the element found by ``selector``.</doc>
<status status="PASS" start="2025-01-24T00:25:11.366290" elapsed="0.059343"/>
</kw>
<arg>${menu_name}</arg>
<status status="PASS" start="2025-01-24T00:25:11.365247" elapsed="0.060667"/>
</kw>
<kw name="Validate Sub-Menu Under Menu" owner="Home">
<kw name="Get Elements" owner="Browser">
<msg time="2025-01-24T00:25:11.438931" level="INFO">Found locator('//div[contains(@class, \'header_popover_menu\')]//a').first(),locator('//div[contains(@class, \'header_popover_menu\')]//a').nth(1),locator('//div[contains(@class, \'header_popover_menu\')]//a').nth(2),locator('//div[contains(@class, \'header_popover_menu\')]//a').nth(3),locator('//div[contains(@class, \'header_popover_menu\')]//a').nth(4),locator('//div[contains(@class, \'header_popover_menu\')]//a').nth(5) Locators successfully.</msg>
<msg time="2025-01-24T00:25:11.439272" level="INFO">${sub_menu_elements} = ["xpath=//div[contains(@class, 'header_popover_menu')]//a &gt;&gt; nth=0", "xpath=//div[contains(@class, 'header_popover_menu')]//a &gt;&gt; nth=1", "xpath=//div[contains(@class, 'header_popover_menu')]//a &gt;&gt; nth...</msg>
<var>${sub_menu_elements}</var>
<arg>${sub_menu_locator}</arg>
<tag>Getter</tag>
<tag>PageContent</tag>
<doc>Returns a reference to Playwright [https://playwright.dev/docs/api/class-locator|Locator]
for all matched elements by ``selector``.</doc>
<status status="PASS" start="2025-01-24T00:25:11.426940" elapsed="0.012385"/>
</kw>
<kw name="Set Variable" owner="BuiltIn">
<msg time="2025-01-24T00:25:11.439877" level="INFO">${counter} = 0</msg>
<var>${counter}</var>
<arg>0</arg>
<doc>Returns the given values which can then be assigned to a variables.</doc>
<status status="PASS" start="2025-01-24T00:25:11.439604" elapsed="0.000319"/>
</kw>
<for flavor="IN">
<iter>
<try>
<branch type="TRY">
<kw name="Get Text" owner="Browser">
<msg time="2025-01-24T00:25:11.454674" level="INFO">Text: 'About Bitfinex'</msg>
<msg time="2025-01-24T00:25:11.454915" level="INFO">${sub_menu_name} = About Bitfinex</msg>
<var>${sub_menu_name}</var>
<arg>${element}</arg>
<tag>Assertion</tag>
<tag>Getter</tag>
<tag>PageContent</tag>
<doc>Returns text attribute of the element found by ``selector``.</doc>
<status status="PASS" start="2025-01-24T00:25:11.440793" elapsed="0.014178"/>
</kw>
<kw name="Get From List" owner="Collections">
<msg time="2025-01-24T00:25:11.455787" level="INFO">${item_name} = About Bitfinex</msg>
<var>${item_name}</var>
<arg>${expected_sub_menu_name_list}</arg>
<arg>${counter}</arg>
<doc>Returns the value specified with an ``index`` from ``list``.</doc>
<status status="PASS" start="2025-01-24T00:25:11.455359" elapsed="0.000477"/>
</kw>
<kw name="Should Be Equal" owner="BuiltIn">
<arg>${sub_menu_name}</arg>
<arg>${item_name}</arg>
<doc>Fails if the given objects are unequal.</doc>
<status status="PASS" start="2025-01-24T00:25:11.456058" elapsed="0.000344"/>
</kw>
<status status="PASS" start="2025-01-24T00:25:11.440602" elapsed="0.015892"/>
</branch>
<branch type="EXCEPT">
<kw name="Append To List" owner="Collections">
<arg>${results}</arg>
<arg>${sub_menu_name} != ${item_name}</arg>
<doc>Adds ``values`` to the end of ``list``.</doc>
<status status="NOT RUN" start="2025-01-24T00:25:11.456756" elapsed="0.000055"/>
</kw>
<status status="NOT RUN" start="2025-01-24T00:25:11.456595" elapsed="0.000296"/>
</branch>
<status status="PASS" start="2025-01-24T00:25:11.440554" elapsed="0.016408"/>
</try>
<kw name="Evaluate" owner="BuiltIn">
<msg time="2025-01-24T00:25:11.457467" level="INFO">${counter} = 1</msg>
<var>${counter}</var>
<arg>${counter} + 1</arg>
<doc>Evaluates the given expression in Python and returns the result.</doc>
<status status="PASS" start="2025-01-24T00:25:11.457112" elapsed="0.000403"/>
</kw>
<var name="${element}">xpath=//div[contains(@class, 'header_popover_menu')]//a &gt;&gt; nth=0</var>
<status status="PASS" start="2025-01-24T00:25:11.440457" elapsed="0.017147"/>
</iter>
<iter>
<try>
<branch type="TRY">
<kw name="Get Text" owner="Browser">
<msg time="2025-01-24T00:25:11.471203" level="INFO">Text: 'Blog'</msg>
<msg time="2025-01-24T00:25:11.471418" level="INFO">${sub_menu_name} = Blog</msg>
<var>${sub_menu_name}</var>
<arg>${element}</arg>
<tag>Assertion</tag>
<tag>Getter</tag>
<tag>PageContent</tag>
<doc>Returns text attribute of the element found by ``selector``.</doc>
<status status="PASS" start="2025-01-24T00:25:11.458179" elapsed="0.013290"/>
</kw>
<kw name="Get From List" owner="Collections">
<msg time="2025-01-24T00:25:11.472140" level="INFO">${item_name} = Blog</msg>
<var>${item_name}</var>
<arg>${expected_sub_menu_name_list}</arg>
<arg>${counter}</arg>
<doc>Returns the value specified with an ``index`` from ``list``.</doc>
<status status="PASS" start="2025-01-24T00:25:11.471756" elapsed="0.000430"/>
</kw>
<kw name="Should Be Equal" owner="BuiltIn">
<arg>${sub_menu_name}</arg>
<arg>${item_name}</arg>
<doc>Fails if the given objects are unequal.</doc>
<status status="PASS" start="2025-01-24T00:25:11.472394" elapsed="0.000339"/>
</kw>
<status status="PASS" start="2025-01-24T00:25:11.458003" elapsed="0.014823"/>
</branch>
<branch type="EXCEPT">
<kw name="Append To List" owner="Collections">
<arg>${results}</arg>
<arg>${sub_menu_name} != ${item_name}</arg>
<doc>Adds ``values`` to the end of ``list``.</doc>
<status status="NOT RUN" start="2025-01-24T00:25:11.473088" elapsed="0.000055"/>
</kw>
<status status="NOT RUN" start="2025-01-24T00:25:11.472927" elapsed="0.000297"/>
</branch>
<status status="PASS" start="2025-01-24T00:25:11.457958" elapsed="0.015338"/>
</try>
<kw name="Evaluate" owner="BuiltIn">
<msg time="2025-01-24T00:25:11.473796" level="INFO">${counter} = 2</msg>
<var>${counter}</var>
<arg>${counter} + 1</arg>
<doc>Evaluates the given expression in Python and returns the result.</doc>
<status status="PASS" start="2025-01-24T00:25:11.473444" elapsed="0.000401"/>
</kw>
<var name="${element}">xpath=//div[contains(@class, 'header_popover_menu')]//a &gt;&gt; nth=1</var>
<status status="PASS" start="2025-01-24T00:25:11.457882" elapsed="0.016052"/>
</iter>
<iter>
<try>
<branch type="TRY">
<kw name="Get Text" owner="Browser">
<msg time="2025-01-24T00:25:11.489527" level="INFO">Text: 'Press'</msg>
<msg time="2025-01-24T00:25:11.489736" level="INFO">${sub_menu_name} = Press</msg>
<var>${sub_menu_name}</var>
<arg>${element}</arg>
<tag>Assertion</tag>
<tag>Getter</tag>
<tag>PageContent</tag>
<doc>Returns text attribute of the element found by ``selector``.</doc>
<status status="PASS" start="2025-01-24T00:25:11.474507" elapsed="0.015279"/>
</kw>
<kw name="Get From List" owner="Collections">
<msg time="2025-01-24T00:25:11.490452" level="INFO">${item_name} = Press</msg>
<var>${item_name}</var>
<arg>${expected_sub_menu_name_list}</arg>
<arg>${counter}</arg>
<doc>Returns the value specified with an ``index`` from ``list``.</doc>
<status status="PASS" start="2025-01-24T00:25:11.490064" elapsed="0.000435"/>
</kw>
<kw name="Should Be Equal" owner="BuiltIn">
<arg>${sub_menu_name}</arg>
<arg>${item_name}</arg>
<doc>Fails if the given objects are unequal.</doc>
<status status="PASS" start="2025-01-24T00:25:11.490702" elapsed="0.000325"/>
</kw>
<status status="PASS" start="2025-01-24T00:25:11.474335" elapsed="0.016782"/>
</branch>
<branch type="EXCEPT">
<kw name="Append To List" owner="Collections">
<arg>${results}</arg>
<arg>${sub_menu_name} != ${item_name}</arg>
<doc>Adds ``values`` to the end of ``list``.</doc>
<status status="NOT RUN" start="2025-01-24T00:25:11.491369" elapsed="0.000054"/>
</kw>
<status status="NOT RUN" start="2025-01-24T00:25:11.491214" elapsed="0.000286"/>
</branch>
<status status="PASS" start="2025-01-24T00:25:11.474289" elapsed="0.017282"/>
</try>
<kw name="Evaluate" owner="BuiltIn">
<msg time="2025-01-24T00:25:11.492040" level="INFO">${counter} = 3</msg>
<var>${counter}</var>
<arg>${counter} + 1</arg>
<doc>Evaluates the given expression in Python and returns the result.</doc>
<status status="PASS" start="2025-01-24T00:25:11.491713" elapsed="0.000372"/>
</kw>
<var name="${element}">xpath=//div[contains(@class, 'header_popover_menu')]//a &gt;&gt; nth=2</var>
<status status="PASS" start="2025-01-24T00:25:11.474212" elapsed="0.017958"/>
</iter>
<iter>
<try>
<branch type="TRY">
<kw name="Get Text" owner="Browser">
<msg time="2025-01-24T00:25:11.505293" level="INFO">Text: 'Bitfinex Alpha'</msg>
<msg time="2025-01-24T00:25:11.505516" level="INFO">${sub_menu_name} = Bitfinex Alpha</msg>
<var>${sub_menu_name}</var>
<arg>${element}</arg>
<tag>Assertion</tag>
<tag>Getter</tag>
<tag>PageContent</tag>
<doc>Returns text attribute of the element found by ``selector``.</doc>
<status status="PASS" start="2025-01-24T00:25:11.492797" elapsed="0.012768"/>
</kw>
<kw name="Get From List" owner="Collections">
<msg time="2025-01-24T00:25:11.506217" level="INFO">${item_name} = Newsletter</msg>
<var>${item_name}</var>
<arg>${expected_sub_menu_name_list}</arg>
<arg>${counter}</arg>
<doc>Returns the value specified with an ``index`` from ``list``.</doc>
<status status="PASS" start="2025-01-24T00:25:11.505856" elapsed="0.000406"/>
</kw>
<kw name="Should Be Equal" owner="BuiltIn">
<msg time="2025-01-24T00:25:11.506844" level="FAIL">Bitfinex Alpha != Newsletter</msg>
<arg>${sub_menu_name}</arg>
<arg>${item_name}</arg>
<doc>Fails if the given objects are unequal.</doc>
<status status="FAIL" start="2025-01-24T00:25:11.506461" elapsed="0.000484">Bitfinex Alpha != Newsletter</status>
</kw>
<status status="FAIL" start="2025-01-24T00:25:11.492633" elapsed="0.014488">Bitfinex Alpha != Newsletter</status>
</branch>
<branch type="EXCEPT">
<kw name="Append To List" owner="Collections">
<arg>${results}</arg>
<arg>${sub_menu_name} != ${item_name}</arg>
<doc>Adds ``values`` to the end of ``list``.</doc>
<status status="PASS" start="2025-01-24T00:25:11.507437" elapsed="0.000413"/>
</kw>
<status status="PASS" start="2025-01-24T00:25:11.507257" elapsed="0.000684"/>
</branch>
<status status="PASS" start="2025-01-24T00:25:11.492590" elapsed="0.015426"/>
</try>
<kw name="Evaluate" owner="BuiltIn">
<msg time="2025-01-24T00:25:11.508511" level="INFO">${counter} = 4</msg>
<var>${counter}</var>
<arg>${counter} + 1</arg>
<doc>Evaluates the given expression in Python and returns the result.</doc>
<status status="PASS" start="2025-01-24T00:25:11.508164" elapsed="0.000392"/>
</kw>
<var name="${element}">xpath=//div[contains(@class, 'header_popover_menu')]//a &gt;&gt; nth=3</var>
<status status="PASS" start="2025-01-24T00:25:11.492513" elapsed="0.016126"/>
</iter>
<iter>
<try>
<branch type="TRY">
<kw name="Get Text" owner="Browser">
<msg time="2025-01-24T00:25:11.523113" level="INFO">Text: 'Status page'</msg>
<msg time="2025-01-24T00:25:11.523319" level="INFO">${sub_menu_name} = Status page</msg>
<var>${sub_menu_name}</var>
<arg>${element}</arg>
<tag>Assertion</tag>
<tag>Getter</tag>
<tag>PageContent</tag>
<doc>Returns text attribute of the element found by ``selector``.</doc>
<status status="PASS" start="2025-01-24T00:25:11.509159" elapsed="0.014207"/>
</kw>
<kw name="Get From List" owner="Collections">
<msg time="2025-01-24T00:25:11.524088" level="INFO">${item_name} = Status page</msg>
<var>${item_name}</var>
<arg>${expected_sub_menu_name_list}</arg>
<arg>${counter}</arg>
<doc>Returns the value specified with an ``index`` from ``list``.</doc>
<status status="PASS" start="2025-01-24T00:25:11.523664" elapsed="0.000471"/>
</kw>
<kw name="Should Be Equal" owner="BuiltIn">
<arg>${sub_menu_name}</arg>
<arg>${item_name}</arg>
<doc>Fails if the given objects are unequal.</doc>
<status status="PASS" start="2025-01-24T00:25:11.524338" elapsed="0.000314"/>
</kw>
<status status="PASS" start="2025-01-24T00:25:11.509005" elapsed="0.015733"/>
</branch>
<branch type="EXCEPT">
<kw name="Append To List" owner="Collections">
<arg>${results}</arg>
<arg>${sub_menu_name} != ${item_name}</arg>
<doc>Adds ``values`` to the end of ``list``.</doc>
<status status="NOT RUN" start="2025-01-24T00:25:11.524988" elapsed="0.000053"/>
</kw>
<status status="NOT RUN" start="2025-01-24T00:25:11.524830" elapsed="0.000285"/>
</branch>
<status status="PASS" start="2025-01-24T00:25:11.508965" elapsed="0.016217"/>
</try>
<kw name="Evaluate" owner="BuiltIn">
<msg time="2025-01-24T00:25:11.525628" level="INFO">${counter} = 5</msg>
<var>${counter}</var>
<arg>${counter} + 1</arg>
<doc>Evaluates the given expression in Python and returns the result.</doc>
<status status="PASS" start="2025-01-24T00:25:11.525316" elapsed="0.000355"/>
</kw>
<var name="${element}">xpath=//div[contains(@class, 'header_popover_menu')]//a &gt;&gt; nth=4</var>
<status status="PASS" start="2025-01-24T00:25:11.508896" elapsed="0.016855"/>
</iter>
<iter>
<try>
<branch type="TRY">
<kw name="Get Text" owner="Browser">
<msg time="2025-01-24T00:25:11.540778" level="INFO">Text: 'Utilities'</msg>
<msg time="2025-01-24T00:25:11.540978" level="INFO">${sub_menu_name} = Utilities</msg>
<var>${sub_menu_name}</var>
<arg>${element}</arg>
<tag>Assertion</tag>
<tag>Getter</tag>
<tag>PageContent</tag>
<doc>Returns text attribute of the element found by ``selector``.</doc>
<status status="PASS" start="2025-01-24T00:25:11.526257" elapsed="0.014768"/>
</kw>
<kw name="Get From List" owner="Collections">
<msg time="2025-01-24T00:25:11.541659" level="INFO">${item_name} = Utilities</msg>
<var>${item_name}</var>
<arg>${expected_sub_menu_name_list}</arg>
<arg>${counter}</arg>
<doc>Returns the value specified with an ``index`` from ``list``.</doc>
<status status="PASS" start="2025-01-24T00:25:11.541298" elapsed="0.000405"/>
</kw>
<kw name="Should Be Equal" owner="BuiltIn">
<arg>${sub_menu_name}</arg>
<arg>${item_name}</arg>
<doc>Fails if the given objects are unequal.</doc>
<status status="PASS" start="2025-01-24T00:25:11.541895" elapsed="0.000322"/>
</kw>
<status status="PASS" start="2025-01-24T00:25:11.526104" elapsed="0.016201"/>
</branch>
<branch type="EXCEPT">
<kw name="Append To List" owner="Collections">
<arg>${results}</arg>
<arg>${sub_menu_name} != ${item_name}</arg>
<doc>Adds ``values`` to the end of ``list``.</doc>
<status status="NOT RUN" start="2025-01-24T00:25:11.542550" elapsed="0.000052"/>
</kw>
<status status="NOT RUN" start="2025-01-24T00:25:11.542399" elapsed="0.000279"/>
</branch>
<status status="PASS" start="2025-01-24T00:25:11.526065" elapsed="0.016680"/>
</try>
<kw name="Evaluate" owner="BuiltIn">
<msg time="2025-01-24T00:25:11.543199" level="INFO">${counter} = 6</msg>
<var>${counter}</var>
<arg>${counter} + 1</arg>
<doc>Evaluates the given expression in Python and returns the result.</doc>
<status status="PASS" start="2025-01-24T00:25:11.542883" elapsed="0.000360"/>
</kw>
<var name="${element}">xpath=//div[contains(@class, 'header_popover_menu')]//a &gt;&gt; nth=5</var>
<status status="PASS" start="2025-01-24T00:25:11.525997" elapsed="0.017329"/>
</iter>
<var>${element}</var>
<value>@{sub_menu_elements}</value>
<status status="PASS" start="2025-01-24T00:25:11.440041" elapsed="0.103364"/>
</for>
<arg>${expected_sub_menu_name_list}</arg>
<arg>${results}</arg>
<status status="PASS" start="2025-01-24T00:25:11.426345" elapsed="0.117184"/>
</kw>
<kw name="Run Keyword If" owner="BuiltIn">
<kw name="Fail" owner="BuiltIn">
<msg time="2025-01-24T00:25:11.544344" level="FAIL">FAIL: Menu: About - Element: ['Bitfinex Alpha != Newsletter']</msg>
<arg>FAIL: Menu: ${menu_name} - Element: ${results}</arg>
<doc>Fails the test with the given message and optionally alters its tags.</doc>
<status status="FAIL" start="2025-01-24T00:25:11.544002" elapsed="0.000440">FAIL: Menu: About - Element: ['Bitfinex Alpha != Newsletter']</status>
</kw>
<arg>${results}</arg>
<arg>Fail</arg>
<arg>FAIL: Menu: ${menu_name} - Element: ${results}</arg>
<doc>Runs the given keyword with the given arguments, if ``condition`` is true.</doc>
<status status="FAIL" start="2025-01-24T00:25:11.543714" elapsed="0.000824">FAIL: Menu: About - Element: ['Bitfinex Alpha != Newsletter']</status>
</kw>
<arg>${menu_name}</arg>
<arg>${expected_sub_menu_name_list}</arg>
<status status="FAIL" start="2025-01-24T00:25:11.364244" elapsed="0.180464">FAIL: Menu: About - Element: ['Bitfinex Alpha != Newsletter']</status>
</kw>
<arg>Validate Sub-Menu Under Menu And Log Result</arg>
<arg>${menu_name}</arg>
<arg>${expected_sub_menu_name_list}</arg>
<doc>Runs the keyword and continues execution even if a failure occurs.</doc>
<status status="FAIL" start="2025-01-24T00:25:11.363929" elapsed="0.180894">FAIL: Menu: About - Element: ['Bitfinex Alpha != Newsletter']</status>
</kw>
<arg>About</arg>
<arg>${sub_menu_name_list}</arg>
<status status="FAIL" start="2025-01-24T00:25:11.363430" elapsed="0.181631">FAIL: Menu: About - Element: ['Bitfinex Alpha != Newsletter']</status>
</kw>
<kw name="Close Browser" owner="Browser">
<msg time="2025-01-24T00:25:11.792454" level="INFO">Closed browser</msg>
<tag>BrowserControl</tag>
<tag>Setter</tag>
<doc>Closes the current browser.</doc>
<status status="PASS" start="2025-01-24T00:25:11.545312" elapsed="0.247473"/>
</kw>
<status status="FAIL" start="2025-01-24T00:25:04.451843" elapsed="7.341544">Several failures occurred:

1) FAIL: Menu: Traders - Element: ['Debit/Credit On-ramp != Payment Cards']

2) FAIL: Menu: About - Element: ['Bitfinex Alpha != Newsletter']</status>
</test>
<test id="s1-t2" name="Test2" line="22">
<kw name="Open New Browser" owner="Common">
<kw name="New Browser" owner="Browser">
<msg time="2025-01-24T00:25:11.816447" level="INFO">{"browser": "chromium", "headless": false, "chromiumSandbox": false, "devtools": false, "handleSIGHUP": true, "handleSIGINT": true, "handleSIGTERM": true, "slowMo": 0.0, "timeout": 30000.0, "tracesDir": "/Users/thaonguyen/Documents/code/RF/automation/browser/traces/078c41d9-26a8-41e4-a29b-7e7ecedabb23"}</msg>
<msg time="2025-01-24T00:25:12.384559" level="INFO">Successfully created browser with options: {"browser":"chromium","headless":false,"chromiumSandbox":false,"devtools":false,"handleSIGHUP":true,"handleSIGINT":true,"handleSIGTERM":true,"slowMo":0,"timeout":30000,"tracesDir":"/Users/thaonguyen/Documents/code/RF/automation/browser/traces/078c41d9-26a8-41e4-a29b-7e7ecedabb23"}</msg>
<arg>headless=False</arg>
<tag>BrowserControl</tag>
<tag>Setter</tag>
<doc>Create a new playwright Browser with specified options.</doc>
<status status="PASS" start="2025-01-24T00:25:11.814827" elapsed="0.569940"/>
</kw>
<kw name="New Page" owner="Browser">
<msg time="2025-01-24T00:25:14.211556" level="INFO">Successfully initialized new page object and opened url: https://www.bitfinex.com/</msg>
<msg time="2025-01-24T00:25:14.211658" level="INFO">No context was open. New context was automatically opened when this page is created.</msg>
<arg>${site_url}</arg>
<tag>BrowserControl</tag>
<tag>Setter</tag>
<doc>Open a new Page.</doc>
<status status="PASS" start="2025-01-24T00:25:12.385039" elapsed="1.827017"/>
</kw>
<status status="PASS" start="2025-01-24T00:25:11.813687" elapsed="2.398561"/>
</kw>
<kw name="Create List" owner="BuiltIn">
<msg time="2025-01-24T00:25:14.213306" level="INFO">@{link_menu_name_list} = [ Blog | Newsletter | Status page ]</msg>
<var>@{link_menu_name_list}</var>
<arg>Blog</arg>
<arg>Newsletter</arg>
<arg>Status page</arg>
<doc>Returns a list containing given items.</doc>
<status status="PASS" start="2025-01-24T00:25:14.212573" elapsed="0.000798"/>
</kw>
<kw name="Check Link Under Menu" owner="Home">
<kw name="Run Keyword And Continue On Failure" owner="BuiltIn">
<kw name="Validate Link Under Menu And Log Result" owner="Home">
<kw name="Create List" owner="BuiltIn">
<msg time="2025-01-24T00:25:14.216112" level="INFO">${missing_elements} = []</msg>
<var>${missing_elements}</var>
<doc>Returns a list containing given items.</doc>
<status status="PASS" start="2025-01-24T00:25:14.215858" elapsed="0.000343"/>
</kw>
<for flavor="IN">
<iter>
<kw name="Hover Menu" owner="Home">
<kw name="Replace String" owner="String">
<msg time="2025-01-24T00:25:14.218152" level="INFO">${menu_locator} = xpath=//span[@class='header_item-title'][normalize-space()='About']</msg>
<var>${menu_locator}</var>
<arg>${menu_locator_template}</arg>
<arg>{}</arg>
<arg>${menu_name}</arg>
<doc>Replaces ``search_for`` in the given ``string`` with ``replace_with``.</doc>
<status status="PASS" start="2025-01-24T00:25:14.217659" elapsed="0.000560"/>
</kw>
<kw name="Hover" owner="Browser">
<arg>${menu_locator}</arg>
<tag>PageContent</tag>
<tag>Setter</tag>
<doc>Moves the virtual mouse and scrolls to the element found by ``selector``.</doc>
<status status="PASS" start="2025-01-24T00:25:14.218552" elapsed="1.547567"/>
</kw>
<arg>${menu_name}</arg>
<status status="PASS" start="2025-01-24T00:25:14.217146" elapsed="1.549170"/>
</kw>
<kw name="Validate Link Under Menu" owner="Home">
<kw name="Replace String" owner="String">
<msg time="2025-01-24T00:25:15.767852" level="INFO">${link_menu_locator} = xpath=//li[@class='header_menu_item header_menu_item__external']//a[contains(text(),'Blog')]</msg>
<var>${link_menu_locator}</var>
<arg>${link_menu_xpath_template}</arg>
<arg>{}</arg>
<arg>${element}</arg>
<doc>Replaces ``search_for`` in the given ``string`` with ``replace_with``.</doc>
<status status="PASS" start="2025-01-24T00:25:15.767402" elapsed="0.000504"/>
</kw>
<kw name="Run Keyword And Return Status" owner="BuiltIn">
<kw name="Get Element" owner="Browser">
<msg time="2025-01-24T00:25:15.776966" level="INFO">Locator found successfully.</msg>
<arg>${link_menu_locator}</arg>
<tag>Getter</tag>
<tag>PageContent</tag>
<doc>Returns a reference to a Playwright [https://playwright.dev/docs/api/class-locator|Locator].</doc>
<status status="PASS" start="2025-01-24T00:25:15.768650" elapsed="0.008528"/>
</kw>
<msg time="2025-01-24T00:25:15.777406" level="INFO">${element_exists} = True</msg>
<var>${element_exists}</var>
<arg>Get Element</arg>
<arg>${link_menu_locator}</arg>
<doc>Runs the given keyword with given arguments and returns the status as a Boolean value.</doc>
<status status="PASS" start="2025-01-24T00:25:15.768277" elapsed="0.009174"/>
</kw>
<if>
<branch type="IF" condition="${element_exists}">
<kw name="Click With Options" owner="Browser">
<msg time="2025-01-24T00:25:15.778553" level="INFO">Clicks the element 'xpath=//li[@class='header_menu_item header_menu_item__external']//a[contains(text(),'Blog')]'.</msg>
<arg>${link_menu_locator}</arg>
<arg>force=True</arg>
<tag>PageContent</tag>
<tag>Setter</tag>
<doc>Simulates mouse click on the element found by ``selector``.</doc>
<status status="PASS" start="2025-01-24T00:25:15.777921" elapsed="0.070800"/>
</kw>
<kw name="Wait For Load State" owner="Browser">
<msg time="2025-01-24T00:25:15.850557" level="INFO">Waiting page load to state to receive load in 10000.0</msg>
<msg time="2025-01-24T00:25:15.855282" level="INFO">Load state load got in 10000</msg>
<tag>PageContent</tag>
<tag>Wait</tag>
<doc>Waits that the page reaches the required load state.</doc>
<status status="PASS" start="2025-01-24T00:25:15.849284" elapsed="0.006204"/>
</kw>
<kw name="Switch Page" owner="Browser">
<msg time="2025-01-24T00:25:15.856555" level="INFO">Switching to page NEW,context CURRENT, browser CURRENT</msg>
<msg time="2025-01-24T00:25:15.924520" level="INFO">Activated new page page=54f6ad22-b601-4c1e-b4cb-5b594cd57249</msg>
<arg>NEW</arg>
<tag>BrowserControl</tag>
<tag>Setter</tag>
<doc>Switches the active browser page to another open page by ``id`` or ``NEW``.</doc>
<status status="PASS" start="2025-01-24T00:25:15.855779" elapsed="0.069040"/>
</kw>
<kw name="Get Url" owner="Browser">
<msg time="2025-01-24T00:25:15.929455" level="INFO">${new_url} = https://blog.bitfinex.com/</msg>
<var>${new_url}</var>
<tag>Assertion</tag>
<tag>Getter</tag>
<tag>PageContent</tag>
<doc>Returns the current URL.</doc>
<status status="PASS" start="2025-01-24T00:25:15.925299" elapsed="0.004222"/>
</kw>
<kw name="Log" owner="BuiltIn">
<msg time="2025-01-24T00:25:15.930225" level="INFO">https://blog.bitfinex.com/</msg>
<arg>${new_url}</arg>
<doc>Logs the given message with the given level.</doc>
<status status="PASS" start="2025-01-24T00:25:15.929854" elapsed="0.000512"/>
</kw>
<kw name="Should Not Be Equal" owner="BuiltIn">
<arg>${new_url}</arg>
<arg>${site_url}</arg>
<doc>Fails if the given objects are equal.</doc>
<status status="PASS" start="2025-01-24T00:25:15.930612" elapsed="0.000364"/>
</kw>
<kw name="Close Page" owner="Browser">
<msg time="2025-01-24T00:25:16.226522" level="INFO">Switching browser to CURRENT</msg>
<msg time="2025-01-24T00:25:16.230237" level="INFO">Returned active browser id. CURRENT</msg>
<msg time="2025-01-24T00:25:16.231390" level="INFO">Switching browser to browser=80c5e86f-503f-4baf-98ca-f315f19a0717</msg>
<msg time="2025-01-24T00:25:16.235511" level="INFO">Successfully changed active browser: browser=80c5e86f-503f-4baf-98ca-f315f19a0717</msg>
<msg time="2025-01-24T00:25:16.235709" level="INFO">Switching context to CURRENT in CURRENT</msg>
<msg time="2025-01-24T00:25:16.240905" level="INFO">Returned active context id: CURRENT</msg>
<msg time="2025-01-24T00:25:16.241175" level="INFO">Switching context to context=098f9aeb-afc3-4f0c-90d1-d7ab822032fc in CURRENT</msg>
<msg time="2025-01-24T00:25:16.345671" level="INFO">Successfully changed active context: context=098f9aeb-afc3-4f0c-90d1-d7ab822032fc</msg>
<msg time="2025-01-24T00:25:16.398019" level="INFO">Successfully closed Page with runBeforeUnload false</msg>
<tag>BrowserControl</tag>
<tag>Setter</tag>
<doc>Closes the ``page`` in ``context`` in ``browser``.</doc>
<status status="PASS" start="2025-01-24T00:25:15.931190" elapsed="0.467075"/>
</kw>
<status status="PASS" start="2025-01-24T00:25:15.777618" elapsed="0.620783"/>
</branch>
<branch type="ELSE">
<kw name="Append To List" owner="Collections">
<arg>${missing_elements}</arg>
<arg>${element}</arg>
<doc>Adds ``values`` to the end of ``list``.</doc>
<status status="NOT RUN" start="2025-01-24T00:25:16.398710" elapsed="0.000063"/>
</kw>
<status status="NOT RUN" start="2025-01-24T00:25:16.398483" elapsed="0.000375"/>
</branch>
<status status="PASS" start="2025-01-24T00:25:15.777583" elapsed="0.621334"/>
</if>
<arg>${missing_elements}</arg>
<arg>${element}</arg>
<status status="PASS" start="2025-01-24T00:25:15.766731" elapsed="0.632282"/>
</kw>
<var name="${element}">Blog</var>
<status status="PASS" start="2025-01-24T00:25:14.216786" elapsed="2.182310"/>
</iter>
<iter>
<kw name="Hover Menu" owner="Home">
<kw name="Replace String" owner="String">
<msg time="2025-01-24T00:25:16.400351" level="INFO">${menu_locator} = xpath=//span[@class='header_item-title'][normalize-space()='About']</msg>
<var>${menu_locator}</var>
<arg>${menu_locator_template}</arg>
<arg>{}</arg>
<arg>${menu_name}</arg>
<doc>Replaces ``search_for`` in the given ``string`` with ``replace_with``.</doc>
<status status="PASS" start="2025-01-24T00:25:16.399996" elapsed="0.000406"/>
</kw>
<kw name="Hover" owner="Browser">
<arg>${menu_locator}</arg>
<tag>PageContent</tag>
<tag>Setter</tag>
<doc>Moves the virtual mouse and scrolls to the element found by ``selector``.</doc>
<status status="PASS" start="2025-01-24T00:25:16.400612" elapsed="0.096438"/>
</kw>
<arg>${menu_name}</arg>
<status status="PASS" start="2025-01-24T00:25:16.399510" elapsed="0.097916"/>
</kw>
<kw name="Validate Link Under Menu" owner="Home">
<kw name="Replace String" owner="String">
<msg time="2025-01-24T00:25:16.499506" level="INFO">${link_menu_locator} = xpath=//li[@class='header_menu_item header_menu_item__external']//a[contains(text(),'Newsletter')]</msg>
<var>${link_menu_locator}</var>
<arg>${link_menu_xpath_template}</arg>
<arg>{}</arg>
<arg>${element}</arg>
<doc>Replaces ``search_for`` in the given ``string`` with ``replace_with``.</doc>
<status status="PASS" start="2025-01-24T00:25:16.499075" elapsed="0.000490"/>
</kw>
<kw name="Run Keyword And Return Status" owner="BuiltIn">
<kw name="Get Element" owner="Browser">
<msg time="2025-01-24T00:25:26.674467" level="INFO" html="true">&lt;/td&gt;&lt;/tr&gt;&lt;tr&gt;&lt;td colspan="3"&gt;&lt;a href="browser/screenshot/fail-screenshot-1.png" target="_blank"&gt;&lt;img src="browser/screenshot/fail-screenshot-1.png" width="800px"/&gt;&lt;/a&gt;</msg>
<msg time="2025-01-24T00:25:26.674647" level="INFO">See also file:///Users/thaonguyen/Documents/code/RF/automation/playwright-log.txt for additional details.</msg>
<msg time="2025-01-24T00:25:26.675258" level="FAIL">TimeoutError: locator.waitFor: Timeout 10000ms exceeded.
Call log:
  - waiting for locator('//li[@class=\'header_menu_item header_menu_item__external\']//a[contains(text(),\'Newsletter\')]')
</msg>
<arg>${link_menu_locator}</arg>
<tag>Getter</tag>
<tag>PageContent</tag>
<doc>Returns a reference to a Playwright [https://playwright.dev/docs/api/class-locator|Locator].</doc>
<status status="FAIL" start="2025-01-24T00:25:16.500290" elapsed="10.189022">TimeoutError: locator.waitFor: Timeout 10000ms exceeded.
Call log:
  - waiting for locator('//li[@class=\'header_menu_item header_menu_item__external\']//a[contains(text(),\'Newsletter\')]')
</status>
</kw>
<msg time="2025-01-24T00:25:26.689577" level="INFO">${element_exists} = False</msg>
<var>${element_exists}</var>
<arg>Get Element</arg>
<arg>${link_menu_locator}</arg>
<doc>Runs the given keyword with given arguments and returns the status as a Boolean value.</doc>
<status status="PASS" start="2025-01-24T00:25:16.499971" elapsed="10.189652"/>
</kw>
<if>
<branch type="IF" condition="${element_exists}">
<kw name="Click With Options" owner="Browser">
<arg>${link_menu_locator}</arg>
<arg>force=True</arg>
<tag>PageContent</tag>
<tag>Setter</tag>
<doc>Simulates mouse click on the element found by ``selector``.</doc>
<status status="NOT RUN" start="2025-01-24T00:25:26.690073" elapsed="0.000057"/>
</kw>
<kw name="Wait For Load State" owner="Browser">
<tag>PageContent</tag>
<tag>Wait</tag>
<doc>Waits that the page reaches the required load state.</doc>
<status status="NOT RUN" start="2025-01-24T00:25:26.690344" elapsed="0.000053"/>
</kw>
<kw name="Switch Page" owner="Browser">
<arg>NEW</arg>
<tag>BrowserControl</tag>
<tag>Setter</tag>
<doc>Switches the active browser page to another open page by ``id`` or ``NEW``.</doc>
<status status="NOT RUN" start="2025-01-24T00:25:26.690574" elapsed="0.000050"/>
</kw>
<kw name="Get Url" owner="Browser">
<var>${new_url}</var>
<tag>Assertion</tag>
<tag>Getter</tag>
<tag>PageContent</tag>
<doc>Returns the current URL.</doc>
<status status="NOT RUN" start="2025-01-24T00:25:26.690797" elapsed="0.000049"/>
</kw>
<kw name="Log" owner="BuiltIn">
<arg>${new_url}</arg>
<doc>Logs the given message with the given level.</doc>
<status status="NOT RUN" start="2025-01-24T00:25:26.691022" elapsed="0.000050"/>
</kw>
<kw name="Should Not Be Equal" owner="BuiltIn">
<arg>${new_url}</arg>
<arg>${site_url}</arg>
<doc>Fails if the given objects are equal.</doc>
[...]
<arg>NEW</arg>
<tag>BrowserControl</tag>
<tag>Setter</tag>
<doc>Switches the active browser page to another open page by ``id`` or ``NEW``.</doc>
<status status="PASS" start="2025-01-24T00:25:28.377380" elapsed="0.145543"/>
</kw>
<kw name="Get Url" owner="Browser">
<msg time="2025-01-24T00:25:28.525992" level="INFO">${new_url} = https://leaderboard.bitfinex.com/</msg>
<var>${new_url}</var>
<tag>Assertion</tag>
<tag>Getter</tag>
<tag>PageContent</tag>
<doc>Returns the current URL.</doc>
<status status="PASS" start="2025-01-24T00:25:28.523230" elapsed="0.002827"/>
</kw>
<kw name="Log" owner="BuiltIn">
<msg time="2025-01-24T00:25:28.526590" level="INFO">https://leaderboard.bitfinex.com/</msg>
<arg>${new_url}</arg>
<doc>Logs the given message with the given level.</doc>
<status status="PASS" start="2025-01-24T00:25:28.526326" elapsed="0.000348"/>
</kw>
<kw name="Should Not Be Equal" owner="BuiltIn">
<arg>${new_url}</arg>
<arg>${site_url}</arg>
<doc>Fails if the given objects are equal.</doc>
<status status="PASS" start="2025-01-24T00:25:28.526879" elapsed="0.000348"/>
</kw>
<kw name="Close Page" owner="Browser">
<msg time="2025-01-24T00:25:28.547487" level="INFO">Switching browser to CURRENT</msg>
<msg time="2025-01-24T00:25:28.551284" level="INFO">Returned active browser id. CURRENT</msg>
<msg time="2025-01-24T00:25:28.553107" level="INFO">Switching browser to browser=80c5e86f-503f-4baf-98ca-f315f19a0717</msg>
<msg time="2025-01-24T00:25:28.557113" level="INFO">Successfully changed active browser: browser=80c5e86f-503f-4baf-98ca-f315f19a0717</msg>
<msg time="2025-01-24T00:25:28.557324" level="INFO">Switching context to CURRENT in CURRENT</msg>
<msg time="2025-01-24T00:25:28.563535" level="INFO">Returned active context id: CURRENT</msg>
<msg time="2025-01-24T00:25:28.563827" level="INFO">Switching context to context=098f9aeb-afc3-4f0c-90d1-d7ab822032fc in CURRENT</msg>
<msg time="2025-01-24T00:25:28.577368" level="INFO">Successfully changed active context: context=098f9aeb-afc3-4f0c-90d1-d7ab822032fc</msg>
<msg time="2025-01-24T00:25:28.614665" level="INFO">Successfully closed Page with runBeforeUnload false</msg>
<tag>BrowserControl</tag>
<tag>Setter</tag>
<doc>Closes the ``page`` in ``context`` in ``browser``.</doc>
<status status="PASS" start="2025-01-24T00:25:28.527525" elapsed="0.087379"/>
</kw>
<status status="PASS" start="2025-01-24T00:25:28.314581" elapsed="0.300453"/>
</branch>
<branch type="ELSE">
<kw name="Append To List" owner="Collections">
<arg>${missing_elements}</arg>
<arg>${element}</arg>
<doc>Adds ``values`` to the end of ``list``.</doc>
<status status="NOT RUN" start="2025-01-24T00:25:28.615340" elapsed="0.000061"/>
</kw>
<status status="NOT RUN" start="2025-01-24T00:25:28.615113" elapsed="0.000370"/>
</branch>
<status status="PASS" start="2025-01-24T00:25:28.314546" elapsed="0.300994"/>
</if>
<arg>${missing_elements}</arg>
<arg>${element}</arg>
<status status="PASS" start="2025-01-24T00:25:28.303299" elapsed="0.312337"/>
</kw>
<var name="${element}">Bitfinex Leaderboard</var>
<status status="PASS" start="2025-01-24T00:25:28.200479" elapsed="0.415238"/>
</iter>
<iter>
<kw name="Hover Menu" owner="Home">
<kw name="Replace String" owner="String">
<msg time="2025-01-24T00:25:28.617047" level="INFO">${menu_locator} = xpath=//span[@class='header_item-title'][normalize-space()='Traders']</msg>
<var>${menu_locator}</var>
<arg>${menu_locator_template}</arg>
<arg>{}</arg>
<arg>${menu_name}</arg>
<doc>Replaces ``search_for`` in the given ``string`` with ``replace_with``.</doc>
<status status="PASS" start="2025-01-24T00:25:28.616593" elapsed="0.000512"/>
</kw>
<kw name="Hover" owner="Browser">
<arg>${menu_locator}</arg>
<tag>PageContent</tag>
<tag>Setter</tag>
<doc>Moves the virtual mouse and scrolls to the element found by ``selector``.</doc>
<status status="PASS" start="2025-01-24T00:25:28.617394" elapsed="0.090919"/>
</kw>
<arg>${menu_name}</arg>
<status status="PASS" start="2025-01-24T00:25:28.616127" elapsed="0.092389"/>
</kw>
<kw name="Validate Link Under Menu" owner="Home">
<kw name="Replace String" owner="String">
<msg time="2025-01-24T00:25:28.709887" level="INFO">${link_menu_locator} = xpath=//li[@class='header_menu_item header_menu_item__external']//a[contains(text(),'Reporting Tool')]</msg>
<var>${link_menu_locator}</var>
<arg>${link_menu_xpath_template}</arg>
<arg>{}</arg>
<arg>${element}</arg>
<doc>Replaces ``search_for`` in the given ``string`` with ``replace_with``.</doc>
<status status="PASS" start="2025-01-24T00:25:28.709521" elapsed="0.000416"/>
</kw>
<kw name="Run Keyword And Return Status" owner="BuiltIn">
<kw name="Get Element" owner="Browser">
<msg time="2025-01-24T00:25:28.719044" level="INFO">Locator found successfully.</msg>
<arg>${link_menu_locator}</arg>
<tag>Getter</tag>
<tag>PageContent</tag>
<doc>Returns a reference to a Playwright [https://playwright.dev/docs/api/class-locator|Locator].</doc>
<status status="PASS" start="2025-01-24T00:25:28.710424" elapsed="0.008845"/>
</kw>
<msg time="2025-01-24T00:25:28.719505" level="INFO">${element_exists} = True</msg>
<var>${element_exists}</var>
<arg>Get Element</arg>
<arg>${link_menu_locator}</arg>
<doc>Runs the given keyword with given arguments and returns the status as a Boolean value.</doc>
<status status="PASS" start="2025-01-24T00:25:28.710159" elapsed="0.009392"/>
</kw>
<if>
<branch type="IF" condition="${element_exists}">
<kw name="Click With Options" owner="Browser">
<msg time="2025-01-24T00:25:28.720639" level="INFO">Clicks the element 'xpath=//li[@class='header_menu_item header_menu_item__external']//a[contains(text(),'Reporting Tool')]'.</msg>
<arg>${link_menu_locator}</arg>
<arg>force=True</arg>
<tag>PageContent</tag>
<tag>Setter</tag>
<doc>Simulates mouse click on the element found by ``selector``.</doc>
<status status="PASS" start="2025-01-24T00:25:28.720006" elapsed="0.052150"/>
</kw>
<kw name="Wait For Load State" owner="Browser">
<msg time="2025-01-24T00:25:28.773305" level="INFO">Waiting page load to state to receive load in 10000.0</msg>
<msg time="2025-01-24T00:25:28.777071" level="INFO">Load state load got in 10000</msg>
<tag>PageContent</tag>
<tag>Wait</tag>
<doc>Waits that the page reaches the required load state.</doc>
<status status="PASS" start="2025-01-24T00:25:28.772549" elapsed="0.004778"/>
</kw>
<kw name="Switch Page" owner="Browser">
<msg time="2025-01-24T00:25:28.778233" level="INFO">Switching to page NEW,context CURRENT, browser CURRENT</msg>
<msg time="2025-01-24T00:25:28.875824" level="INFO">Activated new page page=4c248511-434d-4efd-b597-d342e836caff</msg>
<arg>NEW</arg>
<tag>BrowserControl</tag>
<tag>Setter</tag>
<doc>Switches the active browser page to another open page by ``id`` or ``NEW``.</doc>
<status status="PASS" start="2025-01-24T00:25:28.777617" elapsed="0.098428"/>
</kw>
<kw name="Get Url" owner="Browser">
<msg time="2025-01-24T00:25:28.878869" level="INFO">${new_url} = https://reporting.bitfinex.com/</msg>
<var>${new_url}</var>
<tag>Assertion</tag>
<tag>Getter</tag>
<tag>PageContent</tag>
<doc>Returns the current URL.</doc>
<status status="PASS" start="2025-01-24T00:25:28.876431" elapsed="0.002492"/>
</kw>
<kw name="Log" owner="BuiltIn">
<msg time="2025-01-24T00:25:28.879387" level="INFO">https://reporting.bitfinex.com/</msg>
<arg>${new_url}</arg>
<doc>Logs the given message with the given level.</doc>
<status status="PASS" start="2025-01-24T00:25:28.879147" elapsed="0.000319"/>
</kw>
<kw name="Should Not Be Equal" owner="BuiltIn">
<arg>${new_url}</arg>
<arg>${site_url}</arg>
<doc>Fails if the given objects are equal.</doc>
<status status="PASS" start="2025-01-24T00:25:28.879654" elapsed="0.000323"/>
</kw>
<kw name="Close Page" owner="Browser">
<msg time="2025-01-24T00:25:28.914801" level="INFO">Switching browser to CURRENT</msg>
<msg time="2025-01-24T00:25:28.918996" level="INFO">Returned active browser id. CURRENT</msg>
<msg time="2025-01-24T00:25:28.920165" level="INFO">Switching browser to browser=80c5e86f-503f-4baf-98ca-f315f19a0717</msg>
<msg time="2025-01-24T00:25:28.923792" level="INFO">Successfully changed active browser: browser=80c5e86f-503f-4baf-98ca-f315f19a0717</msg>
<msg time="2025-01-24T00:25:28.924197" level="INFO">Switching context to CURRENT in CURRENT</msg>
<msg time="2025-01-24T00:25:28.933365" level="INFO">Returned active context id: CURRENT</msg>
<msg time="2025-01-24T00:25:28.935454" level="INFO">Switching context to context=098f9aeb-afc3-4f0c-90d1-d7ab822032fc in CURRENT</msg>
<msg time="2025-01-24T00:25:28.952999" level="INFO">Successfully changed active context: context=098f9aeb-afc3-4f0c-90d1-d7ab822032fc</msg>
<msg time="2025-01-24T00:25:28.983296" level="INFO">Successfully closed Page with runBeforeUnload false</msg>
<tag>BrowserControl</tag>
<tag>Setter</tag>
<doc>Closes the ``page`` in ``context`` in ``browser``.</doc>
<status status="PASS" start="2025-01-24T00:25:28.880350" elapsed="0.103204"/>
</kw>
<status status="PASS" start="2025-01-24T00:25:28.719715" elapsed="0.263971"/>
</branch>
<branch type="ELSE">
<kw name="Append To List" owner="Collections">
<arg>${missing_elements}</arg>
<arg>${element}</arg>
<doc>Adds ``values`` to the end of ``list``.</doc>
<status status="NOT RUN" start="2025-01-24T00:25:28.984008" elapsed="0.000063"/>
</kw>
<status status="NOT RUN" start="2025-01-24T00:25:28.983768" elapsed="0.000387"/>
</branch>
<status status="PASS" start="2025-01-24T00:25:28.719682" elapsed="0.264532"/>
</if>
<arg>${missing_elements}</arg>
<arg>${element}</arg>
<status status="PASS" start="2025-01-24T00:25:28.708932" elapsed="0.275382"/>
</kw>
<var name="${element}">Reporting Tool</var>
<status status="PASS" start="2025-01-24T00:25:28.615915" elapsed="0.368482"/>
</iter>
<var>${element}</var>
<value>@{sub_menu_link_name}</value>
<status status="PASS" start="2025-01-24T00:25:27.159244" elapsed="1.825234"/>
</for>
<kw name="Run Keyword If" owner="BuiltIn">
<arg>${missing_elements}</arg>
<arg>Fail</arg>
<arg>Not found: Menu: ${menu_name} - Elements: ${missing_elements}</arg>
<doc>Runs the given keyword with the given arguments, if ``condition`` is true.</doc>
<status status="PASS" start="2025-01-24T00:25:28.984701" elapsed="0.000287"/>
</kw>
<arg>${menu_name}</arg>
<arg>@{sub_menu_link_name}</arg>
<status status="PASS" start="2025-01-24T00:25:27.158208" elapsed="1.826973"/>
</kw>
<arg>Validate Link Under Menu And Log Result</arg>
<arg>${menu_name}</arg>
<arg>@{sub_menu_link_name}</arg>
<doc>Runs the keyword and continues execution even if a failure occurs.</doc>
<status status="PASS" start="2025-01-24T00:25:27.157821" elapsed="1.827508"/>
</kw>
<arg>Traders</arg>
<arg>@{link_menu_name_list}</arg>
<status status="PASS" start="2025-01-24T00:25:27.157277" elapsed="1.828185"/>
</kw>
<kw name="Create List" owner="BuiltIn">
<msg time="2025-01-24T00:25:28.986469" level="INFO">@{link_menu_name_list} = [ Staking ]</msg>
<var>@{link_menu_name_list}</var>
<arg>Staking</arg>
<doc>Returns a list containing given items.</doc>
<status status="PASS" start="2025-01-24T00:25:28.985880" elapsed="0.000701"/>
</kw>
<kw name="Check Link Under Menu" owner="Home">
<kw name="Run Keyword And Continue On Failure" owner="BuiltIn">
<kw name="Validate Link Under Menu And Log Result" owner="Home">
<kw name="Create List" owner="BuiltIn">
<msg time="2025-01-24T00:25:28.989207" level="INFO">${missing_elements} = []</msg>
<var>${missing_elements}</var>
<doc>Returns a list containing given items.</doc>
<status status="PASS" start="2025-01-24T00:25:28.988970" elapsed="0.000289"/>
</kw>
<for flavor="IN">
<iter>
<kw name="Hover Menu" owner="Home">
<kw name="Replace String" owner="String">
<msg time="2025-01-24T00:25:28.990656" level="INFO">${menu_locator} = xpath=//span[@class='header_item-title'][normalize-space()='Lenders']</msg>
<var>${menu_locator}</var>
<arg>${menu_locator_template}</arg>
<arg>{}</arg>
<arg>${menu_name}</arg>
<doc>Replaces ``search_for`` in the given ``string`` with ``replace_with``.</doc>
<status status="PASS" start="2025-01-24T00:25:28.990294" elapsed="0.000415"/>
</kw>
<kw name="Hover" owner="Browser">
<arg>${menu_locator}</arg>
<tag>PageContent</tag>
<tag>Setter</tag>
<doc>Moves the virtual mouse and scrolls to the element found by ``selector``.</doc>
<status status="PASS" start="2025-01-24T00:25:28.990929" elapsed="0.087897"/>
</kw>
<arg>${menu_name}</arg>
<status status="PASS" start="2025-01-24T00:25:28.989829" elapsed="0.089202"/>
</kw>
<kw name="Validate Link Under Menu" owner="Home">
<kw name="Replace String" owner="String">
<msg time="2025-01-24T00:25:29.080623" level="INFO">${link_menu_locator} = xpath=//li[@class='header_menu_item header_menu_item__external']//a[contains(text(),'Staking')]</msg>
<var>${link_menu_locator}</var>
<arg>${link_menu_xpath_template}</arg>
<arg>{}</arg>
<arg>${element}</arg>
<doc>Replaces ``search_for`` in the given ``string`` with ``replace_with``.</doc>
<status status="PASS" start="2025-01-24T00:25:29.080239" elapsed="0.000435"/>
</kw>
<kw name="Run Keyword And Return Status" owner="BuiltIn">
<kw name="Get Element" owner="Browser">
<msg time="2025-01-24T00:25:29.091275" level="INFO">Locator found successfully.</msg>
<arg>${link_menu_locator}</arg>
<tag>Getter</tag>
<tag>PageContent</tag>
<doc>Returns a reference to a Playwright [https://playwright.dev/docs/api/class-locator|Locator].</doc>
<status status="PASS" start="2025-01-24T00:25:29.081220" elapsed="0.010296"/>
</kw>
<msg time="2025-01-24T00:25:29.091766" level="INFO">${element_exists} = True</msg>
<var>${element_exists}</var>
<arg>Get Element</arg>
<arg>${link_menu_locator}</arg>
<doc>Runs the given keyword with given arguments and returns the status as a Boolean value.</doc>
<status status="PASS" start="2025-01-24T00:25:29.080896" elapsed="0.010918"/>
</kw>
<if>
<branch type="IF" condition="${element_exists}">
<kw name="Click With Options" owner="Browser">
<msg time="2025-01-24T00:25:29.093093" level="INFO">Clicks the element 'xpath=//li[@class='header_menu_item header_menu_item__external']//a[contains(text(),'Staking')]'.</msg>
<arg>${link_menu_locator}</arg>
<arg>force=True</arg>
<tag>PageContent</tag>
<tag>Setter</tag>
<doc>Simulates mouse click on the element found by ``selector``.</doc>
<status status="PASS" start="2025-01-24T00:25:29.092303" elapsed="0.067466"/>
</kw>
<kw name="Wait For Load State" owner="Browser">
<msg time="2025-01-24T00:25:29.161643" level="INFO">Waiting page load to state to receive load in 10000.0</msg>
<msg time="2025-01-24T00:25:29.166004" level="INFO">Load state load got in 10000</msg>
<tag>PageContent</tag>
<tag>Wait</tag>
<doc>Waits that the page reaches the required load state.</doc>
<status status="PASS" start="2025-01-24T00:25:29.160266" elapsed="0.005983"/>
</kw>
<kw name="Switch Page" owner="Browser">
<msg time="2025-01-24T00:25:29.167480" level="INFO">Switching to page NEW,context CURRENT, browser CURRENT</msg>
<msg time="2025-01-24T00:25:29.253092" level="INFO">Activated new page page=27759067-985b-4c4c-8b46-45b7bb934454</msg>
<arg>NEW</arg>
<tag>BrowserControl</tag>
<tag>Setter</tag>
<doc>Switches the active browser page to another open page by ``id`` or ``NEW``.</doc>
<status status="PASS" start="2025-01-24T00:25:29.166640" elapsed="0.086839"/>
</kw>
<kw name="Get Url" owner="Browser">
<msg time="2025-01-24T00:25:29.257639" level="INFO">${new_url} = https://staking.bitfinex.com/?locale=en</msg>
<var>${new_url}</var>
<tag>Assertion</tag>
<tag>Getter</tag>
<tag>PageContent</tag>
<doc>Returns the current URL.</doc>
<status status="PASS" start="2025-01-24T00:25:29.253866" elapsed="0.003883"/>
</kw>
<kw name="Log" owner="BuiltIn">
<msg time="2025-01-24T00:25:29.258394" level="INFO">https://staking.bitfinex.com/?locale=en</msg>
<arg>${new_url}</arg>
<doc>Logs the given message with the given level.</doc>
<status status="PASS" start="2025-01-24T00:25:29.258093" elapsed="0.000387"/>
</kw>
<kw name="Should Not Be Equal" owner="BuiltIn">
<arg>${new_url}</arg>
<arg>${site_url}</arg>
<doc>Fails if the given objects are equal.</doc>
<status status="PASS" start="2025-01-24T00:25:29.258782" elapsed="0.000489"/>
</kw>
<kw name="Close Page" owner="Browser">
<msg time="2025-01-24T00:25:29.267382" level="INFO">Switching browser to CURRENT</msg>
<msg time="2025-01-24T00:25:29.273181" level="INFO">Returned active browser id. CURRENT</msg>
<msg time="2025-01-24T00:25:29.275402" level="INFO">Switching browser to browser=80c5e86f-503f-4baf-98ca-f315f19a0717</msg>
<msg time="2025-01-24T00:25:29.281412" level="INFO">Successfully changed active browser: browser=80c5e86f-503f-4baf-98ca-f315f19a0717</msg>
<msg time="2025-01-24T00:25:29.281864" level="INFO">Switching context to CURRENT in CURRENT</msg>
<msg time="2025-01-24T00:25:29.290527" level="INFO">Returned active context id: CURRENT</msg>
<msg time="2025-01-24T00:25:29.290717" level="INFO">Switching context to context=098f9aeb-afc3-4f0c-90d1-d7ab822032fc in CURRENT</msg>
<msg time="2025-01-24T00:25:29.301120" level="INFO">Successfully changed active context: context=098f9aeb-afc3-4f0c-90d1-d7ab822032fc</msg>
<msg time="2025-01-24T00:25:29.322437" level="INFO">Successfully closed Page with runBeforeUnload false</msg>
<tag>BrowserControl</tag>
<tag>Setter</tag>
<doc>Closes the ``page`` in ``context`` in ``browser``.</doc>
<status status="PASS" start="2025-01-24T00:25:29.259573" elapsed="0.063126"/>
</kw>
<status status="PASS" start="2025-01-24T00:25:29.091989" elapsed="0.230839"/>
</branch>
<branch type="ELSE">
<kw name="Append To List" owner="Collections">
<arg>${missing_elements}</arg>
<arg>${element}</arg>
<doc>Adds ``values`` to the end of ``list``.</doc>
<status status="NOT RUN" start="2025-01-24T00:25:29.323135" elapsed="0.000064"/>
</kw>
<status status="NOT RUN" start="2025-01-24T00:25:29.322906" elapsed="0.000377"/>
</branch>
<status status="PASS" start="2025-01-24T00:25:29.091952" elapsed="0.231388"/>
</if>
<arg>${missing_elements}</arg>
<arg>${element}</arg>
<status status="PASS" start="2025-01-24T00:25:29.079448" elapsed="0.243993"/>
</kw>
<var name="${element}">Staking</var>
<status status="PASS" start="2025-01-24T00:25:28.989619" elapsed="0.333906"/>
</iter>
<var>${element}</var>
<value>@{sub_menu_link_name}</value>
<status status="PASS" start="2025-01-24T00:25:28.989381" elapsed="0.334232"/>
</for>
<kw name="Run Keyword If" owner="BuiltIn">
<arg>${missing_elements}</arg>
<arg>Fail</arg>
<arg>Not found: Menu: ${menu_name} - Elements: ${missing_elements}</arg>
<doc>Runs the given keyword with the given arguments, if ``condition`` is true.</doc>
<status status="PASS" start="2025-01-24T00:25:29.323861" elapsed="0.000298"/>
</kw>
<arg>${menu_name}</arg>
<arg>@{sub_menu_link_name}</arg>
<status status="PASS" start="2025-01-24T00:25:28.988426" elapsed="0.335879"/>
</kw>
<arg>Validate Link Under Menu And Log Result</arg>
<arg>${menu_name}</arg>
<arg>@{sub_menu_link_name}</arg>
<doc>Runs the keyword and continues execution even if a failure occurs.</doc>
<status status="PASS" start="2025-01-24T00:25:28.988008" elapsed="0.336407"/>
</kw>
<arg>Lenders</arg>
<arg>@{link_menu_name_list}</arg>
<status status="PASS" start="2025-01-24T00:25:28.987228" elapsed="0.337310"/>
</kw>
<kw name="Close Browser" owner="Browser">
<msg time="2025-01-24T00:25:29.576492" level="INFO">Closed browser</msg>
<tag>BrowserControl</tag>
<tag>Setter</tag>
<doc>Closes the current browser.</doc>
<status status="PASS" start="2025-01-24T00:25:29.324936" elapsed="0.251993"/>
</kw>
<status status="FAIL" start="2025-01-24T00:25:11.807813" elapsed="17.769815">Not found: Menu: About - Elements: ['Newsletter']</status>
</test>
<status status="FAIL" start="2025-01-24T00:25:04.200970" elapsed="25.388116"/>
</suite>
<statistics>
<total>
<stat pass="0" fail="2" skip="0">All Tests</stat>
</total>
<tag>
</tag>
<suite>
<stat pass="0" fail="2" skip="0" id="s1" name="MenuTabTest">MenuTabTest</stat>
</suite>
</statistics>
<errors>
</errors>
</robot>
