<?xml version="1.0" encoding="UTF-8"?>
<robot generator="Robot 7.1.1 (Python 3.9.6 on darwin)" generated="2025-01-19T23:52:15.496315" rpa="false" schemaversion="5">
<suite id="s1" name="TradersTabTest" source="/Users/thaonguyen/Documents/code/RF/automation/Testcase/TradersTabTest.robot">
<test id="s1-t1" name="Test1" line="6">
<kw name="Open New Browser" owner="Home">
<kw name="New Browser" owner="Browser">
<msg time="2025-01-19T23:52:15.747851" level="INFO">{"browser": "chromium", "headless": false, "chromiumSandbox": false, "devtools": false, "handleSIGHUP": true, "handleSIGINT": true, "handleSIGTERM": true, "slowMo": 0.0, "timeout": 30000.0, "tracesDir": "/Users/thaonguyen/Documents/code/RF/automation/browser/traces/72ab9bcc-53f1-49e2-a43f-4e8e05abc968"}</msg>
<msg time="2025-01-19T23:52:15.795466" level="INFO">Starting Browser process /Users/thaonguyen/Documents/code/RF/automation/venv/lib/python3.9/site-packages/Browser/wrapper/index.js using port 60748</msg>
<msg time="2025-01-19T23:52:15.795778" level="INFO">Node startup parameters: ['node', '/Users/thaonguyen/Documents/code/RF/automation/venv/lib/python3.9/site-packages/Browser/wrapper/index.js', '60748']</msg>
<msg time="2025-01-19T23:52:18.092041" level="INFO">Successfully created browser with options: {"browser":"chromium","headless":false,"chromiumSandbox":false,"devtools":false,"handleSIGHUP":true,"handleSIGINT":true,"handleSIGTERM":true,"slowMo":0,"timeout":30000,"tracesDir":"/Users/thaonguyen/Documents/code/RF/automation/browser/traces/72ab9bcc-53f1-49e2-a43f-4e8e05abc968"}</msg>
<arg>headless=False</arg>
<tag>BrowserControl</tag>
<tag>Setter</tag>
<doc>Create a new playwright Browser with specified options.</doc>
<status status="PASS" start="2025-01-19T23:52:15.747237" elapsed="2.345103"/>
</kw>
<kw name="New Page" owner="Browser">
<msg time="2025-01-19T23:52:21.693909" level="INFO">Successfully initialized new page object and opened url: https://www.bitfinex.com/</msg>
<msg time="2025-01-19T23:52:21.694027" level="INFO">No context was open. New context was automatically opened when this page is created.</msg>
<arg>${site_url}</arg>
<tag>BrowserControl</tag>
<tag>Setter</tag>
<doc>Open a new Page.</doc>
<status status="PASS" start="2025-01-19T23:52:18.092740" elapsed="3.601539"/>
</kw>
<status status="PASS" start="2025-01-19T23:52:15.746347" elapsed="5.948138"/>
</kw>
<kw name="Create List" owner="BuiltIn">
<msg time="2025-01-19T23:52:21.695317" level="INFO">${sub_menu_name_list} = ['Features', 'Mobile app', 'P2P Trading', 'Market statistics', 'Corporate &amp; professional', 'Our fees', 'Security', 'API documentation', 'Bitfinex Leaderboard', 'Competitions', 'Deposits &amp; Withdrawals'...</msg>
<var>${sub_menu_name_list}</var>
<arg>Features</arg>
<arg>Mobile app</arg>
<arg>P2P Trading</arg>
<arg>Market statistics</arg>
<arg>Corporate &amp; professional</arg>
<arg>Our fees</arg>
<arg>Security</arg>
<arg>API documentation</arg>
<arg>Bitfinex Leaderboard</arg>
<arg>Competitions</arg>
<arg>Deposits &amp; Withdrawals</arg>
<arg>Payment Cards</arg>
<arg>Thalex Derivatives</arg>
<arg>Reporting Tool</arg>
<doc>Returns a list containing given items.</doc>
<status status="PASS" start="2025-01-19T23:52:21.694842" elapsed="0.000550"/>
</kw>
<kw name="Run Keyword And Continue On Failure" owner="BuiltIn">
<kw name="Check Sub-menu under Menu" owner="Home">
<kw name="Replace String" owner="String">
<msg time="2025-01-19T23:52:21.697728" level="INFO">${menu_locator} = xpath=//span[@class='header_item-title'][normalize-space()='Traders']</msg>
<var>${menu_locator}</var>
<arg>${menu_locator_template}</arg>
<arg>{}</arg>
<arg>${menu_name}</arg>
<doc>Replaces ``search_for`` in the given ``string`` with ``replace_with``.</doc>
<status status="PASS" start="2025-01-19T23:52:21.697272" elapsed="0.000511"/>
</kw>
<kw name="Hover" owner="Browser">
<arg>${menu_locator}</arg>
<tag>PageContent</tag>
<tag>Setter</tag>
<doc>Moves the virtual mouse and scrolls to the element found by ``selector``.</doc>
<status status="PASS" start="2025-01-19T23:52:21.698023" elapsed="0.149195"/>
</kw>
<kw name="Click And Validate Each Sub-Tab" owner="Home">
<kw name="Set Variable" owner="BuiltIn">
<msg time="2025-01-19T23:52:21.848826" level="INFO">${counter} = 0</msg>
<var>${counter}</var>
<arg>0</arg>
<doc>Returns the given values which can then be assigned to a variables.</doc>
<status status="PASS" start="2025-01-19T23:52:21.848476" elapsed="0.000406"/>
</kw>
<kw name="Create List" owner="BuiltIn">
<msg time="2025-01-19T23:52:21.849301" level="INFO">${results} = []</msg>
<var>${results}</var>
<doc>Returns a list containing given items.</doc>
<status status="PASS" start="2025-01-19T23:52:21.849084" elapsed="0.000262"/>
</kw>
<kw name="Get Elements" owner="Browser">
<msg time="2025-01-19T23:52:21.867541" level="INFO">Found locator('//div[contains(@class, \'header_popover_menu\')]//a').first(),locator('//div[contains(@class, \'header_popover_menu\')]//a').nth(1),locator('//div[contains(@class, \'header_popover_menu\')]//a').nth(2),locator('//div[contains(@class, \'header_popover_menu\')]//a').nth(3),locator('//div[contains(@class, \'header_popover_menu\')]//a').nth(4),locator('//div[contains(@class, \'header_popover_menu\')]//a').nth(5),locator('//div[contains(@class, \'header_popover_menu\')]//a').nth(6),locator('//div[contains(@class, \'header_popover_menu\')]//a').nth(7),locator('//div[contains(@class, \'header_popover_menu\')]//a').nth(8),locator('//div[contains(@class, \'header_popover_menu\')]//a').nth(9),locator('//div[contains(@class, \'header_popover_menu\')]//a').nth(10),locator('//div[contains(@class, \'header_popover_menu\')]//a').nth(11),locator('//div[contains(@class, \'header_popover_menu\')]//a').nth(12),locator('//div[contains(@class, \'header_popover_menu\')]//a').nth(13) Locators successfully.</msg>
<msg time="2025-01-19T23:52:21.868150" level="INFO">${sub_tab_elements} = ["xpath=//div[contains(@class, 'header_popover_menu')]//a &gt;&gt; nth=0", "xpath=//div[contains(@class, 'header_popover_menu')]//a &gt;&gt; nth=1", "xpath=//div[contains(@class, 'header_popover_menu')]//a &gt;&gt; nth...</msg>
<var>${sub_tab_elements}</var>
<arg>${traders_sub_tab}</arg>
<tag>Getter</tag>
<tag>PageContent</tag>
<doc>Returns a reference to Playwright [https://playwright.dev/docs/api/class-locator|Locator]
for all matched elements by ``selector``.</doc>
<status status="PASS" start="2025-01-19T23:52:21.849535" elapsed="0.018707"/>
</kw>
<for flavor="IN">
<iter>
<try>
<branch type="TRY">
<kw name="Get Text" owner="Browser">
<msg time="2025-01-19T23:52:21.903048" level="INFO">Text: 'Features'</msg>
<msg time="2025-01-19T23:52:21.903266" level="INFO">${tab_name} = Features</msg>
<var>${tab_name}</var>
<arg>${element}</arg>
<tag>Assertion</tag>
<tag>Getter</tag>
<tag>PageContent</tag>
<doc>Returns text attribute of the element found by ``selector``.</doc>
<status status="PASS" start="2025-01-19T23:52:21.869331" elapsed="0.033987"/>
</kw>
<kw name="Get From List" owner="Collections">
<msg time="2025-01-19T23:52:21.904022" level="INFO">${item_name} = Features</msg>
<var>${item_name}</var>
<arg>${expected_list}</arg>
<arg>${counter}</arg>
<doc>Returns the value specified with an ``index`` from ``list``.</doc>
<status status="PASS" start="2025-01-19T23:52:21.903632" elapsed="0.000438"/>
</kw>
<kw name="Should Be Equal" owner="BuiltIn">
<arg>${tab_name}</arg>
<arg>${item_name}</arg>
<doc>Fails if the given objects are unequal.</doc>
<status status="PASS" start="2025-01-19T23:52:21.904340" elapsed="0.000692"/>
</kw>
<status status="PASS" start="2025-01-19T23:52:21.869118" elapsed="0.036079"/>
</branch>
<branch type="EXCEPT">
<kw name="Append To List" owner="Collections">
<arg>${results}</arg>
<arg>FAIL: ${tab_name} != ${item_name}</arg>
<doc>Adds ``values`` to the end of ``list``.</doc>
<status status="NOT RUN" start="2025-01-19T23:52:21.905524" elapsed="0.000058"/>
</kw>
<status status="NOT RUN" start="2025-01-19T23:52:21.905335" elapsed="0.000331"/>
</branch>
<status status="PASS" start="2025-01-19T23:52:21.869049" elapsed="0.036693"/>
</try>
<kw name="Evaluate" owner="BuiltIn">
<msg time="2025-01-19T23:52:21.906280" level="INFO">${counter} = 1</msg>
<var>${counter}</var>
<arg>${counter} + 1</arg>
<doc>Evaluates the given expression in Python and returns the result.</doc>
<status status="PASS" start="2025-01-19T23:52:21.905900" elapsed="0.000519"/>
</kw>
<var name="${element}">xpath=//div[contains(@class, 'header_popover_menu')]//a &gt;&gt; nth=0</var>
<status status="PASS" start="2025-01-19T23:52:21.868950" elapsed="0.037582"/>
</iter>
<iter>
<try>
<branch type="TRY">
<kw name="Get Text" owner="Browser">
<msg time="2025-01-19T23:52:21.924856" level="INFO">Text: 'Mobile app'</msg>
<msg time="2025-01-19T23:52:21.925078" level="INFO">${tab_name} = Mobile app</msg>
<var>${tab_name}</var>
<arg>${element}</arg>
<tag>Assertion</tag>
<tag>Getter</tag>
<tag>PageContent</tag>
<doc>Returns text attribute of the element found by ``selector``.</doc>
<status status="PASS" start="2025-01-19T23:52:21.907106" elapsed="0.018022"/>
</kw>
<kw name="Get From List" owner="Collections">
<msg time="2025-01-19T23:52:21.925803" level="INFO">${item_name} = Mobile app</msg>
<var>${item_name}</var>
<arg>${expected_list}</arg>
<arg>${counter}</arg>
<doc>Returns the value specified with an ``index`` from ``list``.</doc>
<status status="PASS" start="2025-01-19T23:52:21.925418" elapsed="0.000433"/>
</kw>
<kw name="Should Be Equal" owner="BuiltIn">
<arg>${tab_name}</arg>
<arg>${item_name}</arg>
<doc>Fails if the given objects are unequal.</doc>
<status status="PASS" start="2025-01-19T23:52:21.926050" elapsed="0.000327"/>
</kw>
<status status="PASS" start="2025-01-19T23:52:21.906937" elapsed="0.019538"/>
</branch>
<branch type="EXCEPT">
<kw name="Append To List" owner="Collections">
<arg>${results}</arg>
<arg>FAIL: ${tab_name} != ${item_name}</arg>
<doc>Adds ``values`` to the end of ``list``.</doc>
<status status="NOT RUN" start="2025-01-19T23:52:21.926745" elapsed="0.000052"/>
</kw>
<status status="NOT RUN" start="2025-01-19T23:52:21.926592" elapsed="0.000282"/>
</branch>
<status status="PASS" start="2025-01-19T23:52:21.906895" elapsed="0.020048"/>
</try>
<kw name="Evaluate" owner="BuiltIn">
<msg time="2025-01-19T23:52:21.927410" level="INFO">${counter} = 2</msg>
<var>${counter}</var>
<arg>${counter} + 1</arg>
<doc>Evaluates the given expression in Python and returns the result.</doc>
<status status="PASS" start="2025-01-19T23:52:21.927081" elapsed="0.000375"/>
</kw>
<var name="${element}">xpath=//div[contains(@class, 'header_popover_menu')]//a &gt;&gt; nth=1</var>
<status status="PASS" start="2025-01-19T23:52:21.906823" elapsed="0.020715"/>
</iter>
<iter>
<try>
<branch type="TRY">
<kw name="Get Text" owner="Browser">
<msg time="2025-01-19T23:52:21.945274" level="INFO">Text: 'P2P Trading'</msg>
<msg time="2025-01-19T23:52:21.945481" level="INFO">${tab_name} = P2P Trading</msg>
<var>${tab_name}</var>
<arg>${element}</arg>
<tag>Assertion</tag>
<tag>Getter</tag>
<tag>PageContent</tag>
<doc>Returns text attribute of the element found by ``selector``.</doc>
<status status="PASS" start="2025-01-19T23:52:21.928067" elapsed="0.017463"/>
</kw>
<kw name="Get From List" owner="Collections">
<msg time="2025-01-19T23:52:21.946172" level="INFO">${item_name} = P2P Trading</msg>
<var>${item_name}</var>
<arg>${expected_list}</arg>
<arg>${counter}</arg>
<doc>Returns the value specified with an ``index`` from ``list``.</doc>
<status status="PASS" start="2025-01-19T23:52:21.945809" elapsed="0.000410"/>
</kw>
<kw name="Should Be Equal" owner="BuiltIn">
<arg>${tab_name}</arg>
<arg>${item_name}</arg>
<doc>Fails if the given objects are unequal.</doc>
<status status="PASS" start="2025-01-19T23:52:21.946536" elapsed="0.000612"/>
</kw>
<status status="PASS" start="2025-01-19T23:52:21.927909" elapsed="0.019346"/>
</branch>
<branch type="EXCEPT">
<kw name="Append To List" owner="Collections">
<arg>${results}</arg>
<arg>FAIL: ${tab_name} != ${item_name}</arg>
<doc>Adds ``values`` to the end of ``list``.</doc>
<status status="NOT RUN" start="2025-01-19T23:52:21.947541" elapsed="0.000056"/>
</kw>
<status status="NOT RUN" start="2025-01-19T23:52:21.947362" elapsed="0.000316"/>
</branch>
<status status="PASS" start="2025-01-19T23:52:21.927868" elapsed="0.019884"/>
</try>
<kw name="Evaluate" owner="BuiltIn">
<msg time="2025-01-19T23:52:21.948281" level="INFO">${counter} = 3</msg>
<var>${counter}</var>
<arg>${counter} + 1</arg>
<doc>Evaluates the given expression in Python and returns the result.</doc>
<status status="PASS" start="2025-01-19T23:52:21.947903" elapsed="0.000430"/>
</kw>
<var name="${element}">xpath=//div[contains(@class, 'header_popover_menu')]//a &gt;&gt; nth=2</var>
<status status="PASS" start="2025-01-19T23:52:21.927798" elapsed="0.020625"/>
</iter>
<iter>
<try>
<branch type="TRY">
<kw name="Get Text" owner="Browser">
<msg time="2025-01-19T23:52:21.965018" level="INFO">Text: 'Market statistics'</msg>
<msg time="2025-01-19T23:52:21.965246" level="INFO">${tab_name} = Market statistics</msg>
<var>${tab_name}</var>
<arg>${element}</arg>
<tag>Assertion</tag>
<tag>Getter</tag>
<tag>PageContent</tag>
<doc>Returns text attribute of the element found by ``selector``.</doc>
<status status="PASS" start="2025-01-19T23:52:21.949076" elapsed="0.016221"/>
</kw>
<kw name="Get From List" owner="Collections">
<msg time="2025-01-19T23:52:21.965963" level="INFO">${item_name} = Market statistics</msg>
<var>${item_name}</var>
<arg>${expected_list}</arg>
<arg>${counter}</arg>
<doc>Returns the value specified with an ``index`` from ``list``.</doc>
<status status="PASS" start="2025-01-19T23:52:21.965584" elapsed="0.000425"/>
</kw>
<kw name="Should Be Equal" owner="BuiltIn">
<arg>${tab_name}</arg>
<arg>${item_name}</arg>
<doc>Fails if the given objects are unequal.</doc>
<status status="PASS" start="2025-01-19T23:52:21.966209" elapsed="0.000325"/>
</kw>
<status status="PASS" start="2025-01-19T23:52:21.948891" elapsed="0.017733"/>
</branch>
<branch type="EXCEPT">
<kw name="Append To List" owner="Collections">
<arg>${results}</arg>
<arg>FAIL: ${tab_name} != ${item_name}</arg>
<doc>Adds ``values`` to the end of ``list``.</doc>
<status status="NOT RUN" start="2025-01-19T23:52:21.966878" elapsed="0.000053"/>
</kw>
<status status="NOT RUN" start="2025-01-19T23:52:21.966722" elapsed="0.000288"/>
</branch>
<status status="PASS" start="2025-01-19T23:52:21.948838" elapsed="0.018244"/>
</try>
<kw name="Evaluate" owner="BuiltIn">
<msg time="2025-01-19T23:52:21.967584" level="INFO">${counter} = 4</msg>
<var>${counter}</var>
<arg>${counter} + 1</arg>
<doc>Evaluates the given expression in Python and returns the result.</doc>
<status status="PASS" start="2025-01-19T23:52:21.967225" elapsed="0.000405"/>
</kw>
<var name="${element}">xpath=//div[contains(@class, 'header_popover_menu')]//a &gt;&gt; nth=3</var>
<status status="PASS" start="2025-01-19T23:52:21.948700" elapsed="0.019013"/>
</iter>
<iter>
<try>
<branch type="TRY">
<kw name="Get Text" owner="Browser">
<msg time="2025-01-19T23:52:21.984923" level="INFO">Text: 'Corporate &amp; professional'</msg>
<msg time="2025-01-19T23:52:21.985137" level="INFO">${tab_name} = Corporate &amp; professional</msg>
<var>${tab_name}</var>
<arg>${element}</arg>
<tag>Assertion</tag>
<tag>Getter</tag>
<tag>PageContent</tag>
<doc>Returns text attribute of the element found by ``selector``.</doc>
<status status="PASS" start="2025-01-19T23:52:21.968245" elapsed="0.016945"/>
</kw>
<kw name="Get From List" owner="Collections">
<msg time="2025-01-19T23:52:21.985881" level="INFO">${item_name} = Corporate &amp; professional</msg>
<var>${item_name}</var>
<arg>${expected_list}</arg>
<arg>${counter}</arg>
<doc>Returns the value specified with an ``index`` from ``list``.</doc>
<status status="PASS" start="2025-01-19T23:52:21.985493" elapsed="0.000437"/>
</kw>
<kw name="Should Be Equal" owner="BuiltIn">
<arg>${tab_name}</arg>
<arg>${item_name}</arg>
<doc>Fails if the given objects are unequal.</doc>
<status status="PASS" start="2025-01-19T23:52:21.986134" elapsed="0.000333"/>
</kw>
<status status="PASS" start="2025-01-19T23:52:21.968085" elapsed="0.018473"/>
</branch>
<branch type="EXCEPT">
<kw name="Append To List" owner="Collections">
<arg>${results}</arg>
<arg>FAIL: ${tab_name} != ${item_name}</arg>
<doc>Adds ``values`` to the end of ``list``.</doc>
<status status="NOT RUN" start="2025-01-19T23:52:21.986818" elapsed="0.000055"/>
</kw>
<status status="NOT RUN" start="2025-01-19T23:52:21.986656" elapsed="0.000384"/>
</branch>
<status status="PASS" start="2025-01-19T23:52:21.968044" elapsed="0.019075"/>
</try>
<kw name="Evaluate" owner="BuiltIn">
<msg time="2025-01-19T23:52:21.987636" level="INFO">${counter} = 5</msg>
<var>${counter}</var>
<arg>${counter} + 1</arg>
<doc>Evaluates the given expression in Python and returns the result.</doc>
<status status="PASS" start="2025-01-19T23:52:21.987279" elapsed="0.000424"/>
</kw>
<var name="${element}">xpath=//div[contains(@class, 'header_popover_menu')]//a &gt;&gt; nth=4</var>
<status status="PASS" start="2025-01-19T23:52:21.967975" elapsed="0.019819"/>
</iter>
<iter>
<try>
<branch type="TRY">
<kw name="Get Text" owner="Browser">
<msg time="2025-01-19T23:52:22.004925" level="INFO">Text: 'Our fees'</msg>
<msg time="2025-01-19T23:52:22.005141" level="INFO">${tab_name} = Our fees</msg>
<var>${tab_name}</var>
<arg>${element}</arg>
<tag>Assertion</tag>
<tag>Getter</tag>
<tag>PageContent</tag>
<doc>Returns text attribute of the element found by ``selector``.</doc>
<status status="PASS" start="2025-01-19T23:52:21.988370" elapsed="0.016822"/>
</kw>
<kw name="Get From List" owner="Collections">
<msg time="2025-01-19T23:52:22.005952" level="INFO">${item_name} = Our fees</msg>
<var>${item_name}</var>
<arg>${expected_list}</arg>
<arg>${counter}</arg>
<doc>Returns the value specified with an ``index`` from ``list``.</doc>
<status status="PASS" start="2025-01-19T23:52:22.005482" elapsed="0.000525"/>
</kw>
<kw name="Should Be Equal" owner="BuiltIn">
<arg>${tab_name}</arg>
<arg>${item_name}</arg>
<doc>Fails if the given objects are unequal.</doc>
<status status="PASS" start="2025-01-19T23:52:22.006237" elapsed="0.000344"/>
</kw>
<status status="PASS" start="2025-01-19T23:52:21.988196" elapsed="0.018478"/>
</branch>
<branch type="EXCEPT">
<kw name="Append To List" owner="Collections">
<arg>${results}</arg>
<arg>FAIL: ${tab_name} != ${item_name}</arg>
<doc>Adds ``values`` to the end of ``list``.</doc>
<status status="NOT RUN" start="2025-01-19T23:52:22.006938" elapsed="0.000054"/>
</kw>
<status status="NOT RUN" start="2025-01-19T23:52:22.006774" elapsed="0.000298"/>
</branch>
<status status="PASS" start="2025-01-19T23:52:21.988150" elapsed="0.018995"/>
</try>
<kw name="Evaluate" owner="BuiltIn">
<msg time="2025-01-19T23:52:22.007641" level="INFO">${counter} = 6</msg>
<var>${counter}</var>
<arg>${counter} + 1</arg>
<doc>Evaluates the given expression in Python and returns the result.</doc>
<status status="PASS" start="2025-01-19T23:52:22.007288" elapsed="0.000403"/>
</kw>
<var name="${element}">xpath=//div[contains(@class, 'header_popover_menu')]//a &gt;&gt; nth=5</var>
<status status="PASS" start="2025-01-19T23:52:21.988076" elapsed="0.019701"/>
</iter>
<iter>
<try>
<branch type="TRY">
<kw name="Get Text" owner="Browser">
<msg time="2025-01-19T23:52:22.024493" level="INFO">Text: 'Security'</msg>
<msg time="2025-01-19T23:52:22.024715" level="INFO">${tab_name} = Security</msg>
<var>${tab_name}</var>
<arg>${element}</arg>
<tag>Assertion</tag>
<tag>Getter</tag>
<tag>PageContent</tag>
<doc>Returns text attribute of the element found by ``selector``.</doc>
<status status="PASS" start="2025-01-19T23:52:22.008320" elapsed="0.016446"/>
</kw>
<kw name="Get From List" owner="Collections">
<msg time="2025-01-19T23:52:22.025447" level="INFO">${item_name} = Security</msg>
<var>${item_name}</var>
<arg>${expected_list}</arg>
<arg>${counter}</arg>
<doc>Returns the value specified with an ``index`` from ``list``.</doc>
<status status="PASS" start="2025-01-19T23:52:22.025069" elapsed="0.000427"/>
</kw>
<kw name="Should Be Equal" owner="BuiltIn">
<arg>${tab_name}</arg>
<arg>${item_name}</arg>
<doc>Fails if the given objects are unequal.</doc>
<status status="PASS" start="2025-01-19T23:52:22.025704" elapsed="0.000339"/>
</kw>
<status status="PASS" start="2025-01-19T23:52:22.008157" elapsed="0.017978"/>
</branch>
<branch type="EXCEPT">
<kw name="Append To List" owner="Collections">
<arg>${results}</arg>
<arg>FAIL: ${tab_name} != ${item_name}</arg>
<doc>Adds ``values`` to the end of ``list``.</doc>
<status status="NOT RUN" start="2025-01-19T23:52:22.026399" elapsed="0.000054"/>
</kw>
<status status="NOT RUN" start="2025-01-19T23:52:22.026238" elapsed="0.000305"/>
</branch>
<status status="PASS" start="2025-01-19T23:52:22.008115" elapsed="0.018502"/>
</try>
<kw name="Evaluate" owner="BuiltIn">
<msg time="2025-01-19T23:52:22.027115" level="INFO">${counter} = 7</msg>
<var>${counter}</var>
<arg>${counter} + 1</arg>
<doc>Evaluates the given expression in Python and returns the result.</doc>
<status status="PASS" start="2025-01-19T23:52:22.026766" elapsed="0.000398"/>
</kw>
<var name="${element}">xpath=//div[contains(@class, 'header_popover_menu')]//a &gt;&gt; nth=6</var>
<status status="PASS" start="2025-01-19T23:52:22.008044" elapsed="0.019207"/>
</iter>
<iter>
<try>
<branch type="TRY">
<kw name="Get Text" owner="Browser">
<msg time="2025-01-19T23:52:22.042642" level="INFO">Text: 'API documentation'</msg>
<msg time="2025-01-19T23:52:22.042857" level="INFO">${tab_name} = API documentation</msg>
<var>${tab_name}</var>
<arg>${element}</arg>
<tag>Assertion</tag>
<tag>Getter</tag>
<tag>PageContent</tag>
<doc>Returns text attribute of the element found by ``selector``.</doc>
<status status="PASS" start="2025-01-19T23:52:22.027808" elapsed="0.015099"/>
</kw>
<kw name="Get From List" owner="Collections">
<msg time="2025-01-19T23:52:22.043587" level="INFO">${item_name} = API documentation</msg>
<var>${item_name}</var>
<arg>${expected_list}</arg>
<arg>${counter}</arg>
<doc>Returns the value specified with an ``index`` from ``list``.</doc>
<status status="PASS" start="2025-01-19T23:52:22.043193" elapsed="0.000440"/>
</kw>
<kw name="Should Be Equal" owner="BuiltIn">
<arg>${tab_name}</arg>
<arg>${item_name}</arg>
<doc>Fails if the given objects are unequal.</doc>
<status status="PASS" start="2025-01-19T23:52:22.043833" elapsed="0.000326"/>
</kw>
<status status="PASS" start="2025-01-19T23:52:22.027639" elapsed="0.016610"/>
</branch>
<branch type="EXCEPT">
<kw name="Append To List" owner="Collections">
<arg>${results}</arg>
<arg>FAIL: ${tab_name} != ${item_name}</arg>
<doc>Adds ``values`` to the end of ``list``.</doc>
<status status="NOT RUN" start="2025-01-19T23:52:22.044502" elapsed="0.000052"/>
</kw>
<status status="NOT RUN" start="2025-01-19T23:52:22.044348" elapsed="0.000284"/>
</branch>
<status status="PASS" start="2025-01-19T23:52:22.027595" elapsed="0.017108"/>
</try>
<kw name="Evaluate" owner="BuiltIn">
<msg time="2025-01-19T23:52:22.045178" level="INFO">${counter} = 8</msg>
<var>${counter}</var>
<arg>${counter} + 1</arg>
<doc>Evaluates the given expression in Python and returns the result.</doc>
<status status="PASS" start="2025-01-19T23:52:22.044843" elapsed="0.000382"/>
</kw>
<var name="${element}">xpath=//div[contains(@class, 'header_popover_menu')]//a &gt;&gt; nth=7</var>
<status status="PASS" start="2025-01-19T23:52:22.027522" elapsed="0.017788"/>
</iter>
<iter>
<try>
<branch type="TRY">
<kw name="Get Text" owner="Browser">
<msg time="2025-01-19T23:52:22.060123" level="INFO">Text: 'Bitfinex Leaderboard'</msg>
<msg time="2025-01-19T23:52:22.060337" level="INFO">${tab_name} = Bitfinex Leaderboard</msg>
<var>${tab_name}</var>
<arg>${element}</arg>
<tag>Assertion</tag>
<tag>Getter</tag>
<tag>PageContent</tag>
<doc>Returns text attribute of the element found by ``selector``.</doc>
<status status="PASS" start="2025-01-19T23:52:22.045861" elapsed="0.014526"/>
</kw>
<kw name="Get From List" owner="Collections">
<msg time="2025-01-19T23:52:22.061082" level="INFO">${item_name} = Bitfinex Leaderboard</msg>
<var>${item_name}</var>
<arg>${expected_list}</arg>
<arg>${counter}</arg>
<doc>Returns the value specified with an ``index`` from ``list``.</doc>
<status status="PASS" start="2025-01-19T23:52:22.060677" elapsed="0.000454"/>
</kw>
<kw name="Should Be Equal" owner="BuiltIn">
<arg>${tab_name}</arg>
<arg>${item_name}</arg>
<doc>Fails if the given objects are unequal.</doc>
<status status="PASS" start="2025-01-19T23:52:22.061342" elapsed="0.000336"/>
</kw>
<status status="PASS" start="2025-01-19T23:52:22.045698" elapsed="0.016155"/>
</branch>
<branch type="EXCEPT">
<kw name="Append To List" owner="Collections">
<arg>${results}</arg>
<arg>FAIL: ${tab_name} != ${item_name}</arg>
<doc>Adds ``values`` to the end of ``list``.</doc>
<status status="NOT RUN" start="2025-01-19T23:52:22.062128" elapsed="0.000056"/>
</kw>
<status status="NOT RUN" start="2025-01-19T23:52:22.061960" elapsed="0.000306"/>
</branch>
<status status="PASS" start="2025-01-19T23:52:22.045656" elapsed="0.016684"/>
</try>
<kw name="Evaluate" owner="BuiltIn">
<msg time="2025-01-19T23:52:22.062848" level="INFO">${counter} = 9</msg>
<var>${counter}</var>
<arg>${counter} + 1</arg>
<doc>Evaluates the given expression in Python and returns the result.</doc>
<status status="PASS" start="2025-01-19T23:52:22.062506" elapsed="0.000397"/>
</kw>
<var name="${element}">xpath=//div[contains(@class, 'header_popover_menu')]//a &gt;&gt; nth=8</var>
<status status="PASS" start="2025-01-19T23:52:22.045573" elapsed="0.017438"/>
</iter>
<iter>
<try>
<branch type="TRY">
<kw name="Get Text" owner="Browser">
<msg time="2025-01-19T23:52:22.077341" level="INFO">Text: 'Competitions'</msg>
<msg time="2025-01-19T23:52:22.077573" level="INFO">${tab_name} = Competitions</msg>
<var>${tab_name}</var>
<arg>${element}</arg>
<tag>Assertion</tag>
<tag>Getter</tag>
<tag>PageContent</tag>
<doc>Returns text attribute of the element found by ``selector``.</doc>
<status status="PASS" start="2025-01-19T23:52:22.063698" elapsed="0.013924"/>
</kw>
<kw name="Get From List" owner="Collections">
<msg time="2025-01-19T23:52:22.078279" level="INFO">${item_name} = Competitions</msg>
<var>${item_name}</var>
<arg>${expected_list}</arg>
<arg>${counter}</arg>
<doc>Returns the value specified with an ``index`` from ``list``.</doc>
<status status="PASS" start="2025-01-19T23:52:22.077909" elapsed="0.000416"/>
</kw>
<kw name="Should Be Equal" owner="BuiltIn">
<arg>${tab_name}</arg>
<arg>${item_name}</arg>
<doc>Fails if the given objects are unequal.</doc>
<status status="PASS" start="2025-01-19T23:52:22.078524" elapsed="0.000335"/>
</kw>
<status status="PASS" start="2025-01-19T23:52:22.063506" elapsed="0.015443"/>
</branch>
<branch type="EXCEPT">
<kw name="Append To List" owner="Collections">
<arg>${results}</arg>
<arg>FAIL: ${tab_name} != ${item_name}</arg>
<doc>Adds ``values`` to the end of ``list``.</doc>
<status status="NOT RUN" start="2025-01-19T23:52:22.079220" elapsed="0.000060"/>
</kw>
<status status="NOT RUN" start="2025-01-19T23:52:22.079059" elapsed="0.000307"/>
</branch>
<status status="PASS" start="2025-01-19T23:52:22.063441" elapsed="0.015998"/>
</try>
<kw name="Evaluate" owner="BuiltIn">
<msg time="2025-01-19T23:52:22.080169" level="INFO">${counter} = 10</msg>
<var>${counter}</var>
<arg>${counter} + 1</arg>
<doc>Evaluates the given expression in Python and returns the result.</doc>
<status status="PASS" start="2025-01-19T23:52:22.079658" elapsed="0.000568"/>
</kw>
<var name="${element}">xpath=//div[contains(@class, 'header_popover_menu')]//a &gt;&gt; nth=9</var>
<status status="PASS" start="2025-01-19T23:52:22.063346" elapsed="0.016978"/>
</iter>
<iter>
<try>
<branch type="TRY">
<kw name="Get Text" owner="Browser">
<msg time="2025-01-19T23:52:22.094423" level="INFO">Text: 'Deposits &amp; Withdrawals'</msg>
<msg time="2025-01-19T23:52:22.094655" level="INFO">${tab_name} = Deposits &amp; Withdrawals</msg>
<var>${tab_name}</var>
<arg>${element}</arg>
<tag>Assertion</tag>
<tag>Getter</tag>
<tag>PageContent</tag>
<doc>Returns text attribute of the element found by ``selector``.</doc>
<status status="PASS" start="2025-01-19T23:52:22.080919" elapsed="0.013787"/>
</kw>
<kw name="Get From List" owner="Collections">
<msg time="2025-01-19T23:52:22.095357" level="INFO">${item_name} = Deposits &amp; Withdrawals</msg>
<var>${item_name}</var>
<arg>${expected_list}</arg>
<arg>${counter}</arg>
<doc>Returns the value specified with an ``index`` from ``list``.</doc>
<status status="PASS" start="2025-01-19T23:52:22.094987" elapsed="0.000417"/>
</kw>
<kw name="Should Be Equal" owner="BuiltIn">
<arg>${tab_name}</arg>
<arg>${item_name}</arg>
<doc>Fails if the given objects are unequal.</doc>
<status status="PASS" start="2025-01-19T23:52:22.095621" elapsed="0.000335"/>
</kw>
<status status="PASS" start="2025-01-19T23:52:22.080732" elapsed="0.015315"/>
</branch>
<branch type="EXCEPT">
<kw name="Append To List" owner="Collections">
<arg>${results}</arg>
<arg>FAIL: ${tab_name} != ${item_name}</arg>
<doc>Adds ``values`` to the end of ``list``.</doc>
<status status="NOT RUN" start="2025-01-19T23:52:22.096309" elapsed="0.000070"/>
</kw>
<status status="NOT RUN" start="2025-01-19T23:52:22.096149" elapsed="0.000310"/>
</branch>
<status status="PASS" start="2025-01-19T23:52:22.080687" elapsed="0.015846"/>
</try>
<kw name="Evaluate" owner="BuiltIn">
<msg time="2025-01-19T23:52:22.097052" level="INFO">${counter} = 11</msg>
<var>${counter}</var>
<arg>${counter} + 1</arg>
<doc>Evaluates the given expression in Python and returns the result.</doc>
<status status="PASS" start="2025-01-19T23:52:22.096681" elapsed="0.000421"/>
</kw>
<var name="${element}">xpath=//div[contains(@class, 'header_popover_menu')]//a &gt;&gt; nth=10</var>
<status status="PASS" start="2025-01-19T23:52:22.080611" elapsed="0.016580"/>
</iter>
<iter>
<try>
<branch type="TRY">
<kw name="Get Text" owner="Browser">
<msg time="2025-01-19T23:52:22.112055" level="INFO">Text: 'Debit/Credit On-ramp'</msg>
<msg time="2025-01-19T23:52:22.112273" level="INFO">${tab_name} = Debit/Credit On-ramp</msg>
<var>${tab_name}</var>
<arg>${element}</arg>
<tag>Assertion</tag>
<tag>Getter</tag>
<tag>PageContent</tag>
<doc>Returns text attribute of the element found by ``selector``.</doc>
<status status="PASS" start="2025-01-19T23:52:22.097764" elapsed="0.014561"/>
</kw>
<kw name="Get From List" owner="Collections">
<msg time="2025-01-19T23:52:22.113039" level="INFO">${item_name} = Payment Cards</msg>
<var>${item_name}</var>
<arg>${expected_list}</arg>
<arg>${counter}</arg>
<doc>Returns the value specified with an ``index`` from ``list``.</doc>
<status status="PASS" start="2025-01-19T23:52:22.112629" elapsed="0.000459"/>
</kw>
<kw name="Should Be Equal" owner="BuiltIn">
<msg time="2025-01-19T23:52:22.113738" level="FAIL">Debit/Credit On-ramp != Payment Cards</msg>
<arg>${tab_name}</arg>
<arg>${item_name}</arg>
<doc>Fails if the given objects are unequal.</doc>
<status status="FAIL" start="2025-01-19T23:52:22.113291" elapsed="0.000572">Debit/Credit On-ramp != Payment Cards</status>
</kw>
<status status="FAIL" start="2025-01-19T23:52:22.097590" elapsed="0.016425">Debit/Credit On-ramp != Payment Cards</status>
</branch>
<branch type="EXCEPT">
<kw name="Append To List" owner="Collections">
<arg>${results}</arg>
<arg>FAIL: ${tab_name} != ${item_name}</arg>
<doc>Adds ``values`` to the end of ``list``.</doc>
<status status="PASS" start="2025-01-19T23:52:22.114305" elapsed="0.000444"/>
</kw>
<status status="PASS" start="2025-01-19T23:52:22.114128" elapsed="0.000718"/>
</branch>
<status status="PASS" start="2025-01-19T23:52:22.097545" elapsed="0.017381"/>
</try>
<kw name="Evaluate" owner="BuiltIn">
<msg time="2025-01-19T23:52:22.115471" level="INFO">${counter} = 12</msg>
<var>${counter}</var>
<arg>${counter} + 1</arg>
<doc>Evaluates the given expression in Python and returns the result.</doc>
<status status="PASS" start="2025-01-19T23:52:22.115094" elapsed="0.000428"/>
</kw>
<var name="${element}">xpath=//div[contains(@class, 'header_popover_menu')]//a &gt;&gt; nth=11</var>
<status status="PASS" start="2025-01-19T23:52:22.097469" elapsed="0.018159"/>
</iter>
<iter>
<try>
<branch type="TRY">
<kw name="Get Text" owner="Browser">
<msg time="2025-01-19T23:52:22.129859" level="INFO">Text: 'Thalex Derivatives'</msg>
<msg time="2025-01-19T23:52:22.130081" level="INFO">${tab_name} = Thalex Derivatives</msg>
<var>${tab_name}</var>
<arg>${element}</arg>
<tag>Assertion</tag>
<tag>Getter</tag>
<tag>PageContent</tag>
<doc>Returns text attribute of the element found by ``selector``.</doc>
<status status="PASS" start="2025-01-19T23:52:22.116474" elapsed="0.013660"/>
</kw>
<kw name="Get From List" owner="Collections">
<msg time="2025-01-19T23:52:22.130906" level="INFO">${item_name} = Thalex Derivatives</msg>
<var>${item_name}</var>
<arg>${expected_list}</arg>
<arg>${counter}</arg>
<doc>Returns the value specified with an ``index`` from ``list``.</doc>
<status status="PASS" start="2025-01-19T23:52:22.130507" elapsed="0.000449"/>
</kw>
<kw name="Should Be Equal" owner="BuiltIn">
<arg>${tab_name}</arg>
<arg>${item_name}</arg>
<doc>Fails if the given objects are unequal.</doc>
<status status="PASS" start="2025-01-19T23:52:22.131175" elapsed="0.000465"/>
</kw>
<status status="PASS" start="2025-01-19T23:52:22.116260" elapsed="0.015496"/>
</branch>
<branch type="EXCEPT">
<kw name="Append To List" owner="Collections">
<arg>${results}</arg>
<arg>FAIL: ${tab_name} != ${item_name}</arg>
<doc>Adds ``values`` to the end of ``list``.</doc>
<status status="NOT RUN" start="2025-01-19T23:52:22.132066" elapsed="0.000057"/>
</kw>
<status status="NOT RUN" start="2025-01-19T23:52:22.131871" elapsed="0.000332"/>
</branch>
<status status="PASS" start="2025-01-19T23:52:22.116209" elapsed="0.016068"/>
</try>
<kw name="Evaluate" owner="BuiltIn">
<msg time="2025-01-19T23:52:22.132840" level="INFO">${counter} = 13</msg>
<var>${counter}</var>
<arg>${counter} + 1</arg>
<doc>Evaluates the given expression in Python and returns the result.</doc>
<status status="PASS" start="2025-01-19T23:52:22.132432" elapsed="0.000459"/>
</kw>
<var name="${element}">xpath=//div[contains(@class, 'header_popover_menu')]//a &gt;&gt; nth=12</var>
<status status="PASS" start="2025-01-19T23:52:22.116100" elapsed="0.016879"/>
</iter>
<iter>
<try>
<branch type="TRY">
<kw name="Get Text" owner="Browser">
<msg time="2025-01-19T23:52:22.146470" level="INFO">Text: 'Reporting Tool'</msg>
<msg time="2025-01-19T23:52:22.146694" level="INFO">${tab_name} = Reporting Tool</msg>
<var>${tab_name}</var>
<arg>${element}</arg>
<tag>Assertion</tag>
<tag>Getter</tag>
<tag>PageContent</tag>
<doc>Returns text attribute of the element found by ``selector``.</doc>
<status status="PASS" start="2025-01-19T23:52:22.133535" elapsed="0.013214"/>
</kw>
<kw name="Get From List" owner="Collections">
<msg time="2025-01-19T23:52:22.147428" level="INFO">${item_name} = Reporting Tool</msg>
<var>${item_name}</var>
<arg>${expected_list}</arg>
<arg>${counter}</arg>
<doc>Returns the value specified with an ``index`` from ``list``.</doc>
<status status="PASS" start="2025-01-19T23:52:22.147034" elapsed="0.000443"/>
</kw>
<kw name="Should Be Equal" owner="BuiltIn">
<arg>${tab_name}</arg>
<arg>${item_name}</arg>
<doc>Fails if the given objects are unequal.</doc>
<status status="PASS" start="2025-01-19T23:52:22.147729" elapsed="0.000642"/>
</kw>
<status status="PASS" start="2025-01-19T23:52:22.133367" elapsed="0.015133"/>
</branch>
<branch type="EXCEPT">
<kw name="Append To List" owner="Collections">
<arg>${results}</arg>
<arg>FAIL: ${tab_name} != ${item_name}</arg>
<doc>Adds ``values`` to the end of ``list``.</doc>
<status status="NOT RUN" start="2025-01-19T23:52:22.148812" elapsed="0.000061"/>
</kw>
<status status="NOT RUN" start="2025-01-19T23:52:22.148613" elapsed="0.000341"/>
</branch>
<status status="PASS" start="2025-01-19T23:52:22.133325" elapsed="0.015701"/>
</try>
<kw name="Evaluate" owner="BuiltIn">
<msg time="2025-01-19T23:52:22.149576" level="INFO">${counter} = 14</msg>
<var>${counter}</var>
<arg>${counter} + 1</arg>
<doc>Evaluates the given expression in Python and returns the result.</doc>
<status status="PASS" start="2025-01-19T23:52:22.149178" elapsed="0.000449"/>
</kw>
<var name="${element}">xpath=//div[contains(@class, 'header_popover_menu')]//a &gt;&gt; nth=13</var>
<status status="PASS" start="2025-01-19T23:52:22.133253" elapsed="0.016462"/>
</iter>
<var>${element}</var>
<value>@{sub_tab_elements}</value>
<status status="PASS" start="2025-01-19T23:52:21.868541" elapsed="0.281256"/>
</for>
<kw name="Log" owner="BuiltIn">
<msg time="2025-01-19T23:52:22.150247" level="INFO">Final Results: ['FAIL: Debit/Credit On-ramp != Payment Cards']</msg>
<arg>Final Results: ${results}</arg>
<doc>Logs the given message with the given level.</doc>
<status status="PASS" start="2025-01-19T23:52:22.150002" elapsed="0.000326"/>
</kw>
<kw name="Run Keyword If" owner="BuiltIn">
<kw name="Fail" owner="BuiltIn">
<msg time="2025-01-19T23:52:22.151161" level="FAIL">Final FAIL Results: ['FAIL: Debit/Credit On-ramp != Payment Cards']</msg>
<arg>Final FAIL Results: ${results}</arg>
<doc>Fails the test with the given message and optionally alters its tags.</doc>
<status status="FAIL" start="2025-01-19T23:52:22.150836" elapsed="0.000429">Final FAIL Results: ['FAIL: Debit/Credit On-ramp != Payment Cards']</status>
</kw>
<arg>${results}</arg>
<arg>Fail</arg>
<arg>Final FAIL Results: ${results}</arg>
<doc>Runs the given keyword with the given arguments, if ``condition`` is true.</doc>
<status status="FAIL" start="2025-01-19T23:52:22.150530" elapsed="0.000838">Final FAIL Results: ['FAIL: Debit/Credit On-ramp != Payment Cards']</status>
</kw>
<arg>${sub_menu_locator}</arg>
<arg>${expected_list}</arg>
<status status="FAIL" start="2025-01-19T23:52:21.847778" elapsed="0.303776">Final FAIL Results: ['FAIL: Debit/Credit On-ramp != Payment Cards']</status>
</kw>
<arg>Traders</arg>
<arg>${sub_menu_name_list}</arg>
<status status="FAIL" start="2025-01-19T23:52:21.696444" elapsed="0.455269">Final FAIL Results: ['FAIL: Debit/Credit On-ramp != Payment Cards']</status>
</kw>
<arg>Check Sub-menu under Menu</arg>
<arg>Traders</arg>
<arg>${sub_menu_name_list}</arg>
<doc>Runs the keyword and continues execution even if a failure occurs.</doc>
<status status="FAIL" start="2025-01-19T23:52:21.695914" elapsed="0.455924">Final FAIL Results: ['FAIL: Debit/Credit On-ramp != Payment Cards']</status>
</kw>
<kw name="Sleep" owner="BuiltIn">
<msg time="2025-01-19T23:52:24.152998" level="INFO">Slept 2 seconds.</msg>
<arg>2 seconds</arg>
<doc>Pauses the test executed for the given time.</doc>
<status status="PASS" start="2025-01-19T23:52:22.152106" elapsed="2.001077"/>
</kw>
<kw name="Create List" owner="BuiltIn">
<msg time="2025-01-19T23:52:24.154172" level="INFO">${sub_menu_name_list} = ['Staking', 'Bitfinex Borrow']</msg>
<var>${sub_menu_name_list}</var>
<arg>Staking</arg>
<arg>Bitfinex Borrow</arg>
<doc>Returns a list containing given items.</doc>
<status status="PASS" start="2025-01-19T23:52:24.153778" elapsed="0.000446"/>
</kw>
<kw name="Run Keyword And Continue On Failure" owner="BuiltIn">
<kw name="Check Sub-menu under Menu" owner="Home">
<kw name="Replace String" owner="String">
<msg time="2025-01-19T23:52:24.155898" level="INFO">${menu_locator} = xpath=//span[@class='header_item-title'][normalize-space()='Lenders']</msg>
<var>${menu_locator}</var>
<arg>${menu_locator_template}</arg>
<arg>{}</arg>
<arg>${menu_name}</arg>
<doc>Replaces ``search_for`` in the given ``string`` with ``replace_with``.</doc>
<status status="PASS" start="2025-01-19T23:52:24.155422" elapsed="0.000534"/>
</kw>
<kw name="Hover" owner="Browser">
<arg>${menu_locator}</arg>
<tag>PageContent</tag>
<tag>Setter</tag>
<doc>Moves the virtual mouse and scrolls to the element found by ``selector``.</doc>
<status status="PASS" start="2025-01-19T23:52:24.156182" elapsed="0.066176"/>
</kw>
<kw name="Click And Validate Each Sub-Tab" owner="Home">
<kw name="Set Variable" owner="BuiltIn">
<msg time="2025-01-19T23:52:24.224263" level="INFO">${counter} = 0</msg>
<var>${counter}</var>
<arg>0</arg>
<doc>Returns the given values which can then be assigned to a variables.</doc>
<status status="PASS" start="2025-01-19T23:52:24.223991" elapsed="0.000325"/>
</kw>
<kw name="Create List" owner="BuiltIn">
<msg time="2025-01-19T23:52:24.224759" level="INFO">${results} = []</msg>
<var>${results}</var>
<doc>Returns a list containing given items.</doc>
<status status="PASS" start="2025-01-19T23:52:24.224540" elapsed="0.000265"/>
</kw>
<kw name="Get Elements" owner="Browser">
<msg time="2025-01-19T23:52:24.237721" level="INFO">Found locator('//div[contains(@class, \'header_popover_menu\')]//a').first(),locator('//div[contains(@class, \'header_popover_menu\')]//a').nth(1) Locators successfully.</msg>
<msg time="2025-01-19T23:52:24.238156" level="INFO">${sub_tab_elements} = ["xpath=//div[contains(@class, 'header_popover_menu')]//a &gt;&gt; nth=0", "xpath=//div[contains(@class, 'header_popover_menu')]//a &gt;&gt; nth=1"]</msg>
<var>${sub_tab_elements}</var>
<arg>${traders_sub_tab}</arg>
<tag>Getter</tag>
<tag>PageContent</tag>
<doc>Returns a reference to Playwright [https://playwright.dev/docs/api/class-locator|Locator]
for all matched elements by ``selector``.</doc>
<status status="PASS" start="2025-01-19T23:52:24.224998" elapsed="0.013216"/>
</kw>
<for flavor="IN">
<iter>
<try>
<branch type="TRY">
<kw name="Get Text" owner="Browser">
<msg time="2025-01-19T23:52:24.254364" level="INFO">Text: 'Staking'</msg>
<msg time="2025-01-19T23:52:24.254629" level="INFO">${tab_name} = Staking</msg>
<var>${tab_name}</var>
<arg>${element}</arg>
<tag>Assertion</tag>
<tag>Getter</tag>
<tag>PageContent</tag>
<doc>Returns text attribute of the element found by ``selector``.</doc>
<status status="PASS" start="2025-01-19T23:52:24.239061" elapsed="0.015631"/>
</kw>
<kw name="Get From List" owner="Collections">
<msg time="2025-01-19T23:52:24.255540" level="INFO">${item_name} = Staking</msg>
<var>${item_name}</var>
<arg>${expected_list}</arg>
<arg>${counter}</arg>
<doc>Returns the value specified with an ``index`` from ``list``.</doc>
<status status="PASS" start="2025-01-19T23:52:24.255073" elapsed="0.000516"/>
</kw>
<kw name="Should Be Equal" owner="BuiltIn">
<arg>${tab_name}</arg>
<arg>${item_name}</arg>
<doc>Fails if the given objects are unequal.</doc>
<status status="PASS" start="2025-01-19T23:52:24.255814" elapsed="0.000376"/>
</kw>
<status status="PASS" start="2025-01-19T23:52:24.238868" elapsed="0.017427"/>
</branch>
<branch type="EXCEPT">
<kw name="Append To List" owner="Collections">
<arg>${results}</arg>
<arg>FAIL: ${tab_name} != ${item_name}</arg>
<doc>Adds ``values`` to the end of ``list``.</doc>
<status status="NOT RUN" start="2025-01-19T23:52:24.256610" elapsed="0.000061"/>
</kw>
<status status="NOT RUN" start="2025-01-19T23:52:24.256414" elapsed="0.000340"/>
</branch>
<status status="PASS" start="2025-01-19T23:52:24.238821" elapsed="0.018021"/>
</try>
<kw name="Evaluate" owner="BuiltIn">
<msg time="2025-01-19T23:52:24.257472" level="INFO">${counter} = 1</msg>
<var>${counter}</var>
<arg>${counter} + 1</arg>
<doc>Evaluates the given expression in Python and returns the result.</doc>
<status status="PASS" start="2025-01-19T23:52:24.257018" elapsed="0.000506"/>
</kw>
<var name="${element}">xpath=//div[contains(@class, 'header_popover_menu')]//a &gt;&gt; nth=0</var>
<status status="PASS" start="2025-01-19T23:52:24.238740" elapsed="0.018876"/>
</iter>
<iter>
<try>
<branch type="TRY">
<kw name="Get Text" owner="Browser">
<msg time="2025-01-19T23:52:24.272042" level="INFO">Text: 'Bitfinex Borrow'</msg>
<msg time="2025-01-19T23:52:24.272259" level="INFO">${tab_name} = Bitfinex Borrow</msg>
<var>${tab_name}</var>
<arg>${element}</arg>
<tag>Assertion</tag>
<tag>Getter</tag>
<tag>PageContent</tag>
<doc>Returns text attribute of the element found by ``selector``.</doc>
<status status="PASS" start="2025-01-19T23:52:24.258185" elapsed="0.014126"/>
</kw>
<kw name="Get From List" owner="Collections">
<msg time="2025-01-19T23:52:24.272978" level="INFO">${item_name} = Bitfinex Borrow</msg>
<var>${item_name}</var>
<arg>${expected_list}</arg>
<arg>${counter}</arg>
<doc>Returns the value specified with an ``index`` from ``list``.</doc>
<status status="PASS" start="2025-01-19T23:52:24.272598" elapsed="0.000428"/>
</kw>
<kw name="Should Be Equal" owner="BuiltIn">
<arg>${tab_name}</arg>
<arg>${item_name}</arg>
<doc>Fails if the given objects are unequal.</doc>
<status status="PASS" start="2025-01-19T23:52:24.273228" elapsed="0.000331"/>
</kw>
<status status="PASS" start="2025-01-19T23:52:24.258012" elapsed="0.015637"/>
</branch>
<branch type="EXCEPT">
<kw name="Append To List" owner="Collections">
<arg>${results}</arg>
<arg>FAIL: ${tab_name} != ${item_name}</arg>
<doc>Adds ``values`` to the end of ``list``.</doc>
<status status="NOT RUN" start="2025-01-19T23:52:24.273903" elapsed="0.000054"/>
</kw>
<status status="NOT RUN" start="2025-01-19T23:52:24.273748" elapsed="0.000288"/>
</branch>
<status status="PASS" start="2025-01-19T23:52:24.257967" elapsed="0.016141"/>
</try>
<kw name="Evaluate" owner="BuiltIn">
<msg time="2025-01-19T23:52:24.274586" level="INFO">${counter} = 2</msg>
<var>${counter}</var>
<arg>${counter} + 1</arg>
<doc>Evaluates the given expression in Python and returns the result.</doc>
<status status="PASS" start="2025-01-19T23:52:24.274252" elapsed="0.000383"/>
</kw>
<var name="${element}">xpath=//div[contains(@class, 'header_popover_menu')]//a &gt;&gt; nth=1</var>
<status status="PASS" start="2025-01-19T23:52:24.257893" elapsed="0.016829"/>
</iter>
<var>${element}</var>
<value>@{sub_tab_elements}</value>
<status status="PASS" start="2025-01-19T23:52:24.238378" elapsed="0.036425"/>
</for>
<kw name="Log" owner="BuiltIn">
<msg time="2025-01-19T23:52:24.275216" level="INFO">Final Results: []</msg>
<arg>Final Results: ${results}</arg>
<doc>Logs the given message with the given level.</doc>
<status status="PASS" start="2025-01-19T23:52:24.274992" elapsed="0.000303"/>
</kw>
<kw name="Run Keyword If" owner="BuiltIn">
<arg>${results}</arg>
<arg>Fail</arg>
<arg>Final FAIL Results: ${results}</arg>
<doc>Runs the given keyword with the given arguments, if ``condition`` is true.</doc>
<status status="PASS" start="2025-01-19T23:52:24.275490" elapsed="0.000208"/>
</kw>
<arg>${sub_menu_locator}</arg>
<arg>${expected_list}</arg>
<status status="PASS" start="2025-01-19T23:52:24.223322" elapsed="0.052510"/>
</kw>
<arg>Lenders</arg>
<arg>${sub_menu_name_list}</arg>
<status status="PASS" start="2025-01-19T23:52:24.154868" elapsed="0.121079"/>
</kw>
<arg>Check Sub-menu under Menu</arg>
<arg>Lenders</arg>
<arg>${sub_menu_name_list}</arg>
<doc>Runs the keyword and continues execution even if a failure occurs.</doc>
<status status="PASS" start="2025-01-19T23:52:24.154519" elapsed="0.121531"/>
</kw>
<kw name="Sleep" owner="BuiltIn">
<msg time="2025-01-19T23:52:26.277200" level="INFO">Slept 2 seconds.</msg>
<arg>2 seconds</arg>
<doc>Pauses the test executed for the given time.</doc>
<status status="PASS" start="2025-01-19T23:52:24.276299" elapsed="2.001124"/>
</kw>
<kw name="Create List" owner="BuiltIn">
<msg time="2025-01-19T23:52:26.278405" level="INFO">${sub_menu_name_list} = ['About Bitfinex', 'Blog', 'Press', 'Newsletter', 'Status page', 'Utilities']</msg>
<var>${sub_menu_name_list}</var>
<arg>About Bitfinex</arg>
<arg>Blog</arg>
<arg>Press</arg>
<arg>Newsletter</arg>
<arg>Status page</arg>
<arg>Utilities</arg>
<doc>Returns a list containing given items.</doc>
<status status="PASS" start="2025-01-19T23:52:26.277923" elapsed="0.000555"/>
</kw>
<kw name="Run Keyword And Continue On Failure" owner="BuiltIn">
<kw name="Check Sub-menu under Menu" owner="Home">
<kw name="Replace String" owner="String">
<msg time="2025-01-19T23:52:26.280686" level="INFO">${menu_locator} = xpath=//span[@class='header_item-title'][normalize-space()='About']</msg>
<var>${menu_locator}</var>
<arg>${menu_locator_template}</arg>
<arg>{}</arg>
<arg>${menu_name}</arg>
<doc>Replaces ``search_for`` in the given ``string`` with ``replace_with``.</doc>
<status status="PASS" start="2025-01-19T23:52:26.280223" elapsed="0.000526"/>
</kw>
<kw name="Hover" owner="Browser">
<arg>${menu_locator}</arg>
<tag>PageContent</tag>
<tag>Setter</tag>
<doc>Moves the virtual mouse and scrolls to the element found by ``selector``.</doc>
<status status="PASS" start="2025-01-19T23:52:26.281015" elapsed="0.060781"/>
</kw>
<kw name="Click And Validate Each Sub-Tab" owner="Home">
<kw name="Set Variable" owner="BuiltIn">
<msg time="2025-01-19T23:52:26.343287" level="INFO">${counter} = 0</msg>
<var>${counter}</var>
<arg>0</arg>
<doc>Returns the given values which can then be assigned to a variables.</doc>
<status status="PASS" start="2025-01-19T23:52:26.343021" elapsed="0.000319"/>
</kw>
<kw name="Create List" owner="BuiltIn">
<msg time="2025-01-19T23:52:26.344037" level="INFO">${results} = []</msg>
<var>${results}</var>
<doc>Returns a list containing given items.</doc>
<status status="PASS" start="2025-01-19T23:52:26.343729" elapsed="0.000358"/>
</kw>
<kw name="Get Elements" owner="Browser">
<msg time="2025-01-19T23:52:26.354473" level="INFO">Found locator('//div[contains(@class, \'header_popover_menu\')]//a').first(),locator('//div[contains(@class, \'header_popover_menu\')]//a').nth(1),locator('//div[contains(@class, \'header_popover_menu\')]//a').nth(2),locator('//div[contains(@class, \'header_popover_menu\')]//a').nth(3),locator('//div[contains(@class, \'header_popover_menu\')]//a').nth(4),locator('//div[contains(@class, \'header_popover_menu\')]//a').nth(5) Locators successfully.</msg>
<msg time="2025-01-19T23:52:26.354837" level="INFO">${sub_tab_elements} = ["xpath=//div[contains(@class, 'header_popover_menu')]//a &gt;&gt; nth=0", "xpath=//div[contains(@class, 'header_popover_menu')]//a &gt;&gt; nth=1", "xpath=//div[contains(@class, 'header_popover_menu')]//a &gt;&gt; nth...</msg>
<var>${sub_tab_elements}</var>
<arg>${traders_sub_tab}</arg>
<tag>Getter</tag>
<tag>PageContent</tag>
<doc>Returns a reference to Playwright [https://playwright.dev/docs/api/class-locator|Locator]
for all matched elements by ``selector``.</doc>
<status status="PASS" start="2025-01-19T23:52:26.344295" elapsed="0.010598"/>
</kw>
<for flavor="IN">
<iter>
<try>
<branch type="TRY">
<kw name="Get Text" owner="Browser">
<msg time="2025-01-19T23:52:26.369749" level="INFO">Text: 'About Bitfinex'</msg>
<msg time="2025-01-19T23:52:26.369986" level="INFO">${tab_name} = About Bitfinex</msg>
<var>${tab_name}</var>
<arg>${element}</arg>
<tag>Assertion</tag>
<tag>Getter</tag>
<tag>PageContent</tag>
<doc>Returns text attribute of the element found by ``selector``.</doc>
<status status="PASS" start="2025-01-19T23:52:26.355732" elapsed="0.014305"/>
</kw>
<kw name="Get From List" owner="Collections">
<msg time="2025-01-19T23:52:26.370726" level="INFO">${item_name} = About Bitfinex</msg>
<var>${item_name}</var>
<arg>${expected_list}</arg>
<arg>${counter}</arg>
<doc>Returns the value specified with an ``index`` from ``list``.</doc>
<status status="PASS" start="2025-01-19T23:52:26.370346" elapsed="0.000427"/>
</kw>
<kw name="Should Be Equal" owner="BuiltIn">
<arg>${tab_name}</arg>
<arg>${item_name}</arg>
<doc>Fails if the given objects are unequal.</doc>
<status status="PASS" start="2025-01-19T23:52:26.370977" elapsed="0.000331"/>
</kw>
<status status="PASS" start="2025-01-19T23:52:26.355538" elapsed="0.015861"/>
</branch>
<branch type="EXCEPT">
<kw name="Append To List" owner="Collections">
<arg>${results}</arg>
<arg>FAIL: ${tab_name} != ${item_name}</arg>
<doc>Adds ``values`` to the end of ``list``.</doc>
<status status="NOT RUN" start="2025-01-19T23:52:26.371659" elapsed="0.000053"/>
</kw>
<status status="NOT RUN" start="2025-01-19T23:52:26.371500" elapsed="0.000292"/>
</branch>
<status status="PASS" start="2025-01-19T23:52:26.355493" elapsed="0.016371"/>
</try>
<kw name="Evaluate" owner="BuiltIn">
<msg time="2025-01-19T23:52:26.372353" level="INFO">${counter} = 1</msg>
<var>${counter}</var>
<arg>${counter} + 1</arg>
<doc>Evaluates the given expression in Python and returns the result.</doc>
<status status="PASS" start="2025-01-19T23:52:26.372010" elapsed="0.000390"/>
</kw>
<var name="${element}">xpath=//div[contains(@class, 'header_popover_menu')]//a &gt;&gt; nth=0</var>
<status status="PASS" start="2025-01-19T23:52:26.355415" elapsed="0.017072"/>
</iter>
<iter>
<try>
<branch type="TRY">
<kw name="Get Text" owner="Browser">
<msg time="2025-01-19T23:52:26.386672" level="INFO">Text: 'Blog'</msg>
<msg time="2025-01-19T23:52:26.386881" level="INFO">${tab_name} = Blog</msg>
<var>${tab_name}</var>
<arg>${element}</arg>
<tag>Assertion</tag>
<tag>Getter</tag>
<tag>PageContent</tag>
<doc>Returns text attribute of the element found by ``selector``.</doc>
<status status="PASS" start="2025-01-19T23:52:26.373028" elapsed="0.013902"/>
</kw>
<kw name="Get From List" owner="Collections">
<msg time="2025-01-19T23:52:26.387573" level="INFO">${item_name} = Blog</msg>
<var>${item_name}</var>
<arg>${expected_list}</arg>
<arg>${counter}</arg>
<doc>Returns the value specified with an ``index`` from ``list``.</doc>
<status status="PASS" start="2025-01-19T23:52:26.387206" elapsed="0.000414"/>
</kw>
<kw name="Should Be Equal" owner="BuiltIn">
<arg>${tab_name}</arg>
<arg>${item_name}</arg>
<doc>Fails if the given objects are unequal.</doc>
<status status="PASS" start="2025-01-19T23:52:26.387820" elapsed="0.000331"/>
</kw>
<status status="PASS" start="2025-01-19T23:52:26.372869" elapsed="0.015372"/>
</branch>
<branch type="EXCEPT">
<kw name="Append To List" owner="Collections">
<arg>${results}</arg>
<arg>FAIL: ${tab_name} != ${item_name}</arg>
<doc>Adds ``values`` to the end of ``list``.</doc>
<status status="NOT RUN" start="2025-01-19T23:52:26.388500" elapsed="0.000053"/>
</kw>
<status status="NOT RUN" start="2025-01-19T23:52:26.388341" elapsed="0.000291"/>
</branch>
<status status="PASS" start="2025-01-19T23:52:26.372827" elapsed="0.015876"/>
</try>
<kw name="Evaluate" owner="BuiltIn">
<msg time="2025-01-19T23:52:26.389186" level="INFO">${counter} = 2</msg>
<var>${counter}</var>
<arg>${counter} + 1</arg>
<doc>Evaluates the given expression in Python and returns the result.</doc>
<status status="PASS" start="2025-01-19T23:52:26.388846" elapsed="0.000387"/>
</kw>
<var name="${element}">xpath=//div[contains(@class, 'header_popover_menu')]//a &gt;&gt; nth=1</var>
<status status="PASS" start="2025-01-19T23:52:26.372756" elapsed="0.016564"/>
</iter>
<iter>
<try>
<branch type="TRY">
<kw name="Get Text" owner="Browser">
<msg time="2025-01-19T23:52:26.402782" level="INFO">Text: 'Press'</msg>
<msg time="2025-01-19T23:52:26.402986" level="INFO">${tab_name} = Press</msg>
<var>${tab_name}</var>
<arg>${element}</arg>
<tag>Assertion</tag>
<tag>Getter</tag>
<tag>PageContent</tag>
<doc>Returns text attribute of the element found by ``selector``.</doc>
<status status="PASS" start="2025-01-19T23:52:26.389902" elapsed="0.013132"/>
</kw>
<kw name="Get From List" owner="Collections">
<msg time="2025-01-19T23:52:26.403690" level="INFO">${item_name} = Press</msg>
<var>${item_name}</var>
<arg>${expected_list}</arg>
<arg>${counter}</arg>
<doc>Returns the value specified with an ``index`` from ``list``.</doc>
<status status="PASS" start="2025-01-19T23:52:26.403315" elapsed="0.000421"/>
</kw>
<kw name="Should Be Equal" owner="BuiltIn">
<arg>${tab_name}</arg>
<arg>${item_name}</arg>
<doc>Fails if the given objects are unequal.</doc>
<status status="PASS" start="2025-01-19T23:52:26.403936" elapsed="0.000329"/>
</kw>
<status status="PASS" start="2025-01-19T23:52:26.389733" elapsed="0.014621"/>
</branch>
<branch type="EXCEPT">
<kw name="Append To List" owner="Collections">
<arg>${results}</arg>
<arg>FAIL: ${tab_name} != ${item_name}</arg>
<doc>Adds ``values`` to the end of ``list``.</doc>
<status status="NOT RUN" start="2025-01-19T23:52:26.404609" elapsed="0.000053"/>
</kw>
<status status="NOT RUN" start="2025-01-19T23:52:26.404452" elapsed="0.000289"/>
</branch>
<status status="PASS" start="2025-01-19T23:52:26.389688" elapsed="0.015126"/>
</try>
<kw name="Evaluate" owner="BuiltIn">
<msg time="2025-01-19T23:52:26.405305" level="INFO">${counter} = 3</msg>
<var>${counter}</var>
<arg>${counter} + 1</arg>
<doc>Evaluates the given expression in Python and returns the result.</doc>
<status status="PASS" start="2025-01-19T23:52:26.404957" elapsed="0.000396"/>
</kw>
<var name="${element}">xpath=//div[contains(@class, 'header_popover_menu')]//a &gt;&gt; nth=2</var>
<status status="PASS" start="2025-01-19T23:52:26.389601" elapsed="0.015838"/>
</iter>
<iter>
<try>
<branch type="TRY">
<kw name="Get Text" owner="Browser">
<msg time="2025-01-19T23:52:26.418564" level="INFO">Text: 'Bitfinex Alpha'</msg>
<msg time="2025-01-19T23:52:26.418771" level="INFO">${tab_name} = Bitfinex Alpha</msg>
<var>${tab_name}</var>
<arg>${element}</arg>
<tag>Assertion</tag>
<tag>Getter</tag>
<tag>PageContent</tag>
<doc>Returns text attribute of the element found by ``selector``.</doc>
<status status="PASS" start="2025-01-19T23:52:26.405984" elapsed="0.012839"/>
</kw>
<kw name="Get From List" owner="Collections">
<msg time="2025-01-19T23:52:26.419540" level="INFO">${item_name} = Newsletter</msg>
<var>${item_name}</var>
<arg>${expected_list}</arg>
<arg>${counter}</arg>
<doc>Returns the value specified with an ``index`` from ``list``.</doc>
<status status="PASS" start="2025-01-19T23:52:26.419171" elapsed="0.000417"/>
</kw>
<kw name="Should Be Equal" owner="BuiltIn">
<msg time="2025-01-19T23:52:26.420176" level="FAIL">Bitfinex Alpha != Newsletter</msg>
<arg>${tab_name}</arg>
<arg>${item_name}</arg>
<doc>Fails if the given objects are unequal.</doc>
<status status="FAIL" start="2025-01-19T23:52:26.419788" elapsed="0.000491">Bitfinex Alpha != Newsletter</status>
</kw>
<status status="FAIL" start="2025-01-19T23:52:26.405820" elapsed="0.014585">Bitfinex Alpha != Newsletter</status>
</branch>
<branch type="EXCEPT">
<kw name="Append To List" owner="Collections">
<arg>${results}</arg>
<arg>FAIL: ${tab_name} != ${item_name}</arg>
<doc>Adds ``values`` to the end of ``list``.</doc>
<status status="PASS" start="2025-01-19T23:52:26.420682" elapsed="0.000405"/>
</kw>
<status status="PASS" start="2025-01-19T23:52:26.420511" elapsed="0.000668"/>
</branch>
<status status="PASS" start="2025-01-19T23:52:26.405778" elapsed="0.015478"/>
</try>
<kw name="Evaluate" owner="BuiltIn">
<msg time="2025-01-19T23:52:26.421742" level="INFO">${counter} = 4</msg>
<var>${counter}</var>
<arg>${counter} + 1</arg>
<doc>Evaluates the given expression in Python and returns the result.</doc>
<status status="PASS" start="2025-01-19T23:52:26.421405" elapsed="0.000387"/>
</kw>
<var name="${element}">xpath=//div[contains(@class, 'header_popover_menu')]//a &gt;&gt; nth=3</var>
<status status="PASS" start="2025-01-19T23:52:26.405707" elapsed="0.016171"/>
</iter>
<iter>
<try>
<branch type="TRY">
<kw name="Get Text" owner="Browser">
<msg time="2025-01-19T23:52:26.435264" level="INFO">Text: 'Status page'</msg>
<msg time="2025-01-19T23:52:26.435467" level="INFO">${tab_name} = Status page</msg>
<var>${tab_name}</var>
<arg>${element}</arg>
<tag>Assertion</tag>
<tag>Getter</tag>
<tag>PageContent</tag>
<doc>Returns text attribute of the element found by ``selector``.</doc>
<status status="PASS" start="2025-01-19T23:52:26.422430" elapsed="0.013086"/>
</kw>
<kw name="Get From List" owner="Collections">
<msg time="2025-01-19T23:52:26.436139" level="INFO">${item_name} = Status page</msg>
<var>${item_name}</var>
<arg>${expected_list}</arg>
<arg>${counter}</arg>
<doc>Returns the value specified with an ``index`` from ``list``.</doc>
<status status="PASS" start="2025-01-19T23:52:26.435784" elapsed="0.000400"/>
</kw>
<kw name="Should Be Equal" owner="BuiltIn">
<arg>${tab_name}</arg>
<arg>${item_name}</arg>
<doc>Fails if the given objects are unequal.</doc>
<status status="PASS" start="2025-01-19T23:52:26.436374" elapsed="0.000317"/>
</kw>
<status status="PASS" start="2025-01-19T23:52:26.422268" elapsed="0.014510"/>
</branch>
<branch type="EXCEPT">
<kw name="Append To List" owner="Collections">
<arg>${results}</arg>
<arg>FAIL: ${tab_name} != ${item_name}</arg>
<doc>Adds ``values`` to the end of ``list``.</doc>
<status status="NOT RUN" start="2025-01-19T23:52:26.437031" elapsed="0.000051"/>
</kw>
<status status="NOT RUN" start="2025-01-19T23:52:26.436881" elapsed="0.000278"/>
</branch>
<status status="PASS" start="2025-01-19T23:52:26.422224" elapsed="0.015005"/>
</try>
<kw name="Evaluate" owner="BuiltIn">
<msg time="2025-01-19T23:52:26.437693" level="INFO">${counter} = 5</msg>
<var>${counter}</var>
<arg>${counter} + 1</arg>
<doc>Evaluates the given expression in Python and returns the result.</doc>
<status status="PASS" start="2025-01-19T23:52:26.437366" elapsed="0.000374"/>
</kw>
<var name="${element}">xpath=//div[contains(@class, 'header_popover_menu')]//a &gt;&gt; nth=4</var>
<status status="PASS" start="2025-01-19T23:52:26.422151" elapsed="0.015672"/>
</iter>
<iter>
<try>
<branch type="TRY">
<kw name="Get Text" owner="Browser">
<msg time="2025-01-19T23:52:26.452416" level="INFO">Text: 'Utilities'</msg>
<msg time="2025-01-19T23:52:26.452623" level="INFO">${tab_name} = Utilities</msg>
<var>${tab_name}</var>
<arg>${element}</arg>
<tag>Assertion</tag>
<tag>Getter</tag>
<tag>PageContent</tag>
<doc>Returns text attribute of the element found by ``selector``.</doc>
<status status="PASS" start="2025-01-19T23:52:26.438462" elapsed="0.014211"/>
</kw>
<kw name="Get From List" owner="Collections">
<msg time="2025-01-19T23:52:26.453336" level="INFO">${item_name} = Utilities</msg>
<var>${item_name}</var>
<arg>${expected_list}</arg>
<arg>${counter}</arg>
<doc>Returns the value specified with an ``index`` from ``list``.</doc>
<status status="PASS" start="2025-01-19T23:52:26.452968" elapsed="0.000414"/>
</kw>
<kw name="Should Be Equal" owner="BuiltIn">
<arg>${tab_name}</arg>
<arg>${item_name}</arg>
<doc>Fails if the given objects are unequal.</doc>
<status status="PASS" start="2025-01-19T23:52:26.453583" elapsed="0.000318"/>
</kw>
<status status="PASS" start="2025-01-19T23:52:26.438270" elapsed="0.015716"/>
</branch>
<branch type="EXCEPT">
<kw name="Append To List" owner="Collections">
<arg>${results}</arg>
<arg>FAIL: ${tab_name} != ${item_name}</arg>
<doc>Adds ``values`` to the end of ``list``.</doc>
<status status="NOT RUN" start="2025-01-19T23:52:26.454234" elapsed="0.000051"/>
</kw>
<status status="NOT RUN" start="2025-01-19T23:52:26.454082" elapsed="0.000280"/>
</branch>
<status status="PASS" start="2025-01-19T23:52:26.438157" elapsed="0.016275"/>
</try>
<kw name="Evaluate" owner="BuiltIn">
<msg time="2025-01-19T23:52:26.454919" level="INFO">${counter} = 6</msg>
<var>${counter}</var>
<arg>${counter} + 1</arg>
<doc>Evaluates the given expression in Python and returns the result.</doc>
<status status="PASS" start="2025-01-19T23:52:26.454576" elapsed="0.000391"/>
</kw>
<var name="${element}">xpath=//div[contains(@class, 'header_popover_menu')]//a &gt;&gt; nth=5</var>
<status status="PASS" start="2025-01-19T23:52:26.438083" elapsed="0.016968"/>
</iter>
<var>${element}</var>
<value>@{sub_tab_elements}</value>
<status status="PASS" start="2025-01-19T23:52:26.355057" elapsed="0.100071"/>
</for>
<kw name="Log" owner="BuiltIn">
<msg time="2025-01-19T23:52:26.455550" level="INFO">Final Results: ['FAIL: Bitfinex Alpha != Newsletter']</msg>
<arg>Final Results: ${results}</arg>
<doc>Logs the given message with the given level.</doc>
<status status="PASS" start="2025-01-19T23:52:26.455317" elapsed="0.000329"/>
</kw>
<kw name="Run Keyword If" owner="BuiltIn">
<kw name="Fail" owner="BuiltIn">
<msg time="2025-01-19T23:52:26.456480" level="FAIL">Final FAIL Results: ['FAIL: Bitfinex Alpha != Newsletter']</msg>
<arg>Final FAIL Results: ${results}</arg>
<doc>Fails the test with the given message and optionally alters its tags.</doc>
<status status="FAIL" start="2025-01-19T23:52:26.456162" elapsed="0.000419">Final FAIL Results: ['FAIL: Bitfinex Alpha != Newsletter']</status>
</kw>
<arg>${results}</arg>
<arg>Fail</arg>
<arg>Final FAIL Results: ${results}</arg>
<doc>Runs the given keyword with the given arguments, if ``condition`` is true.</doc>
<status status="FAIL" start="2025-01-19T23:52:26.455845" elapsed="0.000835">Final FAIL Results: ['FAIL: Bitfinex Alpha != Newsletter']</status>
</kw>
<arg>${sub_menu_locator}</arg>
<arg>${expected_list}</arg>
<status status="FAIL" start="2025-01-19T23:52:26.342393" elapsed="0.114459">Final FAIL Results: ['FAIL: Bitfinex Alpha != Newsletter']</status>
</kw>
<arg>About</arg>
<arg>${sub_menu_name_list}</arg>
<status status="FAIL" start="2025-01-19T23:52:26.279469" elapsed="0.177534">Final FAIL Results: ['FAIL: Bitfinex Alpha != Newsletter']</status>
</kw>
<arg>Check Sub-menu under Menu</arg>
<arg>About</arg>
<arg>${sub_menu_name_list}</arg>
<doc>Runs the keyword and continues execution even if a failure occurs.</doc>
<status status="FAIL" start="2025-01-19T23:52:26.278994" elapsed="0.178126">Final FAIL Results: ['FAIL: Bitfinex Alpha != Newsletter']</status>
</kw>
<kw name="Close Browser" owner="Browser">
<msg time="2025-01-19T23:52:26.742862" level="INFO">Closed browser</msg>
<tag>BrowserControl</tag>
<tag>Setter</tag>
<doc>Closes the current browser.</doc>
<status status="PASS" start="2025-01-19T23:52:26.457509" elapsed="0.285713"/>
</kw>
<status status="FAIL" start="2025-01-19T23:52:15.745646" elapsed="10.998126">Several failures occurred:

1) Final FAIL Results: ['FAIL: Debit/Credit On-ramp != Payment Cards']

2) Final FAIL Results: ['FAIL: Bitfinex Alpha != Newsletter']</status>
</test>
<test id="s1-t2" name="Test 9" line="28">
<kw name="Open New Browser" owner="Home">
<kw name="New Browser" owner="Browser">
<msg time="2025-01-19T23:52:26.765220" level="INFO">{"browser": "chromium", "headless": false, "chromiumSandbox": false, "devtools": false, "handleSIGHUP": true, "handleSIGINT": true, "handleSIGTERM": true, "slowMo": 0.0, "timeout": 30000.0, "tracesDir": "/Users/thaonguyen/Documents/code/RF/automation/browser/traces/8dc96bd3-3d48-4bf1-88f3-ee8b3cf66e10"}</msg>
<msg time="2025-01-19T23:52:27.372676" level="INFO">Successfully created browser with options: {"browser":"chromium","headless":false,"chromiumSandbox":false,"devtools":false,"handleSIGHUP":true,"handleSIGINT":true,"handleSIGTERM":true,"slowMo":0,"timeout":30000,"tracesDir":"/Users/thaonguyen/Documents/code/RF/automation/browser/traces/8dc96bd3-3d48-4bf1-88f3-ee8b3cf66e10"}</msg>
<arg>headless=False</arg>
<tag>BrowserControl</tag>
<tag>Setter</tag>
<doc>Create a new playwright Browser with specified options.</doc>
<status status="PASS" start="2025-01-19T23:52:26.763478" elapsed="0.609416"/>
</kw>
<kw name="New Page" owner="Browser">
<msg time="2025-01-19T23:52:30.689348" level="INFO">Successfully initialized new page object and opened url: https://www.bitfinex.com/</msg>
<msg time="2025-01-19T23:52:30.689461" level="INFO">No context was open. New context was automatically opened when this page is created.</msg>
<arg>${site_url}</arg>
<tag>BrowserControl</tag>
<tag>Setter</tag>
<doc>Open a new Page.</doc>
<status status="PASS" start="2025-01-19T23:52:27.373177" elapsed="3.316494"/>
</kw>
<status status="PASS" start="2025-01-19T23:52:26.762348" elapsed="3.927518"/>
</kw>
<kw name="Create List" owner="BuiltIn">
<msg time="2025-01-19T23:52:30.690552" level="INFO">@{link_menu_name_list} = [ API documentation | P2P Trading | Bitfinex Leaderboard | Reporting Tool ]</msg>
<var>@{link_menu_name_list}</var>
<arg>API documentation</arg>
<arg>P2P Trading</arg>
<arg>Bitfinex Leaderboard</arg>
<arg>Reporting Tool</arg>
<doc>Returns a list containing given items.</doc>
<status status="PASS" start="2025-01-19T23:52:30.690182" elapsed="0.000425"/>
</kw>
<kw name="Check Link Under Menu" owner="Home">
<for flavor="IN">
<iter>
<kw name="Replace String" owner="String">
<msg time="2025-01-19T23:52:30.692705" level="INFO">${menu_locator} = xpath=//span[@class='header_item-title'][normalize-space()='Traders']</msg>
<var>${menu_locator}</var>
<arg>${menu_locator_template}</arg>
<arg>{}</arg>
<arg>${menu_name}</arg>
<doc>Replaces ``search_for`` in the given ``string`` with ``replace_with``.</doc>
<status status="PASS" start="2025-01-19T23:52:30.692315" elapsed="0.000443"/>
</kw>
<kw name="Hover" owner="Browser">
<arg>${menu_locator}</arg>
<tag>PageContent</tag>
<tag>Setter</tag>
<doc>Moves the virtual mouse and scrolls to the element found by ``selector``.</doc>
<status status="PASS" start="2025-01-19T23:52:30.692977" elapsed="0.147356"/>
</kw>
<kw name="Replace String" owner="String">
<msg time="2025-01-19T23:52:30.841493" level="INFO">${link_menu_locator} = xpath=//li[@class='header_menu_item header_menu_item__external']//a[contains(text(),'API documentation')]</msg>
<var>${link_menu_locator}</var>
<arg>${link_menu_xpath_template}</arg>
<arg>{}</arg>
<arg>${element}</arg>
<doc>Replaces ``search_for`` in the given ``string`` with ``replace_with``.</doc>
<status status="PASS" start="2025-01-19T23:52:30.840710" elapsed="0.000853"/>
</kw>
<kw name="Click With Options" owner="Browser">
<msg time="2025-01-19T23:52:30.842593" level="INFO">Clicks the element 'xpath=//li[@class='header_menu_item header_menu_item__external']//a[contains(text(),'API documentation')]'.</msg>
<arg>${link_menu_locator}</arg>
<arg>force=True</arg>
<tag>PageContent</tag>
<tag>Setter</tag>
<doc>Simulates mouse click on the element found by ``selector``.</doc>
<status status="PASS" start="2025-01-19T23:52:30.841869" elapsed="0.073255"/>
</kw>
<kw name="Wait For Load State" owner="Browser">
<msg time="2025-01-19T23:52:30.916606" level="INFO">Waiting page load to state to receive load in 10000.0</msg>
<msg time="2025-01-19T23:52:30.922082" level="INFO">Load state load got in 10000</msg>
<tag>PageContent</tag>
<tag>Wait</tag>
<doc>Waits that the page reaches the required load state.</doc>
<status status="PASS" start="2025-01-19T23:52:30.915524" elapsed="0.006765"/>
</kw>
<kw name="Switch Page" owner="Browser">
<msg time="2025-01-19T23:52:30.923335" level="INFO">Switching to page NEW,context CURRENT, browser CURRENT</msg>
<msg time="2025-01-19T23:52:32.376539" level="INFO">Activated new page page=996a4516-b072-4bfb-8fec-5d6c76b7a7a6</msg>
<arg>NEW</arg>
<tag>BrowserControl</tag>
<tag>Setter</tag>
<doc>Switches the active browser page to another open page by ``id`` or ``NEW``.</doc>
<status status="PASS" start="2025-01-19T23:52:30.922579" elapsed="1.454189"/>
</kw>
<kw name="Sleep" owner="BuiltIn">
<msg time="2025-01-19T23:52:34.379439" level="INFO">Slept 2 seconds.</msg>
<arg>2 seconds</arg>
<doc>Pauses the test executed for the given time.</doc>
<status status="PASS" start="2025-01-19T23:52:32.377344" elapsed="2.002317"/>
</kw>
<kw name="Get Url" owner="Browser">
<msg time="2025-01-19T23:52:34.384178" level="INFO">${new_url} = https://docs.bitfinex.com/docs/introduction</msg>
<var>${new_url}</var>
<tag>Assertion</tag>
<tag>Getter</tag>
<tag>PageContent</tag>
<doc>Returns the current URL.</doc>
<status status="PASS" start="2025-01-19T23:52:34.380222" elapsed="0.004035"/>
</kw>
<kw name="Log" owner="BuiltIn">
<msg time="2025-01-19T23:52:34.384901" level="INFO">https://docs.bitfinex.com/docs/introduction</msg>
<arg>${new_url}</arg>
<doc>Logs the given message with the given level.</doc>
<status status="PASS" start="2025-01-19T23:52:34.384580" elapsed="0.000405"/>
</kw>
<kw name="Should Not Be Equal" owner="BuiltIn">
<arg>${new_url}</arg>
<arg>${site_url}</arg>
<doc>Fails if the given objects are equal.</doc>
<status status="PASS" start="2025-01-19T23:52:34.385243" elapsed="0.000358"/>
</kw>
<kw name="Close Page" owner="Browser">
<msg time="2025-01-19T23:52:34.394704" level="INFO">Switching browser to CURRENT</msg>
<msg time="2025-01-19T23:52:34.398401" level="INFO">Returned active browser id. CURRENT</msg>
<msg time="2025-01-19T23:52:34.399482" level="INFO">Switching browser to browser=084d9db3-7475-43dc-a3ad-f8e981a4c428</msg>
<msg time="2025-01-19T23:52:34.402418" level="INFO">Successfully changed active browser: browser=084d9db3-7475-43dc-a3ad-f8e981a4c428</msg>
<msg time="2025-01-19T23:52:34.402586" level="INFO">Switching context to CURRENT in CURRENT</msg>
<msg time="2025-01-19T23:52:34.406684" level="INFO">Returned active context id: CURRENT</msg>
<msg time="2025-01-19T23:52:34.406838" level="INFO">Switching context to context=27a4f8e7-9c7b-43bb-a983-37e1a01f22cd in CURRENT</msg>
<msg time="2025-01-19T23:52:34.415777" level="INFO">Successfully changed active context: context=27a4f8e7-9c7b-43bb-a983-37e1a01f22cd</msg>
<msg time="2025-01-19T23:52:34.444530" level="INFO">Successfully closed Page with runBeforeUnload false</msg>
<tag>BrowserControl</tag>
<tag>Setter</tag>
<doc>Closes the ``page`` in ``context`` in ``browser``.</doc>
<status status="PASS" start="2025-01-19T23:52:34.385814" elapsed="0.059295"/>
</kw>
<kw name="Sleep" owner="BuiltIn">
<msg time="2025-01-19T23:52:36.447887" level="INFO">Slept 2 seconds.</msg>
<arg>2 seconds</arg>
<doc>Pauses the test executed for the given time.</doc>
<status status="PASS" start="2025-01-19T23:52:34.445436" elapsed="2.002776"/>
</kw>
<var name="${element}">API documentation</var>
<status status="PASS" start="2025-01-19T23:52:30.692122" elapsed="5.756342"/>
</iter>
<iter>
<kw name="Replace String" owner="String">
<msg time="2025-01-19T23:52:36.450029" level="INFO">${menu_locator} = xpath=//span[@class='header_item-title'][normalize-space()='Traders']</msg>
<var>${menu_locator}</var>
<arg>${menu_locator_template}</arg>
<arg>{}</arg>
<arg>${menu_name}</arg>
<doc>Replaces ``search_for`` in the given ``string`` with ``replace_with``.</doc>
<status status="PASS" start="2025-01-19T23:52:36.449423" elapsed="0.000681"/>
</kw>
<kw name="Hover" owner="Browser">
<arg>${menu_locator}</arg>
<tag>PageContent</tag>
<tag>Setter</tag>
<doc>Moves the virtual mouse and scrolls to the element found by ``selector``.</doc>
<status status="PASS" start="2025-01-19T23:52:36.450433" elapsed="0.057534"/>
</kw>
<kw name="Replace String" owner="String">
<msg time="2025-01-19T23:52:36.508799" level="INFO">${link_menu_locator} = xpath=//li[@class='header_menu_item header_menu_item__external']//a[contains(text(),'P2P Trading')]</msg>
<var>${link_menu_locator}</var>
<arg>${link_menu_xpath_template}</arg>
<arg>{}</arg>
<arg>${element}</arg>
<doc>Replaces ``search_for`` in the given ``string`` with ``replace_with``.</doc>
<status status="PASS" start="2025-01-19T23:52:36.508357" elapsed="0.000496"/>
</kw>
<kw name="Click With Options" owner="Browser">
<msg time="2025-01-19T23:52:36.509707" level="INFO">Clicks the element 'xpath=//li[@class='header_menu_item header_menu_item__external']//a[contains(text(),'P2P Trading')]'.</msg>
<arg>${link_menu_locator}</arg>
<arg>force=True</arg>
<tag>PageContent</tag>
<tag>Setter</tag>
<doc>Simulates mouse click on the element found by ``selector``.</doc>
<status status="PASS" start="2025-01-19T23:52:36.509080" elapsed="0.065390"/>
</kw>
<kw name="Wait For Load State" owner="Browser">
<msg time="2025-01-19T23:52:36.575787" level="INFO">Waiting page load to state to receive load in 10000.0</msg>
<msg time="2025-01-19T23:52:36.578916" level="INFO">Load state load got in 10000</msg>
<tag>PageContent</tag>
<tag>Wait</tag>
<doc>Waits that the page reaches the required load state.</doc>
<status status="PASS" start="2025-01-19T23:52:36.575171" elapsed="0.003962"/>
</kw>
<kw name="Switch Page" owner="Browser">
<msg time="2025-01-19T23:52:36.580314" level="INFO">Switching to page NEW,context CURRENT, browser CURRENT</msg>
<msg time="2025-01-19T23:52:36.662535" level="INFO">Activated new page page=cafdb49a-5605-4906-87d6-f8001039a898</msg>
<arg>NEW</arg>
<tag>BrowserControl</tag>
<tag>Setter</tag>
<doc>Switches the active browser page to another open page by ``id`` or ``NEW``.</doc>
<status status="PASS" start="2025-01-19T23:52:36.579424" elapsed="0.083321"/>
</kw>
<kw name="Sleep" owner="BuiltIn">
<msg time="2025-01-19T23:52:38.663732" level="INFO">Slept 2 seconds.</msg>
<arg>2 seconds</arg>
<doc>Pauses the test executed for the given time.</doc>
<status status="PASS" start="2025-01-19T23:52:36.663016" elapsed="2.000907"/>
</kw>
<kw name="Get Url" owner="Browser">
<msg time="2025-01-19T23:52:38.666766" level="INFO">${new_url} = https://p2p.bitfinex.com/trade/COP/BTC</msg>
<var>${new_url}</var>
<tag>Assertion</tag>
<tag>Getter</tag>
<tag>PageContent</tag>
<doc>Returns the current URL.</doc>
<status status="PASS" start="2025-01-19T23:52:38.664195" elapsed="0.002628"/>
</kw>
<kw name="Log" owner="BuiltIn">
<msg time="2025-01-19T23:52:38.667300" level="INFO">https://p2p.bitfinex.com/trade/COP/BTC</msg>
<arg>${new_url}</arg>
<doc>Logs the given message with the given level.</doc>
<status status="PASS" start="2025-01-19T23:52:38.667057" elapsed="0.000324"/>
</kw>
<kw name="Should Not Be Equal" owner="BuiltIn">
<arg>${new_url}</arg>
<arg>${site_url}</arg>
<doc>Fails if the given objects are equal.</doc>
<status status="PASS" start="2025-01-19T23:52:38.667566" elapsed="0.000327"/>
</kw>
<kw name="Close Page" owner="Browser">
<msg time="2025-01-19T23:52:38.676136" level="INFO">Switching browser to CURRENT</msg>
<msg time="2025-01-19T23:52:38.678783" level="INFO">Returned active browser id. CURRENT</msg>
<msg time="2025-01-19T23:52:38.679847" level="INFO">Switching browser to browser=084d9db3-7475-43dc-a3ad-f8e981a4c428</msg>
<msg time="2025-01-19T23:52:38.682607" level="INFO">Successfully changed active browser: browser=084d9db3-7475-43dc-a3ad-f8e981a4c428</msg>
<msg time="2025-01-19T23:52:38.682767" level="INFO">Switching context to CURRENT in CURRENT</msg>
<msg time="2025-01-19T23:52:38.688119" level="INFO">Returned active context id: CURRENT</msg>
<msg time="2025-01-19T23:52:38.688325" level="INFO">Switching context to context=27a4f8e7-9c7b-43bb-a983-37e1a01f22cd in CURRENT</msg>
<msg time="2025-01-19T23:52:38.696904" level="INFO">Successfully changed active context: context=27a4f8e7-9c7b-43bb-a983-37e1a01f22cd</msg>
<msg time="2025-01-19T23:52:38.728815" level="INFO">Successfully closed Page with runBeforeUnload false</msg>
<tag>BrowserControl</tag>
<tag>Setter</tag>
<doc>Closes the ``page`` in ``context`` in ``browser``.</doc>
<status status="PASS" start="2025-01-19T23:52:38.668090" elapsed="0.060993"/>
</kw>
<kw name="Sleep" owner="BuiltIn">
<msg time="2025-01-19T23:52:40.730130" level="INFO">Slept 2 seconds.</msg>
<arg>2 seconds</arg>
<doc>Pauses the test executed for the given time.</doc>
<status status="PASS" start="2025-01-19T23:52:38.729362" elapsed="2.001021"/>
</kw>
<var name="${element}">P2P Trading</var>
<status status="PASS" start="2025-01-19T23:52:36.449125" elapsed="4.281437"/>
</iter>
<iter>
<kw name="Replace String" owner="String">
<msg time="2025-01-19T23:52:40.731924" level="INFO">${menu_locator} = xpath=//span[@class='header_item-title'][normalize-space()='Traders']</msg>
<var>${menu_locator}</var>
<arg>${menu_locator_template}</arg>
<arg>{}</arg>
<arg>${menu_name}</arg>
<doc>Replaces ``search_for`` in the given ``string`` with ``replace_with``.</doc>
<status status="PASS" start="2025-01-19T23:52:40.731301" elapsed="0.000683"/>
</kw>
<kw name="Hover" owner="Browser">
<arg>${menu_locator}</arg>
<tag>PageContent</tag>
<tag>Setter</tag>
<doc>Moves the virtual mouse and scrolls to the element found by ``selector``.</doc>
<status status="PASS" start="2025-01-19T23:52:40.732250" elapsed="0.057407"/>
</kw>
<kw name="Replace String" owner="String">
<msg time="2025-01-19T23:52:40.790424" level="INFO">${link_menu_locator} = xpath=//li[@class='header_menu_item header_menu_item__external']//a[contains(text(),'Bitfinex Leaderboard')]</msg>
[...]
<msg time="2025-01-19T23:52:47.346942" level="INFO">Successfully changed active context: context=27a4f8e7-9c7b-43bb-a983-37e1a01f22cd</msg>
<msg time="2025-01-19T23:52:47.380173" level="INFO">Successfully closed Page with runBeforeUnload false</msg>
<tag>BrowserControl</tag>
<tag>Setter</tag>
<doc>Closes the ``page`` in ``context`` in ``browser``.</doc>
<status status="PASS" start="2025-01-19T23:52:47.321189" elapsed="0.059536"/>
</kw>
<kw name="Sleep" owner="BuiltIn">
<msg time="2025-01-19T23:52:49.381979" level="INFO">Slept 2 seconds.</msg>
<arg>2 seconds</arg>
<doc>Pauses the test executed for the given time.</doc>
<status status="PASS" start="2025-01-19T23:52:47.381065" elapsed="2.001101"/>
</kw>
<var name="${element}">Reporting Tool</var>
<status status="PASS" start="2025-01-19T23:52:45.054591" elapsed="4.327717"/>
</iter>
<var>${element}</var>
<value>@{traders_sub_tab}</value>
<status status="PASS" start="2025-01-19T23:52:30.691708" elapsed="18.691496"/>
</for>
<arg>Traders</arg>
<arg>@{link_menu_name_list}</arg>
<status status="PASS" start="2025-01-19T23:52:30.691146" elapsed="18.692282"/>
</kw>
<kw name="Sleep" owner="BuiltIn">
<msg time="2025-01-19T23:52:51.391490" level="INFO">Slept 2 seconds.</msg>
<arg>2 seconds</arg>
<doc>Pauses the test executed for the given time.</doc>
<status status="PASS" start="2025-01-19T23:52:49.383795" elapsed="2.007901"/>
</kw>
<kw name="Create List" owner="BuiltIn">
<msg time="2025-01-19T23:52:51.392549" level="INFO">@{link_menu_name_list} = [ Staking ]</msg>
<var>@{link_menu_name_list}</var>
<arg>Staking</arg>
<doc>Returns a list containing given items.</doc>
<status status="PASS" start="2025-01-19T23:52:51.392170" elapsed="0.000431"/>
</kw>
<kw name="Check Link Under Menu" owner="Home">
<for flavor="IN">
<iter>
<kw name="Replace String" owner="String">
<msg time="2025-01-19T23:52:51.401594" level="INFO">${menu_locator} = xpath=//span[@class='header_item-title'][normalize-space()='Lenders']</msg>
<var>${menu_locator}</var>
<arg>${menu_locator_template}</arg>
<arg>{}</arg>
<arg>${menu_name}</arg>
<doc>Replaces ``search_for`` in the given ``string`` with ``replace_with``.</doc>
<status status="PASS" start="2025-01-19T23:52:51.400675" elapsed="0.000990"/>
</kw>
<kw name="Hover" owner="Browser">
<arg>${menu_locator}</arg>
<tag>PageContent</tag>
<tag>Setter</tag>
<doc>Moves the virtual mouse and scrolls to the element found by ``selector``.</doc>
<status status="PASS" start="2025-01-19T23:52:51.401962" elapsed="0.060461"/>
</kw>
<kw name="Replace String" owner="String">
<msg time="2025-01-19T23:52:51.463243" level="INFO">${link_menu_locator} = xpath=//li[@class='header_menu_item header_menu_item__external']//a[contains(text(),'Staking')]</msg>
<var>${link_menu_locator}</var>
<arg>${link_menu_xpath_template}</arg>
<arg>{}</arg>
<arg>${element}</arg>
<doc>Replaces ``search_for`` in the given ``string`` with ``replace_with``.</doc>
<status status="PASS" start="2025-01-19T23:52:51.462744" elapsed="0.000560"/>
</kw>
<kw name="Click With Options" owner="Browser">
<msg time="2025-01-19T23:52:51.464240" level="INFO">Clicks the element 'xpath=//li[@class='header_menu_item header_menu_item__external']//a[contains(text(),'Staking')]'.</msg>
<arg>${link_menu_locator}</arg>
<arg>force=True</arg>
<tag>PageContent</tag>
<tag>Setter</tag>
<doc>Simulates mouse click on the element found by ``selector``.</doc>
<status status="PASS" start="2025-01-19T23:52:51.463550" elapsed="0.061849"/>
</kw>
<kw name="Wait For Load State" owner="Browser">
<msg time="2025-01-19T23:52:51.526727" level="INFO">Waiting page load to state to receive load in 10000.0</msg>
<msg time="2025-01-19T23:52:51.530955" level="INFO">Load state load got in 10000</msg>
<tag>PageContent</tag>
<tag>Wait</tag>
<doc>Waits that the page reaches the required load state.</doc>
<status status="PASS" start="2025-01-19T23:52:51.526036" elapsed="0.005169"/>
</kw>
<kw name="Switch Page" owner="Browser">
<msg time="2025-01-19T23:52:51.532321" level="INFO">Switching to page NEW,context CURRENT, browser CURRENT</msg>
<msg time="2025-01-19T23:52:51.646683" level="INFO">Activated new page page=ef1f5ee6-f504-4dd2-aa9b-30989336b7ae</msg>
<arg>NEW</arg>
<tag>BrowserControl</tag>
<tag>Setter</tag>
<doc>Switches the active browser page to another open page by ``id`` or ``NEW``.</doc>
<status status="PASS" start="2025-01-19T23:52:51.531614" elapsed="0.115289"/>
</kw>
<kw name="Sleep" owner="BuiltIn">
<msg time="2025-01-19T23:52:53.649504" level="INFO">Slept 2 seconds.</msg>
<arg>2 seconds</arg>
<doc>Pauses the test executed for the given time.</doc>
<status status="PASS" start="2025-01-19T23:52:51.647526" elapsed="2.002286"/>
</kw>
<kw name="Get Url" owner="Browser">
<msg time="2025-01-19T23:52:53.653792" level="INFO">${new_url} = https://staking.bitfinex.com/?locale=en</msg>
<var>${new_url}</var>
<tag>Assertion</tag>
<tag>Getter</tag>
<tag>PageContent</tag>
<doc>Returns the current URL.</doc>
<status status="PASS" start="2025-01-19T23:52:53.650243" elapsed="0.003620"/>
</kw>
<kw name="Log" owner="BuiltIn">
<msg time="2025-01-19T23:52:53.654473" level="INFO">https://staking.bitfinex.com/?locale=en</msg>
<arg>${new_url}</arg>
<doc>Logs the given message with the given level.</doc>
<status status="PASS" start="2025-01-19T23:52:53.654159" elapsed="0.000413"/>
</kw>
<kw name="Should Not Be Equal" owner="BuiltIn">
<arg>${new_url}</arg>
<arg>${site_url}</arg>
<doc>Fails if the given objects are equal.</doc>
<status status="PASS" start="2025-01-19T23:52:53.654802" elapsed="0.000396"/>
</kw>
<kw name="Close Page" owner="Browser">
<msg time="2025-01-19T23:52:53.663176" level="INFO">Switching browser to CURRENT</msg>
<msg time="2025-01-19T23:52:53.665624" level="INFO">Returned active browser id. CURRENT</msg>
<msg time="2025-01-19T23:52:53.666673" level="INFO">Switching browser to browser=084d9db3-7475-43dc-a3ad-f8e981a4c428</msg>
<msg time="2025-01-19T23:52:53.669555" level="INFO">Successfully changed active browser: browser=084d9db3-7475-43dc-a3ad-f8e981a4c428</msg>
<msg time="2025-01-19T23:52:53.669740" level="INFO">Switching context to CURRENT in CURRENT</msg>
<msg time="2025-01-19T23:52:53.674414" level="INFO">Returned active context id: CURRENT</msg>
<msg time="2025-01-19T23:52:53.674602" level="INFO">Switching context to context=27a4f8e7-9c7b-43bb-a983-37e1a01f22cd in CURRENT</msg>
<msg time="2025-01-19T23:52:53.683240" level="INFO">Successfully changed active context: context=27a4f8e7-9c7b-43bb-a983-37e1a01f22cd</msg>
<msg time="2025-01-19T23:52:53.713840" level="INFO">Successfully closed Page with runBeforeUnload false</msg>
<tag>BrowserControl</tag>
<tag>Setter</tag>
<doc>Closes the ``page`` in ``context`` in ``browser``.</doc>
<status status="PASS" start="2025-01-19T23:52:53.655435" elapsed="0.058881"/>
</kw>
<kw name="Sleep" owner="BuiltIn">
<msg time="2025-01-19T23:52:55.716080" level="INFO">Slept 2 seconds.</msg>
<arg>2 seconds</arg>
<doc>Pauses the test executed for the given time.</doc>
<status status="PASS" start="2025-01-19T23:52:53.714694" elapsed="2.001553"/>
</kw>
<var name="${element}">Staking</var>
<status status="PASS" start="2025-01-19T23:52:51.400100" elapsed="4.316267"/>
</iter>
<var>${element}</var>
<value>@{traders_sub_tab}</value>
<status status="PASS" start="2025-01-19T23:52:51.399778" elapsed="4.316678"/>
</for>
<arg>Lenders</arg>
<arg>@{link_menu_name_list}</arg>
<status status="PASS" start="2025-01-19T23:52:51.399210" elapsed="4.317397"/>
</kw>
<kw name="Sleep" owner="BuiltIn">
<msg time="2025-01-19T23:52:57.717586" level="INFO">Slept 2 seconds.</msg>
<arg>2 seconds</arg>
<doc>Pauses the test executed for the given time.</doc>
<status status="PASS" start="2025-01-19T23:52:55.716924" elapsed="2.000886"/>
</kw>
<kw name="Create List" owner="BuiltIn">
<msg time="2025-01-19T23:52:57.718743" level="INFO">@{link_menu_name_list} = [ Blog | Status page ]</msg>
<var>@{link_menu_name_list}</var>
<arg>Blog</arg>
<arg>Status page</arg>
<doc>Returns a list containing given items.</doc>
<status status="PASS" start="2025-01-19T23:52:57.718335" elapsed="0.000466"/>
</kw>
<kw name="Check Link Under Menu" owner="Home">
<for flavor="IN">
<iter>
<kw name="Replace String" owner="String">
<msg time="2025-01-19T23:52:57.720717" level="INFO">${menu_locator} = xpath=//span[@class='header_item-title'][normalize-space()='About']</msg>
<var>${menu_locator}</var>
<arg>${menu_locator_template}</arg>
<arg>{}</arg>
<arg>${menu_name}</arg>
<doc>Replaces ``search_for`` in the given ``string`` with ``replace_with``.</doc>
<status status="PASS" start="2025-01-19T23:52:57.720310" elapsed="0.000463"/>
</kw>
<kw name="Hover" owner="Browser">
<arg>${menu_locator}</arg>
<tag>PageContent</tag>
<tag>Setter</tag>
<doc>Moves the virtual mouse and scrolls to the element found by ``selector``.</doc>
<status status="PASS" start="2025-01-19T23:52:57.721016" elapsed="0.061362"/>
</kw>
<kw name="Replace String" owner="String">
<msg time="2025-01-19T23:52:57.783149" level="INFO">${link_menu_locator} = xpath=//li[@class='header_menu_item header_menu_item__external']//a[contains(text(),'Blog')]</msg>
<var>${link_menu_locator}</var>
<arg>${link_menu_xpath_template}</arg>
<arg>{}</arg>
<arg>${element}</arg>
<doc>Replaces ``search_for`` in the given ``string`` with ``replace_with``.</doc>
<status status="PASS" start="2025-01-19T23:52:57.782705" elapsed="0.000577"/>
</kw>
<kw name="Click With Options" owner="Browser">
<msg time="2025-01-19T23:52:57.784170" level="INFO">Clicks the element 'xpath=//li[@class='header_menu_item header_menu_item__external']//a[contains(text(),'Blog')]'.</msg>
<arg>${link_menu_locator}</arg>
<arg>force=True</arg>
<tag>PageContent</tag>
<tag>Setter</tag>
<doc>Simulates mouse click on the element found by ``selector``.</doc>
<status status="PASS" start="2025-01-19T23:52:57.783525" elapsed="0.054198"/>
</kw>
<kw name="Wait For Load State" owner="Browser">
<msg time="2025-01-19T23:52:57.839302" level="INFO">Waiting page load to state to receive load in 10000.0</msg>
<msg time="2025-01-19T23:52:57.844165" level="INFO">Load state load got in 10000</msg>
<tag>PageContent</tag>
<tag>Wait</tag>
<doc>Waits that the page reaches the required load state.</doc>
<status status="PASS" start="2025-01-19T23:52:57.838237" elapsed="0.006147"/>
</kw>
<kw name="Switch Page" owner="Browser">
<msg time="2025-01-19T23:52:57.845288" level="INFO">Switching to page NEW,context CURRENT, browser CURRENT</msg>
<msg time="2025-01-19T23:52:57.960283" level="INFO">Activated new page page=68519042-8b2c-4fa9-a940-3a5529d375a0</msg>
<arg>NEW</arg>
<tag>BrowserControl</tag>
<tag>Setter</tag>
<doc>Switches the active browser page to another open page by ``id`` or ``NEW``.</doc>
<status status="PASS" start="2025-01-19T23:52:57.844668" elapsed="0.115960"/>
</kw>
<kw name="Sleep" owner="BuiltIn">
<msg time="2025-01-19T23:52:59.961752" level="INFO">Slept 2 seconds.</msg>
<arg>2 seconds</arg>
<doc>Pauses the test executed for the given time.</doc>
<status status="PASS" start="2025-01-19T23:52:57.961158" elapsed="2.000751"/>
</kw>
<kw name="Get Url" owner="Browser">
<msg time="2025-01-19T23:52:59.965362" level="INFO">${new_url} = https://blog.bitfinex.com/</msg>
<var>${new_url}</var>
<tag>Assertion</tag>
<tag>Getter</tag>
<tag>PageContent</tag>
<doc>Returns the current URL.</doc>
<status status="PASS" start="2025-01-19T23:52:59.962182" elapsed="0.003243"/>
</kw>
<kw name="Log" owner="BuiltIn">
<msg time="2025-01-19T23:52:59.965978" level="INFO">https://blog.bitfinex.com/</msg>
<arg>${new_url}</arg>
<doc>Logs the given message with the given level.</doc>
<status status="PASS" start="2025-01-19T23:52:59.965700" elapsed="0.000361"/>
</kw>
<kw name="Should Not Be Equal" owner="BuiltIn">
<arg>${new_url}</arg>
<arg>${site_url}</arg>
<doc>Fails if the given objects are equal.</doc>
<status status="PASS" start="2025-01-19T23:52:59.966264" elapsed="0.000328"/>
</kw>
<kw name="Close Page" owner="Browser">
<msg time="2025-01-19T23:53:00.048460" level="INFO">Switching browser to CURRENT</msg>
<msg time="2025-01-19T23:53:00.051523" level="INFO">Returned active browser id. CURRENT</msg>
<msg time="2025-01-19T23:53:00.053056" level="INFO">Switching browser to browser=084d9db3-7475-43dc-a3ad-f8e981a4c428</msg>
<msg time="2025-01-19T23:53:00.056126" level="INFO">Successfully changed active browser: browser=084d9db3-7475-43dc-a3ad-f8e981a4c428</msg>
<msg time="2025-01-19T23:53:00.056307" level="INFO">Switching context to CURRENT in CURRENT</msg>
<msg time="2025-01-19T23:53:00.060222" level="INFO">Returned active context id: CURRENT</msg>
<msg time="2025-01-19T23:53:00.060404" level="INFO">Switching context to context=27a4f8e7-9c7b-43bb-a983-37e1a01f22cd in CURRENT</msg>
<msg time="2025-01-19T23:53:00.175745" level="INFO">Successfully changed active context: context=27a4f8e7-9c7b-43bb-a983-37e1a01f22cd</msg>
<msg time="2025-01-19T23:53:00.210371" level="INFO">Successfully closed Page with runBeforeUnload false</msg>
<tag>BrowserControl</tag>
<tag>Setter</tag>
<doc>Closes the ``page`` in ``context`` in ``browser``.</doc>
<status status="PASS" start="2025-01-19T23:52:59.966915" elapsed="0.243789"/>
</kw>
<kw name="Sleep" owner="BuiltIn">
<msg time="2025-01-19T23:53:02.213032" level="INFO">Slept 2 seconds.</msg>
<arg>2 seconds</arg>
<doc>Pauses the test executed for the given time.</doc>
<status status="PASS" start="2025-01-19T23:53:00.211049" elapsed="2.002209"/>
</kw>
<var name="${element}">Blog</var>
<status status="PASS" start="2025-01-19T23:52:57.720121" elapsed="4.493308"/>
</iter>
<iter>
<kw name="Replace String" owner="String">
<msg time="2025-01-19T23:53:02.214659" level="INFO">${menu_locator} = xpath=//span[@class='header_item-title'][normalize-space()='About']</msg>
<var>${menu_locator}</var>
<arg>${menu_locator_template}</arg>
<arg>{}</arg>
<arg>${menu_name}</arg>
<doc>Replaces ``search_for`` in the given ``string`` with ``replace_with``.</doc>
<status status="PASS" start="2025-01-19T23:53:02.214115" elapsed="0.000601"/>
</kw>
<kw name="Hover" owner="Browser">
<arg>${menu_locator}</arg>
<tag>PageContent</tag>
<tag>Setter</tag>
<doc>Moves the virtual mouse and scrolls to the element found by ``selector``.</doc>
<status status="PASS" start="2025-01-19T23:53:02.214967" elapsed="0.062355"/>
</kw>
<kw name="Replace String" owner="String">
<msg time="2025-01-19T23:53:02.278081" level="INFO">${link_menu_locator} = xpath=//li[@class='header_menu_item header_menu_item__external']//a[contains(text(),'Status page')]</msg>
<var>${link_menu_locator}</var>
<arg>${link_menu_xpath_template}</arg>
<arg>{}</arg>
<arg>${element}</arg>
<doc>Replaces ``search_for`` in the given ``string`` with ``replace_with``.</doc>
<status status="PASS" start="2025-01-19T23:53:02.277637" elapsed="0.000497"/>
</kw>
<kw name="Click With Options" owner="Browser">
<msg time="2025-01-19T23:53:02.278983" level="INFO">Clicks the element 'xpath=//li[@class='header_menu_item header_menu_item__external']//a[contains(text(),'Status page')]'.</msg>
<arg>${link_menu_locator}</arg>
<arg>force=True</arg>
<tag>PageContent</tag>
<tag>Setter</tag>
<doc>Simulates mouse click on the element found by ``selector``.</doc>
<status status="PASS" start="2025-01-19T23:53:02.278361" elapsed="0.066528"/>
</kw>
<kw name="Wait For Load State" owner="Browser">
<msg time="2025-01-19T23:53:02.345777" level="INFO">Waiting page load to state to receive load in 10000.0</msg>
<msg time="2025-01-19T23:53:02.349127" level="INFO">Load state load got in 10000</msg>
<tag>PageContent</tag>
<tag>Wait</tag>
<doc>Waits that the page reaches the required load state.</doc>
<status status="PASS" start="2025-01-19T23:53:02.345222" elapsed="0.004085"/>
</kw>
<kw name="Switch Page" owner="Browser">
<msg time="2025-01-19T23:53:02.350227" level="INFO">Switching to page NEW,context CURRENT, browser CURRENT</msg>
<msg time="2025-01-19T23:53:02.882505" level="INFO">Activated new page page=5abd6b72-876d-4140-b199-f362ab6ee31f</msg>
<arg>NEW</arg>
<tag>BrowserControl</tag>
<tag>Setter</tag>
<doc>Switches the active browser page to another open page by ``id`` or ``NEW``.</doc>
<status status="PASS" start="2025-01-19T23:53:02.349598" elapsed="0.533181"/>
</kw>
<kw name="Sleep" owner="BuiltIn">
<msg time="2025-01-19T23:53:04.885443" level="INFO">Slept 2 seconds.</msg>
<arg>2 seconds</arg>
<doc>Pauses the test executed for the given time.</doc>
<status status="PASS" start="2025-01-19T23:53:02.883070" elapsed="2.002563"/>
</kw>
<kw name="Get Url" owner="Browser">
<msg time="2025-01-19T23:53:04.889049" level="INFO">${new_url} = https://bitfinex.statuspage.io/</msg>
<var>${new_url}</var>
<tag>Assertion</tag>
<tag>Getter</tag>
<tag>PageContent</tag>
<doc>Returns the current URL.</doc>
<status status="PASS" start="2025-01-19T23:53:04.885960" elapsed="0.003155"/>
</kw>
<kw name="Log" owner="BuiltIn">
<msg time="2025-01-19T23:53:04.889719" level="INFO">https://bitfinex.statuspage.io/</msg>
<arg>${new_url}</arg>
<doc>Logs the given message with the given level.</doc>
<status status="PASS" start="2025-01-19T23:53:04.889436" elapsed="0.000370"/>
</kw>
<kw name="Should Not Be Equal" owner="BuiltIn">
<arg>${new_url}</arg>
<arg>${site_url}</arg>
<doc>Fails if the given objects are equal.</doc>
<status status="PASS" start="2025-01-19T23:53:04.890061" elapsed="0.001191"/>
</kw>
<kw name="Close Page" owner="Browser">
<msg time="2025-01-19T23:53:04.898148" level="INFO">Switching browser to CURRENT</msg>
<msg time="2025-01-19T23:53:04.900520" level="INFO">Returned active browser id. CURRENT</msg>
<msg time="2025-01-19T23:53:04.901622" level="INFO">Switching browser to browser=084d9db3-7475-43dc-a3ad-f8e981a4c428</msg>
<msg time="2025-01-19T23:53:04.904782" level="INFO">Successfully changed active browser: browser=084d9db3-7475-43dc-a3ad-f8e981a4c428</msg>
<msg time="2025-01-19T23:53:04.904979" level="INFO">Switching context to CURRENT in CURRENT</msg>
<msg time="2025-01-19T23:53:04.910178" level="INFO">Returned active context id: CURRENT</msg>
<msg time="2025-01-19T23:53:04.910368" level="INFO">Switching context to context=27a4f8e7-9c7b-43bb-a983-37e1a01f22cd in CURRENT</msg>
<msg time="2025-01-19T23:53:04.919611" level="INFO">Successfully changed active context: context=27a4f8e7-9c7b-43bb-a983-37e1a01f22cd</msg>
<msg time="2025-01-19T23:53:04.963651" level="INFO">Successfully closed Page with runBeforeUnload false</msg>
<tag>BrowserControl</tag>
<tag>Setter</tag>
<doc>Closes the ``page`` in ``context`` in ``browser``.</doc>
<status status="PASS" start="2025-01-19T23:53:04.891521" elapsed="0.072369"/>
</kw>
<kw name="Sleep" owner="BuiltIn">
<msg time="2025-01-19T23:53:06.965040" level="INFO">Slept 2 seconds.</msg>
<arg>2 seconds</arg>
<doc>Pauses the test executed for the given time.</doc>
<status status="PASS" start="2025-01-19T23:53:04.964486" elapsed="2.000774"/>
</kw>
<var name="${element}">Status page</var>
<status status="PASS" start="2025-01-19T23:53:02.213836" elapsed="4.751590"/>
</iter>
<var>${element}</var>
<value>@{traders_sub_tab}</value>
<status status="PASS" start="2025-01-19T23:52:57.719784" elapsed="9.245767"/>
</for>
<arg>About</arg>
<arg>@{link_menu_name_list}</arg>
<status status="PASS" start="2025-01-19T23:52:57.719284" elapsed="9.246477"/>
</kw>
<kw name="Close Browser" owner="Browser">
<msg time="2025-01-19T23:53:07.201033" level="INFO">Closed browser</msg>
<tag>BrowserControl</tag>
<tag>Setter</tag>
<doc>Closes the current browser.</doc>
<status status="PASS" start="2025-01-19T23:53:06.966251" elapsed="0.235257"/>
</kw>
<status status="PASS" start="2025-01-19T23:52:26.756878" elapsed="40.445272"/>
</test>
<status status="FAIL" start="2025-01-19T23:52:15.497487" elapsed="51.717100"/>
</suite>
<statistics>
<total>
<stat pass="1" fail="1" skip="0">All Tests</stat>
</total>
<tag>
</tag>
<suite>
<stat pass="1" fail="1" skip="0" id="s1" name="TradersTabTest">TradersTabTest</stat>
</suite>
</statistics>
<errors>
</errors>
</robot>
