<?xml version="1.0" encoding="UTF-8"?>
<robot generator="Robot 7.1.1 (Python 3.9.6 on darwin)" generated="2025-01-20T23:14:41.962714" rpa="false" schemaversion="5">
<suite id="s1" name="TradersTabTest" source="/Users/thaonguyen/Documents/code/RF/automation/Testcase/TradersTabTest.robot">
<test id="s1-t1" name="Test1" line="6">
<kw name="Open New Browser" owner="Home">
<kw name="New Browser" owner="Browser">
<msg time="2025-01-20T23:14:42.184130" level="INFO">{"browser": "chromium", "headless": false, "chromiumSandbox": false, "devtools": false, "handleSIGHUP": true, "handleSIGINT": true, "handleSIGTERM": true, "slowMo": 0.0, "timeout": 30000.0, "tracesDir": "/Users/thaonguyen/Documents/code/RF/automation/browser/traces/aaadee76-ebd2-49a4-b8b0-c09099f8f76a"}</msg>
<msg time="2025-01-20T23:14:42.231945" level="INFO">Starting Browser process /Users/thaonguyen/Documents/code/RF/automation/venv/lib/python3.9/site-packages/Browser/wrapper/index.js using port 64646</msg>
<msg time="2025-01-20T23:14:42.232307" level="INFO">Node startup parameters: ['node', '/Users/thaonguyen/Documents/code/RF/automation/venv/lib/python3.9/site-packages/Browser/wrapper/index.js', '64646']</msg>
<msg time="2025-01-20T23:14:44.517484" level="INFO">Successfully created browser with options: {"browser":"chromium","headless":false,"chromiumSandbox":false,"devtools":false,"handleSIGHUP":true,"handleSIGINT":true,"handleSIGTERM":true,"slowMo":0,"timeout":30000,"tracesDir":"/Users/thaonguyen/Documents/code/RF/automation/browser/traces/aaadee76-ebd2-49a4-b8b0-c09099f8f76a"}</msg>
<arg>headless=False</arg>
<tag>BrowserControl</tag>
<tag>Setter</tag>
<doc>Create a new playwright Browser with specified options.</doc>
<status status="PASS" start="2025-01-20T23:14:42.183536" elapsed="2.334245"/>
</kw>
<kw name="New Page" owner="Browser">
<msg time="2025-01-20T23:14:46.252671" level="INFO">Successfully initialized new page object and opened url: https://www.bitfinex.com/</msg>
<msg time="2025-01-20T23:14:46.252795" level="INFO">No context was open. New context was automatically opened when this page is created.</msg>
<arg>${site_url}</arg>
<tag>BrowserControl</tag>
<tag>Setter</tag>
<doc>Open a new Page.</doc>
<status status="PASS" start="2025-01-20T23:14:44.518159" elapsed="1.734905"/>
</kw>
<status status="PASS" start="2025-01-20T23:14:42.182609" elapsed="4.070662"/>
</kw>
<kw name="Create List" owner="BuiltIn">
<msg time="2025-01-20T23:14:46.253986" level="INFO">${sub_menu_name_list} = ['Features', 'Mobile app', 'P2P Trading', 'Market statistics', 'Corporate &amp; professional', 'Our fees', 'Security', 'API documentation', 'Bitfinex Leaderboard', 'Competitions', 'Deposits &amp; Withdrawals'...</msg>
<var>${sub_menu_name_list}</var>
<arg>Features</arg>
<arg>Mobile app</arg>
<arg>P2P Trading</arg>
<arg>Market statistics</arg>
<arg>Corporate &amp; professional</arg>
<arg>Our fees</arg>
<arg>Security</arg>
<arg>API documentation</arg>
<arg>Bitfinex Leaderboard</arg>
<arg>Competitions</arg>
<arg>Deposits &amp; Withdrawals</arg>
<arg>Payment Cards</arg>
<arg>Thalex Derivatives</arg>
<arg>Reporting Tool</arg>
<doc>Returns a list containing given items.</doc>
<status status="PASS" start="2025-01-20T23:14:46.253598" elapsed="0.000439"/>
</kw>
<kw name="Run Keyword And Continue On Failure" owner="BuiltIn">
<kw name="Check Sub-menu under Menu" owner="Home">
<kw name="Replace String" owner="String">
<msg time="2025-01-20T23:14:46.255794" level="INFO">${menu_locator} = xpath=//span[@class='header_item-title'][normalize-space()='Traders']</msg>
<var>${menu_locator}</var>
<arg>${menu_locator_template}</arg>
<arg>{}</arg>
<arg>${menu_name}</arg>
<doc>Replaces ``search_for`` in the given ``string`` with ``replace_with``.</doc>
<status status="PASS" start="2025-01-20T23:14:46.255360" elapsed="0.000488"/>
</kw>
<kw name="Hover" owner="Browser">
<arg>${menu_locator}</arg>
<tag>PageContent</tag>
<tag>Setter</tag>
<doc>Moves the virtual mouse and scrolls to the element found by ``selector``.</doc>
<status status="PASS" start="2025-01-20T23:14:46.256087" elapsed="1.806903"/>
</kw>
<kw name="Click And Validate Each Sub-Tab" owner="Home">
<kw name="Set Variable" owner="BuiltIn">
<msg time="2025-01-20T23:14:48.064497" level="INFO">${counter} = 0</msg>
<var>${counter}</var>
<arg>0</arg>
<doc>Returns the given values which can then be assigned to a variables.</doc>
<status status="PASS" start="2025-01-20T23:14:48.064156" elapsed="0.000407"/>
</kw>
<kw name="Create List" owner="BuiltIn">
<msg time="2025-01-20T23:14:48.065053" level="INFO">${results} = []</msg>
<var>${results}</var>
<doc>Returns a list containing given items.</doc>
<status status="PASS" start="2025-01-20T23:14:48.064817" elapsed="0.000281"/>
</kw>
<kw name="Get Elements" owner="Browser">
<msg time="2025-01-20T23:14:48.083484" level="INFO">Found locator('//div[contains(@class, \'header_popover_menu\')]//a').first(),locator('//div[contains(@class, \'header_popover_menu\')]//a').nth(1),locator('//div[contains(@class, \'header_popover_menu\')]//a').nth(2),locator('//div[contains(@class, \'header_popover_menu\')]//a').nth(3),locator('//div[contains(@class, \'header_popover_menu\')]//a').nth(4),locator('//div[contains(@class, \'header_popover_menu\')]//a').nth(5),locator('//div[contains(@class, \'header_popover_menu\')]//a').nth(6),locator('//div[contains(@class, \'header_popover_menu\')]//a').nth(7),locator('//div[contains(@class, \'header_popover_menu\')]//a').nth(8),locator('//div[contains(@class, \'header_popover_menu\')]//a').nth(9),locator('//div[contains(@class, \'header_popover_menu\')]//a').nth(10),locator('//div[contains(@class, \'header_popover_menu\')]//a').nth(11),locator('//div[contains(@class, \'header_popover_menu\')]//a').nth(12),locator('//div[contains(@class, \'header_popover_menu\')]//a').nth(13) Locators successfully.</msg>
<msg time="2025-01-20T23:14:48.083977" level="INFO">${sub_menu_elements} = ["xpath=//div[contains(@class, 'header_popover_menu')]//a &gt;&gt; nth=0", "xpath=//div[contains(@class, 'header_popover_menu')]//a &gt;&gt; nth=1", "xpath=//div[contains(@class, 'header_popover_menu')]//a &gt;&gt; nth...</msg>
<var>${sub_menu_elements}</var>
<arg>${sub_menu_locator}</arg>
<tag>Getter</tag>
<tag>PageContent</tag>
<doc>Returns a reference to Playwright [https://playwright.dev/docs/api/class-locator|Locator]
for all matched elements by ``selector``.</doc>
<status status="PASS" start="2025-01-20T23:14:48.065286" elapsed="0.018749"/>
</kw>
<for flavor="IN">
<iter>
<try>
<branch type="TRY">
<kw name="Get Text" owner="Browser">
<msg time="2025-01-20T23:14:48.118725" level="INFO">Text: 'Features'</msg>
<msg time="2025-01-20T23:14:48.118921" level="INFO">${sub_menu_name} = Features</msg>
<var>${sub_menu_name}</var>
<arg>${element}</arg>
<tag>Assertion</tag>
<tag>Getter</tag>
<tag>PageContent</tag>
<doc>Returns text attribute of the element found by ``selector``.</doc>
<status status="PASS" start="2025-01-20T23:14:48.085062" elapsed="0.033905"/>
</kw>
<kw name="Get From List" owner="Collections">
<msg time="2025-01-20T23:14:48.119593" level="INFO">${item_name} = Features</msg>
<var>${item_name}</var>
<arg>${expected_sub_menu_name_list}</arg>
<arg>${counter}</arg>
<doc>Returns the value specified with an ``index`` from ``list``.</doc>
<status status="PASS" start="2025-01-20T23:14:48.119236" elapsed="0.000400"/>
</kw>
<kw name="Should Be Equal" owner="BuiltIn">
<arg>${sub_menu_name}</arg>
<arg>${item_name}</arg>
<doc>Fails if the given objects are unequal.</doc>
<status status="PASS" start="2025-01-20T23:14:48.119828" elapsed="0.000331"/>
</kw>
<status status="PASS" start="2025-01-20T23:14:48.084802" elapsed="0.035450"/>
</branch>
<branch type="EXCEPT">
<kw name="Append To List" owner="Collections">
<arg>${results}</arg>
<arg>FAIL: ${sub_menu_name} != ${item_name}</arg>
<doc>Adds ``values`` to the end of ``list``.</doc>
<status status="NOT RUN" start="2025-01-20T23:14:48.120505" elapsed="0.000054"/>
</kw>
<status status="NOT RUN" start="2025-01-20T23:14:48.120355" elapsed="0.000282"/>
</branch>
<status status="PASS" start="2025-01-20T23:14:48.084742" elapsed="0.035968"/>
</try>
<kw name="Evaluate" owner="BuiltIn">
<msg time="2025-01-20T23:14:48.121186" level="INFO">${counter} = 1</msg>
<var>${counter}</var>
<arg>${counter} + 1</arg>
<doc>Evaluates the given expression in Python and returns the result.</doc>
<status status="PASS" start="2025-01-20T23:14:48.120856" elapsed="0.000456"/>
</kw>
<var name="${element}">xpath=//div[contains(@class, 'header_popover_menu')]//a &gt;&gt; nth=0</var>
<status status="PASS" start="2025-01-20T23:14:48.084651" elapsed="0.036749"/>
</iter>
<iter>
<try>
<branch type="TRY">
<kw name="Get Text" owner="Browser">
<msg time="2025-01-20T23:14:48.136727" level="INFO">Text: 'Mobile app'</msg>
<msg time="2025-01-20T23:14:48.136933" level="INFO">${sub_menu_name} = Mobile app</msg>
<var>${sub_menu_name}</var>
<arg>${element}</arg>
<tag>Assertion</tag>
<tag>Getter</tag>
<tag>PageContent</tag>
<doc>Returns text attribute of the element found by ``selector``.</doc>
<status status="PASS" start="2025-01-20T23:14:48.121923" elapsed="0.015058"/>
</kw>
<kw name="Get From List" owner="Collections">
<msg time="2025-01-20T23:14:48.137616" level="INFO">${item_name} = Mobile app</msg>
<var>${item_name}</var>
<arg>${expected_sub_menu_name_list}</arg>
<arg>${counter}</arg>
<doc>Returns the value specified with an ``index`` from ``list``.</doc>
<status status="PASS" start="2025-01-20T23:14:48.137261" elapsed="0.000399"/>
</kw>
<kw name="Should Be Equal" owner="BuiltIn">
<arg>${sub_menu_name}</arg>
<arg>${item_name}</arg>
<doc>Fails if the given objects are unequal.</doc>
<status status="PASS" start="2025-01-20T23:14:48.137847" elapsed="0.000315"/>
</kw>
<status status="PASS" start="2025-01-20T23:14:48.121766" elapsed="0.016491"/>
</branch>
<branch type="EXCEPT">
<kw name="Append To List" owner="Collections">
<arg>${results}</arg>
<arg>FAIL: ${sub_menu_name} != ${item_name}</arg>
<doc>Adds ``values`` to the end of ``list``.</doc>
<status status="NOT RUN" start="2025-01-20T23:14:48.138506" elapsed="0.000051"/>
</kw>
<status status="NOT RUN" start="2025-01-20T23:14:48.138356" elapsed="0.000278"/>
</branch>
<status status="PASS" start="2025-01-20T23:14:48.121726" elapsed="0.016980"/>
</try>
<kw name="Evaluate" owner="BuiltIn">
<msg time="2025-01-20T23:14:48.139166" level="INFO">${counter} = 2</msg>
<var>${counter}</var>
<arg>${counter} + 1</arg>
<doc>Evaluates the given expression in Python and returns the result.</doc>
<status status="PASS" start="2025-01-20T23:14:48.138844" elapsed="0.000368"/>
</kw>
<var name="${element}">xpath=//div[contains(@class, 'header_popover_menu')]//a &gt;&gt; nth=1</var>
<status status="PASS" start="2025-01-20T23:14:48.121659" elapsed="0.017635"/>
</iter>
<iter>
<try>
<branch type="TRY">
<kw name="Get Text" owner="Browser">
<msg time="2025-01-20T23:14:48.152780" level="INFO">Text: 'P2P Trading'</msg>
<msg time="2025-01-20T23:14:48.152980" level="INFO">${sub_menu_name} = P2P Trading</msg>
<var>${sub_menu_name}</var>
<arg>${element}</arg>
<tag>Assertion</tag>
<tag>Getter</tag>
<tag>PageContent</tag>
<doc>Returns text attribute of the element found by ``selector``.</doc>
<status status="PASS" start="2025-01-20T23:14:48.139831" elapsed="0.013197"/>
</kw>
<kw name="Get From List" owner="Collections">
<msg time="2025-01-20T23:14:48.153657" level="INFO">${item_name} = P2P Trading</msg>
<var>${item_name}</var>
<arg>${expected_sub_menu_name_list}</arg>
<arg>${counter}</arg>
<doc>Returns the value specified with an ``index`` from ``list``.</doc>
<status status="PASS" start="2025-01-20T23:14:48.153300" elapsed="0.000400"/>
</kw>
<kw name="Should Be Equal" owner="BuiltIn">
<arg>${sub_menu_name}</arg>
<arg>${item_name}</arg>
<doc>Fails if the given objects are unequal.</doc>
<status status="PASS" start="2025-01-20T23:14:48.153886" elapsed="0.000314"/>
</kw>
<status status="PASS" start="2025-01-20T23:14:48.139671" elapsed="0.014612"/>
</branch>
<branch type="EXCEPT">
<kw name="Append To List" owner="Collections">
<arg>${results}</arg>
<arg>FAIL: ${sub_menu_name} != ${item_name}</arg>
<doc>Adds ``values`` to the end of ``list``.</doc>
<status status="NOT RUN" start="2025-01-20T23:14:48.154522" elapsed="0.000050"/>
</kw>
<status status="NOT RUN" start="2025-01-20T23:14:48.154375" elapsed="0.000271"/>
</branch>
<status status="PASS" start="2025-01-20T23:14:48.139631" elapsed="0.015082"/>
</try>
<kw name="Evaluate" owner="BuiltIn">
<msg time="2025-01-20T23:14:48.155162" level="INFO">${counter} = 3</msg>
<var>${counter}</var>
<arg>${counter} + 1</arg>
<doc>Evaluates the given expression in Python and returns the result.</doc>
<status status="PASS" start="2025-01-20T23:14:48.154847" elapsed="0.000359"/>
</kw>
<var name="${element}">xpath=//div[contains(@class, 'header_popover_menu')]//a &gt;&gt; nth=2</var>
<status status="PASS" start="2025-01-20T23:14:48.139561" elapsed="0.015726"/>
</iter>
<iter>
<try>
<branch type="TRY">
<kw name="Get Text" owner="Browser">
<msg time="2025-01-20T23:14:48.171245" level="INFO">Text: 'Market statistics'</msg>
<msg time="2025-01-20T23:14:48.171447" level="INFO">${sub_menu_name} = Market statistics</msg>
<var>${sub_menu_name}</var>
<arg>${element}</arg>
<tag>Assertion</tag>
<tag>Getter</tag>
<tag>PageContent</tag>
<doc>Returns text attribute of the element found by ``selector``.</doc>
<status status="PASS" start="2025-01-20T23:14:48.155806" elapsed="0.015688"/>
</kw>
<kw name="Get From List" owner="Collections">
<msg time="2025-01-20T23:14:48.172135" level="INFO">${item_name} = Market statistics</msg>
<var>${item_name}</var>
<arg>${expected_sub_menu_name_list}</arg>
<arg>${counter}</arg>
<doc>Returns the value specified with an ``index`` from ``list``.</doc>
<status status="PASS" start="2025-01-20T23:14:48.171774" elapsed="0.000405"/>
</kw>
<kw name="Should Be Equal" owner="BuiltIn">
<arg>${sub_menu_name}</arg>
<arg>${item_name}</arg>
<doc>Fails if the given objects are unequal.</doc>
<status status="PASS" start="2025-01-20T23:14:48.172377" elapsed="0.000323"/>
</kw>
<status status="PASS" start="2025-01-20T23:14:48.155651" elapsed="0.017135"/>
</branch>
<branch type="EXCEPT">
<kw name="Append To List" owner="Collections">
<arg>${results}</arg>
<arg>FAIL: ${sub_menu_name} != ${item_name}</arg>
<doc>Adds ``values`` to the end of ``list``.</doc>
<status status="NOT RUN" start="2025-01-20T23:14:48.173028" elapsed="0.000050"/>
</kw>
<status status="NOT RUN" start="2025-01-20T23:14:48.172878" elapsed="0.000273"/>
</branch>
<status status="PASS" start="2025-01-20T23:14:48.155611" elapsed="0.017611"/>
</try>
<kw name="Evaluate" owner="BuiltIn">
<msg time="2025-01-20T23:14:48.173680" level="INFO">${counter} = 4</msg>
<var>${counter}</var>
<arg>${counter} + 1</arg>
<doc>Evaluates the given expression in Python and returns the result.</doc>
<status status="PASS" start="2025-01-20T23:14:48.173355" elapsed="0.000370"/>
</kw>
<var name="${element}">xpath=//div[contains(@class, 'header_popover_menu')]//a &gt;&gt; nth=3</var>
<status status="PASS" start="2025-01-20T23:14:48.155544" elapsed="0.018265"/>
</iter>
<iter>
<try>
<branch type="TRY">
<kw name="Get Text" owner="Browser">
<msg time="2025-01-20T23:14:48.189246" level="INFO">Text: 'Corporate &amp; professional'</msg>
<msg time="2025-01-20T23:14:48.189461" level="INFO">${sub_menu_name} = Corporate &amp; professional</msg>
<var>${sub_menu_name}</var>
<arg>${element}</arg>
<tag>Assertion</tag>
<tag>Getter</tag>
<tag>PageContent</tag>
<doc>Returns text attribute of the element found by ``selector``.</doc>
<status status="PASS" start="2025-01-20T23:14:48.174339" elapsed="0.015170"/>
</kw>
<kw name="Get From List" owner="Collections">
<msg time="2025-01-20T23:14:48.190178" level="INFO">${item_name} = Corporate &amp; professional</msg>
<var>${item_name}</var>
<arg>${expected_sub_menu_name_list}</arg>
<arg>${counter}</arg>
<doc>Returns the value specified with an ``index`` from ``list``.</doc>
<status status="PASS" start="2025-01-20T23:14:48.189808" elapsed="0.000417"/>
</kw>
<kw name="Should Be Equal" owner="BuiltIn">
<arg>${sub_menu_name}</arg>
<arg>${item_name}</arg>
<doc>Fails if the given objects are unequal.</doc>
<status status="PASS" start="2025-01-20T23:14:48.190418" elapsed="0.000324"/>
</kw>
<status status="PASS" start="2025-01-20T23:14:48.174181" elapsed="0.016649"/>
</branch>
<branch type="EXCEPT">
<kw name="Append To List" owner="Collections">
<arg>${results}</arg>
<arg>FAIL: ${sub_menu_name} != ${item_name}</arg>
<doc>Adds ``values`` to the end of ``list``.</doc>
<status status="NOT RUN" start="2025-01-20T23:14:48.191166" elapsed="0.000054"/>
</kw>
<status status="NOT RUN" start="2025-01-20T23:14:48.191001" elapsed="0.000298"/>
</branch>
<status status="PASS" start="2025-01-20T23:14:48.174141" elapsed="0.017231"/>
</try>
<kw name="Evaluate" owner="BuiltIn">
<msg time="2025-01-20T23:14:48.191857" level="INFO">${counter} = 5</msg>
<var>${counter}</var>
<arg>${counter} + 1</arg>
<doc>Evaluates the given expression in Python and returns the result.</doc>
<status status="PASS" start="2025-01-20T23:14:48.191514" elapsed="0.000388"/>
</kw>
<var name="${element}">xpath=//div[contains(@class, 'header_popover_menu')]//a &gt;&gt; nth=4</var>
<status status="PASS" start="2025-01-20T23:14:48.174067" elapsed="0.017918"/>
</iter>
<iter>
<try>
<branch type="TRY">
<kw name="Get Text" owner="Browser">
<msg time="2025-01-20T23:14:48.206730" level="INFO">Text: 'Our fees'</msg>
<msg time="2025-01-20T23:14:48.206935" level="INFO">${sub_menu_name} = Our fees</msg>
<var>${sub_menu_name}</var>
<arg>${element}</arg>
<tag>Assertion</tag>
<tag>Getter</tag>
<tag>PageContent</tag>
<doc>Returns text attribute of the element found by ``selector``.</doc>
<status status="PASS" start="2025-01-20T23:14:48.192495" elapsed="0.014490"/>
</kw>
<kw name="Get From List" owner="Collections">
<msg time="2025-01-20T23:14:48.207630" level="INFO">${item_name} = Our fees</msg>
<var>${item_name}</var>
<arg>${expected_sub_menu_name_list}</arg>
<arg>${counter}</arg>
<doc>Returns the value specified with an ``index`` from ``list``.</doc>
<status status="PASS" start="2025-01-20T23:14:48.207259" elapsed="0.000418"/>
</kw>
<kw name="Should Be Equal" owner="BuiltIn">
<arg>${sub_menu_name}</arg>
<arg>${item_name}</arg>
<doc>Fails if the given objects are unequal.</doc>
<status status="PASS" start="2025-01-20T23:14:48.207873" elapsed="0.000327"/>
</kw>
<status status="PASS" start="2025-01-20T23:14:48.192341" elapsed="0.015946"/>
</branch>
<branch type="EXCEPT">
<kw name="Append To List" owner="Collections">
<arg>${results}</arg>
<arg>FAIL: ${sub_menu_name} != ${item_name}</arg>
<doc>Adds ``values`` to the end of ``list``.</doc>
<status status="NOT RUN" start="2025-01-20T23:14:48.208535" elapsed="0.000065"/>
</kw>
<status status="NOT RUN" start="2025-01-20T23:14:48.208382" elapsed="0.000296"/>
</branch>
<status status="PASS" start="2025-01-20T23:14:48.192302" elapsed="0.016449"/>
</try>
<kw name="Evaluate" owner="BuiltIn">
<msg time="2025-01-20T23:14:48.209221" level="INFO">${counter} = 6</msg>
<var>${counter}</var>
<arg>${counter} + 1</arg>
<doc>Evaluates the given expression in Python and returns the result.</doc>
<status status="PASS" start="2025-01-20T23:14:48.208891" elapsed="0.000376"/>
</kw>
<var name="${element}">xpath=//div[contains(@class, 'header_popover_menu')]//a &gt;&gt; nth=5</var>
<status status="PASS" start="2025-01-20T23:14:48.192234" elapsed="0.017119"/>
</iter>
<iter>
<try>
<branch type="TRY">
<kw name="Get Text" owner="Browser">
<msg time="2025-01-20T23:14:48.223859" level="INFO">Text: 'Security'</msg>
<msg time="2025-01-20T23:14:48.224065" level="INFO">${sub_menu_name} = Security</msg>
<var>${sub_menu_name}</var>
<arg>${element}</arg>
<tag>Assertion</tag>
<tag>Getter</tag>
<tag>PageContent</tag>
<doc>Returns text attribute of the element found by ``selector``.</doc>
<status status="PASS" start="2025-01-20T23:14:48.209894" elapsed="0.014219"/>
</kw>
<kw name="Get From List" owner="Collections">
<msg time="2025-01-20T23:14:48.224768" level="INFO">${item_name} = Security</msg>
<var>${item_name}</var>
<arg>${expected_sub_menu_name_list}</arg>
<arg>${counter}</arg>
<doc>Returns the value specified with an ``index`` from ``list``.</doc>
<status status="PASS" start="2025-01-20T23:14:48.224385" elapsed="0.000429"/>
</kw>
<kw name="Should Be Equal" owner="BuiltIn">
<arg>${sub_menu_name}</arg>
<arg>${item_name}</arg>
<doc>Fails if the given objects are unequal.</doc>
<status status="PASS" start="2025-01-20T23:14:48.225006" elapsed="0.000329"/>
</kw>
<status status="PASS" start="2025-01-20T23:14:48.209741" elapsed="0.015687"/>
</branch>
<branch type="EXCEPT">
<kw name="Append To List" owner="Collections">
<arg>${results}</arg>
<arg>FAIL: ${sub_menu_name} != ${item_name}</arg>
<doc>Adds ``values`` to the end of ``list``.</doc>
<status status="NOT RUN" start="2025-01-20T23:14:48.225699" elapsed="0.000054"/>
</kw>
<status status="NOT RUN" start="2025-01-20T23:14:48.225527" elapsed="0.000308"/>
</branch>
<status status="PASS" start="2025-01-20T23:14:48.209683" elapsed="0.016226"/>
</try>
<kw name="Evaluate" owner="BuiltIn">
<msg time="2025-01-20T23:14:48.226393" level="INFO">${counter} = 7</msg>
<var>${counter}</var>
<arg>${counter} + 1</arg>
<doc>Evaluates the given expression in Python and returns the result.</doc>
<status status="PASS" start="2025-01-20T23:14:48.226055" elapsed="0.000385"/>
</kw>
<var name="${element}">xpath=//div[contains(@class, 'header_popover_menu')]//a &gt;&gt; nth=6</var>
<status status="PASS" start="2025-01-20T23:14:48.209614" elapsed="0.016915"/>
</iter>
<iter>
<try>
<branch type="TRY">
<kw name="Get Text" owner="Browser">
<msg time="2025-01-20T23:14:48.241323" level="INFO">Text: 'API documentation'</msg>
<msg time="2025-01-20T23:14:48.241546" level="INFO">${sub_menu_name} = API documentation</msg>
<var>${sub_menu_name}</var>
<arg>${element}</arg>
<tag>Assertion</tag>
<tag>Getter</tag>
<tag>PageContent</tag>
<doc>Returns text attribute of the element found by ``selector``.</doc>
<status status="PASS" start="2025-01-20T23:14:48.227078" elapsed="0.014518"/>
</kw>
<kw name="Get From List" owner="Collections">
<msg time="2025-01-20T23:14:48.242265" level="INFO">${item_name} = API documentation</msg>
<var>${item_name}</var>
<arg>${expected_sub_menu_name_list}</arg>
<arg>${counter}</arg>
<doc>Returns the value specified with an ``index`` from ``list``.</doc>
<status status="PASS" start="2025-01-20T23:14:48.241888" elapsed="0.000425"/>
</kw>
<kw name="Should Be Equal" owner="BuiltIn">
<arg>${sub_menu_name}</arg>
<arg>${item_name}</arg>
<doc>Fails if the given objects are unequal.</doc>
<status status="PASS" start="2025-01-20T23:14:48.242513" elapsed="0.000340"/>
</kw>
<status status="PASS" start="2025-01-20T23:14:48.226921" elapsed="0.016023"/>
</branch>
<branch type="EXCEPT">
<kw name="Append To List" owner="Collections">
<arg>${results}</arg>
<arg>FAIL: ${sub_menu_name} != ${item_name}</arg>
<doc>Adds ``values`` to the end of ``list``.</doc>
<status status="NOT RUN" start="2025-01-20T23:14:48.243200" elapsed="0.000055"/>
</kw>
<status status="NOT RUN" start="2025-01-20T23:14:48.243042" elapsed="0.000292"/>
</branch>
<status status="PASS" start="2025-01-20T23:14:48.226881" elapsed="0.016527"/>
</try>
<kw name="Evaluate" owner="BuiltIn">
<msg time="2025-01-20T23:14:48.243905" level="INFO">${counter} = 8</msg>
<var>${counter}</var>
<arg>${counter} + 1</arg>
<doc>Evaluates the given expression in Python and returns the result.</doc>
<status status="PASS" start="2025-01-20T23:14:48.243552" elapsed="0.000399"/>
</kw>
<var name="${element}">xpath=//div[contains(@class, 'header_popover_menu')]//a &gt;&gt; nth=7</var>
<status status="PASS" start="2025-01-20T23:14:48.226813" elapsed="0.017222"/>
</iter>
<iter>
<try>
<branch type="TRY">
<kw name="Get Text" owner="Browser">
<msg time="2025-01-20T23:14:48.258627" level="INFO">Text: 'Bitfinex Leaderboard'</msg>
<msg time="2025-01-20T23:14:48.258864" level="INFO">${sub_menu_name} = Bitfinex Leaderboard</msg>
<var>${sub_menu_name}</var>
<arg>${element}</arg>
<tag>Assertion</tag>
<tag>Getter</tag>
<tag>PageContent</tag>
<doc>Returns text attribute of the element found by ``selector``.</doc>
<status status="PASS" start="2025-01-20T23:14:48.244585" elapsed="0.014328"/>
</kw>
<kw name="Get From List" owner="Collections">
<msg time="2025-01-20T23:14:48.259571" level="INFO">${item_name} = Bitfinex Leaderboard</msg>
<var>${item_name}</var>
<arg>${expected_sub_menu_name_list}</arg>
<arg>${counter}</arg>
<doc>Returns the value specified with an ``index`` from ``list``.</doc>
<status status="PASS" start="2025-01-20T23:14:48.259196" elapsed="0.000423"/>
</kw>
<kw name="Should Be Equal" owner="BuiltIn">
<arg>${sub_menu_name}</arg>
<arg>${item_name}</arg>
<doc>Fails if the given objects are unequal.</doc>
<status status="PASS" start="2025-01-20T23:14:48.259905" elapsed="0.000343"/>
</kw>
<status status="PASS" start="2025-01-20T23:14:48.244414" elapsed="0.015928"/>
</branch>
<branch type="EXCEPT">
<kw name="Append To List" owner="Collections">
<arg>${results}</arg>
<arg>FAIL: ${sub_menu_name} != ${item_name}</arg>
<doc>Adds ``values`` to the end of ``list``.</doc>
<status status="NOT RUN" start="2025-01-20T23:14:48.260601" elapsed="0.000054"/>
</kw>
<status status="NOT RUN" start="2025-01-20T23:14:48.260442" elapsed="0.000293"/>
</branch>
<status status="PASS" start="2025-01-20T23:14:48.244373" elapsed="0.016437"/>
</try>
<kw name="Evaluate" owner="BuiltIn">
<msg time="2025-01-20T23:14:48.261301" level="INFO">${counter} = 9</msg>
<var>${counter}</var>
<arg>${counter} + 1</arg>
<doc>Evaluates the given expression in Python and returns the result.</doc>
<status status="PASS" start="2025-01-20T23:14:48.260953" elapsed="0.000397"/>
</kw>
<var name="${element}">xpath=//div[contains(@class, 'header_popover_menu')]//a &gt;&gt; nth=8</var>
<status status="PASS" start="2025-01-20T23:14:48.244294" elapsed="0.017145"/>
</iter>
<iter>
<try>
<branch type="TRY">
<kw name="Get Text" owner="Browser">
<msg time="2025-01-20T23:14:48.276374" level="INFO">Text: 'Competitions'</msg>
<msg time="2025-01-20T23:14:48.276592" level="INFO">${sub_menu_name} = Competitions</msg>
<var>${sub_menu_name}</var>
<arg>${element}</arg>
<tag>Assertion</tag>
<tag>Getter</tag>
<tag>PageContent</tag>
<doc>Returns text attribute of the element found by ``selector``.</doc>
<status status="PASS" start="2025-01-20T23:14:48.261993" elapsed="0.014647"/>
</kw>
<kw name="Get From List" owner="Collections">
<msg time="2025-01-20T23:14:48.277315" level="INFO">${item_name} = Competitions</msg>
<var>${item_name}</var>
<arg>${expected_sub_menu_name_list}</arg>
<arg>${counter}</arg>
<doc>Returns the value specified with an ``index`` from ``list``.</doc>
<status status="PASS" start="2025-01-20T23:14:48.276940" elapsed="0.000424"/>
</kw>
<kw name="Should Be Equal" owner="BuiltIn">
<arg>${sub_menu_name}</arg>
<arg>${item_name}</arg>
<doc>Fails if the given objects are unequal.</doc>
<status status="PASS" start="2025-01-20T23:14:48.277564" elapsed="0.000339"/>
</kw>
<status status="PASS" start="2025-01-20T23:14:48.261826" elapsed="0.016168"/>
</branch>
<branch type="EXCEPT">
<kw name="Append To List" owner="Collections">
<arg>${results}</arg>
<arg>FAIL: ${sub_menu_name} != ${item_name}</arg>
<doc>Adds ``values`` to the end of ``list``.</doc>
<status status="NOT RUN" start="2025-01-20T23:14:48.278256" elapsed="0.000055"/>
</kw>
<status status="NOT RUN" start="2025-01-20T23:14:48.278095" elapsed="0.000297"/>
</branch>
<status status="PASS" start="2025-01-20T23:14:48.261784" elapsed="0.016683"/>
</try>
<kw name="Evaluate" owner="BuiltIn">
<msg time="2025-01-20T23:14:48.278967" level="INFO">${counter} = 10</msg>
<var>${counter}</var>
<arg>${counter} + 1</arg>
<doc>Evaluates the given expression in Python and returns the result.</doc>
<status status="PASS" start="2025-01-20T23:14:48.278615" elapsed="0.000401"/>
</kw>
<var name="${element}">xpath=//div[contains(@class, 'header_popover_menu')]//a &gt;&gt; nth=9</var>
<status status="PASS" start="2025-01-20T23:14:48.261712" elapsed="0.017393"/>
</iter>
<iter>
<try>
<branch type="TRY">
<kw name="Get Text" owner="Browser">
<msg time="2025-01-20T23:14:48.293170" level="INFO">Text: 'Deposits &amp; Withdrawals'</msg>
<msg time="2025-01-20T23:14:48.293380" level="INFO">${sub_menu_name} = Deposits &amp; Withdrawals</msg>
<var>${sub_menu_name}</var>
<arg>${element}</arg>
<tag>Assertion</tag>
<tag>Getter</tag>
<tag>PageContent</tag>
<doc>Returns text attribute of the element found by ``selector``.</doc>
<status status="PASS" start="2025-01-20T23:14:48.279666" elapsed="0.013765"/>
</kw>
<kw name="Get From List" owner="Collections">
<msg time="2025-01-20T23:14:48.294081" level="INFO">${item_name} = Deposits &amp; Withdrawals</msg>
<var>${item_name}</var>
<arg>${expected_sub_menu_name_list}</arg>
<arg>${counter}</arg>
<doc>Returns the value specified with an ``index`` from ``list``.</doc>
<status status="PASS" start="2025-01-20T23:14:48.293712" elapsed="0.000417"/>
</kw>
<kw name="Should Be Equal" owner="BuiltIn">
<arg>${sub_menu_name}</arg>
<arg>${item_name}</arg>
<doc>Fails if the given objects are unequal.</doc>
<status status="PASS" start="2025-01-20T23:14:48.294326" elapsed="0.000329"/>
</kw>
<status status="PASS" start="2025-01-20T23:14:48.279499" elapsed="0.015254"/>
</branch>
<branch type="EXCEPT">
<kw name="Append To List" owner="Collections">
<arg>${results}</arg>
<arg>FAIL: ${sub_menu_name} != ${item_name}</arg>
<doc>Adds ``values`` to the end of ``list``.</doc>
<status status="NOT RUN" start="2025-01-20T23:14:48.295013" elapsed="0.000053"/>
</kw>
<status status="NOT RUN" start="2025-01-20T23:14:48.294853" elapsed="0.000292"/>
</branch>
<status status="PASS" start="2025-01-20T23:14:48.279456" elapsed="0.015762"/>
</try>
<kw name="Evaluate" owner="BuiltIn">
<msg time="2025-01-20T23:14:48.295706" level="INFO">${counter} = 11</msg>
<var>${counter}</var>
<arg>${counter} + 1</arg>
<doc>Evaluates the given expression in Python and returns the result.</doc>
<status status="PASS" start="2025-01-20T23:14:48.295361" elapsed="0.000393"/>
</kw>
<var name="${element}">xpath=//div[contains(@class, 'header_popover_menu')]//a &gt;&gt; nth=10</var>
<status status="PASS" start="2025-01-20T23:14:48.279382" elapsed="0.016501"/>
</iter>
<iter>
<try>
<branch type="TRY">
<kw name="Get Text" owner="Browser">
<msg time="2025-01-20T23:14:48.309974" level="INFO">Text: 'Debit/Credit On-ramp'</msg>
<msg time="2025-01-20T23:14:48.310183" level="INFO">${sub_menu_name} = Debit/Credit On-ramp</msg>
<var>${sub_menu_name}</var>
<arg>${element}</arg>
<tag>Assertion</tag>
<tag>Getter</tag>
<tag>PageContent</tag>
<doc>Returns text attribute of the element found by ``selector``.</doc>
<status status="PASS" start="2025-01-20T23:14:48.296436" elapsed="0.013795"/>
</kw>
<kw name="Get From List" owner="Collections">
<msg time="2025-01-20T23:14:48.310896" level="INFO">${item_name} = Payment Cards</msg>
<var>${item_name}</var>
<arg>${expected_sub_menu_name_list}</arg>
<arg>${counter}</arg>
<doc>Returns the value specified with an ``index`` from ``list``.</doc>
<status status="PASS" start="2025-01-20T23:14:48.310511" elapsed="0.000432"/>
</kw>
<kw name="Should Be Equal" owner="BuiltIn">
<msg time="2025-01-20T23:14:48.311591" level="FAIL">Debit/Credit On-ramp != Payment Cards</msg>
<arg>${sub_menu_name}</arg>
<arg>${item_name}</arg>
<doc>Fails if the given objects are unequal.</doc>
<status status="FAIL" start="2025-01-20T23:14:48.311154" elapsed="0.000581">Debit/Credit On-ramp != Payment Cards</status>
</kw>
<status status="FAIL" start="2025-01-20T23:14:48.296271" elapsed="0.015612">Debit/Credit On-ramp != Payment Cards</status>
</branch>
<branch type="EXCEPT">
<kw name="Append To List" owner="Collections">
<arg>${results}</arg>
<arg>FAIL: ${sub_menu_name} != ${item_name}</arg>
<doc>Adds ``values`` to the end of ``list``.</doc>
<status status="PASS" start="2025-01-20T23:14:48.312174" elapsed="0.000445"/>
</kw>
<status status="PASS" start="2025-01-20T23:14:48.311998" elapsed="0.000715"/>
</branch>
<status status="PASS" start="2025-01-20T23:14:48.296230" elapsed="0.016567"/>
</try>
<kw name="Evaluate" owner="BuiltIn">
<msg time="2025-01-20T23:14:48.313301" level="INFO">${counter} = 12</msg>
<var>${counter}</var>
<arg>${counter} + 1</arg>
<doc>Evaluates the given expression in Python and returns the result.</doc>
<status status="PASS" start="2025-01-20T23:14:48.312953" elapsed="0.000438"/>
</kw>
<var name="${element}">xpath=//div[contains(@class, 'header_popover_menu')]//a &gt;&gt; nth=11</var>
<status status="PASS" start="2025-01-20T23:14:48.296157" elapsed="0.017339"/>
</iter>
<iter>
<try>
<branch type="TRY">
<kw name="Get Text" owner="Browser">
<msg time="2025-01-20T23:14:48.327404" level="INFO">Text: 'Thalex Derivatives'</msg>
<msg time="2025-01-20T23:14:48.327614" level="INFO">${sub_menu_name} = Thalex Derivatives</msg>
<var>${sub_menu_name}</var>
<arg>${element}</arg>
<tag>Assertion</tag>
<tag>Getter</tag>
<tag>PageContent</tag>
<doc>Returns text attribute of the element found by ``selector``.</doc>
<status status="PASS" start="2025-01-20T23:14:48.314191" elapsed="0.013472"/>
</kw>
<kw name="Get From List" owner="Collections">
<msg time="2025-01-20T23:14:48.328324" level="INFO">${item_name} = Thalex Derivatives</msg>
<var>${item_name}</var>
<arg>${expected_sub_menu_name_list}</arg>
<arg>${counter}</arg>
<doc>Returns the value specified with an ``index`` from ``list``.</doc>
<status status="PASS" start="2025-01-20T23:14:48.327945" elapsed="0.000426"/>
</kw>
<kw name="Should Be Equal" owner="BuiltIn">
<arg>${sub_menu_name}</arg>
<arg>${item_name}</arg>
<doc>Fails if the given objects are unequal.</doc>
<status status="PASS" start="2025-01-20T23:14:48.328574" elapsed="0.000337"/>
</kw>
<status status="PASS" start="2025-01-20T23:14:48.314009" elapsed="0.014995"/>
</branch>
<branch type="EXCEPT">
<kw name="Append To List" owner="Collections">
<arg>${results}</arg>
<arg>FAIL: ${sub_menu_name} != ${item_name}</arg>
<doc>Adds ``values`` to the end of ``list``.</doc>
<status status="NOT RUN" start="2025-01-20T23:14:48.329319" elapsed="0.000080"/>
</kw>
<status status="NOT RUN" start="2025-01-20T23:14:48.329104" elapsed="0.000388"/>
</branch>
<status status="PASS" start="2025-01-20T23:14:48.313963" elapsed="0.015609"/>
</try>
<kw name="Evaluate" owner="BuiltIn">
<msg time="2025-01-20T23:14:48.330091" level="INFO">${counter} = 13</msg>
<var>${counter}</var>
<arg>${counter} + 1</arg>
<doc>Evaluates the given expression in Python and returns the result.</doc>
<status status="PASS" start="2025-01-20T23:14:48.329729" elapsed="0.000411"/>
</kw>
<var name="${element}">xpath=//div[contains(@class, 'header_popover_menu')]//a &gt;&gt; nth=12</var>
<status status="PASS" start="2025-01-20T23:14:48.313882" elapsed="0.016343"/>
</iter>
<iter>
<try>
<branch type="TRY">
<kw name="Get Text" owner="Browser">
<msg time="2025-01-20T23:14:48.343463" level="INFO">Text: 'Reporting Tool'</msg>
<msg time="2025-01-20T23:14:48.343670" level="INFO">${sub_menu_name} = Reporting Tool</msg>
<var>${sub_menu_name}</var>
<arg>${element}</arg>
<tag>Assertion</tag>
<tag>Getter</tag>
<tag>PageContent</tag>
<doc>Returns text attribute of the element found by ``selector``.</doc>
<status status="PASS" start="2025-01-20T23:14:48.330753" elapsed="0.012964"/>
</kw>
<kw name="Get From List" owner="Collections">
<msg time="2025-01-20T23:14:48.344364" level="INFO">${item_name} = Reporting Tool</msg>
<var>${item_name}</var>
<arg>${expected_sub_menu_name_list}</arg>
<arg>${counter}</arg>
<doc>Returns the value specified with an ``index`` from ``list``.</doc>
<status status="PASS" start="2025-01-20T23:14:48.343998" elapsed="0.000412"/>
</kw>
<kw name="Should Be Equal" owner="BuiltIn">
<arg>${sub_menu_name}</arg>
<arg>${item_name}</arg>
<doc>Fails if the given objects are unequal.</doc>
<status status="PASS" start="2025-01-20T23:14:48.344601" elapsed="0.000326"/>
</kw>
<status status="PASS" start="2025-01-20T23:14:48.330594" elapsed="0.014422"/>
</branch>
<branch type="EXCEPT">
<kw name="Append To List" owner="Collections">
<arg>${results}</arg>
<arg>FAIL: ${sub_menu_name} != ${item_name}</arg>
<doc>Adds ``values`` to the end of ``list``.</doc>
<status status="NOT RUN" start="2025-01-20T23:14:48.345269" elapsed="0.000051"/>
</kw>
<status status="NOT RUN" start="2025-01-20T23:14:48.345114" elapsed="0.000282"/>
</branch>
<status status="PASS" start="2025-01-20T23:14:48.330553" elapsed="0.014915"/>
</try>
<kw name="Evaluate" owner="BuiltIn">
<msg time="2025-01-20T23:14:48.345965" level="INFO">${counter} = 14</msg>
<var>${counter}</var>
<arg>${counter} + 1</arg>
<doc>Evaluates the given expression in Python and returns the result.</doc>
<status status="PASS" start="2025-01-20T23:14:48.345612" elapsed="0.000400"/>
</kw>
<var name="${element}">xpath=//div[contains(@class, 'header_popover_menu')]//a &gt;&gt; nth=13</var>
<status status="PASS" start="2025-01-20T23:14:48.330485" elapsed="0.015609"/>
</iter>
<var>${element}</var>
<value>@{sub_menu_elements}</value>
<status status="PASS" start="2025-01-20T23:14:48.084236" elapsed="0.261935"/>
</for>
<kw name="Log" owner="BuiltIn">
<msg time="2025-01-20T23:14:48.346600" level="INFO">Final Results: ['FAIL: Debit/Credit On-ramp != Payment Cards']</msg>
<arg>Final Results: ${results}</arg>
<doc>Logs the given message with the given level.</doc>
<status status="PASS" start="2025-01-20T23:14:48.346368" elapsed="0.000309"/>
</kw>
<kw name="Run Keyword If" owner="BuiltIn">
<kw name="Fail" owner="BuiltIn">
<msg time="2025-01-20T23:14:48.347500" level="FAIL">Final FAIL Results: ['FAIL: Debit/Credit On-ramp != Payment Cards']</msg>
<arg>Final FAIL Results: ${results}</arg>
<doc>Fails the test with the given message and optionally alters its tags.</doc>
<status status="FAIL" start="2025-01-20T23:14:48.347178" elapsed="0.000425">Final FAIL Results: ['FAIL: Debit/Credit On-ramp != Payment Cards']</status>
</kw>
<arg>${results}</arg>
<arg>Fail</arg>
<arg>Final FAIL Results: ${results}</arg>
<doc>Runs the given keyword with the given arguments, if ``condition`` is true.</doc>
<status status="FAIL" start="2025-01-20T23:14:48.346875" elapsed="0.000829">Final FAIL Results: ['FAIL: Debit/Credit On-ramp != Payment Cards']</status>
</kw>
<arg>${sub_menu_locator}</arg>
<arg>${expected_sub_menu_name_list}</arg>
<status status="FAIL" start="2025-01-20T23:14:48.063572" elapsed="0.284318">Final FAIL Results: ['FAIL: Debit/Credit On-ramp != Payment Cards']</status>
</kw>
<arg>Traders</arg>
<arg>${sub_menu_name_list}</arg>
<status status="FAIL" start="2025-01-20T23:14:46.254795" elapsed="2.093253">Final FAIL Results: ['FAIL: Debit/Credit On-ramp != Payment Cards']</status>
</kw>
<arg>Check Sub-menu under Menu</arg>
<arg>Traders</arg>
<arg>${sub_menu_name_list}</arg>
<doc>Runs the keyword and continues execution even if a failure occurs.</doc>
<status status="FAIL" start="2025-01-20T23:14:46.254414" elapsed="2.093758">Final FAIL Results: ['FAIL: Debit/Credit On-ramp != Payment Cards']</status>
</kw>
<kw name="Sleep" owner="BuiltIn">
<msg time="2025-01-20T23:14:50.349434" level="INFO">Slept 2 seconds.</msg>
<arg>2 seconds</arg>
<doc>Pauses the test executed for the given time.</doc>
<status status="PASS" start="2025-01-20T23:14:48.348437" elapsed="2.001208"/>
</kw>
<kw name="Create List" owner="BuiltIn">
<msg time="2025-01-20T23:14:50.350701" level="INFO">${sub_menu_name_list} = ['Staking', 'Bitfinex Borrow']</msg>
<var>${sub_menu_name_list}</var>
<arg>Staking</arg>
<arg>Bitfinex Borrow</arg>
<doc>Returns a list containing given items.</doc>
<status status="PASS" start="2025-01-20T23:14:50.350223" elapsed="0.000545"/>
</kw>
<kw name="Run Keyword And Continue On Failure" owner="BuiltIn">
<kw name="Check Sub-menu under Menu" owner="Home">
<kw name="Replace String" owner="String">
<msg time="2025-01-20T23:14:50.352572" level="INFO">${menu_locator} = xpath=//span[@class='header_item-title'][normalize-space()='Lenders']</msg>
<var>${menu_locator}</var>
<arg>${menu_locator_template}</arg>
<arg>{}</arg>
<arg>${menu_name}</arg>
<doc>Replaces ``search_for`` in the given ``string`` with ``replace_with``.</doc>
<status status="PASS" start="2025-01-20T23:14:50.352159" elapsed="0.000471"/>
</kw>
<kw name="Hover" owner="Browser">
<arg>${menu_locator}</arg>
<tag>PageContent</tag>
<tag>Setter</tag>
<doc>Moves the virtual mouse and scrolls to the element found by ``selector``.</doc>
<status status="PASS" start="2025-01-20T23:14:50.352867" elapsed="0.054403"/>
</kw>
<kw name="Click And Validate Each Sub-Tab" owner="Home">
<kw name="Set Variable" owner="BuiltIn">
<msg time="2025-01-20T23:14:50.408708" level="INFO">${counter} = 0</msg>
<var>${counter}</var>
<arg>0</arg>
<doc>Returns the given values which can then be assigned to a variables.</doc>
<status status="PASS" start="2025-01-20T23:14:50.408448" elapsed="0.000313"/>
</kw>
<kw name="Create List" owner="BuiltIn">
<msg time="2025-01-20T23:14:50.409301" level="INFO">${results} = []</msg>
<var>${results}</var>
<doc>Returns a list containing given items.</doc>
<status status="PASS" start="2025-01-20T23:14:50.409064" elapsed="0.000285"/>
</kw>
<kw name="Get Elements" owner="Browser">
<msg time="2025-01-20T23:14:50.422922" level="INFO">Found locator('//div[contains(@class, \'header_popover_menu\')]//a').first(),locator('//div[contains(@class, \'header_popover_menu\')]//a').nth(1) Locators successfully.</msg>
<msg time="2025-01-20T23:14:50.423359" level="INFO">${sub_menu_elements} = ["xpath=//div[contains(@class, 'header_popover_menu')]//a &gt;&gt; nth=0", "xpath=//div[contains(@class, 'header_popover_menu')]//a &gt;&gt; nth=1"]</msg>
<var>${sub_menu_elements}</var>
<arg>${sub_menu_locator}</arg>
<tag>Getter</tag>
<tag>PageContent</tag>
<doc>Returns a reference to Playwright [https://playwright.dev/docs/api/class-locator|Locator]
for all matched elements by ``selector``.</doc>
<status status="PASS" start="2025-01-20T23:14:50.409548" elapsed="0.013878"/>
</kw>
<for flavor="IN">
<iter>
<try>
<branch type="TRY">
<kw name="Get Text" owner="Browser">
<msg time="2025-01-20T23:14:50.438850" level="INFO">Text: 'Staking'</msg>
<msg time="2025-01-20T23:14:50.439073" level="INFO">${sub_menu_name} = Staking</msg>
<var>${sub_menu_name}</var>
<arg>${element}</arg>
<tag>Assertion</tag>
<tag>Getter</tag>
<tag>PageContent</tag>
<doc>Returns text attribute of the element found by ``selector``.</doc>
<status status="PASS" start="2025-01-20T23:14:50.424481" elapsed="0.014644"/>
</kw>
<kw name="Get From List" owner="Collections">
<msg time="2025-01-20T23:14:50.439786" level="INFO">${item_name} = Staking</msg>
<var>${item_name}</var>
<arg>${expected_sub_menu_name_list}</arg>
<arg>${counter}</arg>
<doc>Returns the value specified with an ``index`` from ``list``.</doc>
<status status="PASS" start="2025-01-20T23:14:50.439407" elapsed="0.000428"/>
</kw>
<kw name="Should Be Equal" owner="BuiltIn">
<arg>${sub_menu_name}</arg>
<arg>${item_name}</arg>
<doc>Fails if the given objects are unequal.</doc>
<status status="PASS" start="2025-01-20T23:14:50.440039" elapsed="0.000339"/>
</kw>
<status status="PASS" start="2025-01-20T23:14:50.424151" elapsed="0.016320"/>
</branch>
<branch type="EXCEPT">
<kw name="Append To List" owner="Collections">
<arg>${results}</arg>
<arg>FAIL: ${sub_menu_name} != ${item_name}</arg>
<doc>Adds ``values`` to the end of ``list``.</doc>
<status status="NOT RUN" start="2025-01-20T23:14:50.440738" elapsed="0.000056"/>
</kw>
<status status="NOT RUN" start="2025-01-20T23:14:50.440572" elapsed="0.000303"/>
</branch>
<status status="PASS" start="2025-01-20T23:14:50.424101" elapsed="0.016852"/>
</try>
<kw name="Evaluate" owner="BuiltIn">
<msg time="2025-01-20T23:14:50.441457" level="INFO">${counter} = 1</msg>
<var>${counter}</var>
<arg>${counter} + 1</arg>
<doc>Evaluates the given expression in Python and returns the result.</doc>
<status status="PASS" start="2025-01-20T23:14:50.441100" elapsed="0.000405"/>
</kw>
<var name="${element}">xpath=//div[contains(@class, 'header_popover_menu')]//a &gt;&gt; nth=0</var>
<status status="PASS" start="2025-01-20T23:14:50.424015" elapsed="0.017580"/>
</iter>
<iter>
<try>
<branch type="TRY">
<kw name="Get Text" owner="Browser">
<msg time="2025-01-20T23:14:50.457618" level="INFO">Text: 'Bitfinex Borrow'</msg>
<msg time="2025-01-20T23:14:50.457843" level="INFO">${sub_menu_name} = Bitfinex Borrow</msg>
<var>${sub_menu_name}</var>
<arg>${element}</arg>
<tag>Assertion</tag>
<tag>Getter</tag>
<tag>PageContent</tag>
<doc>Returns text attribute of the element found by ``selector``.</doc>
<status status="PASS" start="2025-01-20T23:14:50.442152" elapsed="0.015740"/>
</kw>
<kw name="Get From List" owner="Collections">
<msg time="2025-01-20T23:14:50.458567" level="INFO">${item_name} = Bitfinex Borrow</msg>
<var>${item_name}</var>
<arg>${expected_sub_menu_name_list}</arg>
<arg>${counter}</arg>
<doc>Returns the value specified with an ``index`` from ``list``.</doc>
<status status="PASS" start="2025-01-20T23:14:50.458183" elapsed="0.000432"/>
</kw>
<kw name="Should Be Equal" owner="BuiltIn">
<arg>${sub_menu_name}</arg>
<arg>${item_name}</arg>
<doc>Fails if the given objects are unequal.</doc>
<status status="PASS" start="2025-01-20T23:14:50.458818" elapsed="0.000339"/>
</kw>
<status status="PASS" start="2025-01-20T23:14:50.441988" elapsed="0.017258"/>
</branch>
<branch type="EXCEPT">
<kw name="Append To List" owner="Collections">
<arg>${results}</arg>
<arg>FAIL: ${sub_menu_name} != ${item_name}</arg>
<doc>Adds ``values`` to the end of ``list``.</doc>
<status status="NOT RUN" start="2025-01-20T23:14:50.459504" elapsed="0.000054"/>
</kw>
<status status="NOT RUN" start="2025-01-20T23:14:50.459347" elapsed="0.000290"/>
</branch>
<status status="PASS" start="2025-01-20T23:14:50.441944" elapsed="0.017767"/>
</try>
<kw name="Evaluate" owner="BuiltIn">
<msg time="2025-01-20T23:14:50.460190" level="INFO">${counter} = 2</msg>
<var>${counter}</var>
<arg>${counter} + 1</arg>
<doc>Evaluates the given expression in Python and returns the result.</doc>
<status status="PASS" start="2025-01-20T23:14:50.459853" elapsed="0.000383"/>
</kw>
<var name="${element}">xpath=//div[contains(@class, 'header_popover_menu')]//a &gt;&gt; nth=1</var>
<status status="PASS" start="2025-01-20T23:14:50.441872" elapsed="0.018451"/>
</iter>
<var>${element}</var>
<value>@{sub_menu_elements}</value>
<status status="PASS" start="2025-01-20T23:14:50.423610" elapsed="0.036792"/>
</for>
<kw name="Log" owner="BuiltIn">
<msg time="2025-01-20T23:14:50.460895" level="INFO">Final Results: []</msg>
<arg>Final Results: ${results}</arg>
<doc>Logs the given message with the given level.</doc>
<status status="PASS" start="2025-01-20T23:14:50.460590" elapsed="0.000394"/>
</kw>
<kw name="Run Keyword If" owner="BuiltIn">
<arg>${results}</arg>
<arg>Fail</arg>
<arg>Final FAIL Results: ${results}</arg>
<doc>Runs the given keyword with the given arguments, if ``condition`` is true.</doc>
<status status="PASS" start="2025-01-20T23:14:50.461193" elapsed="0.000223"/>
</kw>
<arg>${sub_menu_locator}</arg>
<arg>${expected_sub_menu_name_list}</arg>
<status status="PASS" start="2025-01-20T23:14:50.407803" elapsed="0.053756"/>
</kw>
<arg>Lenders</arg>
<arg>${sub_menu_name_list}</arg>
<status status="PASS" start="2025-01-20T23:14:50.351529" elapsed="0.110149"/>
</kw>
<arg>Check Sub-menu under Menu</arg>
<arg>Lenders</arg>
<arg>${sub_menu_name_list}</arg>
<doc>Runs the keyword and continues execution even if a failure occurs.</doc>
<status status="PASS" start="2025-01-20T23:14:50.351128" elapsed="0.110657"/>
</kw>
<kw name="Sleep" owner="BuiltIn">
<msg time="2025-01-20T23:14:52.463084" level="INFO">Slept 2 seconds.</msg>
<arg>2 seconds</arg>
<doc>Pauses the test executed for the given time.</doc>
<status status="PASS" start="2025-01-20T23:14:50.462047" elapsed="2.001358"/>
</kw>
<kw name="Create List" owner="BuiltIn">
<msg time="2025-01-20T23:14:52.464680" level="INFO">${sub_menu_name_list} = ['About Bitfinex', 'Blog', 'Press', 'Newsletter', 'Status page', 'Utilities']</msg>
<var>${sub_menu_name_list}</var>
<arg>About Bitfinex</arg>
<arg>Blog</arg>
<arg>Press</arg>
<arg>Newsletter</arg>
<arg>Status page</arg>
<arg>Utilities</arg>
<doc>Returns a list containing given items.</doc>
<status status="PASS" start="2025-01-20T23:14:52.464078" elapsed="0.000682"/>
</kw>
<kw name="Run Keyword And Continue On Failure" owner="BuiltIn">
<kw name="Check Sub-menu under Menu" owner="Home">
<kw name="Replace String" owner="String">
<msg time="2025-01-20T23:14:52.467301" level="INFO">${menu_locator} = xpath=//span[@class='header_item-title'][normalize-space()='About']</msg>
<var>${menu_locator}</var>
<arg>${menu_locator_template}</arg>
<arg>{}</arg>
<arg>${menu_name}</arg>
<doc>Replaces ``search_for`` in the given ``string`` with ``replace_with``.</doc>
<status status="PASS" start="2025-01-20T23:14:52.466581" elapsed="0.000798"/>
</kw>
<kw name="Hover" owner="Browser">
<arg>${menu_locator}</arg>
<tag>PageContent</tag>
<tag>Setter</tag>
<doc>Moves the virtual mouse and scrolls to the element found by ``selector``.</doc>
<status status="PASS" start="2025-01-20T23:14:52.467916" elapsed="0.056465"/>
</kw>
<kw name="Click And Validate Each Sub-Tab" owner="Home">
<kw name="Set Variable" owner="BuiltIn">
<msg time="2025-01-20T23:14:52.525758" level="INFO">${counter} = 0</msg>
<var>${counter}</var>
<arg>0</arg>
<doc>Returns the given values which can then be assigned to a variables.</doc>
<status status="PASS" start="2025-01-20T23:14:52.525514" elapsed="0.000294"/>
</kw>
<kw name="Create List" owner="BuiltIn">
<msg time="2025-01-20T23:14:52.526211" level="INFO">${results} = []</msg>
<var>${results}</var>
<doc>Returns a list containing given items.</doc>
<status status="PASS" start="2025-01-20T23:14:52.525998" elapsed="0.000259"/>
</kw>
<kw name="Get Elements" owner="Browser">
<msg time="2025-01-20T23:14:52.539534" level="INFO">Found locator('//div[contains(@class, \'header_popover_menu\')]//a').first(),locator('//div[contains(@class, \'header_popover_menu\')]//a').nth(1),locator('//div[contains(@class, \'header_popover_menu\')]//a').nth(2),locator('//div[contains(@class, \'header_popover_menu\')]//a').nth(3),locator('//div[contains(@class, \'header_popover_menu\')]//a').nth(4),locator('//div[contains(@class, \'header_popover_menu\')]//a').nth(5) Locators successfully.</msg>
<msg time="2025-01-20T23:14:52.539908" level="INFO">${sub_menu_elements} = ["xpath=//div[contains(@class, 'header_popover_menu')]//a &gt;&gt; nth=0", "xpath=//div[contains(@class, 'header_popover_menu')]//a &gt;&gt; nth=1", "xpath=//div[contains(@class, 'header_popover_menu')]//a &gt;&gt; nth...</msg>
<var>${sub_menu_elements}</var>
<arg>${sub_menu_locator}</arg>
<tag>Getter</tag>
<tag>PageContent</tag>
<doc>Returns a reference to Playwright [https://playwright.dev/docs/api/class-locator|Locator]
for all matched elements by ``selector``.</doc>
<status status="PASS" start="2025-01-20T23:14:52.526442" elapsed="0.013524"/>
</kw>
<for flavor="IN">
<iter>
<try>
<branch type="TRY">
<kw name="Get Text" owner="Browser">
<msg time="2025-01-20T23:14:52.556365" level="INFO">Text: 'About Bitfinex'</msg>
<msg time="2025-01-20T23:14:52.556573" level="INFO">${sub_menu_name} = About Bitfinex</msg>
<var>${sub_menu_name}</var>
<arg>${element}</arg>
<tag>Assertion</tag>
<tag>Getter</tag>
<tag>PageContent</tag>
<doc>Returns text attribute of the element found by ``selector``.</doc>
<status status="PASS" start="2025-01-20T23:14:52.540846" elapsed="0.015776"/>
</kw>
<kw name="Get From List" owner="Collections">
<msg time="2025-01-20T23:14:52.557277" level="INFO">${item_name} = About Bitfinex</msg>
<var>${item_name}</var>
<arg>${expected_sub_menu_name_list}</arg>
<arg>${counter}</arg>
<doc>Returns the value specified with an ``index`` from ``list``.</doc>
<status status="PASS" start="2025-01-20T23:14:52.556901" elapsed="0.000424"/>
</kw>
<kw name="Should Be Equal" owner="BuiltIn">
<arg>${sub_menu_name}</arg>
<arg>${item_name}</arg>
<doc>Fails if the given objects are unequal.</doc>
<status status="PASS" start="2025-01-20T23:14:52.557530" elapsed="0.000338"/>
</kw>
<status status="PASS" start="2025-01-20T23:14:52.540640" elapsed="0.017318"/>
</branch>
<branch type="EXCEPT">
<kw name="Append To List" owner="Collections">
<arg>${results}</arg>
<arg>FAIL: ${sub_menu_name} != ${item_name}</arg>
<doc>Adds ``values`` to the end of ``list``.</doc>
<status status="NOT RUN" start="2025-01-20T23:14:52.558216" elapsed="0.000053"/>
</kw>
<status status="NOT RUN" start="2025-01-20T23:14:52.558060" elapsed="0.000288"/>
</branch>
<status status="PASS" start="2025-01-20T23:14:52.540592" elapsed="0.017828"/>
</try>
<kw name="Evaluate" owner="BuiltIn">
<msg time="2025-01-20T23:14:52.558899" level="INFO">${counter} = 1</msg>
<var>${counter}</var>
<arg>${counter} + 1</arg>
<doc>Evaluates the given expression in Python and returns the result.</doc>
<status status="PASS" start="2025-01-20T23:14:52.558564" elapsed="0.000381"/>
</kw>
<var name="${element}">xpath=//div[contains(@class, 'header_popover_menu')]//a &gt;&gt; nth=0</var>
<status status="PASS" start="2025-01-20T23:14:52.540512" elapsed="0.018519"/>
</iter>
<iter>
<try>
<branch type="TRY">
<kw name="Get Text" owner="Browser">
<msg time="2025-01-20T23:14:52.573294" level="INFO">Text: 'Blog'</msg>
<msg time="2025-01-20T23:14:52.573539" level="INFO">${sub_menu_name} = Blog</msg>
<var>${sub_menu_name}</var>
<arg>${element}</arg>
<tag>Assertion</tag>
<tag>Getter</tag>
<tag>PageContent</tag>
<doc>Returns text attribute of the element found by ``selector``.</doc>
<status status="PASS" start="2025-01-20T23:14:52.559570" elapsed="0.014021"/>
</kw>
<kw name="Get From List" owner="Collections">
<msg time="2025-01-20T23:14:52.574242" level="INFO">${item_name} = Blog</msg>
<var>${item_name}</var>
<arg>${expected_sub_menu_name_list}</arg>
<arg>${counter}</arg>
<doc>Returns the value specified with an ``index`` from ``list``.</doc>
<status status="PASS" start="2025-01-20T23:14:52.573873" elapsed="0.000416"/>
</kw>
<kw name="Should Be Equal" owner="BuiltIn">
<arg>${sub_menu_name}</arg>
<arg>${item_name}</arg>
<doc>Fails if the given objects are unequal.</doc>
<status status="PASS" start="2025-01-20T23:14:52.574498" elapsed="0.000328"/>
</kw>
<status status="PASS" start="2025-01-20T23:14:52.559409" elapsed="0.015506"/>
</branch>
<branch type="EXCEPT">
<kw name="Append To List" owner="Collections">
<arg>${results}</arg>
<arg>FAIL: ${sub_menu_name} != ${item_name}</arg>
<doc>Adds ``values`` to the end of ``list``.</doc>
<status status="NOT RUN" start="2025-01-20T23:14:52.575166" elapsed="0.000053"/>
</kw>
<status status="NOT RUN" start="2025-01-20T23:14:52.575012" elapsed="0.000287"/>
</branch>
<status status="PASS" start="2025-01-20T23:14:52.559367" elapsed="0.016003"/>
</try>
<kw name="Evaluate" owner="BuiltIn">
<msg time="2025-01-20T23:14:52.575842" level="INFO">${counter} = 2</msg>
<var>${counter}</var>
<arg>${counter} + 1</arg>
<doc>Evaluates the given expression in Python and returns the result.</doc>
<status status="PASS" start="2025-01-20T23:14:52.575511" elapsed="0.000378"/>
</kw>
<var name="${element}">xpath=//div[contains(@class, 'header_popover_menu')]//a &gt;&gt; nth=1</var>
<status status="PASS" start="2025-01-20T23:14:52.559297" elapsed="0.016676"/>
</iter>
<iter>
<try>
<branch type="TRY">
<kw name="Get Text" owner="Browser">
<msg time="2025-01-20T23:14:52.590415" level="INFO">Text: 'Press'</msg>
<msg time="2025-01-20T23:14:52.590618" level="INFO">${sub_menu_name} = Press</msg>
<var>${sub_menu_name}</var>
<arg>${element}</arg>
<tag>Assertion</tag>
<tag>Getter</tag>
<tag>PageContent</tag>
<doc>Returns text attribute of the element found by ``selector``.</doc>
<status status="PASS" start="2025-01-20T23:14:52.576507" elapsed="0.014160"/>
</kw>
<kw name="Get From List" owner="Collections">
<msg time="2025-01-20T23:14:52.591308" level="INFO">${item_name} = Press</msg>
<var>${item_name}</var>
<arg>${expected_sub_menu_name_list}</arg>
<arg>${counter}</arg>
<doc>Returns the value specified with an ``index`` from ``list``.</doc>
<status status="PASS" start="2025-01-20T23:14:52.590944" elapsed="0.000410"/>
</kw>
<kw name="Should Be Equal" owner="BuiltIn">
<arg>${sub_menu_name}</arg>
<arg>${item_name}</arg>
<doc>Fails if the given objects are unequal.</doc>
<status status="PASS" start="2025-01-20T23:14:52.591549" elapsed="0.000329"/>
</kw>
<status status="PASS" start="2025-01-20T23:14:52.576347" elapsed="0.015622"/>
</branch>
<branch type="EXCEPT">
<kw name="Append To List" owner="Collections">
<arg>${results}</arg>
<arg>FAIL: ${sub_menu_name} != ${item_name}</arg>
<doc>Adds ``values`` to the end of ``list``.</doc>
<status status="NOT RUN" start="2025-01-20T23:14:52.592230" elapsed="0.000054"/>
</kw>
<status status="NOT RUN" start="2025-01-20T23:14:52.592075" elapsed="0.000287"/>
</branch>
<status status="PASS" start="2025-01-20T23:14:52.576307" elapsed="0.016127"/>
</try>
<kw name="Evaluate" owner="BuiltIn">
<msg time="2025-01-20T23:14:52.592904" level="INFO">${counter} = 3</msg>
<var>${counter}</var>
<arg>${counter} + 1</arg>
<doc>Evaluates the given expression in Python and returns the result.</doc>
<status status="PASS" start="2025-01-20T23:14:52.592574" elapsed="0.000377"/>
</kw>
<var name="${element}">xpath=//div[contains(@class, 'header_popover_menu')]//a &gt;&gt; nth=2</var>
<status status="PASS" start="2025-01-20T23:14:52.576237" elapsed="0.016870"/>
</iter>
<iter>
<try>
<branch type="TRY">
<kw name="Get Text" owner="Browser">
<msg time="2025-01-20T23:14:52.606539" level="INFO">Text: 'Bitfinex Alpha'</msg>
<msg time="2025-01-20T23:14:52.606740" level="INFO">${sub_menu_name} = Bitfinex Alpha</msg>
<var>${sub_menu_name}</var>
<arg>${element}</arg>
<tag>Assertion</tag>
<tag>Getter</tag>
<tag>PageContent</tag>
<doc>Returns text attribute of the element found by ``selector``.</doc>
<status status="PASS" start="2025-01-20T23:14:52.593647" elapsed="0.013141"/>
</kw>
<kw name="Get From List" owner="Collections">
<msg time="2025-01-20T23:14:52.607458" level="INFO">${item_name} = Newsletter</msg>
<var>${item_name}</var>
<arg>${expected_sub_menu_name_list}</arg>
<arg>${counter}</arg>
<doc>Returns the value specified with an ``index`` from ``list``.</doc>
<status status="PASS" start="2025-01-20T23:14:52.607083" elapsed="0.000422"/>
</kw>
<kw name="Should Be Equal" owner="BuiltIn">
<msg time="2025-01-20T23:14:52.608084" level="FAIL">Bitfinex Alpha != Newsletter</msg>
<arg>${sub_menu_name}</arg>
<arg>${item_name}</arg>
<doc>Fails if the given objects are unequal.</doc>
<status status="FAIL" start="2025-01-20T23:14:52.607704" elapsed="0.000484">Bitfinex Alpha != Newsletter</status>
</kw>
<status status="FAIL" start="2025-01-20T23:14:52.593486" elapsed="0.014832">Bitfinex Alpha != Newsletter</status>
</branch>
<branch type="EXCEPT">
<kw name="Append To List" owner="Collections">
<arg>${results}</arg>
<arg>FAIL: ${sub_menu_name} != ${item_name}</arg>
<doc>Adds ``values`` to the end of ``list``.</doc>
<status status="PASS" start="2025-01-20T23:14:52.608581" elapsed="0.000414"/>
</kw>
<status status="PASS" start="2025-01-20T23:14:52.608424" elapsed="0.000660"/>
</branch>
<status status="PASS" start="2025-01-20T23:14:52.593445" elapsed="0.015714"/>
</try>
<kw name="Evaluate" owner="BuiltIn">
<msg time="2025-01-20T23:14:52.609617" level="INFO">${counter} = 4</msg>
<var>${counter}</var>
<arg>${counter} + 1</arg>
<doc>Evaluates the given expression in Python and returns the result.</doc>
<status status="PASS" start="2025-01-20T23:14:52.609300" elapsed="0.000363"/>
</kw>
<var name="${element}">xpath=//div[contains(@class, 'header_popover_menu')]//a &gt;&gt; nth=3</var>
<status status="PASS" start="2025-01-20T23:14:52.593376" elapsed="0.016368"/>
</iter>
<iter>
<try>
<branch type="TRY">
<kw name="Get Text" owner="Browser">
<msg time="2025-01-20T23:14:52.626892" level="INFO">Text: 'Status page'</msg>
<msg time="2025-01-20T23:14:52.627090" level="INFO">${sub_menu_name} = Status page</msg>
<var>${sub_menu_name}</var>
<arg>${element}</arg>
<tag>Assertion</tag>
<tag>Getter</tag>
<tag>PageContent</tag>
<doc>Returns text attribute of the element found by ``selector``.</doc>
<status status="PASS" start="2025-01-20T23:14:52.610262" elapsed="0.016874"/>
</kw>
<kw name="Get From List" owner="Collections">
<msg time="2025-01-20T23:14:52.627744" level="INFO">${item_name} = Status page</msg>
<var>${item_name}</var>
<arg>${expected_sub_menu_name_list}</arg>
<arg>${counter}</arg>
<doc>Returns the value specified with an ``index`` from ``list``.</doc>
<status status="PASS" start="2025-01-20T23:14:52.627397" elapsed="0.000391"/>
</kw>
<kw name="Should Be Equal" owner="BuiltIn">
<arg>${sub_menu_name}</arg>
<arg>${item_name}</arg>
<doc>Fails if the given objects are unequal.</doc>
<status status="PASS" start="2025-01-20T23:14:52.627972" elapsed="0.000310"/>
</kw>
<status status="PASS" start="2025-01-20T23:14:52.610107" elapsed="0.018259"/>
</branch>
<branch type="EXCEPT">
<kw name="Append To List" owner="Collections">
<arg>${results}</arg>
<arg>FAIL: ${sub_menu_name} != ${item_name}</arg>
<doc>Adds ``values`` to the end of ``list``.</doc>
<status status="NOT RUN" start="2025-01-20T23:14:52.628604" elapsed="0.000049"/>
</kw>
<status status="NOT RUN" start="2025-01-20T23:14:52.628460" elapsed="0.000266"/>
</branch>
<status status="PASS" start="2025-01-20T23:14:52.610068" elapsed="0.018726"/>
</try>
<kw name="Evaluate" owner="BuiltIn">
<msg time="2025-01-20T23:14:52.629250" level="INFO">${counter} = 5</msg>
<var>${counter}</var>
<arg>${counter} + 1</arg>
<doc>Evaluates the given expression in Python and returns the result.</doc>
<status status="PASS" start="2025-01-20T23:14:52.628928" elapsed="0.000367"/>
</kw>
<var name="${element}">xpath=//div[contains(@class, 'header_popover_menu')]//a &gt;&gt; nth=4</var>
<status status="PASS" start="2025-01-20T23:14:52.610001" elapsed="0.019377"/>
</iter>
<iter>
<try>
<branch type="TRY">
<kw name="Get Text" owner="Browser">
<msg time="2025-01-20T23:14:52.641355" level="INFO">Text: 'Utilities'</msg>
<msg time="2025-01-20T23:14:52.641552" level="INFO">${sub_menu_name} = Utilities</msg>
<var>${sub_menu_name}</var>
<arg>${element}</arg>
<tag>Assertion</tag>
<tag>Getter</tag>
<tag>PageContent</tag>
<doc>Returns text attribute of the element found by ``selector``.</doc>
<status status="PASS" start="2025-01-20T23:14:52.629902" elapsed="0.011696"/>
</kw>
<kw name="Get From List" owner="Collections">
<msg time="2025-01-20T23:14:52.642226" level="INFO">${item_name} = Utilities</msg>
<var>${item_name}</var>
<arg>${expected_sub_menu_name_list}</arg>
<arg>${counter}</arg>
<doc>Returns the value specified with an ``index`` from ``list``.</doc>
<status status="PASS" start="2025-01-20T23:14:52.641859" elapsed="0.000412"/>
</kw>
<kw name="Should Be Equal" owner="BuiltIn">
<arg>${sub_menu_name}</arg>
<arg>${item_name}</arg>
<doc>Fails if the given objects are unequal.</doc>
<status status="PASS" start="2025-01-20T23:14:52.642461" elapsed="0.000319"/>
</kw>
<status status="PASS" start="2025-01-20T23:14:52.629746" elapsed="0.013121"/>
</branch>
<branch type="EXCEPT">
<kw name="Append To List" owner="Collections">
<arg>${results}</arg>
<arg>FAIL: ${sub_menu_name} != ${item_name}</arg>
<doc>Adds ``values`` to the end of ``list``.</doc>
<status status="NOT RUN" start="2025-01-20T23:14:52.643121" elapsed="0.000050"/>
</kw>
<status status="NOT RUN" start="2025-01-20T23:14:52.642961" elapsed="0.000284"/>
</branch>
<status status="PASS" start="2025-01-20T23:14:52.629706" elapsed="0.013608"/>
</try>
<kw name="Evaluate" owner="BuiltIn">
<msg time="2025-01-20T23:14:52.643757" level="INFO">${counter} = 6</msg>
<var>${counter}</var>
<arg>${counter} + 1</arg>
<doc>Evaluates the given expression in Python and returns the result.</doc>
<status status="PASS" start="2025-01-20T23:14:52.643446" elapsed="0.000355"/>
</kw>
<var name="${element}">xpath=//div[contains(@class, 'header_popover_menu')]//a &gt;&gt; nth=5</var>
<status status="PASS" start="2025-01-20T23:14:52.629638" elapsed="0.014244"/>
</iter>
<var>${element}</var>
<value>@{sub_menu_elements}</value>
<status status="PASS" start="2025-01-20T23:14:52.540139" elapsed="0.103816"/>
</for>
<kw name="Log" owner="BuiltIn">
<msg time="2025-01-20T23:14:52.644346" level="INFO">Final Results: ['FAIL: Bitfinex Alpha != Newsletter']</msg>
<arg>Final Results: ${results}</arg>
<doc>Logs the given message with the given level.</doc>
<status status="PASS" start="2025-01-20T23:14:52.644133" elapsed="0.000287"/>
</kw>
<kw name="Run Keyword If" owner="BuiltIn">
<kw name="Fail" owner="BuiltIn">
<msg time="2025-01-20T23:14:52.645172" level="FAIL">Final FAIL Results: ['FAIL: Bitfinex Alpha != Newsletter']</msg>
<arg>Final FAIL Results: ${results}</arg>
<doc>Fails the test with the given message and optionally alters its tags.</doc>
<status status="FAIL" start="2025-01-20T23:14:52.644877" elapsed="0.000392">Final FAIL Results: ['FAIL: Bitfinex Alpha != Newsletter']</status>
</kw>
<arg>${results}</arg>
<arg>Fail</arg>
<arg>Final FAIL Results: ${results}</arg>
<doc>Runs the given keyword with the given arguments, if ``condition`` is true.</doc>
<status status="FAIL" start="2025-01-20T23:14:52.644600" elapsed="0.000764">Final FAIL Results: ['FAIL: Bitfinex Alpha != Newsletter']</status>
</kw>
<arg>${sub_menu_locator}</arg>
<arg>${expected_sub_menu_name_list}</arg>
<status status="FAIL" start="2025-01-20T23:14:52.524913" elapsed="0.120681">Final FAIL Results: ['FAIL: Bitfinex Alpha != Newsletter']</status>
</kw>
<arg>About</arg>
<arg>${sub_menu_name_list}</arg>
<status status="FAIL" start="2025-01-20T23:14:52.465847" elapsed="0.179902">Final FAIL Results: ['FAIL: Bitfinex Alpha != Newsletter']</status>
</kw>
<arg>Check Sub-menu under Menu</arg>
<arg>About</arg>
<arg>${sub_menu_name_list}</arg>
<doc>Runs the keyword and continues execution even if a failure occurs.</doc>
<status status="FAIL" start="2025-01-20T23:14:52.465303" elapsed="0.180564">Final FAIL Results: ['FAIL: Bitfinex Alpha != Newsletter']</status>
</kw>
<kw name="Close Browser" owner="Browser">
<msg time="2025-01-20T23:14:52.889561" level="INFO">Closed browser</msg>
<tag>BrowserControl</tag>
<tag>Setter</tag>
<doc>Closes the current browser.</doc>
<status status="PASS" start="2025-01-20T23:14:52.646334" elapsed="0.243735"/>
</kw>
<status status="FAIL" start="2025-01-20T23:14:42.181896" elapsed="10.709113">Several failures occurred:

1) Final FAIL Results: ['FAIL: Debit/Credit On-ramp != Payment Cards']

2) Final FAIL Results: ['FAIL: Bitfinex Alpha != Newsletter']</status>
</test>
<test id="s1-t2" name="Test2" line="28">
<kw name="Open New Browser" owner="Home">
<kw name="New Browser" owner="Browser">
<msg time="2025-01-20T23:14:52.909888" level="INFO">{"browser": "chromium", "headless": false, "chromiumSandbox": false, "devtools": false, "handleSIGHUP": true, "handleSIGINT": true, "handleSIGTERM": true, "slowMo": 0.0, "timeout": 30000.0, "tracesDir": "/Users/thaonguyen/Documents/code/RF/automation/browser/traces/a19fe68b-2692-4fa3-be5a-6a03bb99e738"}</msg>
<msg time="2025-01-20T23:14:53.503490" level="INFO">Successfully created browser with options: {"browser":"chromium","headless":false,"chromiumSandbox":false,"devtools":false,"handleSIGHUP":true,"handleSIGINT":true,"handleSIGTERM":true,"slowMo":0,"timeout":30000,"tracesDir":"/Users/thaonguyen/Documents/code/RF/automation/browser/traces/a19fe68b-2692-4fa3-be5a-6a03bb99e738"}</msg>
<arg>headless=False</arg>
<tag>BrowserControl</tag>
<tag>Setter</tag>
<doc>Create a new playwright Browser with specified options.</doc>
<status status="PASS" start="2025-01-20T23:14:52.908226" elapsed="0.595471"/>
</kw>
<kw name="New Page" owner="Browser">
<msg time="2025-01-20T23:14:55.259199" level="INFO">Successfully initialized new page object and opened url: https://www.bitfinex.com/</msg>
<msg time="2025-01-20T23:14:55.259299" level="INFO">No context was open. New context was automatically opened when this page is created.</msg>
<arg>${site_url}</arg>
<tag>BrowserControl</tag>
<tag>Setter</tag>
<doc>Open a new Page.</doc>
<status status="PASS" start="2025-01-20T23:14:53.503993" elapsed="1.755499"/>
</kw>
<status status="PASS" start="2025-01-20T23:14:52.907335" elapsed="2.352333"/>
</kw>
<kw name="Create List" owner="BuiltIn">
<msg time="2025-01-20T23:14:55.260527" level="INFO">@{link_menu_name_list} = [ P2P Trading | API documentation | Bitfinex Leaderboard | Reporting Tool ]</msg>
<var>@{link_menu_name_list}</var>
<arg>P2P Trading</arg>
<arg>API documentation</arg>
<arg>Bitfinex Leaderboard</arg>
<arg>Reporting Tool</arg>
<doc>Returns a list containing given items.</doc>
<status status="PASS" start="2025-01-20T23:14:55.260048" elapsed="0.000534"/>
</kw>
<kw name="Check Link Under Menu" owner="Home">
<kw name="Create List" owner="BuiltIn">
<msg time="2025-01-20T23:14:55.262000" level="INFO">${missing_elements} = []</msg>
<var>${missing_elements}</var>
<doc>Returns a list containing given items.</doc>
<status status="PASS" start="2025-01-20T23:14:55.261772" elapsed="0.000275"/>
</kw>
<for flavor="IN">
<iter>
<kw name="Replace String" owner="String">
<msg time="2025-01-20T23:14:55.263476" level="INFO">${menu_locator} = xpath=//span[@class='header_item-title'][normalize-space()='Traders']</msg>
<var>${menu_locator}</var>
<arg>${menu_locator_template}</arg>
<arg>{}</arg>
<arg>${menu_name}</arg>
<doc>Replaces ``search_for`` in the given ``string`` with ``replace_with``.</doc>
<status status="PASS" start="2025-01-20T23:14:55.263080" elapsed="0.000443"/>
</kw>
<kw name="Hover" owner="Browser">
<arg>${menu_locator}</arg>
<tag>PageContent</tag>
<tag>Setter</tag>
<doc>Moves the virtual mouse and scrolls to the element found by ``selector``.</doc>
<status status="PASS" start="2025-01-20T23:14:55.263727" elapsed="1.714755"/>
</kw>
<kw name="Replace String" owner="String">
<msg time="2025-01-20T23:14:56.979289" level="INFO">${link_menu_locator} = xpath=//li[@class='header_menu_item header_menu_item__external']//a[contains(text(),'P2P Trading')]</msg>
<var>${link_menu_locator}</var>
<arg>${link_menu_xpath_template}</arg>
<arg>{}</arg>
<arg>${element}</arg>
<doc>Replaces ``search_for`` in the given ``string`` with ``replace_with``.</doc>
<status status="PASS" start="2025-01-20T23:14:56.978842" elapsed="0.000500"/>
</kw>
<kw name="Run Keyword And Return Status" owner="BuiltIn">
<kw name="Get Element" owner="Browser">
<msg time="2025-01-20T23:14:56.988963" level="INFO">Locator found successfully.</msg>
<arg>${link_menu_locator}</arg>
<tag>Getter</tag>
<tag>PageContent</tag>
<doc>Returns a reference to a Playwright [https://playwright.dev/docs/api/class-locator|Locator].</doc>
<status status="PASS" start="2025-01-20T23:14:56.979888" elapsed="0.009276"/>
</kw>
<msg time="2025-01-20T23:14:56.989390" level="INFO">${element_exists} = True</msg>
<var>${element_exists}</var>
<arg>Get Element</arg>
<arg>${link_menu_locator}</arg>
<doc>Runs the given keyword with given arguments and returns the status as a Boolean value.</doc>
<status status="PASS" start="2025-01-20T23:14:56.979599" elapsed="0.009835"/>
</kw>
<if>
<branch type="IF" condition="${element_exists}">
<kw name="Click With Options" owner="Browser">
<msg time="2025-01-20T23:14:56.990485" level="INFO">Clicks the element 'xpath=//li[@class='header_menu_item header_menu_item__external']//a[contains(text(),'P2P Trading')]'.</msg>
<arg>${link_menu_locator}</arg>
<arg>force=True</arg>
<tag>PageContent</tag>
<tag>Setter</tag>
<doc>Simulates mouse click on the element found by ``selector``.</doc>
<status status="PASS" start="2025-01-20T23:14:56.989885" elapsed="0.067950"/>
</kw>
<kw name="Wait For Load State" owner="Browser">
<msg time="2025-01-20T23:14:57.058850" level="INFO">Waiting page load to state to receive load in 10000.0</msg>
<msg time="2025-01-20T23:14:57.063798" level="INFO">Load state load got in 10000</msg>
<tag>PageContent</tag>
<tag>Wait</tag>
<doc>Waits that the page reaches the required load state.</doc>
<status status="PASS" start="2025-01-20T23:14:57.058236" elapsed="0.005989"/>
</kw>
<kw name="Switch Page" owner="Browser">
<msg time="2025-01-20T23:14:57.065522" level="INFO">Switching to page NEW,context CURRENT, browser CURRENT</msg>
<msg time="2025-01-20T23:14:57.148081" level="INFO">Activated new page page=b14a92e8-2fba-4a19-941e-11687f1861f7</msg>
<arg>NEW</arg>
<tag>BrowserControl</tag>
<tag>Setter</tag>
<doc>Switches the active browser page to another open page by ``id`` or ``NEW``.</doc>
<status status="PASS" start="2025-01-20T23:14:57.064720" elapsed="0.083577"/>
</kw>
<kw name="Sleep" owner="BuiltIn">
<msg time="2025-01-20T23:14:59.149312" level="INFO">Slept 2 seconds.</msg>
<arg>2 seconds</arg>
<doc>Pauses the test executed for the given time.</doc>
<status status="PASS" start="2025-01-20T23:14:57.148575" elapsed="2.000954"/>
</kw>
<kw name="Get Url" owner="Browser">
<msg time="2025-01-20T23:14:59.153505" level="INFO">${new_url} = https://p2p.bitfinex.com/trade/COP/BTC</msg>
<var>${new_url}</var>
<tag>Assertion</tag>
<tag>Getter</tag>
<tag>PageContent</tag>
<doc>Returns the current URL.</doc>
<status status="PASS" start="2025-01-20T23:14:59.149915" elapsed="0.003659"/>
</kw>
<kw name="Log" owner="BuiltIn">
<msg time="2025-01-20T23:14:59.154139" level="INFO">https://p2p.bitfinex.com/trade/COP/BTC</msg>
<arg>${new_url}</arg>
<doc>Logs the given message with the given level.</doc>
<status status="PASS" start="2025-01-20T23:14:59.153850" elapsed="0.000387"/>
</kw>
<kw name="Should Not Be Equal" owner="BuiltIn">
<arg>${new_url}</arg>
<arg>${site_url}</arg>
<doc>Fails if the given objects are equal.</doc>
<status status="PASS" start="2025-01-20T23:14:59.154580" elapsed="0.000349"/>
</kw>
<kw name="Close Page" owner="Browser">
<msg time="2025-01-20T23:14:59.164311" level="INFO">Switching browser to CURRENT</msg>
<msg time="2025-01-20T23:14:59.168009" level="INFO">Returned active browser id. CURRENT</msg>
<msg time="2025-01-20T23:14:59.169205" level="INFO">Switching browser to browser=0482cfe2-4d0d-46e6-a600-49f242434237</msg>
<msg time="2025-01-20T23:14:59.173230" level="INFO">Successfully changed active browser: browser=0482cfe2-4d0d-46e6-a600-49f242434237</msg>
<msg time="2025-01-20T23:14:59.173422" level="INFO">Switching context to CURRENT in CURRENT</msg>
<msg time="2025-01-20T23:14:59.178867" level="INFO">Returned active context id: CURRENT</msg>
<msg time="2025-01-20T23:14:59.179053" level="INFO">Switching context to context=e06bc2c2-fec2-4d1c-b318-9c1bf315bf36 in CURRENT</msg>
<msg time="2025-01-20T23:14:59.189116" level="INFO">Successfully changed active context: context=e06bc2c2-fec2-4d1c-b318-9c1bf315bf36</msg>
<msg time="2025-01-20T23:14:59.277921" level="INFO">Successfully closed Page with runBeforeUnload false</msg>
<tag>BrowserControl</tag>
<tag>Setter</tag>
<doc>Closes the ``page`` in ``context`` in ``browser``.</doc>
<status status="PASS" start="2025-01-20T23:14:59.155140" elapsed="0.123053"/>
</kw>
<kw name="Sleep" owner="BuiltIn">
<msg time="2025-01-20T23:15:01.278953" level="INFO">Slept 2 seconds.</msg>
<arg>2 seconds</arg>
<doc>Pauses the test executed for the given time.</doc>
<status status="PASS" start="2025-01-20T23:14:59.278482" elapsed="2.000630"/>
</kw>
<status status="PASS" start="2025-01-20T23:14:56.989597" elapsed="4.289633"/>
</branch>
<branch type="ELSE">
<kw name="Append To List" owner="Collections">
<arg>${missing_elements}</arg>
<arg>${element}</arg>
<doc>Adds ``values`` to the end of ``list``.</doc>
<status status="NOT RUN" start="2025-01-20T23:15:01.279525" elapsed="0.000068"/>
</kw>
<status status="NOT RUN" start="2025-01-20T23:15:01.279309" elapsed="0.000418"/>
</branch>
<status status="PASS" start="2025-01-20T23:14:56.989563" elapsed="4.290235"/>
</if>
<var name="${element}">P2P Trading</var>
<status status="PASS" start="2025-01-20T23:14:55.262854" elapsed="6.016994"/>
</iter>
<iter>
<kw name="Replace String" owner="String">
<msg time="2025-01-20T23:15:01.280760" level="INFO">${menu_locator} = xpath=//span[@class='header_item-title'][normalize-space()='Traders']</msg>
<var>${menu_locator}</var>
<arg>${menu_locator_template}</arg>
<arg>{}</arg>
<arg>${menu_name}</arg>
<doc>Replaces ``search_for`` in the given ``string`` with ``replace_with``.</doc>
<status status="PASS" start="2025-01-20T23:15:01.280372" elapsed="0.000436"/>
</kw>
<kw name="Hover" owner="Browser">
<arg>${menu_locator}</arg>
<tag>PageContent</tag>
<tag>Setter</tag>
<doc>Moves the virtual mouse and scrolls to the element found by ``selector``.</doc>
<status status="PASS" start="2025-01-20T23:15:01.281012" elapsed="0.048905"/>
</kw>
<kw name="Replace String" owner="String">
<msg time="2025-01-20T23:15:01.330690" level="INFO">${link_menu_locator} = xpath=//li[@class='header_menu_item header_menu_item__external']//a[contains(text(),'API documentation')]</msg>
<var>${link_menu_locator}</var>
<arg>${link_menu_xpath_template}</arg>
<arg>{}</arg>
<arg>${element}</arg>
<doc>Replaces ``search_for`` in the given ``string`` with ``replace_with``.</doc>
<status status="PASS" start="2025-01-20T23:15:01.330228" elapsed="0.000515"/>
</kw>
<kw name="Run Keyword And Return Status" owner="BuiltIn">
<kw name="Get Element" owner="Browser">
<msg time="2025-01-20T23:15:01.337700" level="INFO">Locator found successfully.</msg>
<arg>${link_menu_locator}</arg>
<tag>Getter</tag>
<tag>PageContent</tag>
<doc>Returns a reference to a Playwright [https://playwright.dev/docs/api/class-locator|Locator].</doc>
<status status="PASS" start="2025-01-20T23:15:01.331492" elapsed="0.006436"/>
</kw>
<msg time="2025-01-20T23:15:01.338172" level="INFO">${element_exists} = True</msg>
<var>${element_exists}</var>
<arg>Get Element</arg>
<arg>${link_menu_locator}</arg>
<doc>Runs the given keyword with given arguments and returns the status as a Boolean value.</doc>
<status status="PASS" start="2025-01-20T23:15:01.331099" elapsed="0.007120"/>
</kw>
<if>
<branch type="IF" condition="${element_exists}">
<kw name="Click With Options" owner="Browser">
<msg time="2025-01-20T23:15:01.339385" level="INFO">Clicks the element 'xpath=//li[@class='header_menu_item header_menu_item__external']//a[contains(text(),'API documentation')]'.</msg>
<arg>${link_menu_locator}</arg>
<arg>force=True</arg>
<tag>PageContent</tag>
<tag>Setter</tag>
<doc>Simulates mouse click on the element found by ``selector``.</doc>
<status status="PASS" start="2025-01-20T23:15:01.338690" elapsed="0.053848"/>
</kw>
<kw name="Wait For Load State" owner="Browser">
<msg time="2025-01-20T23:15:01.394054" level="INFO">Waiting page load to state to receive load in 10000.0</msg>
<msg time="2025-01-20T23:15:01.397950" level="INFO">Load state load got in 10000</msg>
<tag>PageContent</tag>
<tag>Wait</tag>
<doc>Waits that the page reaches the required load state.</doc>
<status status="PASS" start="2025-01-20T23:15:01.393032" elapsed="0.005271"/>
</kw>
<kw name="Switch Page" owner="Browser">
<msg time="2025-01-20T23:15:01.399670" level="INFO">Switching to page NEW,context CURRENT, browser CURRENT</msg>
<msg time="2025-01-20T23:15:01.788966" level="INFO">Activated new page page=33838865-9438-47ba-86d7-a9efd9ff4588</msg>
<arg>NEW</arg>
<tag>BrowserControl</tag>
<tag>Setter</tag>
<doc>Switches the active browser page to another open page by ``id`` or ``NEW``.</doc>
<status status="PASS" start="2025-01-20T23:15:01.398781" elapsed="0.390404"/>
</kw>
<kw name="Sleep" owner="BuiltIn">
<msg time="2025-01-20T23:15:03.790499" level="INFO">Slept 2 seconds.</msg>
<arg>2 seconds</arg>
<doc>Pauses the test executed for the given time.</doc>
<status status="PASS" start="2025-01-20T23:15:01.789542" elapsed="2.001152"/>
</kw>
<kw name="Get Url" owner="Browser">
<msg time="2025-01-20T23:15:03.793628" level="INFO">${new_url} = https://docs.bitfinex.com/docs/introduction</msg>
<var>${new_url}</var>
[...]
<arg>${link_menu_xpath_template}</arg>
<arg>{}</arg>
<arg>${element}</arg>
<doc>Replaces ``search_for`` in the given ``string`` with ``replace_with``.</doc>
<status status="PASS" start="2025-01-20T23:15:22.985301" elapsed="0.000649"/>
</kw>
<kw name="Run Keyword And Return Status" owner="BuiltIn">
<kw name="Get Element" owner="Browser">
<msg time="2025-01-20T23:15:22.995586" level="INFO">Locator found successfully.</msg>
<arg>${link_menu_locator}</arg>
<tag>Getter</tag>
<tag>PageContent</tag>
<doc>Returns a reference to a Playwright [https://playwright.dev/docs/api/class-locator|Locator].</doc>
<status status="PASS" start="2025-01-20T23:15:22.986624" elapsed="0.009187"/>
</kw>
<msg time="2025-01-20T23:15:22.996049" level="INFO">${element_exists} = True</msg>
<var>${element_exists}</var>
<arg>Get Element</arg>
<arg>${link_menu_locator}</arg>
<doc>Runs the given keyword with given arguments and returns the status as a Boolean value.</doc>
<status status="PASS" start="2025-01-20T23:15:22.986236" elapsed="0.009859"/>
</kw>
<if>
<branch type="IF" condition="${element_exists}">
<kw name="Click With Options" owner="Browser">
<msg time="2025-01-20T23:15:22.997203" level="INFO">Clicks the element 'xpath=//li[@class='header_menu_item header_menu_item__external']//a[contains(text(),'Blog')]'.</msg>
<arg>${link_menu_locator}</arg>
<arg>force=True</arg>
<tag>PageContent</tag>
<tag>Setter</tag>
<doc>Simulates mouse click on the element found by ``selector``.</doc>
<status status="PASS" start="2025-01-20T23:15:22.996548" elapsed="0.049102"/>
</kw>
<kw name="Wait For Load State" owner="Browser">
<msg time="2025-01-20T23:15:23.046534" level="INFO">Waiting page load to state to receive load in 10000.0</msg>
<msg time="2025-01-20T23:15:23.050137" level="INFO">Load state load got in 10000</msg>
<tag>PageContent</tag>
<tag>Wait</tag>
<doc>Waits that the page reaches the required load state.</doc>
<status status="PASS" start="2025-01-20T23:15:23.045978" elapsed="0.004504"/>
</kw>
<kw name="Switch Page" owner="Browser">
<msg time="2025-01-20T23:15:23.051521" level="INFO">Switching to page NEW,context CURRENT, browser CURRENT</msg>
<msg time="2025-01-20T23:15:23.323743" level="INFO">Activated new page page=ee5b553b-ea23-4c40-9bca-4da382162810</msg>
<arg>NEW</arg>
<tag>BrowserControl</tag>
<tag>Setter</tag>
<doc>Switches the active browser page to another open page by ``id`` or ``NEW``.</doc>
<status status="PASS" start="2025-01-20T23:15:23.050807" elapsed="0.273155"/>
</kw>
<kw name="Sleep" owner="BuiltIn">
<msg time="2025-01-20T23:15:25.325012" level="INFO">Slept 2 seconds.</msg>
<arg>2 seconds</arg>
<doc>Pauses the test executed for the given time.</doc>
<status status="PASS" start="2025-01-20T23:15:23.324393" elapsed="2.000862"/>
</kw>
<kw name="Get Url" owner="Browser">
<msg time="2025-01-20T23:15:25.329053" level="INFO">${new_url} = https://blog.bitfinex.com/</msg>
<var>${new_url}</var>
<tag>Assertion</tag>
<tag>Getter</tag>
<tag>PageContent</tag>
<doc>Returns the current URL.</doc>
<status status="PASS" start="2025-01-20T23:15:25.325570" elapsed="0.003560"/>
</kw>
<kw name="Log" owner="BuiltIn">
<msg time="2025-01-20T23:15:25.329674" level="INFO">https://blog.bitfinex.com/</msg>
<arg>${new_url}</arg>
<doc>Logs the given message with the given level.</doc>
<status status="PASS" start="2025-01-20T23:15:25.329411" elapsed="0.000347"/>
</kw>
<kw name="Should Not Be Equal" owner="BuiltIn">
<arg>${new_url}</arg>
<arg>${site_url}</arg>
<doc>Fails if the given objects are equal.</doc>
<status status="PASS" start="2025-01-20T23:15:25.329942" elapsed="0.000411"/>
</kw>
<kw name="Close Page" owner="Browser">
<msg time="2025-01-20T23:15:25.337662" level="INFO">Switching browser to CURRENT</msg>
<msg time="2025-01-20T23:15:25.341402" level="INFO">Returned active browser id. CURRENT</msg>
<msg time="2025-01-20T23:15:25.343619" level="INFO">Switching browser to browser=0482cfe2-4d0d-46e6-a600-49f242434237</msg>
<msg time="2025-01-20T23:15:25.346703" level="INFO">Successfully changed active browser: browser=0482cfe2-4d0d-46e6-a600-49f242434237</msg>
<msg time="2025-01-20T23:15:25.346881" level="INFO">Switching context to CURRENT in CURRENT</msg>
<msg time="2025-01-20T23:15:25.350875" level="INFO">Returned active context id: CURRENT</msg>
<msg time="2025-01-20T23:15:25.351066" level="INFO">Switching context to context=e06bc2c2-fec2-4d1c-b318-9c1bf315bf36 in CURRENT</msg>
<msg time="2025-01-20T23:15:25.360789" level="INFO">Successfully changed active context: context=e06bc2c2-fec2-4d1c-b318-9c1bf315bf36</msg>
<msg time="2025-01-20T23:15:25.400591" level="INFO">Successfully closed Page with runBeforeUnload false</msg>
<tag>BrowserControl</tag>
<tag>Setter</tag>
<doc>Closes the ``page`` in ``context`` in ``browser``.</doc>
<status status="PASS" start="2025-01-20T23:15:25.330576" elapsed="0.070286"/>
</kw>
<kw name="Sleep" owner="BuiltIn">
<msg time="2025-01-20T23:15:27.402744" level="INFO">Slept 2 seconds.</msg>
<arg>2 seconds</arg>
<doc>Pauses the test executed for the given time.</doc>
<status status="PASS" start="2025-01-20T23:15:25.401159" elapsed="2.001815"/>
</kw>
<status status="PASS" start="2025-01-20T23:15:22.996260" elapsed="4.406886"/>
</branch>
<branch type="ELSE">
<kw name="Append To List" owner="Collections">
<arg>${missing_elements}</arg>
<arg>${element}</arg>
<doc>Adds ``values`` to the end of ``list``.</doc>
<status status="NOT RUN" start="2025-01-20T23:15:27.403577" elapsed="0.000086"/>
</kw>
<status status="NOT RUN" start="2025-01-20T23:15:27.403261" elapsed="0.000523"/>
</branch>
<status status="PASS" start="2025-01-20T23:15:22.996225" elapsed="4.407655"/>
</if>
<var name="${element}">Blog</var>
<status status="PASS" start="2025-01-20T23:15:22.919021" elapsed="4.484927"/>
</iter>
<iter>
<kw name="Replace String" owner="String">
<msg time="2025-01-20T23:15:27.405040" level="INFO">${menu_locator} = xpath=//span[@class='header_item-title'][normalize-space()='About']</msg>
<var>${menu_locator}</var>
<arg>${menu_locator_template}</arg>
<arg>{}</arg>
<arg>${menu_name}</arg>
<doc>Replaces ``search_for`` in the given ``string`` with ``replace_with``.</doc>
<status status="PASS" start="2025-01-20T23:15:27.404587" elapsed="0.000511"/>
</kw>
<kw name="Hover" owner="Browser">
<arg>${menu_locator}</arg>
<tag>PageContent</tag>
<tag>Setter</tag>
<doc>Moves the virtual mouse and scrolls to the element found by ``selector``.</doc>
<status status="PASS" start="2025-01-20T23:15:27.405341" elapsed="0.062455"/>
</kw>
<kw name="Replace String" owner="String">
<msg time="2025-01-20T23:15:27.468548" level="INFO">${link_menu_locator} = xpath=//li[@class='header_menu_item header_menu_item__external']//a[contains(text(),'Newsletter')]</msg>
<var>${link_menu_locator}</var>
<arg>${link_menu_xpath_template}</arg>
<arg>{}</arg>
<arg>${element}</arg>
<doc>Replaces ``search_for`` in the given ``string`` with ``replace_with``.</doc>
<status status="PASS" start="2025-01-20T23:15:27.468123" elapsed="0.001325"/>
</kw>
<kw name="Run Keyword And Return Status" owner="BuiltIn">
<kw name="Get Element" owner="Browser">
<msg time="2025-01-20T23:15:37.621509" level="INFO" html="true">&lt;/td&gt;&lt;/tr&gt;&lt;tr&gt;&lt;td colspan="3"&gt;&lt;a href="browser/screenshot/fail-screenshot-1.png" target="_blank"&gt;&lt;img src="browser/screenshot/fail-screenshot-1.png" width="800px"/&gt;&lt;/a&gt;</msg>
<msg time="2025-01-20T23:15:37.621664" level="INFO">See also file:///Users/thaonguyen/Documents/code/RF/automation/playwright-log.txt for additional details.</msg>
<msg time="2025-01-20T23:15:37.622238" level="FAIL">TimeoutError: locator.waitFor: Timeout 10000ms exceeded.
Call log:
  - waiting for locator('//li[@class=\'header_menu_item header_menu_item__external\']//a[contains(text(),\'Newsletter\')]')
</msg>
<arg>${link_menu_locator}</arg>
<tag>Getter</tag>
<tag>PageContent</tag>
<doc>Returns a reference to a Playwright [https://playwright.dev/docs/api/class-locator|Locator].</doc>
<status status="FAIL" start="2025-01-20T23:15:27.469944" elapsed="10.166932">TimeoutError: locator.waitFor: Timeout 10000ms exceeded.
Call log:
  - waiting for locator('//li[@class=\'header_menu_item header_menu_item__external\']//a[contains(text(),\'Newsletter\')]')
</status>
</kw>
<msg time="2025-01-20T23:15:37.637140" level="INFO">${element_exists} = False</msg>
<var>${element_exists}</var>
<arg>Get Element</arg>
<arg>${link_menu_locator}</arg>
<doc>Runs the given keyword with given arguments and returns the status as a Boolean value.</doc>
<status status="PASS" start="2025-01-20T23:15:27.469682" elapsed="10.167506"/>
</kw>
<if>
<branch type="IF" condition="${element_exists}">
<kw name="Click With Options" owner="Browser">
<arg>${link_menu_locator}</arg>
<arg>force=True</arg>
<tag>PageContent</tag>
<tag>Setter</tag>
<doc>Simulates mouse click on the element found by ``selector``.</doc>
<status status="NOT RUN" start="2025-01-20T23:15:37.637648" elapsed="0.000058"/>
</kw>
<kw name="Wait For Load State" owner="Browser">
<tag>PageContent</tag>
<tag>Wait</tag>
<doc>Waits that the page reaches the required load state.</doc>
<status status="NOT RUN" start="2025-01-20T23:15:37.637906" elapsed="0.000053"/>
</kw>
<kw name="Switch Page" owner="Browser">
<arg>NEW</arg>
<tag>BrowserControl</tag>
<tag>Setter</tag>
<doc>Switches the active browser page to another open page by ``id`` or ``NEW``.</doc>
<status status="NOT RUN" start="2025-01-20T23:15:37.638132" elapsed="0.000050"/>
</kw>
<kw name="Sleep" owner="BuiltIn">
<arg>2 seconds</arg>
<doc>Pauses the test executed for the given time.</doc>
<status status="NOT RUN" start="2025-01-20T23:15:37.638348" elapsed="0.000049"/>
</kw>
<kw name="Get Url" owner="Browser">
<var>${new_url}</var>
<tag>Assertion</tag>
<tag>Getter</tag>
<tag>PageContent</tag>
<doc>Returns the current URL.</doc>
<status status="NOT RUN" start="2025-01-20T23:15:37.638564" elapsed="0.000050"/>
</kw>
<kw name="Log" owner="BuiltIn">
<arg>${new_url}</arg>
<doc>Logs the given message with the given level.</doc>
<status status="NOT RUN" start="2025-01-20T23:15:37.638786" elapsed="0.000053"/>
</kw>
<kw name="Should Not Be Equal" owner="BuiltIn">
<arg>${new_url}</arg>
<arg>${site_url}</arg>
<doc>Fails if the given objects are equal.</doc>
<status status="NOT RUN" start="2025-01-20T23:15:37.639001" elapsed="0.000050"/>
</kw>
<kw name="Close Page" owner="Browser">
<tag>BrowserControl</tag>
<tag>Setter</tag>
<doc>Closes the ``page`` in ``context`` in ``browser``.</doc>
<status status="NOT RUN" start="2025-01-20T23:15:37.639217" elapsed="0.000048"/>
</kw>
<kw name="Sleep" owner="BuiltIn">
<arg>2 seconds</arg>
<doc>Pauses the test executed for the given time.</doc>
<status status="NOT RUN" start="2025-01-20T23:15:37.639421" elapsed="0.000047"/>
</kw>
<status status="NOT RUN" start="2025-01-20T23:15:37.637352" elapsed="0.002184"/>
</branch>
<branch type="ELSE">
<kw name="Append To List" owner="Collections">
<arg>${missing_elements}</arg>
<arg>${element}</arg>
<doc>Adds ``values`` to the end of ``list``.</doc>
<status status="PASS" start="2025-01-20T23:15:37.639744" elapsed="0.000306"/>
</kw>
<status status="PASS" start="2025-01-20T23:15:37.639598" elapsed="0.000538"/>
</branch>
<status status="PASS" start="2025-01-20T23:15:37.637317" elapsed="0.002876"/>
</if>
<var name="${element}">Newsletter</var>
<status status="PASS" start="2025-01-20T23:15:27.404395" elapsed="10.235840"/>
</iter>
<iter>
<kw name="Replace String" owner="String">
<msg time="2025-01-20T23:15:37.641081" level="INFO">${menu_locator} = xpath=//span[@class='header_item-title'][normalize-space()='About']</msg>
<var>${menu_locator}</var>
<arg>${menu_locator_template}</arg>
<arg>{}</arg>
<arg>${menu_name}</arg>
<doc>Replaces ``search_for`` in the given ``string`` with ``replace_with``.</doc>
<status status="PASS" start="2025-01-20T23:15:37.640719" elapsed="0.000410"/>
</kw>
<kw name="Hover" owner="Browser">
<arg>${menu_locator}</arg>
<tag>PageContent</tag>
<tag>Setter</tag>
<doc>Moves the virtual mouse and scrolls to the element found by ``selector``.</doc>
<status status="PASS" start="2025-01-20T23:15:37.641325" elapsed="0.064195"/>
</kw>
<kw name="Replace String" owner="String">
<msg time="2025-01-20T23:15:37.706335" level="INFO">${link_menu_locator} = xpath=//li[@class='header_menu_item header_menu_item__external']//a[contains(text(),'Status page')]</msg>
<var>${link_menu_locator}</var>
<arg>${link_menu_xpath_template}</arg>
<arg>{}</arg>
<arg>${element}</arg>
<doc>Replaces ``search_for`` in the given ``string`` with ``replace_with``.</doc>
<status status="PASS" start="2025-01-20T23:15:37.705903" elapsed="0.000486"/>
</kw>
<kw name="Run Keyword And Return Status" owner="BuiltIn">
<kw name="Get Element" owner="Browser">
<msg time="2025-01-20T23:15:37.712759" level="INFO">Locator found successfully.</msg>
<arg>${link_menu_locator}</arg>
<tag>Getter</tag>
<tag>PageContent</tag>
<doc>Returns a reference to a Playwright [https://playwright.dev/docs/api/class-locator|Locator].</doc>
<status status="PASS" start="2025-01-20T23:15:37.706956" elapsed="0.006050"/>
</kw>
<msg time="2025-01-20T23:15:37.713257" level="INFO">${element_exists} = True</msg>
<var>${element_exists}</var>
<arg>Get Element</arg>
<arg>${link_menu_locator}</arg>
<doc>Runs the given keyword with given arguments and returns the status as a Boolean value.</doc>
<status status="PASS" start="2025-01-20T23:15:37.706618" elapsed="0.006685"/>
</kw>
<if>
<branch type="IF" condition="${element_exists}">
<kw name="Click With Options" owner="Browser">
<msg time="2025-01-20T23:15:37.714398" level="INFO">Clicks the element 'xpath=//li[@class='header_menu_item header_menu_item__external']//a[contains(text(),'Status page')]'.</msg>
<arg>${link_menu_locator}</arg>
<arg>force=True</arg>
<tag>PageContent</tag>
<tag>Setter</tag>
<doc>Simulates mouse click on the element found by ``selector``.</doc>
<status status="PASS" start="2025-01-20T23:15:37.713756" elapsed="0.066082"/>
</kw>
<kw name="Wait For Load State" owner="Browser">
<msg time="2025-01-20T23:15:37.780843" level="INFO">Waiting page load to state to receive load in 10000.0</msg>
<msg time="2025-01-20T23:15:37.783821" level="INFO">Load state load got in 10000</msg>
<tag>PageContent</tag>
<tag>Wait</tag>
<doc>Waits that the page reaches the required load state.</doc>
<status status="PASS" start="2025-01-20T23:15:37.780263" elapsed="0.003764"/>
</kw>
<kw name="Switch Page" owner="Browser">
<msg time="2025-01-20T23:15:37.785361" level="INFO">Switching to page NEW,context CURRENT, browser CURRENT</msg>
<msg time="2025-01-20T23:15:38.174780" level="INFO">Activated new page page=cabe30e1-23de-4bcb-b346-cccd3684e0df</msg>
<arg>NEW</arg>
<tag>BrowserControl</tag>
<tag>Setter</tag>
<doc>Switches the active browser page to another open page by ``id`` or ``NEW``.</doc>
<status status="PASS" start="2025-01-20T23:15:37.784317" elapsed="0.390756"/>
</kw>
<kw name="Sleep" owner="BuiltIn">
<msg time="2025-01-20T23:15:40.177032" level="INFO">Slept 2 seconds.</msg>
<arg>2 seconds</arg>
<doc>Pauses the test executed for the given time.</doc>
<status status="PASS" start="2025-01-20T23:15:38.175596" elapsed="2.001651"/>
</kw>
<kw name="Get Url" owner="Browser">
<msg time="2025-01-20T23:15:40.181270" level="INFO">${new_url} = https://bitfinex.statuspage.io/</msg>
<var>${new_url}</var>
<tag>Assertion</tag>
<tag>Getter</tag>
<tag>PageContent</tag>
<doc>Returns the current URL.</doc>
<status status="PASS" start="2025-01-20T23:15:40.177632" elapsed="0.003711"/>
</kw>
<kw name="Log" owner="BuiltIn">
<msg time="2025-01-20T23:15:40.182011" level="INFO">https://bitfinex.statuspage.io/</msg>
<arg>${new_url}</arg>
<doc>Logs the given message with the given level.</doc>
<status status="PASS" start="2025-01-20T23:15:40.181680" elapsed="0.000435"/>
</kw>
<kw name="Should Not Be Equal" owner="BuiltIn">
<arg>${new_url}</arg>
<arg>${site_url}</arg>
<doc>Fails if the given objects are equal.</doc>
<status status="PASS" start="2025-01-20T23:15:40.182367" elapsed="0.000354"/>
</kw>
<kw name="Close Page" owner="Browser">
<msg time="2025-01-20T23:15:40.189983" level="INFO">Switching browser to CURRENT</msg>
<msg time="2025-01-20T23:15:40.194008" level="INFO">Returned active browser id. CURRENT</msg>
<msg time="2025-01-20T23:15:40.195505" level="INFO">Switching browser to browser=0482cfe2-4d0d-46e6-a600-49f242434237</msg>
<msg time="2025-01-20T23:15:40.198254" level="INFO">Successfully changed active browser: browser=0482cfe2-4d0d-46e6-a600-49f242434237</msg>
<msg time="2025-01-20T23:15:40.198436" level="INFO">Switching context to CURRENT in CURRENT</msg>
<msg time="2025-01-20T23:15:40.204586" level="INFO">Returned active context id: CURRENT</msg>
<msg time="2025-01-20T23:15:40.204775" level="INFO">Switching context to context=e06bc2c2-fec2-4d1c-b318-9c1bf315bf36 in CURRENT</msg>
<msg time="2025-01-20T23:15:40.213819" level="INFO">Successfully changed active context: context=e06bc2c2-fec2-4d1c-b318-9c1bf315bf36</msg>
<msg time="2025-01-20T23:15:40.259663" level="INFO">Successfully closed Page with runBeforeUnload false</msg>
<tag>BrowserControl</tag>
<tag>Setter</tag>
<doc>Closes the ``page`` in ``context`` in ``browser``.</doc>
<status status="PASS" start="2025-01-20T23:15:40.182957" elapsed="0.077170"/>
</kw>
<kw name="Sleep" owner="BuiltIn">
<msg time="2025-01-20T23:15:42.261327" level="INFO">Slept 2 seconds.</msg>
<arg>2 seconds</arg>
<doc>Pauses the test executed for the given time.</doc>
<status status="PASS" start="2025-01-20T23:15:40.260413" elapsed="2.001087"/>
</kw>
<status status="PASS" start="2025-01-20T23:15:37.713467" elapsed="4.548157"/>
</branch>
<branch type="ELSE">
<kw name="Append To List" owner="Collections">
<arg>${missing_elements}</arg>
<arg>${element}</arg>
<doc>Adds ``values`` to the end of ``list``.</doc>
<status status="NOT RUN" start="2025-01-20T23:15:42.261933" elapsed="0.000061"/>
</kw>
<status status="NOT RUN" start="2025-01-20T23:15:42.261705" elapsed="0.000374"/>
</branch>
<status status="PASS" start="2025-01-20T23:15:37.713432" elapsed="4.548707"/>
</if>
<var name="${element}">Status page</var>
<status status="PASS" start="2025-01-20T23:15:37.640565" elapsed="4.621622"/>
</iter>
<var>${element}</var>
<value>@{sub_menu_link_name}</value>
<status status="PASS" start="2025-01-20T23:15:22.918649" elapsed="19.343616"/>
</for>
<if>
<branch type="IF" condition="${missing_elements}">
<kw name="Fail" owner="BuiltIn">
<msg time="2025-01-20T23:15:42.263091" level="FAIL">Elements were not found 'About': ['Newsletter']</msg>
<arg>Elements were not found '${menu_name}': ${missing_elements}</arg>
<doc>Fails the test with the given message and optionally alters its tags.</doc>
<status status="FAIL" start="2025-01-20T23:15:42.262682" elapsed="0.000518">Elements were not found 'About': ['Newsletter']</status>
</kw>
<status status="FAIL" start="2025-01-20T23:15:42.262416" elapsed="0.000913">Elements were not found 'About': ['Newsletter']</status>
</branch>
<status status="FAIL" start="2025-01-20T23:15:42.262386" elapsed="0.001038">Elements were not found 'About': ['Newsletter']</status>
</if>
<arg>About</arg>
<arg>@{link_menu_name_list}</arg>
<status status="FAIL" start="2025-01-20T23:15:22.917743" elapsed="19.345823">Elements were not found 'About': ['Newsletter']</status>
</kw>
<kw name="Close Browser" owner="Browser">
<tag>BrowserControl</tag>
<tag>Setter</tag>
<doc>Closes the current browser.</doc>
<status status="NOT RUN" start="2025-01-20T23:15:42.263912" elapsed="0.000064"/>
</kw>
<status status="FAIL" start="2025-01-20T23:14:52.902436" elapsed="49.361835">Elements were not found 'About': ['Newsletter']</status>
</test>
<status status="FAIL" start="2025-01-20T23:14:41.964319" elapsed="60.403804"/>
</suite>
<statistics>
<total>
<stat pass="0" fail="2" skip="0">All Tests</stat>
</total>
<tag>
</tag>
<suite>
<stat pass="0" fail="2" skip="0" id="s1" name="TradersTabTest">TradersTabTest</stat>
</suite>
</statistics>
<errors>
</errors>
</robot>
